[0.840s] Invoking command in '/home/eg2310-workspace/colcon_ws/build/auto_nav': PYTHONPATH=/home/eg2310-workspace/colcon_ws/build/auto_nav/prefix_override:/home/eg2310-workspace/colcon_ws/install/auto_nav/lib/python3.8/site-packages:${PYTHONPATH} /usr/bin/python3 setup.py develop --uninstall --editable --build-directory /home/eg2310-workspace/colcon_ws/build/auto_nav/build
[1.020s] running develop
[1.107s] Removing /home/eg2310-workspace/colcon_ws/install/auto_nav/lib/python3.8/site-packages/auto-nav.egg-link (link to .)
[1.138s] Invoked command in '/home/eg2310-workspace/colcon_ws/build/auto_nav' returned '0': PYTHONPATH=/home/eg2310-workspace/colcon_ws/build/auto_nav/prefix_override:/home/eg2310-workspace/colcon_ws/install/auto_nav/lib/python3.8/site-packages:${PYTHONPATH} /usr/bin/python3 setup.py develop --uninstall --editable --build-directory /home/eg2310-workspace/colcon_ws/build/auto_nav/build
[1.143s] Invoking command in '/home/eg2310-workspace/colcon_ws/src/auto_nav': PYTHONPATH=/home/eg2310-workspace/colcon_ws/build/auto_nav/prefix_override:/home/eg2310-workspace/colcon_ws/install/auto_nav/lib/python3.8/site-packages:${PYTHONPATH} /usr/bin/python3 setup.py egg_info --egg-base ../../build/auto_nav build --build-base /home/eg2310-workspace/colcon_ws/build/auto_nav/build install --record /home/eg2310-workspace/colcon_ws/build/auto_nav/install.log --install-scripts $base/lib/auto_nav --single-version-externally-managed
[1.330s] running egg_info
[1.331s] writing ../../build/auto_nav/auto_nav.egg-info/PKG-INFO
[1.331s] writing dependency_links to ../../build/auto_nav/auto_nav.egg-info/dependency_links.txt
[1.331s] writing entry points to ../../build/auto_nav/auto_nav.egg-info/entry_points.txt
[1.332s] writing requirements to ../../build/auto_nav/auto_nav.egg-info/requires.txt
[1.332s] writing top-level names to ../../build/auto_nav/auto_nav.egg-info/top_level.txt
[1.361s] reading manifest file '../../build/auto_nav/auto_nav.egg-info/SOURCES.txt'
[1.361s] writing manifest file '../../build/auto_nav/auto_nav.egg-info/SOURCES.txt'
[1.362s] running build
[1.362s] running build_py
[1.362s] copying auto_nav/r2occupancy.py -> /home/eg2310-workspace/colcon_ws/build/auto_nav/build/lib/auto_nav
[1.362s] copying auto_nav/helloworld2.py -> /home/eg2310-workspace/colcon_ws/build/auto_nav/build/lib/auto_nav
[1.362s] copying auto_nav/__init__.py -> /home/eg2310-workspace/colcon_ws/build/auto_nav/build/lib/auto_nav
[1.362s] copying auto_nav/r2auto_nav.py -> /home/eg2310-workspace/colcon_ws/build/auto_nav/build/lib/auto_nav
[1.362s] copying auto_nav/r2occupancy2.py -> /home/eg2310-workspace/colcon_ws/build/auto_nav/build/lib/auto_nav
[1.363s] copying auto_nav/setup.py -> /home/eg2310-workspace/colcon_ws/build/auto_nav/build/lib/auto_nav
[1.363s] copying auto_nav/r2scanner.py -> /home/eg2310-workspace/colcon_ws/build/auto_nav/build/lib/auto_nav
[1.363s] copying auto_nav/r2mover.py -> /home/eg2310-workspace/colcon_ws/build/auto_nav/build/lib/auto_nav
[1.363s] copying auto_nav/helloworld.py -> /home/eg2310-workspace/colcon_ws/build/auto_nav/build/lib/auto_nav
[1.363s] copying auto_nav/r2moverotate.py -> /home/eg2310-workspace/colcon_ws/build/auto_nav/build/lib/auto_nav
[1.363s] running install
[1.364s] running install_lib
[1.365s] copying /home/eg2310-workspace/colcon_ws/build/auto_nav/build/lib/auto_nav/r2occupancy.py -> /home/eg2310-workspace/colcon_ws/install/auto_nav/lib/python3.8/site-packages/auto_nav
[1.365s] copying /home/eg2310-workspace/colcon_ws/build/auto_nav/build/lib/auto_nav/helloworld2.py -> /home/eg2310-workspace/colcon_ws/install/auto_nav/lib/python3.8/site-packages/auto_nav
[1.365s] copying /home/eg2310-workspace/colcon_ws/build/auto_nav/build/lib/auto_nav/__init__.py -> /home/eg2310-workspace/colcon_ws/install/auto_nav/lib/python3.8/site-packages/auto_nav
[1.365s] copying /home/eg2310-workspace/colcon_ws/build/auto_nav/build/lib/auto_nav/r2auto_nav.py -> /home/eg2310-workspace/colcon_ws/install/auto_nav/lib/python3.8/site-packages/auto_nav
[1.365s] copying /home/eg2310-workspace/colcon_ws/build/auto_nav/build/lib/auto_nav/r2occupancy2.py -> /home/eg2310-workspace/colcon_ws/install/auto_nav/lib/python3.8/site-packages/auto_nav
[1.366s] copying /home/eg2310-workspace/colcon_ws/build/auto_nav/build/lib/auto_nav/setup.py -> /home/eg2310-workspace/colcon_ws/install/auto_nav/lib/python3.8/site-packages/auto_nav
[1.366s] copying /home/eg2310-workspace/colcon_ws/build/auto_nav/build/lib/auto_nav/r2scanner.py -> /home/eg2310-workspace/colcon_ws/install/auto_nav/lib/python3.8/site-packages/auto_nav
[1.366s] copying /home/eg2310-workspace/colcon_ws/build/auto_nav/build/lib/auto_nav/r2mover.py -> /home/eg2310-workspace/colcon_ws/install/auto_nav/lib/python3.8/site-packages/auto_nav
[1.366s] copying /home/eg2310-workspace/colcon_ws/build/auto_nav/build/lib/auto_nav/helloworld.py -> /home/eg2310-workspace/colcon_ws/install/auto_nav/lib/python3.8/site-packages/auto_nav
[1.366s] copying /home/eg2310-workspace/colcon_ws/build/auto_nav/build/lib/auto_nav/r2moverotate.py -> /home/eg2310-workspace/colcon_ws/install/auto_nav/lib/python3.8/site-packages/auto_nav
[1.367s] byte-compiling /home/eg2310-workspace/colcon_ws/install/auto_nav/lib/python3.8/site-packages/auto_nav/r2occupancy.py to r2occupancy.cpython-38.pyc
[1.369s] byte-compiling /home/eg2310-workspace/colcon_ws/install/auto_nav/lib/python3.8/site-packages/auto_nav/helloworld2.py to helloworld2.cpython-38.pyc
[1.369s] byte-compiling /home/eg2310-workspace/colcon_ws/install/auto_nav/lib/python3.8/site-packages/auto_nav/__init__.py to __init__.cpython-38.pyc
[1.369s] byte-compiling /home/eg2310-workspace/colcon_ws/install/auto_nav/lib/python3.8/site-packages/auto_nav/r2auto_nav.py to r2auto_nav.cpython-38.pyc
[1.370s] byte-compiling /home/eg2310-workspace/colcon_ws/install/auto_nav/lib/python3.8/site-packages/auto_nav/r2occupancy2.py to r2occupancy2.cpython-38.pyc
[1.371s] byte-compiling /home/eg2310-workspace/colcon_ws/install/auto_nav/lib/python3.8/site-packages/auto_nav/setup.py to setup.cpython-38.pyc
[1.371s] byte-compiling /home/eg2310-workspace/colcon_ws/install/auto_nav/lib/python3.8/site-packages/auto_nav/r2scanner.py to r2scanner.cpython-38.pyc
[1.372s] byte-compiling /home/eg2310-workspace/colcon_ws/install/auto_nav/lib/python3.8/site-packages/auto_nav/r2mover.py to r2mover.cpython-38.pyc
[1.372s] byte-compiling /home/eg2310-workspace/colcon_ws/install/auto_nav/lib/python3.8/site-packages/auto_nav/helloworld.py to helloworld.cpython-38.pyc
[1.372s] byte-compiling /home/eg2310-workspace/colcon_ws/install/auto_nav/lib/python3.8/site-packages/auto_nav/r2moverotate.py to r2moverotate.cpython-38.pyc
[1.373s] running install_data
[1.374s] running install_egg_info
[1.375s] removing '/home/eg2310-workspace/colcon_ws/install/auto_nav/lib/python3.8/site-packages/auto_nav-0.0.0-py3.8.egg-info' (and everything under it)
[1.375s] Copying ../../build/auto_nav/auto_nav.egg-info to /home/eg2310-workspace/colcon_ws/install/auto_nav/lib/python3.8/site-packages/auto_nav-0.0.0-py3.8.egg-info
[1.376s] running install_scripts
[1.393s] Installing r2auto_nav script to /home/eg2310-workspace/colcon_ws/install/auto_nav/lib/auto_nav
[1.393s] Installing r2mover script to /home/eg2310-workspace/colcon_ws/install/auto_nav/lib/auto_nav
[1.393s] Installing r2moverotate script to /home/eg2310-workspace/colcon_ws/install/auto_nav/lib/auto_nav
[1.393s] Installing r2occupancy script to /home/eg2310-workspace/colcon_ws/install/auto_nav/lib/auto_nav
[1.393s] Installing r2occupancy2 script to /home/eg2310-workspace/colcon_ws/install/auto_nav/lib/auto_nav
[1.394s] Installing r2scanner script to /home/eg2310-workspace/colcon_ws/install/auto_nav/lib/auto_nav
[1.394s] writing list of installed files to '/home/eg2310-workspace/colcon_ws/build/auto_nav/install.log'
[1.431s] Invoked command in '/home/eg2310-workspace/colcon_ws/src/auto_nav' returned '0': PYTHONPATH=/home/eg2310-workspace/colcon_ws/build/auto_nav/prefix_override:/home/eg2310-workspace/colcon_ws/install/auto_nav/lib/python3.8/site-packages:${PYTHONPATH} /usr/bin/python3 setup.py egg_info --egg-base ../../build/auto_nav build --build-base /home/eg2310-workspace/colcon_ws/build/auto_nav/build install --record /home/eg2310-workspace/colcon_ws/build/auto_nav/install.log --install-scripts $base/lib/auto_nav --single-version-externally-managed
