[1.012s] Invoking command in '/home/ubuntu/eg2310_workspace/colcon-ws/src/idkman': PYTHONPATH=/home/ubuntu/eg2310_workspace/colcon-ws/install/idkman/lib/python3.8/site-packages:${PYTHONPATH} /usr/bin/python3 setup.py egg_info --egg-base ../../build/idkman build --build-base /home/ubuntu/eg2310_workspace/colcon-ws/build/idkman/build install --prefix /home/ubuntu/eg2310_workspace/colcon-ws/install/idkman --record /home/ubuntu/eg2310_workspace/colcon-ws/build/idkman/install.log --single-version-externally-managed
[1.879s] running egg_info
[1.881s] writing ../../build/idkman/idkman.egg-info/PKG-INFO
[1.882s] writing dependency_links to ../../build/idkman/idkman.egg-info/dependency_links.txt
[1.883s] writing entry points to ../../build/idkman/idkman.egg-info/entry_points.txt
[1.884s] writing requirements to ../../build/idkman/idkman.egg-info/requires.txt
[1.884s] writing top-level names to ../../build/idkman/idkman.egg-info/top_level.txt
[2.033s] reading manifest file '../../build/idkman/idkman.egg-info/SOURCES.txt'
[2.037s] writing manifest file '../../build/idkman/idkman.egg-info/SOURCES.txt'
[2.038s] running build
[2.038s] running build_py
[2.039s] copying idkman/lidar_sole_servo_test.py -> /home/ubuntu/eg2310_workspace/colcon-ws/build/idkman/build/lib/idkman
[2.041s] running install
[2.045s] running install_lib
[2.049s] copying /home/ubuntu/eg2310_workspace/colcon-ws/build/idkman/build/lib/idkman/lidar_sole_servo_test.py -> /home/ubuntu/eg2310_workspace/colcon-ws/install/idkman/lib/python3.8/site-packages/idkman
[2.052s] byte-compiling /home/ubuntu/eg2310_workspace/colcon-ws/install/idkman/lib/python3.8/site-packages/idkman/lidar_sole_servo_test.py to lidar_sole_servo_test.cpython-38.pyc
[2.058s] running install_data
[2.061s] running install_egg_info
[2.067s] removing '/home/ubuntu/eg2310_workspace/colcon-ws/install/idkman/lib/python3.8/site-packages/idkman-0.0.0-py3.8.egg-info' (and everything under it)
[2.068s] Copying ../../build/idkman/idkman.egg-info to /home/ubuntu/eg2310_workspace/colcon-ws/install/idkman/lib/python3.8/site-packages/idkman-0.0.0-py3.8.egg-info
[2.073s] running install_scripts
[2.142s] Installing testbed script to /home/ubuntu/eg2310_workspace/colcon-ws/install/idkman/lib/idkman
[2.143s] writing list of installed files to '/home/ubuntu/eg2310_workspace/colcon-ws/build/idkman/install.log'
[2.238s] Invoked command in '/home/ubuntu/eg2310_workspace/colcon-ws/src/idkman' returned '0': PYTHONPATH=/home/ubuntu/eg2310_workspace/colcon-ws/install/idkman/lib/python3.8/site-packages:${PYTHONPATH} /usr/bin/python3 setup.py egg_info --egg-base ../../build/idkman build --build-base /home/ubuntu/eg2310_workspace/colcon-ws/build/idkman/build install --prefix /home/ubuntu/eg2310_workspace/colcon-ws/install/idkman --record /home/ubuntu/eg2310_workspace/colcon-ws/build/idkman/install.log --single-version-externally-managed
