/home/ubuntu/eg2310_workspace/colcon-ws/install/auto_nav/lib/python3.8/site-packages/auto_nav/r2moverotate.py
/home/ubuntu/eg2310_workspace/colcon-ws/install/auto_nav/lib/python3.8/site-packages/auto_nav/__init__.py
/home/ubuntu/eg2310_workspace/colcon-ws/install/auto_nav/lib/python3.8/site-packages/auto_nav/setup.py
/home/ubuntu/eg2310_workspace/colcon-ws/install/auto_nav/lib/python3.8/site-packages/auto_nav/r2occupancy2.py
/home/ubuntu/eg2310_workspace/colcon-ws/install/auto_nav/lib/python3.8/site-packages/auto_nav/r2scanner.py
/home/ubuntu/eg2310_workspace/colcon-ws/install/auto_nav/lib/python3.8/site-packages/auto_nav/r2auto_nav.py
/home/ubuntu/eg2310_workspace/colcon-ws/install/auto_nav/lib/python3.8/site-packages/auto_nav/r2mover.py
/home/ubuntu/eg2310_workspace/colcon-ws/install/auto_nav/lib/python3.8/site-packages/auto_nav/r2occupancy.py
/home/ubuntu/eg2310_workspace/colcon-ws/install/auto_nav/lib/python3.8/site-packages/auto_nav/__pycache__/r2moverotate.cpython-38.pyc
/home/ubuntu/eg2310_workspace/colcon-ws/install/auto_nav/lib/python3.8/site-packages/auto_nav/__pycache__/__init__.cpython-38.pyc
/home/ubuntu/eg2310_workspace/colcon-ws/install/auto_nav/lib/python3.8/site-packages/auto_nav/__pycache__/setup.cpython-38.pyc
/home/ubuntu/eg2310_workspace/colcon-ws/install/auto_nav/lib/python3.8/site-packages/auto_nav/__pycache__/r2occupancy2.cpython-38.pyc
/home/ubuntu/eg2310_workspace/colcon-ws/install/auto_nav/lib/python3.8/site-packages/auto_nav/__pycache__/r2scanner.cpython-38.pyc
/home/ubuntu/eg2310_workspace/colcon-ws/install/auto_nav/lib/python3.8/site-packages/auto_nav/__pycache__/r2auto_nav.cpython-38.pyc
/home/ubuntu/eg2310_workspace/colcon-ws/install/auto_nav/lib/python3.8/site-packages/auto_nav/__pycache__/r2mover.cpython-38.pyc
/home/ubuntu/eg2310_workspace/colcon-ws/install/auto_nav/lib/python3.8/site-packages/auto_nav/__pycache__/r2occupancy.cpython-38.pyc
/home/ubuntu/eg2310_workspace/colcon-ws/install/auto_nav/share/ament_index/resource_index/packages/auto_nav
/home/ubuntu/eg2310_workspace/colcon-ws/install/auto_nav/share/auto_nav/package.xml
/home/ubuntu/eg2310_workspace/colcon-ws/install/auto_nav/lib/python3.8/site-packages/auto_nav-0.0.0-py3.8.egg-info/SOURCES.txt
/home/ubuntu/eg2310_workspace/colcon-ws/install/auto_nav/lib/python3.8/site-packages/auto_nav-0.0.0-py3.8.egg-info/top_level.txt
/home/ubuntu/eg2310_workspace/colcon-ws/install/auto_nav/lib/python3.8/site-packages/auto_nav-0.0.0-py3.8.egg-info/requires.txt
/home/ubuntu/eg2310_workspace/colcon-ws/install/auto_nav/lib/python3.8/site-packages/auto_nav-0.0.0-py3.8.egg-info/zip-safe
/home/ubuntu/eg2310_workspace/colcon-ws/install/auto_nav/lib/python3.8/site-packages/auto_nav-0.0.0-py3.8.egg-info/dependency_links.txt
/home/ubuntu/eg2310_workspace/colcon-ws/install/auto_nav/lib/python3.8/site-packages/auto_nav-0.0.0-py3.8.egg-info/PKG-INFO
/home/ubuntu/eg2310_workspace/colcon-ws/install/auto_nav/lib/python3.8/site-packages/auto_nav-0.0.0-py3.8.egg-info/entry_points.txt
/home/ubuntu/eg2310_workspace/colcon-ws/install/auto_nav/lib/auto_nav/r2auto_nav
/home/ubuntu/eg2310_workspace/colcon-ws/install/auto_nav/lib/auto_nav/r2mover
/home/ubuntu/eg2310_workspace/colcon-ws/install/auto_nav/lib/auto_nav/r2moverotate
/home/ubuntu/eg2310_workspace/colcon-ws/install/auto_nav/lib/auto_nav/r2occupancy
/home/ubuntu/eg2310_workspace/colcon-ws/install/auto_nav/lib/auto_nav/r2occupancy2
/home/ubuntu/eg2310_workspace/colcon-ws/install/auto_nav/lib/auto_nav/r2scanner
