[1.480s] DEBUG:colcon:Command line arguments: ['/usr/bin/colcon', 'build']
[1.480s] DEBUG:colcon:Parsed command line arguments: Namespace(ament_cmake_args=None, base_paths=['.'], build_base='build', catkin_cmake_args=None, catkin_skip_building_tests=False, cmake_args=None, cmake_clean_cache=False, cmake_clean_first=False, cmake_force_configure=False, cmake_target=None, cmake_target_skip_unavailable=False, continue_on_error=False, event_handlers=None, executor='parallel', ignore_user_meta=False, install_base='install', log_base=None, log_level=None, main=<bound method BuildVerb.main of <colcon_core.verb.build.BuildVerb object at 0xffffb35c7790>>, merge_install=False, metas=['./colcon.meta'], packages_above=None, packages_above_and_dependencies=None, packages_above_depth=None, packages_end=None, packages_ignore=None, packages_ignore_regex=None, packages_select=None, packages_select_build_failed=False, packages_select_by_dep=None, packages_select_regex=None, packages_select_test_failures=False, packages_skip=None, packages_skip_build_finished=False, packages_skip_by_dep=None, packages_skip_regex=None, packages_skip_test_passed=False, packages_skip_up_to=None, packages_start=None, packages_up_to=None, packages_up_to_regex=None, parallel_workers=4, paths=None, symlink_install=False, test_result_base=None, verb_extension=<colcon_core.verb.build.BuildVerb object at 0xffffb35c7790>, verb_name='build', verb_parser=<colcon_defaults.argument_parser.defaults.DefaultArgumentsDecorator object at 0xffffb35c7d00>)
[1.524s] Level 1:colcon.colcon_core.package_discovery:discover_packages(colcon_meta) check parameters
[1.525s] Level 1:colcon.colcon_core.package_discovery:discover_packages(recursive) check parameters
[1.525s] Level 1:colcon.colcon_core.package_discovery:discover_packages(ignore) check parameters
[1.525s] Level 1:colcon.colcon_core.package_discovery:discover_packages(path) check parameters
[1.525s] Level 1:colcon.colcon_core.package_discovery:discover_packages(colcon_meta) discover
[1.526s] Level 1:colcon.colcon_core.package_discovery:discover_packages(recursive) discover
[1.526s] INFO:colcon.colcon_core.package_discovery:Crawling recursively for packages in '/home/ubuntu/eg2310-workspace/colcon_ws'
[1.526s] Level 1:colcon.colcon_core.package_identification:_identify(.) by extensions ['ignore', 'ignore_ament_install']
[1.527s] Level 1:colcon.colcon_core.package_identification:_identify(.) by extension 'ignore'
[1.527s] Level 1:colcon.colcon_core.package_identification:_identify(.) by extension 'ignore_ament_install'
[1.527s] Level 1:colcon.colcon_core.package_identification:_identify(.) by extensions ['colcon_pkg']
[1.527s] Level 1:colcon.colcon_core.package_identification:_identify(.) by extension 'colcon_pkg'
[1.528s] Level 1:colcon.colcon_core.package_identification:_identify(.) by extensions ['colcon_meta']
[1.528s] Level 1:colcon.colcon_core.package_identification:_identify(.) by extension 'colcon_meta'
[1.528s] Level 1:colcon.colcon_core.package_identification:_identify(.) by extensions ['ros']
[1.528s] Level 1:colcon.colcon_core.package_identification:_identify(.) by extension 'ros'
[1.597s] Level 1:colcon.colcon_core.package_identification:_identify(.) by extensions ['cmake', 'python']
[1.598s] Level 1:colcon.colcon_core.package_identification:_identify(.) by extension 'cmake'
[1.598s] Level 1:colcon.colcon_core.package_identification:_identify(.) by extension 'python'
[1.598s] Level 1:colcon.colcon_core.package_identification:_identify(.) by extensions ['python_setup_py']
[1.598s] Level 1:colcon.colcon_core.package_identification:_identify(.) by extension 'python_setup_py'
[1.599s] Level 1:colcon.colcon_core.package_identification:_identify(build) by extensions ['ignore', 'ignore_ament_install']
[1.599s] Level 1:colcon.colcon_core.package_identification:_identify(build) by extension 'ignore'
[1.599s] Level 1:colcon.colcon_core.package_identification:_identify(build) ignored
[1.600s] Level 1:colcon.colcon_core.package_identification:_identify(install) by extensions ['ignore', 'ignore_ament_install']
[1.600s] Level 1:colcon.colcon_core.package_identification:_identify(install) by extension 'ignore'
[1.601s] Level 1:colcon.colcon_core.package_identification:_identify(install) ignored
[1.602s] Level 1:colcon.colcon_core.package_identification:_identify(log) by extensions ['ignore', 'ignore_ament_install']
[1.602s] Level 1:colcon.colcon_core.package_identification:_identify(log) by extension 'ignore'
[1.602s] Level 1:colcon.colcon_core.package_identification:_identify(log) ignored
[1.602s] Level 1:colcon.colcon_core.package_identification:_identify(src) by extensions ['ignore', 'ignore_ament_install']
[1.603s] Level 1:colcon.colcon_core.package_identification:_identify(src) by extension 'ignore'
[1.603s] Level 1:colcon.colcon_core.package_identification:_identify(src) by extension 'ignore_ament_install'
[1.603s] Level 1:colcon.colcon_core.package_identification:_identify(src) by extensions ['colcon_pkg']
[1.603s] Level 1:colcon.colcon_core.package_identification:_identify(src) by extension 'colcon_pkg'
[1.604s] Level 1:colcon.colcon_core.package_identification:_identify(src) by extensions ['colcon_meta']
[1.604s] Level 1:colcon.colcon_core.package_identification:_identify(src) by extension 'colcon_meta'
[1.604s] Level 1:colcon.colcon_core.package_identification:_identify(src) by extensions ['ros']
[1.604s] Level 1:colcon.colcon_core.package_identification:_identify(src) by extension 'ros'
[1.604s] Level 1:colcon.colcon_core.package_identification:_identify(src) by extensions ['cmake', 'python']
[1.605s] Level 1:colcon.colcon_core.package_identification:_identify(src) by extension 'cmake'
[1.605s] Level 1:colcon.colcon_core.package_identification:_identify(src) by extension 'python'
[1.605s] Level 1:colcon.colcon_core.package_identification:_identify(src) by extensions ['python_setup_py']
[1.605s] Level 1:colcon.colcon_core.package_identification:_identify(src) by extension 'python_setup_py'
[1.608s] Level 1:colcon.colcon_core.package_identification:_identify(src/auto_nav) by extensions ['ignore', 'ignore_ament_install']
[1.608s] Level 1:colcon.colcon_core.package_identification:_identify(src/auto_nav) by extension 'ignore'
[1.608s] Level 1:colcon.colcon_core.package_identification:_identify(src/auto_nav) by extension 'ignore_ament_install'
[1.609s] Level 1:colcon.colcon_core.package_identification:_identify(src/auto_nav) by extensions ['colcon_pkg']
[1.609s] Level 1:colcon.colcon_core.package_identification:_identify(src/auto_nav) by extension 'colcon_pkg'
[1.609s] Level 1:colcon.colcon_core.package_identification:_identify(src/auto_nav) by extensions ['colcon_meta']
[1.609s] Level 1:colcon.colcon_core.package_identification:_identify(src/auto_nav) by extension 'colcon_meta'
[1.609s] Level 1:colcon.colcon_core.package_identification:_identify(src/auto_nav) by extensions ['ros']
[1.610s] Level 1:colcon.colcon_core.package_identification:_identify(src/auto_nav) by extension 'ros'
[1.623s] DEBUG:colcon.colcon_core.package_identification:Package 'src/auto_nav' with type 'ros.ament_python' and name 'auto_nav'
[1.624s] Level 1:colcon.colcon_core.package_identification:_identify(src/build) by extensions ['ignore', 'ignore_ament_install']
[1.625s] Level 1:colcon.colcon_core.package_identification:_identify(src/build) by extension 'ignore'
[1.625s] Level 1:colcon.colcon_core.package_identification:_identify(src/build) ignored
[1.625s] Level 1:colcon.colcon_core.package_identification:_identify(src/idkman) by extensions ['ignore', 'ignore_ament_install']
[1.626s] Level 1:colcon.colcon_core.package_identification:_identify(src/idkman) by extension 'ignore'
[1.626s] Level 1:colcon.colcon_core.package_identification:_identify(src/idkman) by extension 'ignore_ament_install'
[1.626s] Level 1:colcon.colcon_core.package_identification:_identify(src/idkman) by extensions ['colcon_pkg']
[1.626s] Level 1:colcon.colcon_core.package_identification:_identify(src/idkman) by extension 'colcon_pkg'
[1.627s] Level 1:colcon.colcon_core.package_identification:_identify(src/idkman) by extensions ['colcon_meta']
[1.627s] Level 1:colcon.colcon_core.package_identification:_identify(src/idkman) by extension 'colcon_meta'
[1.627s] Level 1:colcon.colcon_core.package_identification:_identify(src/idkman) by extensions ['ros']
[1.627s] Level 1:colcon.colcon_core.package_identification:_identify(src/idkman) by extension 'ros'
[1.631s] DEBUG:colcon.colcon_core.package_identification:Package 'src/idkman' with type 'ros.ament_python' and name 'idkman'
[1.632s] Level 1:colcon.colcon_core.package_identification:_identify(src/install) by extensions ['ignore', 'ignore_ament_install']
[1.633s] Level 1:colcon.colcon_core.package_identification:_identify(src/install) by extension 'ignore'
[1.633s] Level 1:colcon.colcon_core.package_identification:_identify(src/install) ignored
[1.634s] Level 1:colcon.colcon_core.package_identification:_identify(src/log) by extensions ['ignore', 'ignore_ament_install']
[1.634s] Level 1:colcon.colcon_core.package_identification:_identify(src/log) by extension 'ignore'
[1.635s] Level 1:colcon.colcon_core.package_identification:_identify(src/log) ignored
[1.635s] Level 1:colcon.colcon_core.package_discovery:discover_packages(recursive) using defaults
[1.635s] Level 1:colcon.colcon_core.package_discovery:discover_packages(ignore) discover
[1.635s] Level 1:colcon.colcon_core.package_discovery:discover_packages(ignore) using defaults
[1.635s] Level 1:colcon.colcon_core.package_discovery:discover_packages(path) discover
[1.635s] Level 1:colcon.colcon_core.package_discovery:discover_packages(path) using defaults
[1.736s] Level 5:colcon.colcon_core.verb:set package 'auto_nav' build argument 'cmake_args' from command line to 'None'
[1.736s] Level 5:colcon.colcon_core.verb:set package 'auto_nav' build argument 'cmake_target' from command line to 'None'
[1.737s] Level 5:colcon.colcon_core.verb:set package 'auto_nav' build argument 'cmake_target_skip_unavailable' from command line to 'False'
[1.737s] Level 5:colcon.colcon_core.verb:set package 'auto_nav' build argument 'cmake_clean_cache' from command line to 'False'
[1.737s] Level 5:colcon.colcon_core.verb:set package 'auto_nav' build argument 'cmake_clean_first' from command line to 'False'
[1.737s] Level 5:colcon.colcon_core.verb:set package 'auto_nav' build argument 'cmake_force_configure' from command line to 'False'
[1.737s] Level 5:colcon.colcon_core.verb:set package 'auto_nav' build argument 'ament_cmake_args' from command line to 'None'
[1.737s] Level 5:colcon.colcon_core.verb:set package 'auto_nav' build argument 'catkin_cmake_args' from command line to 'None'
[1.737s] Level 5:colcon.colcon_core.verb:set package 'auto_nav' build argument 'catkin_skip_building_tests' from command line to 'False'
[1.738s] DEBUG:colcon.colcon_core.verb:Building package 'auto_nav' with the following arguments: {'ament_cmake_args': None, 'build_base': '/home/ubuntu/eg2310-workspace/colcon_ws/build/auto_nav', 'catkin_cmake_args': None, 'catkin_skip_building_tests': False, 'cmake_args': None, 'cmake_clean_cache': False, 'cmake_clean_first': False, 'cmake_force_configure': False, 'cmake_target': None, 'cmake_target_skip_unavailable': False, 'install_base': '/home/ubuntu/eg2310-workspace/colcon_ws/install/auto_nav', 'merge_install': False, 'path': '/home/ubuntu/eg2310-workspace/colcon_ws/src/auto_nav', 'symlink_install': False, 'test_result_base': None}
[1.749s] Level 5:colcon.colcon_core.verb:set package 'idkman' build argument 'cmake_args' from command line to 'None'
[1.749s] Level 5:colcon.colcon_core.verb:set package 'idkman' build argument 'cmake_target' from command line to 'None'
[1.749s] Level 5:colcon.colcon_core.verb:set package 'idkman' build argument 'cmake_target_skip_unavailable' from command line to 'False'
[1.750s] Level 5:colcon.colcon_core.verb:set package 'idkman' build argument 'cmake_clean_cache' from command line to 'False'
[1.750s] Level 5:colcon.colcon_core.verb:set package 'idkman' build argument 'cmake_clean_first' from command line to 'False'
[1.750s] Level 5:colcon.colcon_core.verb:set package 'idkman' build argument 'cmake_force_configure' from command line to 'False'
[1.750s] Level 5:colcon.colcon_core.verb:set package 'idkman' build argument 'ament_cmake_args' from command line to 'None'
[1.750s] Level 5:colcon.colcon_core.verb:set package 'idkman' build argument 'catkin_cmake_args' from command line to 'None'
[1.750s] Level 5:colcon.colcon_core.verb:set package 'idkman' build argument 'catkin_skip_building_tests' from command line to 'False'
[1.750s] DEBUG:colcon.colcon_core.verb:Building package 'idkman' with the following arguments: {'ament_cmake_args': None, 'build_base': '/home/ubuntu/eg2310-workspace/colcon_ws/build/idkman', 'catkin_cmake_args': None, 'catkin_skip_building_tests': False, 'cmake_args': None, 'cmake_clean_cache': False, 'cmake_clean_first': False, 'cmake_force_configure': False, 'cmake_target': None, 'cmake_target_skip_unavailable': False, 'install_base': '/home/ubuntu/eg2310-workspace/colcon_ws/install/idkman', 'merge_install': False, 'path': '/home/ubuntu/eg2310-workspace/colcon_ws/src/idkman', 'symlink_install': False, 'test_result_base': None}
[1.752s] INFO:colcon.colcon_core.executor:Executing jobs using 'parallel' executor
[1.759s] DEBUG:colcon.colcon_parallel_executor.executor.parallel:run_until_complete
[1.760s] INFO:colcon.colcon_ros.task.ament_python.build:Building ROS package in '/home/ubuntu/eg2310-workspace/colcon_ws/src/auto_nav' with build type 'ament_python'
[1.761s] Level 1:colcon.colcon_core.shell:create_environment_hook('auto_nav', 'ament_prefix_path')
[1.790s] INFO:colcon.colcon_core.plugin_system:Skipping extension 'colcon_core.shell.bat': Not used on non-Windows systems
[1.791s] INFO:colcon.colcon_core.shell:Creating environment hook '/home/ubuntu/eg2310-workspace/colcon_ws/install/auto_nav/share/auto_nav/hook/ament_prefix_path.ps1'
[1.798s] INFO:colcon.colcon_core.shell:Creating environment descriptor '/home/ubuntu/eg2310-workspace/colcon_ws/install/auto_nav/share/auto_nav/hook/ament_prefix_path.dsv'
[1.802s] INFO:colcon.colcon_core.shell:Creating environment hook '/home/ubuntu/eg2310-workspace/colcon_ws/install/auto_nav/share/auto_nav/hook/ament_prefix_path.sh'
[1.808s] INFO:colcon.colcon_core.shell:Skip shell extension 'powershell' for command environment: Not usable outside of PowerShell
[1.808s] DEBUG:colcon.colcon_core.shell:Skip shell extension 'dsv' for command environment
[1.828s] DEBUG:colcon.colcon_core.shell:Ignoring prefix path '/opt/ros/foxy'
[1.839s] INFO:colcon.colcon_ros.task.ament_python.build:Building ROS package in '/home/ubuntu/eg2310-workspace/colcon_ws/src/idkman' with build type 'ament_python'
[1.841s] Level 1:colcon.colcon_core.shell:create_environment_hook('idkman', 'ament_prefix_path')
[1.844s] INFO:colcon.colcon_core.shell:Creating environment hook '/home/ubuntu/eg2310-workspace/colcon_ws/install/idkman/share/idkman/hook/ament_prefix_path.ps1'
[1.854s] INFO:colcon.colcon_core.shell:Creating environment descriptor '/home/ubuntu/eg2310-workspace/colcon_ws/install/idkman/share/idkman/hook/ament_prefix_path.dsv'
[1.855s] INFO:colcon.colcon_core.shell:Creating environment hook '/home/ubuntu/eg2310-workspace/colcon_ws/install/idkman/share/idkman/hook/ament_prefix_path.sh'
[1.859s] INFO:colcon.colcon_core.shell:Skip shell extension 'powershell' for command environment: Not usable outside of PowerShell
[1.860s] DEBUG:colcon.colcon_core.shell:Skip shell extension 'dsv' for command environment
[1.871s] DEBUG:colcon.colcon_core.shell:Ignoring prefix path '/opt/ros/foxy'
[2.784s] INFO:colcon.colcon_core.task.python.build:Building Python package in '/home/ubuntu/eg2310-workspace/colcon_ws/src/auto_nav'
[2.787s] INFO:colcon.colcon_core.shell:Skip shell extension 'powershell' for command environment: Not usable outside of PowerShell
[2.787s] DEBUG:colcon.colcon_core.shell:Skip shell extension 'dsv' for command environment
[2.798s] DEBUG:colcon.colcon_core.shell:Ignoring prefix path '/opt/ros/foxy'
[3.707s] INFO:colcon.colcon_core.task.python.build:Building Python package in '/home/ubuntu/eg2310-workspace/colcon_ws/src/idkman'
[3.710s] INFO:colcon.colcon_core.shell:Skip shell extension 'powershell' for command environment: Not usable outside of PowerShell
[3.710s] DEBUG:colcon.colcon_core.shell:Skip shell extension 'dsv' for command environment
[3.720s] DEBUG:colcon.colcon_core.shell:Ignoring prefix path '/opt/ros/foxy'
[3.743s] DEBUG:colcon.colcon_core.event_handler.log_command:Invoking command in '/home/ubuntu/eg2310-workspace/colcon_ws/src/auto_nav': PYTHONPATH=/home/ubuntu/eg2310-workspace/colcon_ws/install/auto_nav/lib/python3.8/site-packages:${PYTHONPATH} /usr/bin/python3 setup.py egg_info --egg-base ../../build/auto_nav build --build-base /home/ubuntu/eg2310-workspace/colcon_ws/build/auto_nav/build install --prefix /home/ubuntu/eg2310-workspace/colcon_ws/install/auto_nav --record /home/ubuntu/eg2310-workspace/colcon_ws/build/auto_nav/install.log --single-version-externally-managed
[3.778s] DEBUG:colcon.colcon_core.event_handler.log_command:Invoking command in '/home/ubuntu/eg2310-workspace/colcon_ws/src/idkman': PYTHONPATH=/home/ubuntu/eg2310-workspace/colcon_ws/install/idkman/lib/python3.8/site-packages:${PYTHONPATH} /usr/bin/python3 setup.py egg_info --egg-base ../../build/idkman build --build-base /home/ubuntu/eg2310-workspace/colcon_ws/build/idkman/build install --prefix /home/ubuntu/eg2310-workspace/colcon_ws/install/idkman --record /home/ubuntu/eg2310-workspace/colcon_ws/build/idkman/install.log --single-version-externally-managed
[5.268s] DEBUG:colcon.colcon_core.event_handler.log_command:Invoked command in '/home/ubuntu/eg2310-workspace/colcon_ws/src/idkman' returned '0': PYTHONPATH=/home/ubuntu/eg2310-workspace/colcon_ws/install/idkman/lib/python3.8/site-packages:${PYTHONPATH} /usr/bin/python3 setup.py egg_info --egg-base ../../build/idkman build --build-base /home/ubuntu/eg2310-workspace/colcon_ws/build/idkman/build install --prefix /home/ubuntu/eg2310-workspace/colcon_ws/install/idkman --record /home/ubuntu/eg2310-workspace/colcon_ws/build/idkman/install.log --single-version-externally-managed
[5.293s] Level 1:colcon.colcon_core.environment:checking '/home/ubuntu/eg2310-workspace/colcon_ws/install/idkman' for CMake module files
[5.295s] Level 1:colcon.colcon_core.environment:checking '/home/ubuntu/eg2310-workspace/colcon_ws/install/idkman' for CMake config files
[5.301s] Level 1:colcon.colcon_core.environment:checking '/home/ubuntu/eg2310-workspace/colcon_ws/install/idkman/lib'
[5.302s] Level 1:colcon.colcon_core.environment:checking '/home/ubuntu/eg2310-workspace/colcon_ws/install/idkman/bin'
[5.303s] Level 1:colcon.colcon_core.environment:checking '/home/ubuntu/eg2310-workspace/colcon_ws/install/idkman/lib/pkgconfig/idkman.pc'
[5.303s] Level 1:colcon.colcon_core.environment:checking '/home/ubuntu/eg2310-workspace/colcon_ws/install/idkman/lib/python3.8/site-packages'
[5.303s] Level 1:colcon.colcon_core.shell:create_environment_hook('idkman', 'pythonpath')
[5.306s] INFO:colcon.colcon_core.shell:Creating environment hook '/home/ubuntu/eg2310-workspace/colcon_ws/install/idkman/share/idkman/hook/pythonpath.ps1'
[5.308s] INFO:colcon.colcon_core.shell:Creating environment descriptor '/home/ubuntu/eg2310-workspace/colcon_ws/install/idkman/share/idkman/hook/pythonpath.dsv'
[5.309s] INFO:colcon.colcon_core.shell:Creating environment hook '/home/ubuntu/eg2310-workspace/colcon_ws/install/idkman/share/idkman/hook/pythonpath.sh'
[5.311s] Level 1:colcon.colcon_core.environment:create_environment_scripts_only(idkman)
[5.314s] INFO:colcon.colcon_core.shell:Creating package script '/home/ubuntu/eg2310-workspace/colcon_ws/install/idkman/share/idkman/package.ps1'
[5.319s] INFO:colcon.colcon_core.shell:Creating package descriptor '/home/ubuntu/eg2310-workspace/colcon_ws/install/idkman/share/idkman/package.dsv'
[5.324s] INFO:colcon.colcon_core.shell:Creating package script '/home/ubuntu/eg2310-workspace/colcon_ws/install/idkman/share/idkman/package.sh'
[5.329s] INFO:colcon.colcon_core.shell:Creating package script '/home/ubuntu/eg2310-workspace/colcon_ws/install/idkman/share/idkman/package.bash'
[5.336s] INFO:colcon.colcon_core.shell:Creating package script '/home/ubuntu/eg2310-workspace/colcon_ws/install/idkman/share/idkman/package.zsh'
[5.342s] Level 1:colcon.colcon_core.environment:create_file_with_runtime_dependencies(/home/ubuntu/eg2310-workspace/colcon_ws/install/idkman/share/colcon-core/packages/idkman)
[5.350s] Level 1:colcon.colcon_core.environment:checking '/home/ubuntu/eg2310-workspace/colcon_ws/install/auto_nav' for CMake module files
[5.353s] DEBUG:colcon.colcon_core.event_handler.log_command:Invoked command in '/home/ubuntu/eg2310-workspace/colcon_ws/src/auto_nav' returned '0': PYTHONPATH=/home/ubuntu/eg2310-workspace/colcon_ws/install/auto_nav/lib/python3.8/site-packages:${PYTHONPATH} /usr/bin/python3 setup.py egg_info --egg-base ../../build/auto_nav build --build-base /home/ubuntu/eg2310-workspace/colcon_ws/build/auto_nav/build install --prefix /home/ubuntu/eg2310-workspace/colcon_ws/install/auto_nav --record /home/ubuntu/eg2310-workspace/colcon_ws/build/auto_nav/install.log --single-version-externally-managed
[5.354s] Level 1:colcon.colcon_core.environment:checking '/home/ubuntu/eg2310-workspace/colcon_ws/install/auto_nav' for CMake config files
[5.360s] Level 1:colcon.colcon_core.environment:checking '/home/ubuntu/eg2310-workspace/colcon_ws/install/auto_nav/lib'
[5.360s] Level 1:colcon.colcon_core.environment:checking '/home/ubuntu/eg2310-workspace/colcon_ws/install/auto_nav/bin'
[5.361s] Level 1:colcon.colcon_core.environment:checking '/home/ubuntu/eg2310-workspace/colcon_ws/install/auto_nav/lib/pkgconfig/auto_nav.pc'
[5.361s] Level 1:colcon.colcon_core.environment:checking '/home/ubuntu/eg2310-workspace/colcon_ws/install/auto_nav/lib/python3.8/site-packages'
[5.361s] Level 1:colcon.colcon_core.shell:create_environment_hook('auto_nav', 'pythonpath')
[5.363s] INFO:colcon.colcon_core.shell:Creating environment hook '/home/ubuntu/eg2310-workspace/colcon_ws/install/auto_nav/share/auto_nav/hook/pythonpath.ps1'
[5.365s] INFO:colcon.colcon_core.shell:Creating environment descriptor '/home/ubuntu/eg2310-workspace/colcon_ws/install/auto_nav/share/auto_nav/hook/pythonpath.dsv'
[5.367s] INFO:colcon.colcon_core.shell:Creating environment hook '/home/ubuntu/eg2310-workspace/colcon_ws/install/auto_nav/share/auto_nav/hook/pythonpath.sh'
[5.369s] Level 1:colcon.colcon_core.environment:create_environment_scripts_only(auto_nav)
[5.371s] INFO:colcon.colcon_core.shell:Creating package script '/home/ubuntu/eg2310-workspace/colcon_ws/install/auto_nav/share/auto_nav/package.ps1'
[5.373s] INFO:colcon.colcon_core.shell:Creating package descriptor '/home/ubuntu/eg2310-workspace/colcon_ws/install/auto_nav/share/auto_nav/package.dsv'
[5.375s] INFO:colcon.colcon_core.shell:Creating package script '/home/ubuntu/eg2310-workspace/colcon_ws/install/auto_nav/share/auto_nav/package.sh'
[5.378s] INFO:colcon.colcon_core.shell:Creating package script '/home/ubuntu/eg2310-workspace/colcon_ws/install/auto_nav/share/auto_nav/package.bash'
[5.379s] INFO:colcon.colcon_core.shell:Creating package script '/home/ubuntu/eg2310-workspace/colcon_ws/install/auto_nav/share/auto_nav/package.zsh'
[5.381s] Level 1:colcon.colcon_core.environment:create_file_with_runtime_dependencies(/home/ubuntu/eg2310-workspace/colcon_ws/install/auto_nav/share/colcon-core/packages/auto_nav)
[5.382s] DEBUG:colcon.colcon_parallel_executor.executor.parallel:closing loop
[5.383s] DEBUG:colcon.colcon_parallel_executor.executor.parallel:loop closed
[5.384s] DEBUG:colcon.colcon_parallel_executor.executor.parallel:run_until_complete finished with '0'
[5.384s] DEBUG:colcon.colcon_core.event_reactor:joining thread
[5.412s] INFO:colcon.colcon_core.plugin_system:Skipping extension 'colcon_notification.desktop_notification.notify_send': Could not find 'notify-send'
[5.413s] INFO:colcon.colcon_core.plugin_system:Skipping extension 'colcon_notification.desktop_notification.terminal_notifier': Not used on non-Darwin systems
[5.413s] INFO:colcon.colcon_core.plugin_system:Skipping extension 'colcon_notification.desktop_notification.win32': Not used on non-Windows systems
[5.414s] INFO:colcon.colcon_notification.desktop_notification:Sending desktop notification using 'notify2'
[5.442s] DEBUG:colcon.colcon_notification.desktop_notification.notify2:Failed to initialize notify2: org.freedesktop.DBus.Error.ServiceUnknown: The name org.freedesktop.Notifications was not provided by any .service files
[5.442s] DEBUG:colcon.colcon_core.event_reactor:joined thread
[5.445s] INFO:colcon.colcon_core.shell:Creating prefix script '/home/ubuntu/eg2310-workspace/colcon_ws/install/local_setup.ps1'
[5.450s] INFO:colcon.colcon_core.shell:Creating prefix util module '/home/ubuntu/eg2310-workspace/colcon_ws/install/_local_setup_util_ps1.py'
[5.458s] INFO:colcon.colcon_core.shell:Creating prefix chain script '/home/ubuntu/eg2310-workspace/colcon_ws/install/setup.ps1'
[5.474s] INFO:colcon.colcon_core.shell:Creating prefix script '/home/ubuntu/eg2310-workspace/colcon_ws/install/local_setup.sh'
[5.479s] INFO:colcon.colcon_core.shell:Creating prefix util module '/home/ubuntu/eg2310-workspace/colcon_ws/install/_local_setup_util_sh.py'
[5.481s] INFO:colcon.colcon_core.shell:Creating prefix chain script '/home/ubuntu/eg2310-workspace/colcon_ws/install/setup.sh'
[5.493s] INFO:colcon.colcon_core.shell:Creating prefix script '/home/ubuntu/eg2310-workspace/colcon_ws/install/local_setup.bash'
[5.498s] INFO:colcon.colcon_core.shell:Creating prefix chain script '/home/ubuntu/eg2310-workspace/colcon_ws/install/setup.bash'
[5.510s] INFO:colcon.colcon_core.shell:Creating prefix script '/home/ubuntu/eg2310-workspace/colcon_ws/install/local_setup.zsh'
[5.514s] INFO:colcon.colcon_core.shell:Creating prefix chain script '/home/ubuntu/eg2310-workspace/colcon_ws/install/setup.zsh'
