[2.037s] Invoking command in '/home/ubuntu/eg2310-workspace/colcon_ws/src/auto_nav': PYTHONPATH=/home/ubuntu/eg2310-workspace/colcon_ws/install/auto_nav/lib/python3.8/site-packages:${PYTHONPATH} /usr/bin/python3 setup.py egg_info --egg-base ../../build/auto_nav build --build-base /home/ubuntu/eg2310-workspace/colcon_ws/build/auto_nav/build install --prefix /home/ubuntu/eg2310-workspace/colcon_ws/install/auto_nav --record /home/ubuntu/eg2310-workspace/colcon_ws/build/auto_nav/install.log --single-version-externally-managed
[3.030s] running egg_info
[3.032s] writing ../../build/auto_nav/auto_nav.egg-info/PKG-INFO
[3.033s] writing dependency_links to ../../build/auto_nav/auto_nav.egg-info/dependency_links.txt
[3.036s] writing entry points to ../../build/auto_nav/auto_nav.egg-info/entry_points.txt
[3.036s] writing requirements to ../../build/auto_nav/auto_nav.egg-info/requires.txt
[3.037s] writing top-level names to ../../build/auto_nav/auto_nav.egg-info/top_level.txt
[3.202s] reading manifest file '../../build/auto_nav/auto_nav.egg-info/SOURCES.txt'
[3.208s] writing manifest file '../../build/auto_nav/auto_nav.egg-info/SOURCES.txt'
[3.209s] running build
[3.209s] running build_py
[3.213s] running install
[3.217s] running install_lib
[3.227s] running install_data
[3.228s] running install_egg_info
[3.236s] removing '/home/ubuntu/eg2310-workspace/colcon_ws/install/auto_nav/lib/python3.8/site-packages/auto_nav-0.0.0-py3.8.egg-info' (and everything under it)
[3.240s] Copying ../../build/auto_nav/auto_nav.egg-info to /home/ubuntu/eg2310-workspace/colcon_ws/install/auto_nav/lib/python3.8/site-packages/auto_nav-0.0.0-py3.8.egg-info
[3.244s] running install_scripts
[3.323s] Installing r2auto_nav script to /home/ubuntu/eg2310-workspace/colcon_ws/install/auto_nav/lib/auto_nav
[3.324s] Installing r2mover script to /home/ubuntu/eg2310-workspace/colcon_ws/install/auto_nav/lib/auto_nav
[3.326s] Installing r2moverotate script to /home/ubuntu/eg2310-workspace/colcon_ws/install/auto_nav/lib/auto_nav
[3.329s] Installing r2occupancy script to /home/ubuntu/eg2310-workspace/colcon_ws/install/auto_nav/lib/auto_nav
[3.329s] Installing r2occupancy2 script to /home/ubuntu/eg2310-workspace/colcon_ws/install/auto_nav/lib/auto_nav
[3.330s] Installing r2scanner script to /home/ubuntu/eg2310-workspace/colcon_ws/install/auto_nav/lib/auto_nav
[3.331s] writing list of installed files to '/home/ubuntu/eg2310-workspace/colcon_ws/build/auto_nav/install.log'
[3.448s] Invoked command in '/home/ubuntu/eg2310-workspace/colcon_ws/src/auto_nav' returned '0': PYTHONPATH=/home/ubuntu/eg2310-workspace/colcon_ws/install/auto_nav/lib/python3.8/site-packages:${PYTHONPATH} /usr/bin/python3 setup.py egg_info --egg-base ../../build/auto_nav build --build-base /home/ubuntu/eg2310-workspace/colcon_ws/build/auto_nav/build install --prefix /home/ubuntu/eg2310-workspace/colcon_ws/install/auto_nav --record /home/ubuntu/eg2310-workspace/colcon_ws/build/auto_nav/install.log --single-version-externally-managed
