[1.259s] DEBUG:colcon:Command line arguments: ['/usr/bin/colcon', 'build', '--packages-select', 'idkman']
[1.260s] DEBUG:colcon:Parsed command line arguments: Namespace(ament_cmake_args=None, base_paths=['.'], build_base='build', catkin_cmake_args=None, catkin_skip_building_tests=False, cmake_args=None, cmake_clean_cache=False, cmake_clean_first=False, cmake_force_configure=False, cmake_target=None, cmake_target_skip_unavailable=False, continue_on_error=False, event_handlers=None, executor='parallel', ignore_user_meta=False, install_base='install', log_base=None, log_level=None, main=<bound method BuildVerb.main of <colcon_core.verb.build.BuildVerb object at 0xffff97a3a040>>, merge_install=False, metas=['./colcon.meta'], packages_above=None, packages_above_and_dependencies=None, packages_above_depth=None, packages_end=None, packages_ignore=None, packages_ignore_regex=None, packages_select=['idkman'], packages_select_build_failed=False, packages_select_by_dep=None, packages_select_regex=None, packages_select_test_failures=False, packages_skip=None, packages_skip_build_finished=False, packages_skip_by_dep=None, packages_skip_regex=None, packages_skip_test_passed=False, packages_skip_up_to=None, packages_start=None, packages_up_to=None, packages_up_to_regex=None, parallel_workers=4, paths=None, symlink_install=False, test_result_base=None, verb_extension=<colcon_core.verb.build.BuildVerb object at 0xffff97a3a040>, verb_name='build', verb_parser=<colcon_defaults.argument_parser.defaults.DefaultArgumentsDecorator object at 0xffff97a3a550>)
[1.284s] Level 1:colcon.colcon_core.package_discovery:discover_packages(colcon_meta) check parameters
[1.285s] Level 1:colcon.colcon_core.package_discovery:discover_packages(recursive) check parameters
[1.285s] Level 1:colcon.colcon_core.package_discovery:discover_packages(ignore) check parameters
[1.285s] Level 1:colcon.colcon_core.package_discovery:discover_packages(path) check parameters
[1.285s] Level 1:colcon.colcon_core.package_discovery:discover_packages(colcon_meta) discover
[1.285s] Level 1:colcon.colcon_core.package_discovery:discover_packages(recursive) discover
[1.286s] INFO:colcon.colcon_core.package_discovery:Crawling recursively for packages in '/home/ubuntu/eg2310-workspace/colcon_ws'
[1.286s] Level 1:colcon.colcon_core.package_identification:_identify(.) by extensions ['ignore', 'ignore_ament_install']
[1.287s] Level 1:colcon.colcon_core.package_identification:_identify(.) by extension 'ignore'
[1.287s] Level 1:colcon.colcon_core.package_identification:_identify(.) by extension 'ignore_ament_install'
[1.287s] Level 1:colcon.colcon_core.package_identification:_identify(.) by extensions ['colcon_pkg']
[1.287s] Level 1:colcon.colcon_core.package_identification:_identify(.) by extension 'colcon_pkg'
[1.288s] Level 1:colcon.colcon_core.package_identification:_identify(.) by extensions ['colcon_meta']
[1.288s] Level 1:colcon.colcon_core.package_identification:_identify(.) by extension 'colcon_meta'
[1.288s] Level 1:colcon.colcon_core.package_identification:_identify(.) by extensions ['ros']
[1.288s] Level 1:colcon.colcon_core.package_identification:_identify(.) by extension 'ros'
[1.336s] Level 1:colcon.colcon_core.package_identification:_identify(.) by extensions ['cmake', 'python']
[1.336s] Level 1:colcon.colcon_core.package_identification:_identify(.) by extension 'cmake'
[1.336s] Level 1:colcon.colcon_core.package_identification:_identify(.) by extension 'python'
[1.337s] Level 1:colcon.colcon_core.package_identification:_identify(.) by extensions ['python_setup_py']
[1.337s] Level 1:colcon.colcon_core.package_identification:_identify(.) by extension 'python_setup_py'
[1.337s] Level 1:colcon.colcon_core.package_identification:_identify(build) by extensions ['ignore', 'ignore_ament_install']
[1.338s] Level 1:colcon.colcon_core.package_identification:_identify(build) by extension 'ignore'
[1.338s] Level 1:colcon.colcon_core.package_identification:_identify(build) ignored
[1.339s] Level 1:colcon.colcon_core.package_identification:_identify(install) by extensions ['ignore', 'ignore_ament_install']
[1.339s] Level 1:colcon.colcon_core.package_identification:_identify(install) by extension 'ignore'
[1.340s] Level 1:colcon.colcon_core.package_identification:_identify(install) ignored
[1.340s] Level 1:colcon.colcon_core.package_identification:_identify(log) by extensions ['ignore', 'ignore_ament_install']
[1.341s] Level 1:colcon.colcon_core.package_identification:_identify(log) by extension 'ignore'
[1.341s] Level 1:colcon.colcon_core.package_identification:_identify(log) ignored
[1.341s] Level 1:colcon.colcon_core.package_identification:_identify(src) by extensions ['ignore', 'ignore_ament_install']
[1.342s] Level 1:colcon.colcon_core.package_identification:_identify(src) by extension 'ignore'
[1.342s] Level 1:colcon.colcon_core.package_identification:_identify(src) by extension 'ignore_ament_install'
[1.342s] Level 1:colcon.colcon_core.package_identification:_identify(src) by extensions ['colcon_pkg']
[1.343s] Level 1:colcon.colcon_core.package_identification:_identify(src) by extension 'colcon_pkg'
[1.343s] Level 1:colcon.colcon_core.package_identification:_identify(src) by extensions ['colcon_meta']
[1.343s] Level 1:colcon.colcon_core.package_identification:_identify(src) by extension 'colcon_meta'
[1.343s] Level 1:colcon.colcon_core.package_identification:_identify(src) by extensions ['ros']
[1.343s] Level 1:colcon.colcon_core.package_identification:_identify(src) by extension 'ros'
[1.344s] Level 1:colcon.colcon_core.package_identification:_identify(src) by extensions ['cmake', 'python']
[1.344s] Level 1:colcon.colcon_core.package_identification:_identify(src) by extension 'cmake'
[1.344s] Level 1:colcon.colcon_core.package_identification:_identify(src) by extension 'python'
[1.344s] Level 1:colcon.colcon_core.package_identification:_identify(src) by extensions ['python_setup_py']
[1.345s] Level 1:colcon.colcon_core.package_identification:_identify(src) by extension 'python_setup_py'
[1.345s] Level 1:colcon.colcon_core.package_identification:_identify(src/auto_nav) by extensions ['ignore', 'ignore_ament_install']
[1.346s] Level 1:colcon.colcon_core.package_identification:_identify(src/auto_nav) by extension 'ignore'
[1.346s] Level 1:colcon.colcon_core.package_identification:_identify(src/auto_nav) by extension 'ignore_ament_install'
[1.346s] Level 1:colcon.colcon_core.package_identification:_identify(src/auto_nav) by extensions ['colcon_pkg']
[1.346s] Level 1:colcon.colcon_core.package_identification:_identify(src/auto_nav) by extension 'colcon_pkg'
[1.347s] Level 1:colcon.colcon_core.package_identification:_identify(src/auto_nav) by extensions ['colcon_meta']
[1.347s] Level 1:colcon.colcon_core.package_identification:_identify(src/auto_nav) by extension 'colcon_meta'
[1.347s] Level 1:colcon.colcon_core.package_identification:_identify(src/auto_nav) by extensions ['ros']
[1.347s] Level 1:colcon.colcon_core.package_identification:_identify(src/auto_nav) by extension 'ros'
[1.356s] DEBUG:colcon.colcon_core.package_identification:Package 'src/auto_nav' with type 'ros.ament_python' and name 'auto_nav'
[1.357s] Level 1:colcon.colcon_core.package_identification:_identify(src/idkman) by extensions ['ignore', 'ignore_ament_install']
[1.357s] Level 1:colcon.colcon_core.package_identification:_identify(src/idkman) by extension 'ignore'
[1.357s] Level 1:colcon.colcon_core.package_identification:_identify(src/idkman) by extension 'ignore_ament_install'
[1.358s] Level 1:colcon.colcon_core.package_identification:_identify(src/idkman) by extensions ['colcon_pkg']
[1.358s] Level 1:colcon.colcon_core.package_identification:_identify(src/idkman) by extension 'colcon_pkg'
[1.358s] Level 1:colcon.colcon_core.package_identification:_identify(src/idkman) by extensions ['colcon_meta']
[1.358s] Level 1:colcon.colcon_core.package_identification:_identify(src/idkman) by extension 'colcon_meta'
[1.359s] Level 1:colcon.colcon_core.package_identification:_identify(src/idkman) by extensions ['ros']
[1.359s] Level 1:colcon.colcon_core.package_identification:_identify(src/idkman) by extension 'ros'
[1.362s] DEBUG:colcon.colcon_core.package_identification:Package 'src/idkman' with type 'ros.ament_python' and name 'idkman'
[1.362s] Level 1:colcon.colcon_core.package_discovery:discover_packages(recursive) using defaults
[1.362s] Level 1:colcon.colcon_core.package_discovery:discover_packages(ignore) discover
[1.362s] Level 1:colcon.colcon_core.package_discovery:discover_packages(ignore) using defaults
[1.363s] Level 1:colcon.colcon_core.package_discovery:discover_packages(path) discover
[1.363s] Level 1:colcon.colcon_core.package_discovery:discover_packages(path) using defaults
[1.437s] INFO:colcon.colcon_core.package_selection:Skipping not selected package 'auto_nav' in 'src/auto_nav'
[1.448s] Level 5:colcon.colcon_core.verb:set package 'idkman' build argument 'cmake_args' from command line to 'None'
[1.449s] Level 5:colcon.colcon_core.verb:set package 'idkman' build argument 'cmake_target' from command line to 'None'
[1.449s] Level 5:colcon.colcon_core.verb:set package 'idkman' build argument 'cmake_target_skip_unavailable' from command line to 'False'
[1.449s] Level 5:colcon.colcon_core.verb:set package 'idkman' build argument 'cmake_clean_cache' from command line to 'False'
[1.449s] Level 5:colcon.colcon_core.verb:set package 'idkman' build argument 'cmake_clean_first' from command line to 'False'
[1.449s] Level 5:colcon.colcon_core.verb:set package 'idkman' build argument 'cmake_force_configure' from command line to 'False'
[1.449s] Level 5:colcon.colcon_core.verb:set package 'idkman' build argument 'ament_cmake_args' from command line to 'None'
[1.450s] Level 5:colcon.colcon_core.verb:set package 'idkman' build argument 'catkin_cmake_args' from command line to 'None'
[1.450s] Level 5:colcon.colcon_core.verb:set package 'idkman' build argument 'catkin_skip_building_tests' from command line to 'False'
[1.450s] DEBUG:colcon.colcon_core.verb:Building package 'idkman' with the following arguments: {'ament_cmake_args': None, 'build_base': '/home/ubuntu/eg2310-workspace/colcon_ws/build/idkman', 'catkin_cmake_args': None, 'catkin_skip_building_tests': False, 'cmake_args': None, 'cmake_clean_cache': False, 'cmake_clean_first': False, 'cmake_force_configure': False, 'cmake_target': None, 'cmake_target_skip_unavailable': False, 'install_base': '/home/ubuntu/eg2310-workspace/colcon_ws/install/idkman', 'merge_install': False, 'path': '/home/ubuntu/eg2310-workspace/colcon_ws/src/idkman', 'symlink_install': False, 'test_result_base': None}
[1.451s] INFO:colcon.colcon_core.executor:Executing jobs using 'parallel' executor
[1.459s] DEBUG:colcon.colcon_parallel_executor.executor.parallel:run_until_complete
[1.460s] INFO:colcon.colcon_ros.task.ament_python.build:Building ROS package in '/home/ubuntu/eg2310-workspace/colcon_ws/src/idkman' with build type 'ament_python'
[1.461s] Level 1:colcon.colcon_core.shell:create_environment_hook('idkman', 'ament_prefix_path')
[1.477s] INFO:colcon.colcon_core.plugin_system:Skipping extension 'colcon_core.shell.bat': Not used on non-Windows systems
[1.478s] INFO:colcon.colcon_core.shell:Creating environment hook '/home/ubuntu/eg2310-workspace/colcon_ws/install/idkman/share/idkman/hook/ament_prefix_path.ps1'
[1.481s] INFO:colcon.colcon_core.shell:Creating environment descriptor '/home/ubuntu/eg2310-workspace/colcon_ws/install/idkman/share/idkman/hook/ament_prefix_path.dsv'
[1.483s] INFO:colcon.colcon_core.shell:Creating environment hook '/home/ubuntu/eg2310-workspace/colcon_ws/install/idkman/share/idkman/hook/ament_prefix_path.sh'
[1.488s] INFO:colcon.colcon_core.shell:Skip shell extension 'powershell' for command environment: Not usable outside of PowerShell
[1.488s] DEBUG:colcon.colcon_core.shell:Skip shell extension 'dsv' for command environment
[1.506s] DEBUG:colcon.colcon_core.shell:Ignoring prefix path '/opt/ros/foxy'
[2.475s] INFO:colcon.colcon_core.task.python.build:Building Python package in '/home/ubuntu/eg2310-workspace/colcon_ws/src/idkman'
[2.478s] INFO:colcon.colcon_core.shell:Skip shell extension 'powershell' for command environment: Not usable outside of PowerShell
[2.478s] DEBUG:colcon.colcon_core.shell:Skip shell extension 'dsv' for command environment
[2.492s] DEBUG:colcon.colcon_core.shell:Ignoring prefix path '/opt/ros/foxy'
[2.516s] DEBUG:colcon.colcon_core.event_handler.log_command:Invoking command in '/home/ubuntu/eg2310-workspace/colcon_ws/src/idkman': PYTHONPATH=/home/ubuntu/eg2310-workspace/colcon_ws/install/idkman/lib/python3.8/site-packages:${PYTHONPATH} /usr/bin/python3 setup.py egg_info --egg-base ../../build/idkman build --build-base /home/ubuntu/eg2310-workspace/colcon_ws/build/idkman/build install --prefix /home/ubuntu/eg2310-workspace/colcon_ws/install/idkman --record /home/ubuntu/eg2310-workspace/colcon_ws/build/idkman/install.log --single-version-externally-managed
[3.822s] DEBUG:colcon.colcon_core.event_handler.log_command:Invoked command in '/home/ubuntu/eg2310-workspace/colcon_ws/src/idkman' returned '0': PYTHONPATH=/home/ubuntu/eg2310-workspace/colcon_ws/install/idkman/lib/python3.8/site-packages:${PYTHONPATH} /usr/bin/python3 setup.py egg_info --egg-base ../../build/idkman build --build-base /home/ubuntu/eg2310-workspace/colcon_ws/build/idkman/build install --prefix /home/ubuntu/eg2310-workspace/colcon_ws/install/idkman --record /home/ubuntu/eg2310-workspace/colcon_ws/build/idkman/install.log --single-version-externally-managed
[3.836s] Level 1:colcon.colcon_core.environment:checking '/home/ubuntu/eg2310-workspace/colcon_ws/install/idkman' for CMake module files
[3.839s] Level 1:colcon.colcon_core.environment:checking '/home/ubuntu/eg2310-workspace/colcon_ws/install/idkman' for CMake config files
[3.843s] Level 1:colcon.colcon_core.environment:checking '/home/ubuntu/eg2310-workspace/colcon_ws/install/idkman/lib'
[3.844s] Level 1:colcon.colcon_core.environment:checking '/home/ubuntu/eg2310-workspace/colcon_ws/install/idkman/bin'
[3.844s] Level 1:colcon.colcon_core.environment:checking '/home/ubuntu/eg2310-workspace/colcon_ws/install/idkman/lib/pkgconfig/idkman.pc'
[3.844s] Level 1:colcon.colcon_core.environment:checking '/home/ubuntu/eg2310-workspace/colcon_ws/install/idkman/lib/python3.8/site-packages'
[3.845s] Level 1:colcon.colcon_core.shell:create_environment_hook('idkman', 'pythonpath')
[3.847s] INFO:colcon.colcon_core.shell:Creating environment hook '/home/ubuntu/eg2310-workspace/colcon_ws/install/idkman/share/idkman/hook/pythonpath.ps1'
[3.849s] INFO:colcon.colcon_core.shell:Creating environment descriptor '/home/ubuntu/eg2310-workspace/colcon_ws/install/idkman/share/idkman/hook/pythonpath.dsv'
[3.851s] INFO:colcon.colcon_core.shell:Creating environment hook '/home/ubuntu/eg2310-workspace/colcon_ws/install/idkman/share/idkman/hook/pythonpath.sh'
[3.853s] Level 1:colcon.colcon_core.environment:create_environment_scripts_only(idkman)
[3.856s] INFO:colcon.colcon_core.shell:Creating package script '/home/ubuntu/eg2310-workspace/colcon_ws/install/idkman/share/idkman/package.ps1'
[3.860s] INFO:colcon.colcon_core.shell:Creating package descriptor '/home/ubuntu/eg2310-workspace/colcon_ws/install/idkman/share/idkman/package.dsv'
[3.863s] INFO:colcon.colcon_core.shell:Creating package script '/home/ubuntu/eg2310-workspace/colcon_ws/install/idkman/share/idkman/package.sh'
[3.867s] INFO:colcon.colcon_core.shell:Creating package script '/home/ubuntu/eg2310-workspace/colcon_ws/install/idkman/share/idkman/package.bash'
[3.870s] INFO:colcon.colcon_core.shell:Creating package script '/home/ubuntu/eg2310-workspace/colcon_ws/install/idkman/share/idkman/package.zsh'
[3.873s] Level 1:colcon.colcon_core.environment:create_file_with_runtime_dependencies(/home/ubuntu/eg2310-workspace/colcon_ws/install/idkman/share/colcon-core/packages/idkman)
[3.875s] DEBUG:colcon.colcon_parallel_executor.executor.parallel:closing loop
[3.876s] DEBUG:colcon.colcon_parallel_executor.executor.parallel:loop closed
[3.876s] DEBUG:colcon.colcon_parallel_executor.executor.parallel:run_until_complete finished with '0'
[3.877s] DEBUG:colcon.colcon_core.event_reactor:joining thread
[3.903s] INFO:colcon.colcon_core.plugin_system:Skipping extension 'colcon_notification.desktop_notification.notify_send': Could not find 'notify-send'
[3.903s] INFO:colcon.colcon_core.plugin_system:Skipping extension 'colcon_notification.desktop_notification.terminal_notifier': Not used on non-Darwin systems
[3.905s] INFO:colcon.colcon_core.plugin_system:Skipping extension 'colcon_notification.desktop_notification.win32': Not used on non-Windows systems
[3.905s] INFO:colcon.colcon_notification.desktop_notification:Sending desktop notification using 'notify2'
[3.909s] DEBUG:colcon.colcon_notification.desktop_notification.notify2:Failed to initialize notify2: org.freedesktop.DBus.Error.ServiceUnknown: The name org.freedesktop.Notifications was not provided by any .service files
[3.910s] DEBUG:colcon.colcon_core.event_reactor:joined thread
[3.913s] INFO:colcon.colcon_core.shell:Creating prefix script '/home/ubuntu/eg2310-workspace/colcon_ws/install/local_setup.ps1'
[3.917s] INFO:colcon.colcon_core.shell:Creating prefix util module '/home/ubuntu/eg2310-workspace/colcon_ws/install/_local_setup_util_ps1.py'
[3.932s] INFO:colcon.colcon_core.shell:Creating prefix chain script '/home/ubuntu/eg2310-workspace/colcon_ws/install/setup.ps1'
[3.945s] INFO:colcon.colcon_core.shell:Creating prefix script '/home/ubuntu/eg2310-workspace/colcon_ws/install/local_setup.sh'
[3.948s] INFO:colcon.colcon_core.shell:Creating prefix util module '/home/ubuntu/eg2310-workspace/colcon_ws/install/_local_setup_util_sh.py'
[3.950s] INFO:colcon.colcon_core.shell:Creating prefix chain script '/home/ubuntu/eg2310-workspace/colcon_ws/install/setup.sh'
[3.961s] INFO:colcon.colcon_core.shell:Creating prefix script '/home/ubuntu/eg2310-workspace/colcon_ws/install/local_setup.bash'
[3.964s] INFO:colcon.colcon_core.shell:Creating prefix chain script '/home/ubuntu/eg2310-workspace/colcon_ws/install/setup.bash'
[3.976s] INFO:colcon.colcon_core.shell:Creating prefix script '/home/ubuntu/eg2310-workspace/colcon_ws/install/local_setup.zsh'
[3.982s] INFO:colcon.colcon_core.shell:Creating prefix chain script '/home/ubuntu/eg2310-workspace/colcon_ws/install/setup.zsh'
