[0.228s] DEBUG:colcon:Command line arguments: ['/usr/bin/colcon', 'build', '--symlink-install']
[0.228s] DEBUG:colcon:Parsed command line arguments: Namespace(ament_cmake_args=None, base_paths=['.'], build_base='build', catkin_cmake_args=None, catkin_skip_building_tests=False, cmake_args=None, cmake_clean_cache=False, cmake_clean_first=False, cmake_force_configure=False, cmake_target=None, cmake_target_skip_unavailable=False, continue_on_error=False, event_handlers=None, executor='parallel', ignore_user_meta=False, install_base='install', log_base=None, log_level=None, main=<bound method BuildVerb.main of <colcon_core.verb.build.BuildVerb object at 0x7e6c954ee550>>, merge_install=False, metas=['./colcon.meta'], mixin=None, mixin_files=None, mixin_verb=('build',), packages_above=None, packages_above_and_dependencies=None, packages_above_depth=None, packages_end=None, packages_ignore=None, packages_ignore_regex=None, packages_select=None, packages_select_build_failed=False, packages_select_by_dep=None, packages_select_regex=None, packages_select_test_failures=False, packages_skip=None, packages_skip_build_finished=False, packages_skip_by_dep=None, packages_skip_regex=None, packages_skip_test_passed=False, packages_skip_up_to=None, packages_start=None, packages_up_to=None, packages_up_to_regex=None, parallel_workers=16, paths=None, symlink_install=True, test_result_base=None, verb_extension=<colcon_core.verb.build.BuildVerb object at 0x7e6c954ee550>, verb_name='build', verb_parser=<colcon_mixin.mixin.mixin_argument.MixinArgumentDecorator object at 0x7e6c954eebb0>)
[0.250s] Level 1:colcon.colcon_core.package_discovery:discover_packages(colcon_meta) check parameters
[0.250s] Level 1:colcon.colcon_core.package_discovery:discover_packages(recursive) check parameters
[0.250s] Level 1:colcon.colcon_core.package_discovery:discover_packages(ignore) check parameters
[0.250s] Level 1:colcon.colcon_core.package_discovery:discover_packages(path) check parameters
[0.250s] Level 1:colcon.colcon_core.package_discovery:discover_packages(colcon_meta) discover
[0.250s] Level 1:colcon.colcon_core.package_discovery:discover_packages(recursive) discover
[0.250s] INFO:colcon.colcon_core.package_discovery:Crawling recursively for packages in '/home/eg2310-workspace/colcon_ws'
[0.250s] Level 1:colcon.colcon_core.package_identification:_identify(.) by extensions ['ignore', 'ignore_ament_install']
[0.250s] Level 1:colcon.colcon_core.package_identification:_identify(.) by extension 'ignore'
[0.250s] Level 1:colcon.colcon_core.package_identification:_identify(.) by extension 'ignore_ament_install'
[0.250s] Level 1:colcon.colcon_core.package_identification:_identify(.) by extensions ['colcon_pkg']
[0.250s] Level 1:colcon.colcon_core.package_identification:_identify(.) by extension 'colcon_pkg'
[0.250s] Level 1:colcon.colcon_core.package_identification:_identify(.) by extensions ['colcon_meta']
[0.250s] Level 1:colcon.colcon_core.package_identification:_identify(.) by extension 'colcon_meta'
[0.250s] Level 1:colcon.colcon_core.package_identification:_identify(.) by extensions ['ros']
[0.250s] Level 1:colcon.colcon_core.package_identification:_identify(.) by extension 'ros'
[0.268s] Level 1:colcon.colcon_core.package_identification:_identify(.) by extensions ['cmake', 'python']
[0.269s] Level 1:colcon.colcon_core.package_identification:_identify(.) by extension 'cmake'
[0.269s] Level 1:colcon.colcon_core.package_identification:_identify(.) by extension 'python'
[0.269s] Level 1:colcon.colcon_core.package_identification:_identify(.) by extensions ['python_setup_py']
[0.269s] Level 1:colcon.colcon_core.package_identification:_identify(.) by extension 'python_setup_py'
[0.269s] Level 1:colcon.colcon_core.package_identification:_identify(build) by extensions ['ignore', 'ignore_ament_install']
[0.269s] Level 1:colcon.colcon_core.package_identification:_identify(build) by extension 'ignore'
[0.269s] Level 1:colcon.colcon_core.package_identification:_identify(build) ignored
[0.269s] Level 1:colcon.colcon_core.package_identification:_identify(install) by extensions ['ignore', 'ignore_ament_install']
[0.269s] Level 1:colcon.colcon_core.package_identification:_identify(install) by extension 'ignore'
[0.269s] Level 1:colcon.colcon_core.package_identification:_identify(install) ignored
[0.269s] Level 1:colcon.colcon_core.package_identification:_identify(log) by extensions ['ignore', 'ignore_ament_install']
[0.269s] Level 1:colcon.colcon_core.package_identification:_identify(log) by extension 'ignore'
[0.269s] Level 1:colcon.colcon_core.package_identification:_identify(log) ignored
[0.269s] Level 1:colcon.colcon_core.package_identification:_identify(src) by extensions ['ignore', 'ignore_ament_install']
[0.269s] Level 1:colcon.colcon_core.package_identification:_identify(src) by extension 'ignore'
[0.270s] Level 1:colcon.colcon_core.package_identification:_identify(src) by extension 'ignore_ament_install'
[0.270s] Level 1:colcon.colcon_core.package_identification:_identify(src) by extensions ['colcon_pkg']
[0.270s] Level 1:colcon.colcon_core.package_identification:_identify(src) by extension 'colcon_pkg'
[0.270s] Level 1:colcon.colcon_core.package_identification:_identify(src) by extensions ['colcon_meta']
[0.270s] Level 1:colcon.colcon_core.package_identification:_identify(src) by extension 'colcon_meta'
[0.270s] Level 1:colcon.colcon_core.package_identification:_identify(src) by extensions ['ros']
[0.270s] Level 1:colcon.colcon_core.package_identification:_identify(src) by extension 'ros'
[0.270s] Level 1:colcon.colcon_core.package_identification:_identify(src) by extensions ['cmake', 'python']
[0.270s] Level 1:colcon.colcon_core.package_identification:_identify(src) by extension 'cmake'
[0.270s] Level 1:colcon.colcon_core.package_identification:_identify(src) by extension 'python'
[0.270s] Level 1:colcon.colcon_core.package_identification:_identify(src) by extensions ['python_setup_py']
[0.270s] Level 1:colcon.colcon_core.package_identification:_identify(src) by extension 'python_setup_py'
[0.270s] Level 1:colcon.colcon_core.package_identification:_identify(src/auto_nav) by extensions ['ignore', 'ignore_ament_install']
[0.270s] Level 1:colcon.colcon_core.package_identification:_identify(src/auto_nav) by extension 'ignore'
[0.270s] Level 1:colcon.colcon_core.package_identification:_identify(src/auto_nav) by extension 'ignore_ament_install'
[0.270s] Level 1:colcon.colcon_core.package_identification:_identify(src/auto_nav) by extensions ['colcon_pkg']
[0.270s] Level 1:colcon.colcon_core.package_identification:_identify(src/auto_nav) by extension 'colcon_pkg'
[0.270s] Level 1:colcon.colcon_core.package_identification:_identify(src/auto_nav) by extensions ['colcon_meta']
[0.270s] Level 1:colcon.colcon_core.package_identification:_identify(src/auto_nav) by extension 'colcon_meta'
[0.270s] Level 1:colcon.colcon_core.package_identification:_identify(src/auto_nav) by extensions ['ros']
[0.270s] Level 1:colcon.colcon_core.package_identification:_identify(src/auto_nav) by extension 'ros'
[0.272s] DEBUG:colcon.colcon_core.package_identification:Package 'src/auto_nav' with type 'ros.ament_python' and name 'auto_nav'
[0.272s] Level 1:colcon.colcon_core.package_identification:_identify(src/idkman) by extensions ['ignore', 'ignore_ament_install']
[0.272s] Level 1:colcon.colcon_core.package_identification:_identify(src/idkman) by extension 'ignore'
[0.272s] Level 1:colcon.colcon_core.package_identification:_identify(src/idkman) by extension 'ignore_ament_install'
[0.272s] Level 1:colcon.colcon_core.package_identification:_identify(src/idkman) by extensions ['colcon_pkg']
[0.272s] Level 1:colcon.colcon_core.package_identification:_identify(src/idkman) by extension 'colcon_pkg'
[0.273s] Level 1:colcon.colcon_core.package_identification:_identify(src/idkman) by extensions ['colcon_meta']
[0.273s] Level 1:colcon.colcon_core.package_identification:_identify(src/idkman) by extension 'colcon_meta'
[0.273s] Level 1:colcon.colcon_core.package_identification:_identify(src/idkman) by extensions ['ros']
[0.273s] Level 1:colcon.colcon_core.package_identification:_identify(src/idkman) by extension 'ros'
[0.273s] DEBUG:colcon.colcon_core.package_identification:Package 'src/idkman' with type 'ros.ament_python' and name 'idkman'
[0.273s] Level 1:colcon.colcon_core.package_identification:_identify(src/turtlebot3_simulations) by extensions ['ignore', 'ignore_ament_install']
[0.273s] Level 1:colcon.colcon_core.package_identification:_identify(src/turtlebot3_simulations) by extension 'ignore'
[0.273s] Level 1:colcon.colcon_core.package_identification:_identify(src/turtlebot3_simulations) by extension 'ignore_ament_install'
[0.273s] Level 1:colcon.colcon_core.package_identification:_identify(src/turtlebot3_simulations) by extensions ['colcon_pkg']
[0.273s] Level 1:colcon.colcon_core.package_identification:_identify(src/turtlebot3_simulations) by extension 'colcon_pkg'
[0.273s] Level 1:colcon.colcon_core.package_identification:_identify(src/turtlebot3_simulations) by extensions ['colcon_meta']
[0.273s] Level 1:colcon.colcon_core.package_identification:_identify(src/turtlebot3_simulations) by extension 'colcon_meta'
[0.273s] Level 1:colcon.colcon_core.package_identification:_identify(src/turtlebot3_simulations) by extensions ['ros']
[0.273s] Level 1:colcon.colcon_core.package_identification:_identify(src/turtlebot3_simulations) by extension 'ros'
[0.274s] Level 1:colcon.colcon_core.package_identification:_identify(src/turtlebot3_simulations) by extensions ['cmake', 'python']
[0.274s] Level 1:colcon.colcon_core.package_identification:_identify(src/turtlebot3_simulations) by extension 'cmake'
[0.274s] Level 1:colcon.colcon_core.package_identification:_identify(src/turtlebot3_simulations) by extension 'python'
[0.274s] Level 1:colcon.colcon_core.package_identification:_identify(src/turtlebot3_simulations) by extensions ['python_setup_py']
[0.274s] Level 1:colcon.colcon_core.package_identification:_identify(src/turtlebot3_simulations) by extension 'python_setup_py'
[0.274s] Level 1:colcon.colcon_core.package_identification:_identify(src/turtlebot3_simulations/turtlebot3_fake_node) by extensions ['ignore', 'ignore_ament_install']
[0.274s] Level 1:colcon.colcon_core.package_identification:_identify(src/turtlebot3_simulations/turtlebot3_fake_node) by extension 'ignore'
[0.274s] Level 1:colcon.colcon_core.package_identification:_identify(src/turtlebot3_simulations/turtlebot3_fake_node) by extension 'ignore_ament_install'
[0.274s] Level 1:colcon.colcon_core.package_identification:_identify(src/turtlebot3_simulations/turtlebot3_fake_node) by extensions ['colcon_pkg']
[0.274s] Level 1:colcon.colcon_core.package_identification:_identify(src/turtlebot3_simulations/turtlebot3_fake_node) by extension 'colcon_pkg'
[0.274s] Level 1:colcon.colcon_core.package_identification:_identify(src/turtlebot3_simulations/turtlebot3_fake_node) by extensions ['colcon_meta']
[0.274s] Level 1:colcon.colcon_core.package_identification:_identify(src/turtlebot3_simulations/turtlebot3_fake_node) by extension 'colcon_meta'
[0.274s] Level 1:colcon.colcon_core.package_identification:_identify(src/turtlebot3_simulations/turtlebot3_fake_node) by extensions ['ros']
[0.274s] Level 1:colcon.colcon_core.package_identification:_identify(src/turtlebot3_simulations/turtlebot3_fake_node) by extension 'ros'
[0.275s] DEBUG:colcon.colcon_core.package_identification:Package 'src/turtlebot3_simulations/turtlebot3_fake_node' with type 'ros.ament_cmake' and name 'turtlebot3_fake_node'
[0.275s] Level 1:colcon.colcon_core.package_identification:_identify(src/turtlebot3_simulations/turtlebot3_gazebo) by extensions ['ignore', 'ignore_ament_install']
[0.275s] Level 1:colcon.colcon_core.package_identification:_identify(src/turtlebot3_simulations/turtlebot3_gazebo) by extension 'ignore'
[0.275s] Level 1:colcon.colcon_core.package_identification:_identify(src/turtlebot3_simulations/turtlebot3_gazebo) by extension 'ignore_ament_install'
[0.275s] Level 1:colcon.colcon_core.package_identification:_identify(src/turtlebot3_simulations/turtlebot3_gazebo) by extensions ['colcon_pkg']
[0.275s] Level 1:colcon.colcon_core.package_identification:_identify(src/turtlebot3_simulations/turtlebot3_gazebo) by extension 'colcon_pkg'
[0.275s] Level 1:colcon.colcon_core.package_identification:_identify(src/turtlebot3_simulations/turtlebot3_gazebo) by extensions ['colcon_meta']
[0.275s] Level 1:colcon.colcon_core.package_identification:_identify(src/turtlebot3_simulations/turtlebot3_gazebo) by extension 'colcon_meta'
[0.275s] Level 1:colcon.colcon_core.package_identification:_identify(src/turtlebot3_simulations/turtlebot3_gazebo) by extensions ['ros']
[0.275s] Level 1:colcon.colcon_core.package_identification:_identify(src/turtlebot3_simulations/turtlebot3_gazebo) by extension 'ros'
[0.276s] DEBUG:colcon.colcon_core.package_identification:Package 'src/turtlebot3_simulations/turtlebot3_gazebo' with type 'ros.ament_cmake' and name 'turtlebot3_gazebo'
[0.276s] Level 1:colcon.colcon_core.package_identification:_identify(src/turtlebot3_simulations/turtlebot3_simulations) by extensions ['ignore', 'ignore_ament_install']
[0.276s] Level 1:colcon.colcon_core.package_identification:_identify(src/turtlebot3_simulations/turtlebot3_simulations) by extension 'ignore'
[0.276s] Level 1:colcon.colcon_core.package_identification:_identify(src/turtlebot3_simulations/turtlebot3_simulations) by extension 'ignore_ament_install'
[0.276s] Level 1:colcon.colcon_core.package_identification:_identify(src/turtlebot3_simulations/turtlebot3_simulations) by extensions ['colcon_pkg']
[0.276s] Level 1:colcon.colcon_core.package_identification:_identify(src/turtlebot3_simulations/turtlebot3_simulations) by extension 'colcon_pkg'
[0.277s] Level 1:colcon.colcon_core.package_identification:_identify(src/turtlebot3_simulations/turtlebot3_simulations) by extensions ['colcon_meta']
[0.277s] Level 1:colcon.colcon_core.package_identification:_identify(src/turtlebot3_simulations/turtlebot3_simulations) by extension 'colcon_meta'
[0.277s] Level 1:colcon.colcon_core.package_identification:_identify(src/turtlebot3_simulations/turtlebot3_simulations) by extensions ['ros']
[0.277s] Level 1:colcon.colcon_core.package_identification:_identify(src/turtlebot3_simulations/turtlebot3_simulations) by extension 'ros'
[0.277s] DEBUG:colcon.colcon_core.package_identification:Package 'src/turtlebot3_simulations/turtlebot3_simulations' with type 'ros.ament_cmake' and name 'turtlebot3_simulations'
[0.277s] Level 1:colcon.colcon_core.package_discovery:discover_packages(recursive) using defaults
[0.277s] Level 1:colcon.colcon_core.package_discovery:discover_packages(ignore) discover
[0.277s] Level 1:colcon.colcon_core.package_discovery:discover_packages(ignore) using defaults
[0.277s] Level 1:colcon.colcon_core.package_discovery:discover_packages(path) discover
[0.277s] Level 1:colcon.colcon_core.package_discovery:discover_packages(path) using defaults
[0.293s] Level 5:colcon.colcon_core.verb:set package 'auto_nav' build argument 'cmake_args' from command line to 'None'
[0.293s] Level 5:colcon.colcon_core.verb:set package 'auto_nav' build argument 'cmake_target' from command line to 'None'
[0.293s] Level 5:colcon.colcon_core.verb:set package 'auto_nav' build argument 'cmake_target_skip_unavailable' from command line to 'False'
[0.293s] Level 5:colcon.colcon_core.verb:set package 'auto_nav' build argument 'cmake_clean_cache' from command line to 'False'
[0.293s] Level 5:colcon.colcon_core.verb:set package 'auto_nav' build argument 'cmake_clean_first' from command line to 'False'
[0.293s] Level 5:colcon.colcon_core.verb:set package 'auto_nav' build argument 'cmake_force_configure' from command line to 'False'
[0.293s] Level 5:colcon.colcon_core.verb:set package 'auto_nav' build argument 'ament_cmake_args' from command line to 'None'
[0.293s] Level 5:colcon.colcon_core.verb:set package 'auto_nav' build argument 'catkin_cmake_args' from command line to 'None'
[0.293s] Level 5:colcon.colcon_core.verb:set package 'auto_nav' build argument 'catkin_skip_building_tests' from command line to 'False'
[0.293s] DEBUG:colcon.colcon_core.verb:Building package 'auto_nav' with the following arguments: {'ament_cmake_args': None, 'build_base': '/home/eg2310-workspace/colcon_ws/build/auto_nav', 'catkin_cmake_args': None, 'catkin_skip_building_tests': False, 'cmake_args': None, 'cmake_clean_cache': False, 'cmake_clean_first': False, 'cmake_force_configure': False, 'cmake_target': None, 'cmake_target_skip_unavailable': False, 'install_base': '/home/eg2310-workspace/colcon_ws/install/auto_nav', 'merge_install': False, 'path': '/home/eg2310-workspace/colcon_ws/src/auto_nav', 'symlink_install': True, 'test_result_base': None}
[0.294s] Level 5:colcon.colcon_core.verb:set package 'idkman' build argument 'cmake_args' from command line to 'None'
[0.294s] Level 5:colcon.colcon_core.verb:set package 'idkman' build argument 'cmake_target' from command line to 'None'
[0.294s] Level 5:colcon.colcon_core.verb:set package 'idkman' build argument 'cmake_target_skip_unavailable' from command line to 'False'
[0.294s] Level 5:colcon.colcon_core.verb:set package 'idkman' build argument 'cmake_clean_cache' from command line to 'False'
[0.294s] Level 5:colcon.colcon_core.verb:set package 'idkman' build argument 'cmake_clean_first' from command line to 'False'
[0.294s] Level 5:colcon.colcon_core.verb:set package 'idkman' build argument 'cmake_force_configure' from command line to 'False'
[0.294s] Level 5:colcon.colcon_core.verb:set package 'idkman' build argument 'ament_cmake_args' from command line to 'None'
[0.294s] Level 5:colcon.colcon_core.verb:set package 'idkman' build argument 'catkin_cmake_args' from command line to 'None'
[0.294s] Level 5:colcon.colcon_core.verb:set package 'idkman' build argument 'catkin_skip_building_tests' from command line to 'False'
[0.294s] DEBUG:colcon.colcon_core.verb:Building package 'idkman' with the following arguments: {'ament_cmake_args': None, 'build_base': '/home/eg2310-workspace/colcon_ws/build/idkman', 'catkin_cmake_args': None, 'catkin_skip_building_tests': False, 'cmake_args': None, 'cmake_clean_cache': False, 'cmake_clean_first': False, 'cmake_force_configure': False, 'cmake_target': None, 'cmake_target_skip_unavailable': False, 'install_base': '/home/eg2310-workspace/colcon_ws/install/idkman', 'merge_install': False, 'path': '/home/eg2310-workspace/colcon_ws/src/idkman', 'symlink_install': True, 'test_result_base': None}
[0.295s] Level 5:colcon.colcon_core.verb:set package 'turtlebot3_fake_node' build argument 'cmake_args' from command line to 'None'
[0.295s] Level 5:colcon.colcon_core.verb:set package 'turtlebot3_fake_node' build argument 'cmake_target' from command line to 'None'
[0.295s] Level 5:colcon.colcon_core.verb:set package 'turtlebot3_fake_node' build argument 'cmake_target_skip_unavailable' from command line to 'False'
[0.295s] Level 5:colcon.colcon_core.verb:set package 'turtlebot3_fake_node' build argument 'cmake_clean_cache' from command line to 'False'
[0.295s] Level 5:colcon.colcon_core.verb:set package 'turtlebot3_fake_node' build argument 'cmake_clean_first' from command line to 'False'
[0.295s] Level 5:colcon.colcon_core.verb:set package 'turtlebot3_fake_node' build argument 'cmake_force_configure' from command line to 'False'
[0.295s] Level 5:colcon.colcon_core.verb:set package 'turtlebot3_fake_node' build argument 'ament_cmake_args' from command line to 'None'
[0.295s] Level 5:colcon.colcon_core.verb:set package 'turtlebot3_fake_node' build argument 'catkin_cmake_args' from command line to 'None'
[0.295s] Level 5:colcon.colcon_core.verb:set package 'turtlebot3_fake_node' build argument 'catkin_skip_building_tests' from command line to 'False'
[0.295s] DEBUG:colcon.colcon_core.verb:Building package 'turtlebot3_fake_node' with the following arguments: {'ament_cmake_args': None, 'build_base': '/home/eg2310-workspace/colcon_ws/build/turtlebot3_fake_node', 'catkin_cmake_args': None, 'catkin_skip_building_tests': False, 'cmake_args': None, 'cmake_clean_cache': False, 'cmake_clean_first': False, 'cmake_force_configure': False, 'cmake_target': None, 'cmake_target_skip_unavailable': False, 'install_base': '/home/eg2310-workspace/colcon_ws/install/turtlebot3_fake_node', 'merge_install': False, 'path': '/home/eg2310-workspace/colcon_ws/src/turtlebot3_simulations/turtlebot3_fake_node', 'symlink_install': True, 'test_result_base': None}
[0.296s] Level 5:colcon.colcon_core.verb:set package 'turtlebot3_gazebo' build argument 'cmake_args' from command line to 'None'
[0.296s] Level 5:colcon.colcon_core.verb:set package 'turtlebot3_gazebo' build argument 'cmake_target' from command line to 'None'
[0.296s] Level 5:colcon.colcon_core.verb:set package 'turtlebot3_gazebo' build argument 'cmake_target_skip_unavailable' from command line to 'False'
[0.296s] Level 5:colcon.colcon_core.verb:set package 'turtlebot3_gazebo' build argument 'cmake_clean_cache' from command line to 'False'
[0.296s] Level 5:colcon.colcon_core.verb:set package 'turtlebot3_gazebo' build argument 'cmake_clean_first' from command line to 'False'
[0.296s] Level 5:colcon.colcon_core.verb:set package 'turtlebot3_gazebo' build argument 'cmake_force_configure' from command line to 'False'
[0.296s] Level 5:colcon.colcon_core.verb:set package 'turtlebot3_gazebo' build argument 'ament_cmake_args' from command line to 'None'
[0.296s] Level 5:colcon.colcon_core.verb:set package 'turtlebot3_gazebo' build argument 'catkin_cmake_args' from command line to 'None'
[0.296s] Level 5:colcon.colcon_core.verb:set package 'turtlebot3_gazebo' build argument 'catkin_skip_building_tests' from command line to 'False'
[0.296s] DEBUG:colcon.colcon_core.verb:Building package 'turtlebot3_gazebo' with the following arguments: {'ament_cmake_args': None, 'build_base': '/home/eg2310-workspace/colcon_ws/build/turtlebot3_gazebo', 'catkin_cmake_args': None, 'catkin_skip_building_tests': False, 'cmake_args': None, 'cmake_clean_cache': False, 'cmake_clean_first': False, 'cmake_force_configure': False, 'cmake_target': None, 'cmake_target_skip_unavailable': False, 'install_base': '/home/eg2310-workspace/colcon_ws/install/turtlebot3_gazebo', 'merge_install': False, 'path': '/home/eg2310-workspace/colcon_ws/src/turtlebot3_simulations/turtlebot3_gazebo', 'symlink_install': True, 'test_result_base': None}
[0.297s] Level 5:colcon.colcon_core.verb:set package 'turtlebot3_simulations' build argument 'cmake_args' from command line to 'None'
[0.297s] Level 5:colcon.colcon_core.verb:set package 'turtlebot3_simulations' build argument 'cmake_target' from command line to 'None'
[0.297s] Level 5:colcon.colcon_core.verb:set package 'turtlebot3_simulations' build argument 'cmake_target_skip_unavailable' from command line to 'False'
[0.297s] Level 5:colcon.colcon_core.verb:set package 'turtlebot3_simulations' build argument 'cmake_clean_cache' from command line to 'False'
[0.297s] Level 5:colcon.colcon_core.verb:set package 'turtlebot3_simulations' build argument 'cmake_clean_first' from command line to 'False'
[0.297s] Level 5:colcon.colcon_core.verb:set package 'turtlebot3_simulations' build argument 'cmake_force_configure' from command line to 'False'
[0.297s] Level 5:colcon.colcon_core.verb:set package 'turtlebot3_simulations' build argument 'ament_cmake_args' from command line to 'None'
[0.297s] Level 5:colcon.colcon_core.verb:set package 'turtlebot3_simulations' build argument 'catkin_cmake_args' from command line to 'None'
[0.297s] Level 5:colcon.colcon_core.verb:set package 'turtlebot3_simulations' build argument 'catkin_skip_building_tests' from command line to 'False'
[0.297s] DEBUG:colcon.colcon_core.verb:Building package 'turtlebot3_simulations' with the following arguments: {'ament_cmake_args': None, 'build_base': '/home/eg2310-workspace/colcon_ws/build/turtlebot3_simulations', 'catkin_cmake_args': None, 'catkin_skip_building_tests': False, 'cmake_args': None, 'cmake_clean_cache': False, 'cmake_clean_first': False, 'cmake_force_configure': False, 'cmake_target': None, 'cmake_target_skip_unavailable': False, 'install_base': '/home/eg2310-workspace/colcon_ws/install/turtlebot3_simulations', 'merge_install': False, 'path': '/home/eg2310-workspace/colcon_ws/src/turtlebot3_simulations/turtlebot3_simulations', 'symlink_install': True, 'test_result_base': None}
[0.297s] INFO:colcon.colcon_core.executor:Executing jobs using 'parallel' executor
[0.300s] DEBUG:colcon.colcon_parallel_executor.executor.parallel:run_until_complete
[0.301s] INFO:colcon.colcon_ros.task.ament_cmake.build:Building ROS package in '/home/eg2310-workspace/colcon_ws/src/turtlebot3_simulations/turtlebot3_fake_node' with build type 'ament_cmake'
[0.301s] INFO:colcon.colcon_cmake.task.cmake.build:Building CMake package in '/home/eg2310-workspace/colcon_ws/src/turtlebot3_simulations/turtlebot3_fake_node'
[0.305s] INFO:colcon.colcon_core.plugin_system:Skipping extension 'colcon_core.shell.bat': Not used on non-Windows systems
[0.305s] INFO:colcon.colcon_core.shell:Skip shell extension 'powershell' for command environment: Not usable outside of PowerShell
[0.306s] DEBUG:colcon.colcon_core.shell:Skip shell extension 'dsv' for command environment
[0.316s] INFO:colcon.colcon_ros.task.ament_cmake.build:Building ROS package in '/home/eg2310-workspace/colcon_ws/src/turtlebot3_simulations/turtlebot3_gazebo' with build type 'ament_cmake'
[0.316s] INFO:colcon.colcon_cmake.task.cmake.build:Building CMake package in '/home/eg2310-workspace/colcon_ws/src/turtlebot3_simulations/turtlebot3_gazebo'
[0.318s] INFO:colcon.colcon_core.shell:Skip shell extension 'powershell' for command environment: Not usable outside of PowerShell
[0.318s] DEBUG:colcon.colcon_core.shell:Skip shell extension 'dsv' for command environment
[0.325s] INFO:colcon.colcon_ros.task.ament_python.build:Building ROS package in '/home/eg2310-workspace/colcon_ws/src/auto_nav' with build type 'ament_python'
[0.325s] Level 1:colcon.colcon_core.shell:create_environment_hook('auto_nav', 'ament_prefix_path')
[0.326s] INFO:colcon.colcon_core.shell:Creating environment hook '/home/eg2310-workspace/colcon_ws/install/auto_nav/share/auto_nav/hook/ament_prefix_path.ps1'
[0.328s] INFO:colcon.colcon_core.shell:Creating environment descriptor '/home/eg2310-workspace/colcon_ws/install/auto_nav/share/auto_nav/hook/ament_prefix_path.dsv'
[0.328s] INFO:colcon.colcon_core.shell:Creating environment hook '/home/eg2310-workspace/colcon_ws/install/auto_nav/share/auto_nav/hook/ament_prefix_path.sh'
[0.329s] INFO:colcon.colcon_core.shell:Skip shell extension 'powershell' for command environment: Not usable outside of PowerShell
[0.329s] DEBUG:colcon.colcon_core.shell:Skip shell extension 'dsv' for command environment
[0.337s] INFO:colcon.colcon_ros.task.ament_python.build:Building ROS package in '/home/eg2310-workspace/colcon_ws/src/idkman' with build type 'ament_python'
[0.337s] Level 1:colcon.colcon_core.shell:create_environment_hook('idkman', 'ament_prefix_path')
[0.339s] INFO:colcon.colcon_core.shell:Creating environment hook '/home/eg2310-workspace/colcon_ws/install/idkman/share/idkman/hook/ament_prefix_path.ps1'
[0.340s] INFO:colcon.colcon_core.shell:Creating environment descriptor '/home/eg2310-workspace/colcon_ws/install/idkman/share/idkman/hook/ament_prefix_path.dsv'
[0.340s] INFO:colcon.colcon_core.shell:Creating environment hook '/home/eg2310-workspace/colcon_ws/install/idkman/share/idkman/hook/ament_prefix_path.sh'
[0.342s] INFO:colcon.colcon_core.shell:Skip shell extension 'powershell' for command environment: Not usable outside of PowerShell
[0.342s] DEBUG:colcon.colcon_core.shell:Skip shell extension 'dsv' for command environment
[0.360s] DEBUG:colcon.colcon_core.event_handler.log_command:Invoking command in '/home/eg2310-workspace/colcon_ws/build/turtlebot3_fake_node': CMAKE_PREFIX_PATH=/home/eg2310-workspace/colcon_ws/install/idkman:/home/eg2310-workspace/colcon_ws/install/auto_nav:/opt/ros/foxy /usr/bin/cmake --build /home/eg2310-workspace/colcon_ws/build/turtlebot3_fake_node -- -j16 -l16
[0.367s] DEBUG:colcon.colcon_core.event_handler.log_command:Invoking command in '/home/eg2310-workspace/colcon_ws/build/turtlebot3_gazebo': CMAKE_PREFIX_PATH=/home/eg2310-workspace/colcon_ws/install/idkman:/home/eg2310-workspace/colcon_ws/install/auto_nav:/opt/ros/foxy /usr/bin/cmake --build /home/eg2310-workspace/colcon_ws/build/turtlebot3_gazebo -- -j16 -l16
[0.578s] INFO:colcon.colcon_core.task.python.build:Building Python package in '/home/eg2310-workspace/colcon_ws/src/auto_nav'
[0.580s] INFO:colcon.colcon_core.shell:Skip shell extension 'powershell' for command environment: Not usable outside of PowerShell
[0.580s] DEBUG:colcon.colcon_core.shell:Skip shell extension 'dsv' for command environment
[0.590s] DEBUG:colcon.colcon_core.event_handler.log_command:Invoked command in '/home/eg2310-workspace/colcon_ws/build/turtlebot3_fake_node' returned '0': CMAKE_PREFIX_PATH=/home/eg2310-workspace/colcon_ws/install/idkman:/home/eg2310-workspace/colcon_ws/install/auto_nav:/opt/ros/foxy /usr/bin/cmake --build /home/eg2310-workspace/colcon_ws/build/turtlebot3_fake_node -- -j16 -l16
[0.796s] INFO:colcon.colcon_core.task.python.build:Building Python package in '/home/eg2310-workspace/colcon_ws/src/idkman'
[0.797s] INFO:colcon.colcon_core.shell:Skip shell extension 'powershell' for command environment: Not usable outside of PowerShell
[0.797s] DEBUG:colcon.colcon_core.shell:Skip shell extension 'dsv' for command environment
[0.804s] DEBUG:colcon.colcon_core.event_handler.log_command:Invoked command in '/home/eg2310-workspace/colcon_ws/build/turtlebot3_gazebo' returned '0': CMAKE_PREFIX_PATH=/home/eg2310-workspace/colcon_ws/install/idkman:/home/eg2310-workspace/colcon_ws/install/auto_nav:/opt/ros/foxy /usr/bin/cmake --build /home/eg2310-workspace/colcon_ws/build/turtlebot3_gazebo -- -j16 -l16
[0.843s] DEBUG:colcon.colcon_core.event_handler.log_command:Invoking command in '/home/eg2310-workspace/colcon_ws/build/turtlebot3_fake_node': CMAKE_PREFIX_PATH=/home/eg2310-workspace/colcon_ws/install/idkman:/home/eg2310-workspace/colcon_ws/install/auto_nav:/opt/ros/foxy /usr/bin/cmake --install /home/eg2310-workspace/colcon_ws/build/turtlebot3_fake_node
[0.860s] DEBUG:colcon.colcon_core.event_handler.log_command:Invoking command in '/home/eg2310-workspace/colcon_ws/build/turtlebot3_gazebo': CMAKE_PREFIX_PATH=/home/eg2310-workspace/colcon_ws/install/idkman:/home/eg2310-workspace/colcon_ws/install/auto_nav:/opt/ros/foxy /usr/bin/cmake --install /home/eg2310-workspace/colcon_ws/build/turtlebot3_gazebo
[0.875s] Level 1:colcon.colcon_core.environment:create_environment_scripts_only(turtlebot3_fake_node)
[0.876s] DEBUG:colcon.colcon_core.event_handler.log_command:Invoked command in '/home/eg2310-workspace/colcon_ws/build/turtlebot3_fake_node' returned '0': CMAKE_PREFIX_PATH=/home/eg2310-workspace/colcon_ws/install/idkman:/home/eg2310-workspace/colcon_ws/install/auto_nav:/opt/ros/foxy /usr/bin/cmake --install /home/eg2310-workspace/colcon_ws/build/turtlebot3_fake_node
[0.890s] Level 1:colcon.colcon_core.environment:checking '/home/eg2310-workspace/colcon_ws/install/turtlebot3_fake_node' for CMake module files
[0.891s] Level 1:colcon.colcon_core.environment:checking '/home/eg2310-workspace/colcon_ws/install/turtlebot3_fake_node' for CMake config files
[0.894s] Level 1:colcon.colcon_core.shell:create_environment_hook('turtlebot3_fake_node', 'cmake_prefix_path')
[0.895s] INFO:colcon.colcon_core.shell:Creating environment hook '/home/eg2310-workspace/colcon_ws/install/turtlebot3_fake_node/share/turtlebot3_fake_node/hook/cmake_prefix_path.ps1'
[0.897s] INFO:colcon.colcon_core.shell:Creating environment descriptor '/home/eg2310-workspace/colcon_ws/install/turtlebot3_fake_node/share/turtlebot3_fake_node/hook/cmake_prefix_path.dsv'
[0.897s] INFO:colcon.colcon_core.shell:Creating environment hook '/home/eg2310-workspace/colcon_ws/install/turtlebot3_fake_node/share/turtlebot3_fake_node/hook/cmake_prefix_path.sh'
[0.899s] Level 1:colcon.colcon_core.environment:checking '/home/eg2310-workspace/colcon_ws/install/turtlebot3_fake_node/lib'
[0.899s] Level 1:colcon.colcon_core.environment:checking '/home/eg2310-workspace/colcon_ws/install/turtlebot3_fake_node/bin'
[0.899s] Level 1:colcon.colcon_core.environment:checking '/home/eg2310-workspace/colcon_ws/install/turtlebot3_fake_node/lib/pkgconfig/turtlebot3_fake_node.pc'
[0.899s] Level 1:colcon.colcon_core.environment:checking '/home/eg2310-workspace/colcon_ws/install/turtlebot3_fake_node/lib/python3.8/site-packages'
[0.899s] Level 1:colcon.colcon_core.environment:checking '/home/eg2310-workspace/colcon_ws/install/turtlebot3_fake_node/bin'
[0.901s] INFO:colcon.colcon_core.shell:Creating package script '/home/eg2310-workspace/colcon_ws/install/turtlebot3_fake_node/share/turtlebot3_fake_node/package.ps1'
[0.901s] INFO:colcon.colcon_core.shell:Creating package descriptor '/home/eg2310-workspace/colcon_ws/install/turtlebot3_fake_node/share/turtlebot3_fake_node/package.dsv'
[0.902s] INFO:colcon.colcon_core.shell:Creating package script '/home/eg2310-workspace/colcon_ws/install/turtlebot3_fake_node/share/turtlebot3_fake_node/package.sh'
[0.903s] INFO:colcon.colcon_core.shell:Creating package script '/home/eg2310-workspace/colcon_ws/install/turtlebot3_fake_node/share/turtlebot3_fake_node/package.bash'
[0.904s] INFO:colcon.colcon_core.shell:Creating package script '/home/eg2310-workspace/colcon_ws/install/turtlebot3_fake_node/share/turtlebot3_fake_node/package.zsh'
[0.904s] Level 1:colcon.colcon_core.environment:create_file_with_runtime_dependencies(/home/eg2310-workspace/colcon_ws/install/turtlebot3_fake_node/share/colcon-core/packages/turtlebot3_fake_node)
[0.916s] Level 1:colcon.colcon_core.environment:create_environment_scripts_only(turtlebot3_gazebo)
[0.918s] Level 1:colcon.colcon_core.environment:checking '/home/eg2310-workspace/colcon_ws/install/turtlebot3_gazebo' for CMake module files
[0.919s] DEBUG:colcon.colcon_core.event_handler.log_command:Invoked command in '/home/eg2310-workspace/colcon_ws/build/turtlebot3_gazebo' returned '0': CMAKE_PREFIX_PATH=/home/eg2310-workspace/colcon_ws/install/idkman:/home/eg2310-workspace/colcon_ws/install/auto_nav:/opt/ros/foxy /usr/bin/cmake --install /home/eg2310-workspace/colcon_ws/build/turtlebot3_gazebo
[0.919s] Level 1:colcon.colcon_core.environment:checking '/home/eg2310-workspace/colcon_ws/install/turtlebot3_gazebo' for CMake config files
[0.921s] Level 1:colcon.colcon_core.shell:create_environment_hook('turtlebot3_gazebo', 'cmake_prefix_path')
[0.923s] INFO:colcon.colcon_core.shell:Creating environment hook '/home/eg2310-workspace/colcon_ws/install/turtlebot3_gazebo/share/turtlebot3_gazebo/hook/cmake_prefix_path.ps1'
[0.923s] INFO:colcon.colcon_core.shell:Creating environment descriptor '/home/eg2310-workspace/colcon_ws/install/turtlebot3_gazebo/share/turtlebot3_gazebo/hook/cmake_prefix_path.dsv'
[0.924s] INFO:colcon.colcon_core.shell:Creating environment hook '/home/eg2310-workspace/colcon_ws/install/turtlebot3_gazebo/share/turtlebot3_gazebo/hook/cmake_prefix_path.sh'
[0.924s] Level 1:colcon.colcon_core.environment:checking '/home/eg2310-workspace/colcon_ws/install/turtlebot3_gazebo/lib'
[0.924s] Level 1:colcon.colcon_core.environment:checking '/home/eg2310-workspace/colcon_ws/install/turtlebot3_gazebo/bin'
[0.924s] Level 1:colcon.colcon_core.environment:checking '/home/eg2310-workspace/colcon_ws/install/turtlebot3_gazebo/lib/pkgconfig/turtlebot3_gazebo.pc'
[0.924s] Level 1:colcon.colcon_core.environment:checking '/home/eg2310-workspace/colcon_ws/install/turtlebot3_gazebo/lib/python3.8/site-packages'
[0.925s] Level 1:colcon.colcon_core.environment:checking '/home/eg2310-workspace/colcon_ws/install/turtlebot3_gazebo/bin'
[0.926s] INFO:colcon.colcon_core.shell:Creating package script '/home/eg2310-workspace/colcon_ws/install/turtlebot3_gazebo/share/turtlebot3_gazebo/package.ps1'
[0.926s] INFO:colcon.colcon_core.shell:Creating package descriptor '/home/eg2310-workspace/colcon_ws/install/turtlebot3_gazebo/share/turtlebot3_gazebo/package.dsv'
[0.927s] INFO:colcon.colcon_core.shell:Creating package script '/home/eg2310-workspace/colcon_ws/install/turtlebot3_gazebo/share/turtlebot3_gazebo/package.sh'
[0.927s] INFO:colcon.colcon_core.shell:Creating package script '/home/eg2310-workspace/colcon_ws/install/turtlebot3_gazebo/share/turtlebot3_gazebo/package.bash'
[0.928s] INFO:colcon.colcon_core.shell:Creating package script '/home/eg2310-workspace/colcon_ws/install/turtlebot3_gazebo/share/turtlebot3_gazebo/package.zsh'
[0.928s] Level 1:colcon.colcon_core.environment:create_file_with_runtime_dependencies(/home/eg2310-workspace/colcon_ws/install/turtlebot3_gazebo/share/colcon-core/packages/turtlebot3_gazebo)
[0.940s] Level 1:colcon.colcon_core.environment:create_environment_scripts_only(turtlebot3_fake_node)
[0.942s] Level 1:colcon.colcon_core.environment:checking '/home/eg2310-workspace/colcon_ws/install/turtlebot3_fake_node' for CMake module files
[0.943s] Level 1:colcon.colcon_core.environment:checking '/home/eg2310-workspace/colcon_ws/install/turtlebot3_fake_node' for CMake config files
[0.943s] Level 1:colcon.colcon_core.shell:create_environment_hook('turtlebot3_fake_node', 'cmake_prefix_path')
[0.945s] INFO:colcon.colcon_core.shell:Creating environment hook '/home/eg2310-workspace/colcon_ws/install/turtlebot3_fake_node/share/turtlebot3_fake_node/hook/cmake_prefix_path.ps1'
[0.945s] INFO:colcon.colcon_core.shell:Creating environment descriptor '/home/eg2310-workspace/colcon_ws/install/turtlebot3_fake_node/share/turtlebot3_fake_node/hook/cmake_prefix_path.dsv'
[0.946s] INFO:colcon.colcon_core.shell:Creating environment hook '/home/eg2310-workspace/colcon_ws/install/turtlebot3_fake_node/share/turtlebot3_fake_node/hook/cmake_prefix_path.sh'
[0.947s] Level 1:colcon.colcon_core.environment:checking '/home/eg2310-workspace/colcon_ws/install/turtlebot3_fake_node/lib'
[0.947s] Level 1:colcon.colcon_core.environment:checking '/home/eg2310-workspace/colcon_ws/install/turtlebot3_fake_node/bin'
[0.947s] Level 1:colcon.colcon_core.environment:checking '/home/eg2310-workspace/colcon_ws/install/turtlebot3_fake_node/lib/pkgconfig/turtlebot3_fake_node.pc'
[0.947s] Level 1:colcon.colcon_core.environment:checking '/home/eg2310-workspace/colcon_ws/install/turtlebot3_fake_node/lib/python3.8/site-packages'
[0.947s] Level 1:colcon.colcon_core.environment:checking '/home/eg2310-workspace/colcon_ws/install/turtlebot3_fake_node/bin'
[0.948s] INFO:colcon.colcon_core.shell:Creating package script '/home/eg2310-workspace/colcon_ws/install/turtlebot3_fake_node/share/turtlebot3_fake_node/package.ps1'
[0.949s] INFO:colcon.colcon_core.shell:Creating package descriptor '/home/eg2310-workspace/colcon_ws/install/turtlebot3_fake_node/share/turtlebot3_fake_node/package.dsv'
[0.950s] INFO:colcon.colcon_core.shell:Creating package script '/home/eg2310-workspace/colcon_ws/install/turtlebot3_fake_node/share/turtlebot3_fake_node/package.sh'
[0.950s] INFO:colcon.colcon_core.shell:Creating package script '/home/eg2310-workspace/colcon_ws/install/turtlebot3_fake_node/share/turtlebot3_fake_node/package.bash'
[0.950s] INFO:colcon.colcon_core.shell:Creating package script '/home/eg2310-workspace/colcon_ws/install/turtlebot3_fake_node/share/turtlebot3_fake_node/package.zsh'
[0.951s] Level 1:colcon.colcon_core.environment:create_file_with_runtime_dependencies(/home/eg2310-workspace/colcon_ws/install/turtlebot3_fake_node/share/colcon-core/packages/turtlebot3_fake_node)
[0.987s] Level 1:colcon.colcon_core.environment:create_environment_scripts_only(turtlebot3_gazebo)
[0.988s] Level 1:colcon.colcon_core.environment:checking '/home/eg2310-workspace/colcon_ws/install/turtlebot3_gazebo' for CMake module files
[0.989s] Level 1:colcon.colcon_core.environment:checking '/home/eg2310-workspace/colcon_ws/install/turtlebot3_gazebo' for CMake config files
[0.991s] Level 1:colcon.colcon_core.shell:create_environment_hook('turtlebot3_gazebo', 'cmake_prefix_path')
[0.992s] INFO:colcon.colcon_core.shell:Creating environment hook '/home/eg2310-workspace/colcon_ws/install/turtlebot3_gazebo/share/turtlebot3_gazebo/hook/cmake_prefix_path.ps1'
[0.992s] INFO:colcon.colcon_core.shell:Creating environment descriptor '/home/eg2310-workspace/colcon_ws/install/turtlebot3_gazebo/share/turtlebot3_gazebo/hook/cmake_prefix_path.dsv'
[0.993s] INFO:colcon.colcon_core.shell:Creating environment hook '/home/eg2310-workspace/colcon_ws/install/turtlebot3_gazebo/share/turtlebot3_gazebo/hook/cmake_prefix_path.sh'
[0.994s] Level 1:colcon.colcon_core.environment:checking '/home/eg2310-workspace/colcon_ws/install/turtlebot3_gazebo/lib'
[0.994s] Level 1:colcon.colcon_core.environment:checking '/home/eg2310-workspace/colcon_ws/install/turtlebot3_gazebo/bin'
[0.994s] Level 1:colcon.colcon_core.environment:checking '/home/eg2310-workspace/colcon_ws/install/turtlebot3_gazebo/lib/pkgconfig/turtlebot3_gazebo.pc'
[0.994s] Level 1:colcon.colcon_core.environment:checking '/home/eg2310-workspace/colcon_ws/install/turtlebot3_gazebo/lib/python3.8/site-packages'
[0.995s] Level 1:colcon.colcon_core.environment:checking '/home/eg2310-workspace/colcon_ws/install/turtlebot3_gazebo/bin'
[0.996s] INFO:colcon.colcon_core.shell:Creating package script '/home/eg2310-workspace/colcon_ws/install/turtlebot3_gazebo/share/turtlebot3_gazebo/package.ps1'
[0.996s] INFO:colcon.colcon_core.shell:Creating package descriptor '/home/eg2310-workspace/colcon_ws/install/turtlebot3_gazebo/share/turtlebot3_gazebo/package.dsv'
[0.997s] INFO:colcon.colcon_core.shell:Creating package script '/home/eg2310-workspace/colcon_ws/install/turtlebot3_gazebo/share/turtlebot3_gazebo/package.sh'
[0.998s] INFO:colcon.colcon_core.shell:Creating package script '/home/eg2310-workspace/colcon_ws/install/turtlebot3_gazebo/share/turtlebot3_gazebo/package.bash'
[0.998s] INFO:colcon.colcon_core.shell:Creating package script '/home/eg2310-workspace/colcon_ws/install/turtlebot3_gazebo/share/turtlebot3_gazebo/package.zsh'
[0.999s] Level 1:colcon.colcon_core.environment:create_file_with_runtime_dependencies(/home/eg2310-workspace/colcon_ws/install/turtlebot3_gazebo/share/colcon-core/packages/turtlebot3_gazebo)
[1.000s] INFO:colcon.colcon_ros.task.ament_cmake.build:Building ROS package in '/home/eg2310-workspace/colcon_ws/src/turtlebot3_simulations/turtlebot3_simulations' with build type 'ament_cmake'
[1.000s] INFO:colcon.colcon_cmake.task.cmake.build:Building CMake package in '/home/eg2310-workspace/colcon_ws/src/turtlebot3_simulations/turtlebot3_simulations'
[1.001s] INFO:colcon.colcon_core.shell:Skip shell extension 'powershell' for command environment: Not usable outside of PowerShell
[1.001s] DEBUG:colcon.colcon_core.shell:Skip shell extension 'dsv' for command environment
[1.018s] DEBUG:colcon.colcon_core.event_handler.log_command:Invoking command in '/home/eg2310-workspace/colcon_ws/build/turtlebot3_simulations': AMENT_PREFIX_PATH=/home/eg2310-workspace/colcon_ws/install/turtlebot3_gazebo:/home/eg2310-workspace/colcon_ws/install/turtlebot3_fake_node:${AMENT_PREFIX_PATH} CMAKE_PREFIX_PATH=/home/eg2310-workspace/colcon_ws/install/turtlebot3_gazebo:/home/eg2310-workspace/colcon_ws/install/turtlebot3_fake_node:/home/eg2310-workspace/colcon_ws/install/idkman:/home/eg2310-workspace/colcon_ws/install/auto_nav:/opt/ros/foxy /usr/bin/cmake --build /home/eg2310-workspace/colcon_ws/build/turtlebot3_simulations -- -j16 -l16
[1.077s] DEBUG:colcon.colcon_core.event_handler.log_command:Invoked command in '/home/eg2310-workspace/colcon_ws/build/turtlebot3_simulations' returned '0': AMENT_PREFIX_PATH=/home/eg2310-workspace/colcon_ws/install/turtlebot3_gazebo:/home/eg2310-workspace/colcon_ws/install/turtlebot3_fake_node:${AMENT_PREFIX_PATH} CMAKE_PREFIX_PATH=/home/eg2310-workspace/colcon_ws/install/turtlebot3_gazebo:/home/eg2310-workspace/colcon_ws/install/turtlebot3_fake_node:/home/eg2310-workspace/colcon_ws/install/idkman:/home/eg2310-workspace/colcon_ws/install/auto_nav:/opt/ros/foxy /usr/bin/cmake --build /home/eg2310-workspace/colcon_ws/build/turtlebot3_simulations -- -j16 -l16
[1.112s] DEBUG:colcon.colcon_core.event_handler.log_command:Invoking command in '/home/eg2310-workspace/colcon_ws/build/turtlebot3_simulations': AMENT_PREFIX_PATH=/home/eg2310-workspace/colcon_ws/install/turtlebot3_gazebo:/home/eg2310-workspace/colcon_ws/install/turtlebot3_fake_node:${AMENT_PREFIX_PATH} CMAKE_PREFIX_PATH=/home/eg2310-workspace/colcon_ws/install/turtlebot3_gazebo:/home/eg2310-workspace/colcon_ws/install/turtlebot3_fake_node:/home/eg2310-workspace/colcon_ws/install/idkman:/home/eg2310-workspace/colcon_ws/install/auto_nav:/opt/ros/foxy /usr/bin/cmake --install /home/eg2310-workspace/colcon_ws/build/turtlebot3_simulations
[1.144s] Level 1:colcon.colcon_core.environment:create_environment_scripts_only(turtlebot3_simulations)
[1.146s] Level 1:colcon.colcon_core.environment:checking '/home/eg2310-workspace/colcon_ws/install/turtlebot3_simulations' for CMake module files
[1.147s] DEBUG:colcon.colcon_core.event_handler.log_command:Invoked command in '/home/eg2310-workspace/colcon_ws/build/turtlebot3_simulations' returned '0': AMENT_PREFIX_PATH=/home/eg2310-workspace/colcon_ws/install/turtlebot3_gazebo:/home/eg2310-workspace/colcon_ws/install/turtlebot3_fake_node:${AMENT_PREFIX_PATH} CMAKE_PREFIX_PATH=/home/eg2310-workspace/colcon_ws/install/turtlebot3_gazebo:/home/eg2310-workspace/colcon_ws/install/turtlebot3_fake_node:/home/eg2310-workspace/colcon_ws/install/idkman:/home/eg2310-workspace/colcon_ws/install/auto_nav:/opt/ros/foxy /usr/bin/cmake --install /home/eg2310-workspace/colcon_ws/build/turtlebot3_simulations
[1.147s] Level 1:colcon.colcon_core.environment:checking '/home/eg2310-workspace/colcon_ws/install/turtlebot3_simulations' for CMake config files
[1.147s] Level 1:colcon.colcon_core.shell:create_environment_hook('turtlebot3_simulations', 'cmake_prefix_path')
[1.149s] INFO:colcon.colcon_core.shell:Creating environment hook '/home/eg2310-workspace/colcon_ws/install/turtlebot3_simulations/share/turtlebot3_simulations/hook/cmake_prefix_path.ps1'
[1.149s] INFO:colcon.colcon_core.shell:Creating environment descriptor '/home/eg2310-workspace/colcon_ws/install/turtlebot3_simulations/share/turtlebot3_simulations/hook/cmake_prefix_path.dsv'
[1.150s] INFO:colcon.colcon_core.shell:Creating environment hook '/home/eg2310-workspace/colcon_ws/install/turtlebot3_simulations/share/turtlebot3_simulations/hook/cmake_prefix_path.sh'
[1.151s] Level 1:colcon.colcon_core.environment:checking '/home/eg2310-workspace/colcon_ws/install/turtlebot3_simulations/bin'
[1.151s] Level 1:colcon.colcon_core.environment:checking '/home/eg2310-workspace/colcon_ws/install/turtlebot3_simulations/lib/pkgconfig/turtlebot3_simulations.pc'
[1.151s] Level 1:colcon.colcon_core.environment:checking '/home/eg2310-workspace/colcon_ws/install/turtlebot3_simulations/lib/python3.8/site-packages'
[1.151s] Level 1:colcon.colcon_core.environment:checking '/home/eg2310-workspace/colcon_ws/install/turtlebot3_simulations/bin'
[1.153s] INFO:colcon.colcon_core.shell:Creating package script '/home/eg2310-workspace/colcon_ws/install/turtlebot3_simulations/share/turtlebot3_simulations/package.ps1'
[1.153s] INFO:colcon.colcon_core.shell:Creating package descriptor '/home/eg2310-workspace/colcon_ws/install/turtlebot3_simulations/share/turtlebot3_simulations/package.dsv'
[1.154s] INFO:colcon.colcon_core.shell:Creating package script '/home/eg2310-workspace/colcon_ws/install/turtlebot3_simulations/share/turtlebot3_simulations/package.sh'
[1.155s] INFO:colcon.colcon_core.shell:Creating package script '/home/eg2310-workspace/colcon_ws/install/turtlebot3_simulations/share/turtlebot3_simulations/package.bash'
[1.155s] INFO:colcon.colcon_core.shell:Creating package script '/home/eg2310-workspace/colcon_ws/install/turtlebot3_simulations/share/turtlebot3_simulations/package.zsh'
[1.155s] Level 1:colcon.colcon_core.environment:create_file_with_runtime_dependencies(/home/eg2310-workspace/colcon_ws/install/turtlebot3_simulations/share/colcon-core/packages/turtlebot3_simulations)
[1.192s] Level 1:colcon.colcon_core.environment:create_environment_scripts_only(turtlebot3_simulations)
[1.193s] Level 1:colcon.colcon_core.environment:checking '/home/eg2310-workspace/colcon_ws/install/turtlebot3_simulations' for CMake module files
[1.194s] Level 1:colcon.colcon_core.environment:checking '/home/eg2310-workspace/colcon_ws/install/turtlebot3_simulations' for CMake config files
[1.194s] Level 1:colcon.colcon_core.shell:create_environment_hook('turtlebot3_simulations', 'cmake_prefix_path')
[1.195s] INFO:colcon.colcon_core.shell:Creating environment hook '/home/eg2310-workspace/colcon_ws/install/turtlebot3_simulations/share/turtlebot3_simulations/hook/cmake_prefix_path.ps1'
[1.196s] INFO:colcon.colcon_core.shell:Creating environment descriptor '/home/eg2310-workspace/colcon_ws/install/turtlebot3_simulations/share/turtlebot3_simulations/hook/cmake_prefix_path.dsv'
[1.196s] INFO:colcon.colcon_core.shell:Creating environment hook '/home/eg2310-workspace/colcon_ws/install/turtlebot3_simulations/share/turtlebot3_simulations/hook/cmake_prefix_path.sh'
[1.197s] Level 1:colcon.colcon_core.environment:checking '/home/eg2310-workspace/colcon_ws/install/turtlebot3_simulations/bin'
[1.197s] Level 1:colcon.colcon_core.environment:checking '/home/eg2310-workspace/colcon_ws/install/turtlebot3_simulations/lib/pkgconfig/turtlebot3_simulations.pc'
[1.197s] Level 1:colcon.colcon_core.environment:checking '/home/eg2310-workspace/colcon_ws/install/turtlebot3_simulations/lib/python3.8/site-packages'
[1.197s] Level 1:colcon.colcon_core.environment:checking '/home/eg2310-workspace/colcon_ws/install/turtlebot3_simulations/bin'
[1.198s] INFO:colcon.colcon_core.shell:Creating package script '/home/eg2310-workspace/colcon_ws/install/turtlebot3_simulations/share/turtlebot3_simulations/package.ps1'
[1.199s] INFO:colcon.colcon_core.shell:Creating package descriptor '/home/eg2310-workspace/colcon_ws/install/turtlebot3_simulations/share/turtlebot3_simulations/package.dsv'
[1.199s] INFO:colcon.colcon_core.shell:Creating package script '/home/eg2310-workspace/colcon_ws/install/turtlebot3_simulations/share/turtlebot3_simulations/package.sh'
[1.200s] INFO:colcon.colcon_core.shell:Creating package script '/home/eg2310-workspace/colcon_ws/install/turtlebot3_simulations/share/turtlebot3_simulations/package.bash'
[1.200s] INFO:colcon.colcon_core.shell:Creating package script '/home/eg2310-workspace/colcon_ws/install/turtlebot3_simulations/share/turtlebot3_simulations/package.zsh'
[1.201s] Level 1:colcon.colcon_core.environment:create_file_with_runtime_dependencies(/home/eg2310-workspace/colcon_ws/install/turtlebot3_simulations/share/colcon-core/packages/turtlebot3_simulations)
[1.206s] DEBUG:colcon.colcon_core.event_handler.log_command:Invoking command in '/home/eg2310-workspace/colcon_ws/build/auto_nav': PYTHONPATH=/home/eg2310-workspace/colcon_ws/build/auto_nav/prefix_override:/home/eg2310-workspace/colcon_ws/install/auto_nav/lib/python3.8/site-packages:${PYTHONPATH} /usr/bin/python3 setup.py develop --editable --build-directory /home/eg2310-workspace/colcon_ws/build/auto_nav/build --no-deps install_data
[1.210s] DEBUG:colcon.colcon_core.event_handler.log_command:Invoking command in '/home/eg2310-workspace/colcon_ws/build/idkman': PYTHONPATH=/home/eg2310-workspace/colcon_ws/build/idkman/prefix_override:/home/eg2310-workspace/colcon_ws/install/idkman/lib/python3.8/site-packages:${PYTHONPATH} /usr/bin/python3 setup.py develop --editable --build-directory /home/eg2310-workspace/colcon_ws/build/idkman/build --no-deps install_data
[1.568s] Level 1:colcon.colcon_core.shell:create_environment_hook('idkman', 'pythonpath_develop')
[1.571s] INFO:colcon.colcon_core.shell:Creating environment hook '/home/eg2310-workspace/colcon_ws/build/idkman/share/idkman/hook/pythonpath_develop.ps1'
[1.571s] DEBUG:colcon.colcon_core.event_handler.log_command:Invoked command in '/home/eg2310-workspace/colcon_ws/build/idkman' returned '0': PYTHONPATH=/home/eg2310-workspace/colcon_ws/build/idkman/prefix_override:/home/eg2310-workspace/colcon_ws/install/idkman/lib/python3.8/site-packages:${PYTHONPATH} /usr/bin/python3 setup.py develop --editable --build-directory /home/eg2310-workspace/colcon_ws/build/idkman/build --no-deps install_data
[1.572s] INFO:colcon.colcon_core.shell:Creating environment descriptor '/home/eg2310-workspace/colcon_ws/build/idkman/share/idkman/hook/pythonpath_develop.dsv'
[1.572s] INFO:colcon.colcon_core.shell:Creating environment hook '/home/eg2310-workspace/colcon_ws/build/idkman/share/idkman/hook/pythonpath_develop.sh'
[1.576s] Level 1:colcon.colcon_core.environment:checking '/home/eg2310-workspace/colcon_ws/install/idkman' for CMake module files
[1.577s] Level 1:colcon.colcon_core.environment:checking '/home/eg2310-workspace/colcon_ws/install/idkman' for CMake config files
[1.579s] Level 1:colcon.colcon_core.environment:checking '/home/eg2310-workspace/colcon_ws/install/idkman/lib'
[1.579s] Level 1:colcon.colcon_core.environment:checking '/home/eg2310-workspace/colcon_ws/install/idkman/bin'
[1.579s] Level 1:colcon.colcon_core.environment:checking '/home/eg2310-workspace/colcon_ws/install/idkman/lib/pkgconfig/idkman.pc'
[1.580s] Level 1:colcon.colcon_core.environment:checking '/home/eg2310-workspace/colcon_ws/install/idkman/lib/python3.8/site-packages'
[1.580s] Level 1:colcon.colcon_core.shell:create_environment_hook('idkman', 'pythonpath')
[1.582s] INFO:colcon.colcon_core.shell:Creating environment hook '/home/eg2310-workspace/colcon_ws/install/idkman/share/idkman/hook/pythonpath.ps1'
[1.583s] INFO:colcon.colcon_core.shell:Creating environment descriptor '/home/eg2310-workspace/colcon_ws/install/idkman/share/idkman/hook/pythonpath.dsv'
[1.584s] INFO:colcon.colcon_core.shell:Creating environment hook '/home/eg2310-workspace/colcon_ws/install/idkman/share/idkman/hook/pythonpath.sh'
[1.585s] Level 1:colcon.colcon_core.environment:checking '/home/eg2310-workspace/colcon_ws/install/idkman/bin'
[1.585s] Level 1:colcon.colcon_core.environment:create_environment_scripts_only(idkman)
[1.588s] INFO:colcon.colcon_core.shell:Creating package script '/home/eg2310-workspace/colcon_ws/install/idkman/share/idkman/package.ps1'
[1.589s] INFO:colcon.colcon_core.shell:Creating package descriptor '/home/eg2310-workspace/colcon_ws/install/idkman/share/idkman/package.dsv'
[1.590s] INFO:colcon.colcon_core.shell:Creating package script '/home/eg2310-workspace/colcon_ws/install/idkman/share/idkman/package.sh'
[1.591s] INFO:colcon.colcon_core.shell:Creating package script '/home/eg2310-workspace/colcon_ws/install/idkman/share/idkman/package.bash'
[1.592s] INFO:colcon.colcon_core.shell:Creating package script '/home/eg2310-workspace/colcon_ws/install/idkman/share/idkman/package.zsh'
[1.593s] Level 1:colcon.colcon_core.environment:create_file_with_runtime_dependencies(/home/eg2310-workspace/colcon_ws/install/idkman/share/colcon-core/packages/idkman)
[1.595s] Level 1:colcon.colcon_core.shell:create_environment_hook('auto_nav', 'pythonpath_develop')
[1.595s] DEBUG:colcon.colcon_core.event_handler.log_command:Invoked command in '/home/eg2310-workspace/colcon_ws/build/auto_nav' returned '0': PYTHONPATH=/home/eg2310-workspace/colcon_ws/build/auto_nav/prefix_override:/home/eg2310-workspace/colcon_ws/install/auto_nav/lib/python3.8/site-packages:${PYTHONPATH} /usr/bin/python3 setup.py develop --editable --build-directory /home/eg2310-workspace/colcon_ws/build/auto_nav/build --no-deps install_data
[1.598s] INFO:colcon.colcon_core.shell:Creating environment hook '/home/eg2310-workspace/colcon_ws/build/auto_nav/share/auto_nav/hook/pythonpath_develop.ps1'
[1.599s] INFO:colcon.colcon_core.shell:Creating environment descriptor '/home/eg2310-workspace/colcon_ws/build/auto_nav/share/auto_nav/hook/pythonpath_develop.dsv'
[1.600s] INFO:colcon.colcon_core.shell:Creating environment hook '/home/eg2310-workspace/colcon_ws/build/auto_nav/share/auto_nav/hook/pythonpath_develop.sh'
[1.606s] Level 1:colcon.colcon_core.environment:checking '/home/eg2310-workspace/colcon_ws/install/auto_nav' for CMake module files
[1.607s] Level 1:colcon.colcon_core.environment:checking '/home/eg2310-workspace/colcon_ws/install/auto_nav' for CMake config files
[1.608s] Level 1:colcon.colcon_core.environment:checking '/home/eg2310-workspace/colcon_ws/install/auto_nav/lib'
[1.608s] Level 1:colcon.colcon_core.environment:checking '/home/eg2310-workspace/colcon_ws/install/auto_nav/bin'
[1.608s] Level 1:colcon.colcon_core.environment:checking '/home/eg2310-workspace/colcon_ws/install/auto_nav/lib/pkgconfig/auto_nav.pc'
[1.609s] Level 1:colcon.colcon_core.environment:checking '/home/eg2310-workspace/colcon_ws/install/auto_nav/lib/python3.8/site-packages'
[1.609s] Level 1:colcon.colcon_core.shell:create_environment_hook('auto_nav', 'pythonpath')
[1.612s] INFO:colcon.colcon_core.shell:Creating environment hook '/home/eg2310-workspace/colcon_ws/install/auto_nav/share/auto_nav/hook/pythonpath.ps1'
[1.613s] INFO:colcon.colcon_core.shell:Creating environment descriptor '/home/eg2310-workspace/colcon_ws/install/auto_nav/share/auto_nav/hook/pythonpath.dsv'
[1.614s] INFO:colcon.colcon_core.shell:Creating environment hook '/home/eg2310-workspace/colcon_ws/install/auto_nav/share/auto_nav/hook/pythonpath.sh'
[1.615s] Level 1:colcon.colcon_core.environment:checking '/home/eg2310-workspace/colcon_ws/install/auto_nav/bin'
[1.615s] Level 1:colcon.colcon_core.environment:create_environment_scripts_only(auto_nav)
[1.618s] INFO:colcon.colcon_core.shell:Creating package script '/home/eg2310-workspace/colcon_ws/install/auto_nav/share/auto_nav/package.ps1'
[1.620s] INFO:colcon.colcon_core.shell:Creating package descriptor '/home/eg2310-workspace/colcon_ws/install/auto_nav/share/auto_nav/package.dsv'
[1.620s] INFO:colcon.colcon_core.shell:Creating package script '/home/eg2310-workspace/colcon_ws/install/auto_nav/share/auto_nav/package.sh'
[1.621s] INFO:colcon.colcon_core.shell:Creating package script '/home/eg2310-workspace/colcon_ws/install/auto_nav/share/auto_nav/package.bash'
[1.622s] INFO:colcon.colcon_core.shell:Creating package script '/home/eg2310-workspace/colcon_ws/install/auto_nav/share/auto_nav/package.zsh'
[1.623s] Level 1:colcon.colcon_core.environment:create_file_with_runtime_dependencies(/home/eg2310-workspace/colcon_ws/install/auto_nav/share/colcon-core/packages/auto_nav)
[1.623s] DEBUG:colcon.colcon_parallel_executor.executor.parallel:closing loop
[1.623s] DEBUG:colcon.colcon_parallel_executor.executor.parallel:loop closed
[1.624s] DEBUG:colcon.colcon_parallel_executor.executor.parallel:run_until_complete finished with '0'
[1.624s] DEBUG:colcon.colcon_core.event_reactor:joining thread
[1.629s] INFO:colcon.colcon_core.plugin_system:Skipping extension 'colcon_notification.desktop_notification.notify_send': Could not find 'notify-send'
[1.629s] INFO:colcon.colcon_core.plugin_system:Skipping extension 'colcon_notification.desktop_notification.terminal_notifier': Not used on non-Darwin systems
[1.629s] INFO:colcon.colcon_core.plugin_system:Skipping extension 'colcon_notification.desktop_notification.win32': Not used on non-Windows systems
[1.629s] INFO:colcon.colcon_notification.desktop_notification:Sending desktop notification using 'notify2'
[1.637s] DEBUG:colcon.colcon_notification.desktop_notification.notify2:Failed to initialize notify2: org.freedesktop.DBus.Error.ServiceUnknown: The name org.freedesktop.Notifications was not provided by any .service files
[1.637s] DEBUG:colcon.colcon_core.event_reactor:joined thread
[1.640s] INFO:colcon.colcon_core.shell:Creating prefix script '/home/eg2310-workspace/colcon_ws/install/local_setup.ps1'
[1.643s] INFO:colcon.colcon_core.shell:Creating prefix util module '/home/eg2310-workspace/colcon_ws/install/_local_setup_util_ps1.py'
[1.646s] INFO:colcon.colcon_core.shell:Creating prefix chain script '/home/eg2310-workspace/colcon_ws/install/setup.ps1'
[1.649s] INFO:colcon.colcon_core.shell:Creating prefix script '/home/eg2310-workspace/colcon_ws/install/local_setup.sh'
[1.650s] INFO:colcon.colcon_core.shell:Creating prefix util module '/home/eg2310-workspace/colcon_ws/install/_local_setup_util_sh.py'
[1.651s] INFO:colcon.colcon_core.shell:Creating prefix chain script '/home/eg2310-workspace/colcon_ws/install/setup.sh'
[1.655s] INFO:colcon.colcon_core.shell:Creating prefix script '/home/eg2310-workspace/colcon_ws/install/local_setup.bash'
[1.656s] INFO:colcon.colcon_core.shell:Creating prefix chain script '/home/eg2310-workspace/colcon_ws/install/setup.bash'
[1.658s] INFO:colcon.colcon_core.shell:Creating prefix script '/home/eg2310-workspace/colcon_ws/install/local_setup.zsh'
[1.659s] INFO:colcon.colcon_core.shell:Creating prefix chain script '/home/eg2310-workspace/colcon_ws/install/setup.zsh'
