[1.677s] DEBUG:colcon:Command line arguments: ['/usr/bin/colcon', 'build']
[1.677s] DEBUG:colcon:Parsed command line arguments: Namespace(ament_cmake_args=None, base_paths=['.'], build_base='build', catkin_cmake_args=None, catkin_skip_building_tests=False, cmake_args=None, cmake_clean_cache=False, cmake_clean_first=False, cmake_force_configure=False, cmake_target=None, cmake_target_skip_unavailable=False, continue_on_error=False, event_handlers=None, executor='parallel', ignore_user_meta=False, install_base='install', log_base=None, log_level=None, main=<bound method BuildVerb.main of <colcon_core.verb.build.BuildVerb object at 0xffff88cd27c0>>, merge_install=False, metas=['./colcon.meta'], packages_above=None, packages_above_and_dependencies=None, packages_above_depth=None, packages_end=None, packages_ignore=None, packages_ignore_regex=None, packages_select=None, packages_select_build_failed=False, packages_select_by_dep=None, packages_select_regex=None, packages_select_test_failures=False, packages_skip=None, packages_skip_build_finished=False, packages_skip_by_dep=None, packages_skip_regex=None, packages_skip_test_passed=False, packages_skip_up_to=None, packages_start=None, packages_up_to=None, packages_up_to_regex=None, parallel_workers=4, paths=None, symlink_install=False, test_result_base=None, verb_extension=<colcon_core.verb.build.BuildVerb object at 0xffff88cd27c0>, verb_name='build', verb_parser=<colcon_defaults.argument_parser.defaults.DefaultArgumentsDecorator object at 0xffff88cd2d30>)
[1.725s] Level 1:colcon.colcon_core.package_discovery:discover_packages(colcon_meta) check parameters
[1.726s] Level 1:colcon.colcon_core.package_discovery:discover_packages(recursive) check parameters
[1.726s] Level 1:colcon.colcon_core.package_discovery:discover_packages(ignore) check parameters
[1.726s] Level 1:colcon.colcon_core.package_discovery:discover_packages(path) check parameters
[1.726s] Level 1:colcon.colcon_core.package_discovery:discover_packages(colcon_meta) discover
[1.727s] Level 1:colcon.colcon_core.package_discovery:discover_packages(recursive) discover
[1.727s] INFO:colcon.colcon_core.package_discovery:Crawling recursively for packages in '/home/ubuntu/eg2310-workspace/colcon_ws'
[1.727s] Level 1:colcon.colcon_core.package_identification:_identify(.) by extensions ['ignore', 'ignore_ament_install']
[1.728s] Level 1:colcon.colcon_core.package_identification:_identify(.) by extension 'ignore'
[1.728s] Level 1:colcon.colcon_core.package_identification:_identify(.) by extension 'ignore_ament_install'
[1.728s] Level 1:colcon.colcon_core.package_identification:_identify(.) by extensions ['colcon_pkg']
[1.728s] Level 1:colcon.colcon_core.package_identification:_identify(.) by extension 'colcon_pkg'
[1.729s] Level 1:colcon.colcon_core.package_identification:_identify(.) by extensions ['colcon_meta']
[1.729s] Level 1:colcon.colcon_core.package_identification:_identify(.) by extension 'colcon_meta'
[1.729s] Level 1:colcon.colcon_core.package_identification:_identify(.) by extensions ['ros']
[1.729s] Level 1:colcon.colcon_core.package_identification:_identify(.) by extension 'ros'
[1.808s] Level 1:colcon.colcon_core.package_identification:_identify(.) by extensions ['cmake', 'python']
[1.808s] Level 1:colcon.colcon_core.package_identification:_identify(.) by extension 'cmake'
[1.808s] Level 1:colcon.colcon_core.package_identification:_identify(.) by extension 'python'
[1.809s] Level 1:colcon.colcon_core.package_identification:_identify(.) by extensions ['python_setup_py']
[1.809s] Level 1:colcon.colcon_core.package_identification:_identify(.) by extension 'python_setup_py'
[1.810s] Level 1:colcon.colcon_core.package_identification:_identify(build) by extensions ['ignore', 'ignore_ament_install']
[1.810s] Level 1:colcon.colcon_core.package_identification:_identify(build) by extension 'ignore'
[1.810s] Level 1:colcon.colcon_core.package_identification:_identify(build) ignored
[1.811s] Level 1:colcon.colcon_core.package_identification:_identify(install) by extensions ['ignore', 'ignore_ament_install']
[1.811s] Level 1:colcon.colcon_core.package_identification:_identify(install) by extension 'ignore'
[1.811s] Level 1:colcon.colcon_core.package_identification:_identify(install) ignored
[1.812s] Level 1:colcon.colcon_core.package_identification:_identify(log) by extensions ['ignore', 'ignore_ament_install']
[1.812s] Level 1:colcon.colcon_core.package_identification:_identify(log) by extension 'ignore'
[1.812s] Level 1:colcon.colcon_core.package_identification:_identify(log) ignored
[1.813s] Level 1:colcon.colcon_core.package_identification:_identify(src) by extensions ['ignore', 'ignore_ament_install']
[1.813s] Level 1:colcon.colcon_core.package_identification:_identify(src) by extension 'ignore'
[1.813s] Level 1:colcon.colcon_core.package_identification:_identify(src) by extension 'ignore_ament_install'
[1.814s] Level 1:colcon.colcon_core.package_identification:_identify(src) by extensions ['colcon_pkg']
[1.814s] Level 1:colcon.colcon_core.package_identification:_identify(src) by extension 'colcon_pkg'
[1.814s] Level 1:colcon.colcon_core.package_identification:_identify(src) by extensions ['colcon_meta']
[1.814s] Level 1:colcon.colcon_core.package_identification:_identify(src) by extension 'colcon_meta'
[1.814s] Level 1:colcon.colcon_core.package_identification:_identify(src) by extensions ['ros']
[1.814s] Level 1:colcon.colcon_core.package_identification:_identify(src) by extension 'ros'
[1.815s] Level 1:colcon.colcon_core.package_identification:_identify(src) by extensions ['cmake', 'python']
[1.815s] Level 1:colcon.colcon_core.package_identification:_identify(src) by extension 'cmake'
[1.815s] Level 1:colcon.colcon_core.package_identification:_identify(src) by extension 'python'
[1.815s] Level 1:colcon.colcon_core.package_identification:_identify(src) by extensions ['python_setup_py']
[1.815s] Level 1:colcon.colcon_core.package_identification:_identify(src) by extension 'python_setup_py'
[1.818s] Level 1:colcon.colcon_core.package_identification:_identify(src/auto_nav) by extensions ['ignore', 'ignore_ament_install']
[1.818s] Level 1:colcon.colcon_core.package_identification:_identify(src/auto_nav) by extension 'ignore'
[1.819s] Level 1:colcon.colcon_core.package_identification:_identify(src/auto_nav) by extension 'ignore_ament_install'
[1.819s] Level 1:colcon.colcon_core.package_identification:_identify(src/auto_nav) by extensions ['colcon_pkg']
[1.819s] Level 1:colcon.colcon_core.package_identification:_identify(src/auto_nav) by extension 'colcon_pkg'
[1.819s] Level 1:colcon.colcon_core.package_identification:_identify(src/auto_nav) by extensions ['colcon_meta']
[1.819s] Level 1:colcon.colcon_core.package_identification:_identify(src/auto_nav) by extension 'colcon_meta'
[1.820s] Level 1:colcon.colcon_core.package_identification:_identify(src/auto_nav) by extensions ['ros']
[1.820s] Level 1:colcon.colcon_core.package_identification:_identify(src/auto_nav) by extension 'ros'
[1.836s] DEBUG:colcon.colcon_core.package_identification:Package 'src/auto_nav' with type 'ros.ament_python' and name 'auto_nav'
[1.837s] Level 1:colcon.colcon_core.package_identification:_identify(src/idkman) by extensions ['ignore', 'ignore_ament_install']
[1.837s] Level 1:colcon.colcon_core.package_identification:_identify(src/idkman) by extension 'ignore'
[1.837s] Level 1:colcon.colcon_core.package_identification:_identify(src/idkman) by extension 'ignore_ament_install'
[1.838s] Level 1:colcon.colcon_core.package_identification:_identify(src/idkman) by extensions ['colcon_pkg']
[1.838s] Level 1:colcon.colcon_core.package_identification:_identify(src/idkman) by extension 'colcon_pkg'
[1.838s] Level 1:colcon.colcon_core.package_identification:_identify(src/idkman) by extensions ['colcon_meta']
[1.838s] Level 1:colcon.colcon_core.package_identification:_identify(src/idkman) by extension 'colcon_meta'
[1.838s] Level 1:colcon.colcon_core.package_identification:_identify(src/idkman) by extensions ['ros']
[1.839s] Level 1:colcon.colcon_core.package_identification:_identify(src/idkman) by extension 'ros'
[1.843s] DEBUG:colcon.colcon_core.package_identification:Package 'src/idkman' with type 'ros.ament_python' and name 'idkman'
[1.843s] Level 1:colcon.colcon_core.package_discovery:discover_packages(recursive) using defaults
[1.843s] Level 1:colcon.colcon_core.package_discovery:discover_packages(ignore) discover
[1.843s] Level 1:colcon.colcon_core.package_discovery:discover_packages(ignore) using defaults
[1.843s] Level 1:colcon.colcon_core.package_discovery:discover_packages(path) discover
[1.843s] Level 1:colcon.colcon_core.package_discovery:discover_packages(path) using defaults
[1.950s] Level 5:colcon.colcon_core.verb:set package 'auto_nav' build argument 'cmake_args' from command line to 'None'
[1.950s] Level 5:colcon.colcon_core.verb:set package 'auto_nav' build argument 'cmake_target' from command line to 'None'
[1.950s] Level 5:colcon.colcon_core.verb:set package 'auto_nav' build argument 'cmake_target_skip_unavailable' from command line to 'False'
[1.950s] Level 5:colcon.colcon_core.verb:set package 'auto_nav' build argument 'cmake_clean_cache' from command line to 'False'
[1.951s] Level 5:colcon.colcon_core.verb:set package 'auto_nav' build argument 'cmake_clean_first' from command line to 'False'
[1.951s] Level 5:colcon.colcon_core.verb:set package 'auto_nav' build argument 'cmake_force_configure' from command line to 'False'
[1.951s] Level 5:colcon.colcon_core.verb:set package 'auto_nav' build argument 'ament_cmake_args' from command line to 'None'
[1.951s] Level 5:colcon.colcon_core.verb:set package 'auto_nav' build argument 'catkin_cmake_args' from command line to 'None'
[1.951s] Level 5:colcon.colcon_core.verb:set package 'auto_nav' build argument 'catkin_skip_building_tests' from command line to 'False'
[1.951s] DEBUG:colcon.colcon_core.verb:Building package 'auto_nav' with the following arguments: {'ament_cmake_args': None, 'build_base': '/home/ubuntu/eg2310-workspace/colcon_ws/build/auto_nav', 'catkin_cmake_args': None, 'catkin_skip_building_tests': False, 'cmake_args': None, 'cmake_clean_cache': False, 'cmake_clean_first': False, 'cmake_force_configure': False, 'cmake_target': None, 'cmake_target_skip_unavailable': False, 'install_base': '/home/ubuntu/eg2310-workspace/colcon_ws/install/auto_nav', 'merge_install': False, 'path': '/home/ubuntu/eg2310-workspace/colcon_ws/src/auto_nav', 'symlink_install': False, 'test_result_base': None}
[1.962s] Level 5:colcon.colcon_core.verb:set package 'idkman' build argument 'cmake_args' from command line to 'None'
[1.962s] Level 5:colcon.colcon_core.verb:set package 'idkman' build argument 'cmake_target' from command line to 'None'
[1.962s] Level 5:colcon.colcon_core.verb:set package 'idkman' build argument 'cmake_target_skip_unavailable' from command line to 'False'
[1.963s] Level 5:colcon.colcon_core.verb:set package 'idkman' build argument 'cmake_clean_cache' from command line to 'False'
[1.963s] Level 5:colcon.colcon_core.verb:set package 'idkman' build argument 'cmake_clean_first' from command line to 'False'
[1.963s] Level 5:colcon.colcon_core.verb:set package 'idkman' build argument 'cmake_force_configure' from command line to 'False'
[1.963s] Level 5:colcon.colcon_core.verb:set package 'idkman' build argument 'ament_cmake_args' from command line to 'None'
[1.963s] Level 5:colcon.colcon_core.verb:set package 'idkman' build argument 'catkin_cmake_args' from command line to 'None'
[1.963s] Level 5:colcon.colcon_core.verb:set package 'idkman' build argument 'catkin_skip_building_tests' from command line to 'False'
[1.963s] DEBUG:colcon.colcon_core.verb:Building package 'idkman' with the following arguments: {'ament_cmake_args': None, 'build_base': '/home/ubuntu/eg2310-workspace/colcon_ws/build/idkman', 'catkin_cmake_args': None, 'catkin_skip_building_tests': False, 'cmake_args': None, 'cmake_clean_cache': False, 'cmake_clean_first': False, 'cmake_force_configure': False, 'cmake_target': None, 'cmake_target_skip_unavailable': False, 'install_base': '/home/ubuntu/eg2310-workspace/colcon_ws/install/idkman', 'merge_install': False, 'path': '/home/ubuntu/eg2310-workspace/colcon_ws/src/idkman', 'symlink_install': False, 'test_result_base': None}
[1.965s] INFO:colcon.colcon_core.executor:Executing jobs using 'parallel' executor
[1.972s] DEBUG:colcon.colcon_parallel_executor.executor.parallel:run_until_complete
[1.973s] INFO:colcon.colcon_ros.task.ament_python.build:Building ROS package in '/home/ubuntu/eg2310-workspace/colcon_ws/src/auto_nav' with build type 'ament_python'
[1.974s] Level 1:colcon.colcon_core.shell:create_environment_hook('auto_nav', 'ament_prefix_path')
[2.005s] INFO:colcon.colcon_core.plugin_system:Skipping extension 'colcon_core.shell.bat': Not used on non-Windows systems
[2.006s] INFO:colcon.colcon_core.shell:Creating environment hook '/home/ubuntu/eg2310-workspace/colcon_ws/install/auto_nav/share/auto_nav/hook/ament_prefix_path.ps1'
[2.013s] INFO:colcon.colcon_core.shell:Creating environment descriptor '/home/ubuntu/eg2310-workspace/colcon_ws/install/auto_nav/share/auto_nav/hook/ament_prefix_path.dsv'
[2.018s] INFO:colcon.colcon_core.shell:Creating environment hook '/home/ubuntu/eg2310-workspace/colcon_ws/install/auto_nav/share/auto_nav/hook/ament_prefix_path.sh'
[2.026s] INFO:colcon.colcon_core.shell:Skip shell extension 'powershell' for command environment: Not usable outside of PowerShell
[2.026s] DEBUG:colcon.colcon_core.shell:Skip shell extension 'dsv' for command environment
[2.049s] DEBUG:colcon.colcon_core.shell:Ignoring prefix path '/opt/ros/foxy'
[2.061s] INFO:colcon.colcon_ros.task.ament_python.build:Building ROS package in '/home/ubuntu/eg2310-workspace/colcon_ws/src/idkman' with build type 'ament_python'
[2.062s] Level 1:colcon.colcon_core.shell:create_environment_hook('idkman', 'ament_prefix_path')
[2.066s] INFO:colcon.colcon_core.shell:Creating environment hook '/home/ubuntu/eg2310-workspace/colcon_ws/install/idkman/share/idkman/hook/ament_prefix_path.ps1'
[2.075s] INFO:colcon.colcon_core.shell:Creating environment descriptor '/home/ubuntu/eg2310-workspace/colcon_ws/install/idkman/share/idkman/hook/ament_prefix_path.dsv'
[2.077s] INFO:colcon.colcon_core.shell:Creating environment hook '/home/ubuntu/eg2310-workspace/colcon_ws/install/idkman/share/idkman/hook/ament_prefix_path.sh'
[2.083s] INFO:colcon.colcon_core.shell:Skip shell extension 'powershell' for command environment: Not usable outside of PowerShell
[2.083s] DEBUG:colcon.colcon_core.shell:Skip shell extension 'dsv' for command environment
[2.096s] DEBUG:colcon.colcon_core.shell:Ignoring prefix path '/opt/ros/foxy'
[2.994s] INFO:colcon.colcon_core.task.python.build:Building Python package in '/home/ubuntu/eg2310-workspace/colcon_ws/src/auto_nav'
[2.997s] INFO:colcon.colcon_core.shell:Skip shell extension 'powershell' for command environment: Not usable outside of PowerShell
[2.997s] DEBUG:colcon.colcon_core.shell:Skip shell extension 'dsv' for command environment
[3.011s] DEBUG:colcon.colcon_core.shell:Ignoring prefix path '/opt/ros/foxy'
[3.903s] INFO:colcon.colcon_core.task.python.build:Building Python package in '/home/ubuntu/eg2310-workspace/colcon_ws/src/idkman'
[3.906s] INFO:colcon.colcon_core.shell:Skip shell extension 'powershell' for command environment: Not usable outside of PowerShell
[3.907s] DEBUG:colcon.colcon_core.shell:Skip shell extension 'dsv' for command environment
[3.919s] DEBUG:colcon.colcon_core.shell:Ignoring prefix path '/opt/ros/foxy'
[3.942s] DEBUG:colcon.colcon_core.event_handler.log_command:Invoking command in '/home/ubuntu/eg2310-workspace/colcon_ws/src/auto_nav': PYTHONPATH=/home/ubuntu/eg2310-workspace/colcon_ws/install/auto_nav/lib/python3.8/site-packages:${PYTHONPATH} /usr/bin/python3 setup.py egg_info --egg-base ../../build/auto_nav build --build-base /home/ubuntu/eg2310-workspace/colcon_ws/build/auto_nav/build install --prefix /home/ubuntu/eg2310-workspace/colcon_ws/install/auto_nav --record /home/ubuntu/eg2310-workspace/colcon_ws/build/auto_nav/install.log --single-version-externally-managed
[3.985s] DEBUG:colcon.colcon_core.event_handler.log_command:Invoking command in '/home/ubuntu/eg2310-workspace/colcon_ws/src/idkman': PYTHONPATH=/home/ubuntu/eg2310-workspace/colcon_ws/install/idkman/lib/python3.8/site-packages:${PYTHONPATH} /usr/bin/python3 setup.py egg_info --egg-base ../../build/idkman build --build-base /home/ubuntu/eg2310-workspace/colcon_ws/build/idkman/build install --prefix /home/ubuntu/eg2310-workspace/colcon_ws/install/idkman --record /home/ubuntu/eg2310-workspace/colcon_ws/build/idkman/install.log --single-version-externally-managed
[5.888s] DEBUG:colcon.colcon_core.event_handler.log_command:Invoked command in '/home/ubuntu/eg2310-workspace/colcon_ws/src/idkman' returned '0': PYTHONPATH=/home/ubuntu/eg2310-workspace/colcon_ws/install/idkman/lib/python3.8/site-packages:${PYTHONPATH} /usr/bin/python3 setup.py egg_info --egg-base ../../build/idkman build --build-base /home/ubuntu/eg2310-workspace/colcon_ws/build/idkman/build install --prefix /home/ubuntu/eg2310-workspace/colcon_ws/install/idkman --record /home/ubuntu/eg2310-workspace/colcon_ws/build/idkman/install.log --single-version-externally-managed
[6.009s] Level 1:colcon.colcon_core.environment:checking '/home/ubuntu/eg2310-workspace/colcon_ws/install/idkman' for CMake module files
[6.013s] Level 1:colcon.colcon_core.environment:checking '/home/ubuntu/eg2310-workspace/colcon_ws/install/idkman' for CMake config files
[6.019s] Level 1:colcon.colcon_core.environment:checking '/home/ubuntu/eg2310-workspace/colcon_ws/install/idkman/lib'
[6.020s] Level 1:colcon.colcon_core.environment:checking '/home/ubuntu/eg2310-workspace/colcon_ws/install/idkman/bin'
[6.020s] Level 1:colcon.colcon_core.environment:checking '/home/ubuntu/eg2310-workspace/colcon_ws/install/idkman/lib/pkgconfig/idkman.pc'
[6.020s] Level 1:colcon.colcon_core.environment:checking '/home/ubuntu/eg2310-workspace/colcon_ws/install/idkman/lib/python3.8/site-packages'
[6.021s] Level 1:colcon.colcon_core.shell:create_environment_hook('idkman', 'pythonpath')
[6.023s] INFO:colcon.colcon_core.shell:Creating environment hook '/home/ubuntu/eg2310-workspace/colcon_ws/install/idkman/share/idkman/hook/pythonpath.ps1'
[6.025s] INFO:colcon.colcon_core.shell:Creating environment descriptor '/home/ubuntu/eg2310-workspace/colcon_ws/install/idkman/share/idkman/hook/pythonpath.dsv'
[6.027s] INFO:colcon.colcon_core.shell:Creating environment hook '/home/ubuntu/eg2310-workspace/colcon_ws/install/idkman/share/idkman/hook/pythonpath.sh'
[6.028s] Level 1:colcon.colcon_core.environment:create_environment_scripts_only(idkman)
[6.031s] INFO:colcon.colcon_core.shell:Creating package script '/home/ubuntu/eg2310-workspace/colcon_ws/install/idkman/share/idkman/package.ps1'
[6.186s] INFO:colcon.colcon_core.shell:Creating package descriptor '/home/ubuntu/eg2310-workspace/colcon_ws/install/idkman/share/idkman/package.dsv'
[6.340s] INFO:colcon.colcon_core.shell:Creating package script '/home/ubuntu/eg2310-workspace/colcon_ws/install/idkman/share/idkman/package.sh'
[6.424s] INFO:colcon.colcon_core.shell:Creating package script '/home/ubuntu/eg2310-workspace/colcon_ws/install/idkman/share/idkman/package.bash'
[6.509s] INFO:colcon.colcon_core.shell:Creating package script '/home/ubuntu/eg2310-workspace/colcon_ws/install/idkman/share/idkman/package.zsh'
[6.594s] Level 1:colcon.colcon_core.environment:create_file_with_runtime_dependencies(/home/ubuntu/eg2310-workspace/colcon_ws/install/idkman/share/colcon-core/packages/idkman)
[6.603s] Level 1:colcon.colcon_core.environment:checking '/home/ubuntu/eg2310-workspace/colcon_ws/install/auto_nav' for CMake module files
[6.606s] DEBUG:colcon.colcon_core.event_handler.log_command:Invoked command in '/home/ubuntu/eg2310-workspace/colcon_ws/src/auto_nav' returned '0': PYTHONPATH=/home/ubuntu/eg2310-workspace/colcon_ws/install/auto_nav/lib/python3.8/site-packages:${PYTHONPATH} /usr/bin/python3 setup.py egg_info --egg-base ../../build/auto_nav build --build-base /home/ubuntu/eg2310-workspace/colcon_ws/build/auto_nav/build install --prefix /home/ubuntu/eg2310-workspace/colcon_ws/install/auto_nav --record /home/ubuntu/eg2310-workspace/colcon_ws/build/auto_nav/install.log --single-version-externally-managed
[6.608s] Level 1:colcon.colcon_core.environment:checking '/home/ubuntu/eg2310-workspace/colcon_ws/install/auto_nav' for CMake config files
[6.750s] Level 1:colcon.colcon_core.environment:checking '/home/ubuntu/eg2310-workspace/colcon_ws/install/auto_nav/lib'
[6.751s] Level 1:colcon.colcon_core.environment:checking '/home/ubuntu/eg2310-workspace/colcon_ws/install/auto_nav/bin'
[6.751s] Level 1:colcon.colcon_core.environment:checking '/home/ubuntu/eg2310-workspace/colcon_ws/install/auto_nav/lib/pkgconfig/auto_nav.pc'
[6.752s] Level 1:colcon.colcon_core.environment:checking '/home/ubuntu/eg2310-workspace/colcon_ws/install/auto_nav/lib/python3.8/site-packages'
[6.752s] Level 1:colcon.colcon_core.shell:create_environment_hook('auto_nav', 'pythonpath')
[6.756s] INFO:colcon.colcon_core.shell:Creating environment hook '/home/ubuntu/eg2310-workspace/colcon_ws/install/auto_nav/share/auto_nav/hook/pythonpath.ps1'
[6.758s] INFO:colcon.colcon_core.shell:Creating environment descriptor '/home/ubuntu/eg2310-workspace/colcon_ws/install/auto_nav/share/auto_nav/hook/pythonpath.dsv'
[6.761s] INFO:colcon.colcon_core.shell:Creating environment hook '/home/ubuntu/eg2310-workspace/colcon_ws/install/auto_nav/share/auto_nav/hook/pythonpath.sh'
[6.763s] Level 1:colcon.colcon_core.environment:create_environment_scripts_only(auto_nav)
[6.766s] INFO:colcon.colcon_core.shell:Creating package script '/home/ubuntu/eg2310-workspace/colcon_ws/install/auto_nav/share/auto_nav/package.ps1'
[6.768s] INFO:colcon.colcon_core.shell:Creating package descriptor '/home/ubuntu/eg2310-workspace/colcon_ws/install/auto_nav/share/auto_nav/package.dsv'
[6.770s] INFO:colcon.colcon_core.shell:Creating package script '/home/ubuntu/eg2310-workspace/colcon_ws/install/auto_nav/share/auto_nav/package.sh'
[6.771s] INFO:colcon.colcon_core.shell:Creating package script '/home/ubuntu/eg2310-workspace/colcon_ws/install/auto_nav/share/auto_nav/package.bash'
[6.773s] INFO:colcon.colcon_core.shell:Creating package script '/home/ubuntu/eg2310-workspace/colcon_ws/install/auto_nav/share/auto_nav/package.zsh'
[6.774s] Level 1:colcon.colcon_core.environment:create_file_with_runtime_dependencies(/home/ubuntu/eg2310-workspace/colcon_ws/install/auto_nav/share/colcon-core/packages/auto_nav)
[6.775s] DEBUG:colcon.colcon_parallel_executor.executor.parallel:closing loop
[6.776s] DEBUG:colcon.colcon_parallel_executor.executor.parallel:loop closed
[6.777s] DEBUG:colcon.colcon_parallel_executor.executor.parallel:run_until_complete finished with '0'
[6.777s] DEBUG:colcon.colcon_core.event_reactor:joining thread
[7.081s] INFO:colcon.colcon_core.plugin_system:Skipping extension 'colcon_notification.desktop_notification.notify_send': Could not find 'notify-send'
[7.082s] INFO:colcon.colcon_core.plugin_system:Skipping extension 'colcon_notification.desktop_notification.terminal_notifier': Not used on non-Darwin systems
[7.082s] INFO:colcon.colcon_core.plugin_system:Skipping extension 'colcon_notification.desktop_notification.win32': Not used on non-Windows systems
[7.082s] INFO:colcon.colcon_notification.desktop_notification:Sending desktop notification using 'notify2'
[7.413s] DEBUG:colcon.colcon_notification.desktop_notification.notify2:Failed to initialize notify2: org.freedesktop.DBus.Error.ServiceUnknown: The name org.freedesktop.Notifications was not provided by any .service files
[7.413s] DEBUG:colcon.colcon_core.event_reactor:joined thread
[7.416s] INFO:colcon.colcon_core.shell:Creating prefix script '/home/ubuntu/eg2310-workspace/colcon_ws/install/local_setup.ps1'
[7.422s] INFO:colcon.colcon_core.shell:Creating prefix util module '/home/ubuntu/eg2310-workspace/colcon_ws/install/_local_setup_util_ps1.py'
[7.508s] INFO:colcon.colcon_core.shell:Creating prefix chain script '/home/ubuntu/eg2310-workspace/colcon_ws/install/setup.ps1'
[7.667s] INFO:colcon.colcon_core.shell:Creating prefix script '/home/ubuntu/eg2310-workspace/colcon_ws/install/local_setup.sh'
[7.747s] INFO:colcon.colcon_core.shell:Creating prefix util module '/home/ubuntu/eg2310-workspace/colcon_ws/install/_local_setup_util_sh.py'
[7.751s] INFO:colcon.colcon_core.shell:Creating prefix chain script '/home/ubuntu/eg2310-workspace/colcon_ws/install/setup.sh'
[7.885s] INFO:colcon.colcon_core.shell:Creating prefix script '/home/ubuntu/eg2310-workspace/colcon_ws/install/local_setup.bash'
[7.964s] INFO:colcon.colcon_core.shell:Creating prefix chain script '/home/ubuntu/eg2310-workspace/colcon_ws/install/setup.bash'
[8.047s] INFO:colcon.colcon_core.shell:Creating prefix script '/home/ubuntu/eg2310-workspace/colcon_ws/install/local_setup.zsh'
[8.127s] INFO:colcon.colcon_core.shell:Creating prefix chain script '/home/ubuntu/eg2310-workspace/colcon_ws/install/setup.zsh'
