[1.005s] Invoking command in '/home/ubuntu/eg2310-workspace/colcon_ws/src/auto_nav': PYTHONPATH=/home/ubuntu/eg2310-workspace/colcon_ws/install/auto_nav/lib/python3.8/site-packages:${PYTHONPATH} /usr/bin/python3 setup.py egg_info --egg-base ../../build/auto_nav build --build-base /home/ubuntu/eg2310-workspace/colcon_ws/build/auto_nav/build install --prefix /home/ubuntu/eg2310-workspace/colcon_ws/install/auto_nav --record /home/ubuntu/eg2310-workspace/colcon_ws/build/auto_nav/install.log --single-version-externally-managed
[1.869s] running egg_info
[1.871s] writing ../../build/auto_nav/auto_nav.egg-info/PKG-INFO
[1.872s] writing dependency_links to ../../build/auto_nav/auto_nav.egg-info/dependency_links.txt
[1.873s] writing entry points to ../../build/auto_nav/auto_nav.egg-info/entry_points.txt
[1.874s] writing requirements to ../../build/auto_nav/auto_nav.egg-info/requires.txt
[1.875s] writing top-level names to ../../build/auto_nav/auto_nav.egg-info/top_level.txt
[2.025s] reading manifest file '../../build/auto_nav/auto_nav.egg-info/SOURCES.txt'
[2.029s] writing manifest file '../../build/auto_nav/auto_nav.egg-info/SOURCES.txt'
[2.030s] running build
[2.030s] running build_py
[2.031s] copying auto_nav/r2moverotate.py -> /home/ubuntu/eg2310-workspace/colcon_ws/build/auto_nav/build/lib/auto_nav
[2.032s] copying auto_nav/__init__.py -> /home/ubuntu/eg2310-workspace/colcon_ws/build/auto_nav/build/lib/auto_nav
[2.033s] copying auto_nav/setup.py -> /home/ubuntu/eg2310-workspace/colcon_ws/build/auto_nav/build/lib/auto_nav
[2.034s] copying auto_nav/r2occupancy2.py -> /home/ubuntu/eg2310-workspace/colcon_ws/build/auto_nav/build/lib/auto_nav
[2.034s] copying auto_nav/r2scanner.py -> /home/ubuntu/eg2310-workspace/colcon_ws/build/auto_nav/build/lib/auto_nav
[2.035s] copying auto_nav/r2auto_nav.py -> /home/ubuntu/eg2310-workspace/colcon_ws/build/auto_nav/build/lib/auto_nav
[2.036s] copying auto_nav/r2mover.py -> /home/ubuntu/eg2310-workspace/colcon_ws/build/auto_nav/build/lib/auto_nav
[2.037s] copying auto_nav/r2occupancy.py -> /home/ubuntu/eg2310-workspace/colcon_ws/build/auto_nav/build/lib/auto_nav
[2.038s] running install
[2.042s] running install_lib
[2.046s] copying /home/ubuntu/eg2310-workspace/colcon_ws/build/auto_nav/build/lib/auto_nav/r2moverotate.py -> /home/ubuntu/eg2310-workspace/colcon_ws/install/auto_nav/lib/python3.8/site-packages/auto_nav
[2.047s] copying /home/ubuntu/eg2310-workspace/colcon_ws/build/auto_nav/build/lib/auto_nav/__init__.py -> /home/ubuntu/eg2310-workspace/colcon_ws/install/auto_nav/lib/python3.8/site-packages/auto_nav
[2.047s] copying /home/ubuntu/eg2310-workspace/colcon_ws/build/auto_nav/build/lib/auto_nav/setup.py -> /home/ubuntu/eg2310-workspace/colcon_ws/install/auto_nav/lib/python3.8/site-packages/auto_nav
[2.048s] copying /home/ubuntu/eg2310-workspace/colcon_ws/build/auto_nav/build/lib/auto_nav/r2occupancy2.py -> /home/ubuntu/eg2310-workspace/colcon_ws/install/auto_nav/lib/python3.8/site-packages/auto_nav
[2.049s] copying /home/ubuntu/eg2310-workspace/colcon_ws/build/auto_nav/build/lib/auto_nav/r2scanner.py -> /home/ubuntu/eg2310-workspace/colcon_ws/install/auto_nav/lib/python3.8/site-packages/auto_nav
[2.050s] copying /home/ubuntu/eg2310-workspace/colcon_ws/build/auto_nav/build/lib/auto_nav/r2auto_nav.py -> /home/ubuntu/eg2310-workspace/colcon_ws/install/auto_nav/lib/python3.8/site-packages/auto_nav
[2.051s] copying /home/ubuntu/eg2310-workspace/colcon_ws/build/auto_nav/build/lib/auto_nav/r2mover.py -> /home/ubuntu/eg2310-workspace/colcon_ws/install/auto_nav/lib/python3.8/site-packages/auto_nav
[2.052s] copying /home/ubuntu/eg2310-workspace/colcon_ws/build/auto_nav/build/lib/auto_nav/r2occupancy.py -> /home/ubuntu/eg2310-workspace/colcon_ws/install/auto_nav/lib/python3.8/site-packages/auto_nav
[2.054s] byte-compiling /home/ubuntu/eg2310-workspace/colcon_ws/install/auto_nav/lib/python3.8/site-packages/auto_nav/r2moverotate.py to r2moverotate.cpython-38.pyc
[2.062s] byte-compiling /home/ubuntu/eg2310-workspace/colcon_ws/install/auto_nav/lib/python3.8/site-packages/auto_nav/__init__.py to __init__.cpython-38.pyc
[2.064s] byte-compiling /home/ubuntu/eg2310-workspace/colcon_ws/install/auto_nav/lib/python3.8/site-packages/auto_nav/setup.py to setup.cpython-38.pyc
[2.066s] byte-compiling /home/ubuntu/eg2310-workspace/colcon_ws/install/auto_nav/lib/python3.8/site-packages/auto_nav/r2occupancy2.py to r2occupancy2.cpython-38.pyc
[2.070s] byte-compiling /home/ubuntu/eg2310-workspace/colcon_ws/install/auto_nav/lib/python3.8/site-packages/auto_nav/r2scanner.py to r2scanner.cpython-38.pyc
[2.072s] byte-compiling /home/ubuntu/eg2310-workspace/colcon_ws/install/auto_nav/lib/python3.8/site-packages/auto_nav/r2auto_nav.py to r2auto_nav.cpython-38.pyc
[2.077s] byte-compiling /home/ubuntu/eg2310-workspace/colcon_ws/install/auto_nav/lib/python3.8/site-packages/auto_nav/r2mover.py to r2mover.cpython-38.pyc
[2.080s] byte-compiling /home/ubuntu/eg2310-workspace/colcon_ws/install/auto_nav/lib/python3.8/site-packages/auto_nav/r2occupancy.py to r2occupancy.cpython-38.pyc
[2.082s] running install_data
[2.084s] copying resource/auto_nav -> /home/ubuntu/eg2310-workspace/colcon_ws/install/auto_nav/share/ament_index/resource_index/packages
[2.084s] copying package.xml -> /home/ubuntu/eg2310-workspace/colcon_ws/install/auto_nav/share/auto_nav
[2.085s] running install_egg_info
[2.091s] removing '/home/ubuntu/eg2310-workspace/colcon_ws/install/auto_nav/lib/python3.8/site-packages/auto_nav-0.0.0-py3.8.egg-info' (and everything under it)
[2.093s] Copying ../../build/auto_nav/auto_nav.egg-info to /home/ubuntu/eg2310-workspace/colcon_ws/install/auto_nav/lib/python3.8/site-packages/auto_nav-0.0.0-py3.8.egg-info
[2.098s] running install_scripts
[2.168s] Installing r2auto_nav script to /home/ubuntu/eg2310-workspace/colcon_ws/install/auto_nav/lib/auto_nav
[2.169s] Installing r2mover script to /home/ubuntu/eg2310-workspace/colcon_ws/install/auto_nav/lib/auto_nav
[2.169s] Installing r2moverotate script to /home/ubuntu/eg2310-workspace/colcon_ws/install/auto_nav/lib/auto_nav
[2.170s] Installing r2occupancy script to /home/ubuntu/eg2310-workspace/colcon_ws/install/auto_nav/lib/auto_nav
[2.171s] Installing r2occupancy2 script to /home/ubuntu/eg2310-workspace/colcon_ws/install/auto_nav/lib/auto_nav
[2.172s] Installing r2scanner script to /home/ubuntu/eg2310-workspace/colcon_ws/install/auto_nav/lib/auto_nav
[2.174s] writing list of installed files to '/home/ubuntu/eg2310-workspace/colcon_ws/build/auto_nav/install.log'
[2.272s] Invoked command in '/home/ubuntu/eg2310-workspace/colcon_ws/src/auto_nav' returned '0': PYTHONPATH=/home/ubuntu/eg2310-workspace/colcon_ws/install/auto_nav/lib/python3.8/site-packages:${PYTHONPATH} /usr/bin/python3 setup.py egg_info --egg-base ../../build/auto_nav build --build-base /home/ubuntu/eg2310-workspace/colcon_ws/build/auto_nav/build install --prefix /home/ubuntu/eg2310-workspace/colcon_ws/install/auto_nav --record /home/ubuntu/eg2310-workspace/colcon_ws/build/auto_nav/install.log --single-version-externally-managed
