[1.911s] Invoking command in '/home/ubuntu/eg2310-workspace/colcon_ws/src/auto_nav': PYTHONPATH=/home/ubuntu/eg2310-workspace/colcon_ws/src/install/auto_nav/lib/python3.8/site-packages:${PYTHONPATH} /usr/bin/python3 setup.py egg_info --egg-base ../build/auto_nav build --build-base /home/ubuntu/eg2310-workspace/colcon_ws/src/build/auto_nav/build install --prefix /home/ubuntu/eg2310-workspace/colcon_ws/src/install/auto_nav --record /home/ubuntu/eg2310-workspace/colcon_ws/src/build/auto_nav/install.log --single-version-externally-managed
[2.872s] running egg_info
[2.874s] creating ../build/auto_nav/auto_nav.egg-info
[2.875s] writing ../build/auto_nav/auto_nav.egg-info/PKG-INFO
[2.876s] writing dependency_links to ../build/auto_nav/auto_nav.egg-info/dependency_links.txt
[2.877s] writing entry points to ../build/auto_nav/auto_nav.egg-info/entry_points.txt
[2.878s] writing requirements to ../build/auto_nav/auto_nav.egg-info/requires.txt
[2.879s] writing top-level names to ../build/auto_nav/auto_nav.egg-info/top_level.txt
[2.885s] writing manifest file '../build/auto_nav/auto_nav.egg-info/SOURCES.txt'
[3.042s] reading manifest file '../build/auto_nav/auto_nav.egg-info/SOURCES.txt'
[3.045s] writing manifest file '../build/auto_nav/auto_nav.egg-info/SOURCES.txt'
[3.046s] running build
[3.047s] running build_py
[3.047s] creating /home/ubuntu/eg2310-workspace/colcon_ws/src/build/auto_nav/build
[3.048s] creating /home/ubuntu/eg2310-workspace/colcon_ws/src/build/auto_nav/build/lib
[3.049s] creating /home/ubuntu/eg2310-workspace/colcon_ws/src/build/auto_nav/build/lib/auto_nav
[3.049s] copying auto_nav/r2moverotate.py -> /home/ubuntu/eg2310-workspace/colcon_ws/src/build/auto_nav/build/lib/auto_nav
[3.124s] copying auto_nav/__init__.py -> /home/ubuntu/eg2310-workspace/colcon_ws/src/build/auto_nav/build/lib/auto_nav
[3.126s] copying auto_nav/setup.py -> /home/ubuntu/eg2310-workspace/colcon_ws/src/build/auto_nav/build/lib/auto_nav
[3.127s] copying auto_nav/r2occupancy2.py -> /home/ubuntu/eg2310-workspace/colcon_ws/src/build/auto_nav/build/lib/auto_nav
[3.197s] copying auto_nav/r2scanner.py -> /home/ubuntu/eg2310-workspace/colcon_ws/src/build/auto_nav/build/lib/auto_nav
[3.199s] copying auto_nav/r2auto_nav.py -> /home/ubuntu/eg2310-workspace/colcon_ws/src/build/auto_nav/build/lib/auto_nav
[3.200s] copying auto_nav/r2mover.py -> /home/ubuntu/eg2310-workspace/colcon_ws/src/build/auto_nav/build/lib/auto_nav
[3.202s] copying auto_nav/r2occupancy.py -> /home/ubuntu/eg2310-workspace/colcon_ws/src/build/auto_nav/build/lib/auto_nav
[3.205s] running install
[3.209s] running install_lib
[3.213s] creating /home/ubuntu/eg2310-workspace/colcon_ws/src/install/auto_nav/lib/python3.8/site-packages/auto_nav
[3.214s] copying /home/ubuntu/eg2310-workspace/colcon_ws/src/build/auto_nav/build/lib/auto_nav/r2moverotate.py -> /home/ubuntu/eg2310-workspace/colcon_ws/src/install/auto_nav/lib/python3.8/site-packages/auto_nav
[3.215s] copying /home/ubuntu/eg2310-workspace/colcon_ws/src/build/auto_nav/build/lib/auto_nav/__init__.py -> /home/ubuntu/eg2310-workspace/colcon_ws/src/install/auto_nav/lib/python3.8/site-packages/auto_nav
[3.216s] copying /home/ubuntu/eg2310-workspace/colcon_ws/src/build/auto_nav/build/lib/auto_nav/setup.py -> /home/ubuntu/eg2310-workspace/colcon_ws/src/install/auto_nav/lib/python3.8/site-packages/auto_nav
[3.217s] copying /home/ubuntu/eg2310-workspace/colcon_ws/src/build/auto_nav/build/lib/auto_nav/r2occupancy2.py -> /home/ubuntu/eg2310-workspace/colcon_ws/src/install/auto_nav/lib/python3.8/site-packages/auto_nav
[3.218s] copying /home/ubuntu/eg2310-workspace/colcon_ws/src/build/auto_nav/build/lib/auto_nav/r2scanner.py -> /home/ubuntu/eg2310-workspace/colcon_ws/src/install/auto_nav/lib/python3.8/site-packages/auto_nav
[3.218s] copying /home/ubuntu/eg2310-workspace/colcon_ws/src/build/auto_nav/build/lib/auto_nav/r2auto_nav.py -> /home/ubuntu/eg2310-workspace/colcon_ws/src/install/auto_nav/lib/python3.8/site-packages/auto_nav
[3.219s] copying /home/ubuntu/eg2310-workspace/colcon_ws/src/build/auto_nav/build/lib/auto_nav/r2mover.py -> /home/ubuntu/eg2310-workspace/colcon_ws/src/install/auto_nav/lib/python3.8/site-packages/auto_nav
[3.220s] copying /home/ubuntu/eg2310-workspace/colcon_ws/src/build/auto_nav/build/lib/auto_nav/r2occupancy.py -> /home/ubuntu/eg2310-workspace/colcon_ws/src/install/auto_nav/lib/python3.8/site-packages/auto_nav
[3.223s] byte-compiling /home/ubuntu/eg2310-workspace/colcon_ws/src/install/auto_nav/lib/python3.8/site-packages/auto_nav/r2moverotate.py to r2moverotate.cpython-38.pyc
[3.231s] byte-compiling /home/ubuntu/eg2310-workspace/colcon_ws/src/install/auto_nav/lib/python3.8/site-packages/auto_nav/__init__.py to __init__.cpython-38.pyc
[3.233s] byte-compiling /home/ubuntu/eg2310-workspace/colcon_ws/src/install/auto_nav/lib/python3.8/site-packages/auto_nav/setup.py to setup.cpython-38.pyc
[3.235s] byte-compiling /home/ubuntu/eg2310-workspace/colcon_ws/src/install/auto_nav/lib/python3.8/site-packages/auto_nav/r2occupancy2.py to r2occupancy2.cpython-38.pyc
[3.238s] byte-compiling /home/ubuntu/eg2310-workspace/colcon_ws/src/install/auto_nav/lib/python3.8/site-packages/auto_nav/r2scanner.py to r2scanner.cpython-38.pyc
[3.241s] byte-compiling /home/ubuntu/eg2310-workspace/colcon_ws/src/install/auto_nav/lib/python3.8/site-packages/auto_nav/r2auto_nav.py to r2auto_nav.cpython-38.pyc
[3.246s] byte-compiling /home/ubuntu/eg2310-workspace/colcon_ws/src/install/auto_nav/lib/python3.8/site-packages/auto_nav/r2mover.py to r2mover.cpython-38.pyc
[3.250s] byte-compiling /home/ubuntu/eg2310-workspace/colcon_ws/src/install/auto_nav/lib/python3.8/site-packages/auto_nav/r2occupancy.py to r2occupancy.cpython-38.pyc
[3.254s] running install_data
[3.258s] creating /home/ubuntu/eg2310-workspace/colcon_ws/src/install/auto_nav/share/ament_index
[3.259s] creating /home/ubuntu/eg2310-workspace/colcon_ws/src/install/auto_nav/share/ament_index/resource_index
[3.260s] creating /home/ubuntu/eg2310-workspace/colcon_ws/src/install/auto_nav/share/ament_index/resource_index/packages
[3.261s] copying resource/auto_nav -> /home/ubuntu/eg2310-workspace/colcon_ws/src/install/auto_nav/share/ament_index/resource_index/packages
[3.262s] copying package.xml -> /home/ubuntu/eg2310-workspace/colcon_ws/src/install/auto_nav/share/auto_nav
[3.264s] running install_egg_info
[3.272s] Copying ../build/auto_nav/auto_nav.egg-info to /home/ubuntu/eg2310-workspace/colcon_ws/src/install/auto_nav/lib/python3.8/site-packages/auto_nav-0.0.0-py3.8.egg-info
[3.283s] running install_scripts
[3.379s] Installing r2auto_nav script to /home/ubuntu/eg2310-workspace/colcon_ws/src/install/auto_nav/lib/auto_nav
[3.381s] Installing r2mover script to /home/ubuntu/eg2310-workspace/colcon_ws/src/install/auto_nav/lib/auto_nav
[3.385s] Installing r2moverotate script to /home/ubuntu/eg2310-workspace/colcon_ws/src/install/auto_nav/lib/auto_nav
[3.388s] Installing r2occupancy script to /home/ubuntu/eg2310-workspace/colcon_ws/src/install/auto_nav/lib/auto_nav
[3.390s] Installing r2occupancy2 script to /home/ubuntu/eg2310-workspace/colcon_ws/src/install/auto_nav/lib/auto_nav
[3.392s] Installing r2scanner script to /home/ubuntu/eg2310-workspace/colcon_ws/src/install/auto_nav/lib/auto_nav
[3.395s] writing list of installed files to '/home/ubuntu/eg2310-workspace/colcon_ws/src/build/auto_nav/install.log'
[3.488s] Invoked command in '/home/ubuntu/eg2310-workspace/colcon_ws/src/auto_nav' returned '0': PYTHONPATH=/home/ubuntu/eg2310-workspace/colcon_ws/src/install/auto_nav/lib/python3.8/site-packages:${PYTHONPATH} /usr/bin/python3 setup.py egg_info --egg-base ../build/auto_nav build --build-base /home/ubuntu/eg2310-workspace/colcon_ws/src/build/auto_nav/build install --prefix /home/ubuntu/eg2310-workspace/colcon_ws/src/install/auto_nav --record /home/ubuntu/eg2310-workspace/colcon_ws/src/build/auto_nav/install.log --single-version-externally-managed
