[0.054s] Invoking command in '/home/eg2310-workspace/colcon_ws/build/turtlebot3_fake_node': CMAKE_PREFIX_PATH=/home/eg2310-workspace/colcon_ws/install/idkman:/home/eg2310-workspace/colcon_ws/install/auto_nav:/opt/ros/foxy /usr/bin/cmake /home/eg2310-workspace/colcon_ws/src/turtlebot3_simulations/turtlebot3_fake_node -DCMAKE_INSTALL_PREFIX=/home/eg2310-workspace/colcon_ws/install/turtlebot3_fake_node
[0.290s] -- Found ament_cmake: 0.9.12 (/opt/ros/foxy/share/ament_cmake/cmake)
[0.290s] -- Using PYTHON_EXECUTABLE: /usr/bin/python3
[0.290s] -- Override CMake install command with custom implementation using symlinks instead of copying resources
[0.290s] -- Found geometry_msgs: 2.0.5 (/opt/ros/foxy/share/geometry_msgs/cmake)
[0.326s] -- Using all available rosidl_typesupport_c: rosidl_typesupport_fastrtps_c;rosidl_typesupport_introspection_c
[0.330s] -- Found rosidl_adapter: 1.3.1 (/opt/ros/foxy/share/rosidl_adapter/cmake)
[0.563s] -- Using all available rosidl_typesupport_cpp: rosidl_typesupport_fastrtps_cpp;rosidl_typesupport_introspection_cpp
[0.638s] -- Found nav_msgs: 2.0.5 (/opt/ros/foxy/share/nav_msgs/cmake)
[0.701s] -- Found rclcpp: 2.4.3 (/opt/ros/foxy/share/rclcpp/cmake)
[0.734s] -- Found rmw_implementation_cmake: 1.0.4 (/opt/ros/foxy/share/rmw_implementation_cmake/cmake)
[0.735s] -- Using RMW implementation 'rmw_fastrtps_cpp' as default
[0.852s] -- Found sensor_msgs: 2.0.5 (/opt/ros/foxy/share/sensor_msgs/cmake)
[0.914s] -- Found tf2: 0.13.14 (/opt/ros/foxy/share/tf2/cmake)
[0.923s] -- Found tf2_msgs: 0.13.14 (/opt/ros/foxy/share/tf2_msgs/cmake)
[1.087s] -- Found turtlebot3_msgs: 2.2.1 (/opt/ros/foxy/share/turtlebot3_msgs/cmake)
[1.239s] -- Configuring done
[1.253s] -- Generating done
[1.255s] -- Build files have been written to: /home/eg2310-workspace/colcon_ws/build/turtlebot3_fake_node
[1.262s] Invoked command in '/home/eg2310-workspace/colcon_ws/build/turtlebot3_fake_node' returned '0': CMAKE_PREFIX_PATH=/home/eg2310-workspace/colcon_ws/install/idkman:/home/eg2310-workspace/colcon_ws/install/auto_nav:/opt/ros/foxy /usr/bin/cmake /home/eg2310-workspace/colcon_ws/src/turtlebot3_simulations/turtlebot3_fake_node -DCMAKE_INSTALL_PREFIX=/home/eg2310-workspace/colcon_ws/install/turtlebot3_fake_node
[1.267s] Invoking command in '/home/eg2310-workspace/colcon_ws/build/turtlebot3_fake_node': CMAKE_PREFIX_PATH=/home/eg2310-workspace/colcon_ws/install/idkman:/home/eg2310-workspace/colcon_ws/install/auto_nav:/opt/ros/foxy /usr/bin/cmake --build /home/eg2310-workspace/colcon_ws/build/turtlebot3_fake_node -- -j16 -l16
[1.356s] [100%] Built target turtlebot3_fake_node
[1.372s] Invoked command in '/home/eg2310-workspace/colcon_ws/build/turtlebot3_fake_node' returned '0': CMAKE_PREFIX_PATH=/home/eg2310-workspace/colcon_ws/install/idkman:/home/eg2310-workspace/colcon_ws/install/auto_nav:/opt/ros/foxy /usr/bin/cmake --build /home/eg2310-workspace/colcon_ws/build/turtlebot3_fake_node -- -j16 -l16
[1.426s] Invoking command in '/home/eg2310-workspace/colcon_ws/build/turtlebot3_fake_node': CMAKE_PREFIX_PATH=/home/eg2310-workspace/colcon_ws/install/idkman:/home/eg2310-workspace/colcon_ws/install/auto_nav:/opt/ros/foxy /usr/bin/cmake --install /home/eg2310-workspace/colcon_ws/build/turtlebot3_fake_node
[1.440s] -- Install configuration: ""
[1.440s] -- Execute custom install script
[1.440s] -- Up-to-date symlink: /home/eg2310-workspace/colcon_ws/install/turtlebot3_fake_node/lib/turtlebot3_fake_node/turtlebot3_fake_node
[1.440s] -- Up-to-date symlink: /home/eg2310-workspace/colcon_ws/install/turtlebot3_fake_node/share/turtlebot3_fake_node/launch/rviz2.launch.py
[1.440s] -- Up-to-date symlink: /home/eg2310-workspace/colcon_ws/install/turtlebot3_fake_node/share/turtlebot3_fake_node/launch/turtlebot3_fake_node.launch.py
[1.441s] -- Up-to-date symlink: /home/eg2310-workspace/colcon_ws/install/turtlebot3_fake_node/share/turtlebot3_fake_node/param/burger.yaml
[1.441s] -- Up-to-date symlink: /home/eg2310-workspace/colcon_ws/install/turtlebot3_fake_node/share/turtlebot3_fake_node/param/waffle.yaml
[1.441s] -- Up-to-date symlink: /home/eg2310-workspace/colcon_ws/install/turtlebot3_fake_node/share/turtlebot3_fake_node/param/waffle_pi.yaml
[1.441s] -- Up-to-date symlink: /home/eg2310-workspace/colcon_ws/install/turtlebot3_fake_node/share/turtlebot3_fake_node/rviz/model.rviz
[1.441s] -- Up-to-date symlink: /home/eg2310-workspace/colcon_ws/install/turtlebot3_fake_node/include//turtlebot3_fake_node/turtlebot3_fake_node.hpp
[1.441s] -- Up-to-date symlink: /home/eg2310-workspace/colcon_ws/install/turtlebot3_fake_node/share/ament_index/resource_index/package_run_dependencies/turtlebot3_fake_node
[1.442s] -- Up-to-date symlink: /home/eg2310-workspace/colcon_ws/install/turtlebot3_fake_node/share/ament_index/resource_index/parent_prefix_path/turtlebot3_fake_node
[1.442s] -- Up-to-date symlink: /home/eg2310-workspace/colcon_ws/install/turtlebot3_fake_node/share/turtlebot3_fake_node/environment/ament_prefix_path.sh
[1.442s] -- Up-to-date symlink: /home/eg2310-workspace/colcon_ws/install/turtlebot3_fake_node/share/turtlebot3_fake_node/environment/ament_prefix_path.dsv
[1.443s] -- Up-to-date symlink: /home/eg2310-workspace/colcon_ws/install/turtlebot3_fake_node/share/turtlebot3_fake_node/environment/path.sh
[1.443s] -- Up-to-date symlink: /home/eg2310-workspace/colcon_ws/install/turtlebot3_fake_node/share/turtlebot3_fake_node/environment/path.dsv
[1.445s] -- Up-to-date symlink: /home/eg2310-workspace/colcon_ws/install/turtlebot3_fake_node/share/turtlebot3_fake_node/local_setup.bash
[1.445s] -- Up-to-date symlink: /home/eg2310-workspace/colcon_ws/install/turtlebot3_fake_node/share/turtlebot3_fake_node/local_setup.sh
[1.446s] -- Up-to-date symlink: /home/eg2310-workspace/colcon_ws/install/turtlebot3_fake_node/share/turtlebot3_fake_node/local_setup.zsh
[1.446s] -- Up-to-date symlink: /home/eg2310-workspace/colcon_ws/install/turtlebot3_fake_node/share/turtlebot3_fake_node/local_setup.dsv
[1.447s] -- Symlinking: /home/eg2310-workspace/colcon_ws/install/turtlebot3_fake_node/share/turtlebot3_fake_node/package.dsv
[1.457s] -- Up-to-date symlink: /home/eg2310-workspace/colcon_ws/install/turtlebot3_fake_node/share/ament_index/resource_index/packages/turtlebot3_fake_node
[1.457s] -- Up-to-date symlink: /home/eg2310-workspace/colcon_ws/install/turtlebot3_fake_node/share/turtlebot3_fake_node/cmake/ament_cmake_export_include_directories-extras.cmake
[1.457s] -- Up-to-date symlink: /home/eg2310-workspace/colcon_ws/install/turtlebot3_fake_node/share/turtlebot3_fake_node/cmake/ament_cmake_export_dependencies-extras.cmake
[1.458s] -- Up-to-date symlink: /home/eg2310-workspace/colcon_ws/install/turtlebot3_fake_node/share/turtlebot3_fake_node/cmake/turtlebot3_fake_nodeConfig.cmake
[1.458s] -- Up-to-date symlink: /home/eg2310-workspace/colcon_ws/install/turtlebot3_fake_node/share/turtlebot3_fake_node/cmake/turtlebot3_fake_nodeConfig-version.cmake
[1.458s] -- Up-to-date symlink: /home/eg2310-workspace/colcon_ws/install/turtlebot3_fake_node/share/turtlebot3_fake_node/package.xml
[1.464s] Invoked command in '/home/eg2310-workspace/colcon_ws/build/turtlebot3_fake_node' returned '0': CMAKE_PREFIX_PATH=/home/eg2310-workspace/colcon_ws/install/idkman:/home/eg2310-workspace/colcon_ws/install/auto_nav:/opt/ros/foxy /usr/bin/cmake --install /home/eg2310-workspace/colcon_ws/build/turtlebot3_fake_node
