[1.245s] DEBUG:colcon:Command line arguments: ['/usr/bin/colcon', 'build']
[1.245s] DEBUG:colcon:Parsed command line arguments: Namespace(ament_cmake_args=None, base_paths=['.'], build_base='build', catkin_cmake_args=None, catkin_skip_building_tests=False, cmake_args=None, cmake_clean_cache=False, cmake_clean_first=False, cmake_force_configure=False, cmake_target=None, cmake_target_skip_unavailable=False, continue_on_error=False, event_handlers=None, executor='parallel', ignore_user_meta=False, install_base='install', log_base=None, log_level=None, main=<bound method BuildVerb.main of <colcon_core.verb.build.BuildVerb object at 0xffff7e621130>>, merge_install=False, metas=['./colcon.meta'], packages_above=None, packages_above_and_dependencies=None, packages_above_depth=None, packages_end=None, packages_ignore=None, packages_ignore_regex=None, packages_select=None, packages_select_build_failed=False, packages_select_by_dep=None, packages_select_regex=None, packages_select_test_failures=False, packages_skip=None, packages_skip_build_finished=False, packages_skip_by_dep=None, packages_skip_regex=None, packages_skip_test_passed=False, packages_skip_up_to=None, packages_start=None, packages_up_to=None, packages_up_to_regex=None, parallel_workers=4, paths=None, symlink_install=False, test_result_base=None, verb_extension=<colcon_core.verb.build.BuildVerb object at 0xffff7e621130>, verb_name='build', verb_parser=<colcon_defaults.argument_parser.defaults.DefaultArgumentsDecorator object at 0xffff7e621670>)
[1.269s] Level 1:colcon.colcon_core.package_discovery:discover_packages(colcon_meta) check parameters
[1.269s] Level 1:colcon.colcon_core.package_discovery:discover_packages(recursive) check parameters
[1.269s] Level 1:colcon.colcon_core.package_discovery:discover_packages(ignore) check parameters
[1.269s] Level 1:colcon.colcon_core.package_discovery:discover_packages(path) check parameters
[1.270s] Level 1:colcon.colcon_core.package_discovery:discover_packages(colcon_meta) discover
[1.270s] Level 1:colcon.colcon_core.package_discovery:discover_packages(recursive) discover
[1.270s] INFO:colcon.colcon_core.package_discovery:Crawling recursively for packages in '/home/ubuntu/eg2310-workspace/colcon_ws'
[1.271s] Level 1:colcon.colcon_core.package_identification:_identify(.) by extensions ['ignore', 'ignore_ament_install']
[1.271s] Level 1:colcon.colcon_core.package_identification:_identify(.) by extension 'ignore'
[1.271s] Level 1:colcon.colcon_core.package_identification:_identify(.) by extension 'ignore_ament_install'
[1.271s] Level 1:colcon.colcon_core.package_identification:_identify(.) by extensions ['colcon_pkg']
[1.272s] Level 1:colcon.colcon_core.package_identification:_identify(.) by extension 'colcon_pkg'
[1.272s] Level 1:colcon.colcon_core.package_identification:_identify(.) by extensions ['colcon_meta']
[1.272s] Level 1:colcon.colcon_core.package_identification:_identify(.) by extension 'colcon_meta'
[1.272s] Level 1:colcon.colcon_core.package_identification:_identify(.) by extensions ['ros']
[1.272s] Level 1:colcon.colcon_core.package_identification:_identify(.) by extension 'ros'
[1.319s] Level 1:colcon.colcon_core.package_identification:_identify(.) by extensions ['cmake', 'python']
[1.319s] Level 1:colcon.colcon_core.package_identification:_identify(.) by extension 'cmake'
[1.319s] Level 1:colcon.colcon_core.package_identification:_identify(.) by extension 'python'
[1.319s] Level 1:colcon.colcon_core.package_identification:_identify(.) by extensions ['python_setup_py']
[1.319s] Level 1:colcon.colcon_core.package_identification:_identify(.) by extension 'python_setup_py'
[1.320s] Level 1:colcon.colcon_core.package_identification:_identify(build) by extensions ['ignore', 'ignore_ament_install']
[1.320s] Level 1:colcon.colcon_core.package_identification:_identify(build) by extension 'ignore'
[1.321s] Level 1:colcon.colcon_core.package_identification:_identify(build) ignored
[1.321s] Level 1:colcon.colcon_core.package_identification:_identify(install) by extensions ['ignore', 'ignore_ament_install']
[1.322s] Level 1:colcon.colcon_core.package_identification:_identify(install) by extension 'ignore'
[1.322s] Level 1:colcon.colcon_core.package_identification:_identify(install) ignored
[1.323s] Level 1:colcon.colcon_core.package_identification:_identify(log) by extensions ['ignore', 'ignore_ament_install']
[1.323s] Level 1:colcon.colcon_core.package_identification:_identify(log) by extension 'ignore'
[1.323s] Level 1:colcon.colcon_core.package_identification:_identify(log) ignored
[1.324s] Level 1:colcon.colcon_core.package_identification:_identify(src) by extensions ['ignore', 'ignore_ament_install']
[1.324s] Level 1:colcon.colcon_core.package_identification:_identify(src) by extension 'ignore'
[1.324s] Level 1:colcon.colcon_core.package_identification:_identify(src) by extension 'ignore_ament_install'
[1.325s] Level 1:colcon.colcon_core.package_identification:_identify(src) by extensions ['colcon_pkg']
[1.325s] Level 1:colcon.colcon_core.package_identification:_identify(src) by extension 'colcon_pkg'
[1.325s] Level 1:colcon.colcon_core.package_identification:_identify(src) by extensions ['colcon_meta']
[1.325s] Level 1:colcon.colcon_core.package_identification:_identify(src) by extension 'colcon_meta'
[1.325s] Level 1:colcon.colcon_core.package_identification:_identify(src) by extensions ['ros']
[1.325s] Level 1:colcon.colcon_core.package_identification:_identify(src) by extension 'ros'
[1.326s] Level 1:colcon.colcon_core.package_identification:_identify(src) by extensions ['cmake', 'python']
[1.326s] Level 1:colcon.colcon_core.package_identification:_identify(src) by extension 'cmake'
[1.326s] Level 1:colcon.colcon_core.package_identification:_identify(src) by extension 'python'
[1.326s] Level 1:colcon.colcon_core.package_identification:_identify(src) by extensions ['python_setup_py']
[1.326s] Level 1:colcon.colcon_core.package_identification:_identify(src) by extension 'python_setup_py'
[1.327s] Level 1:colcon.colcon_core.package_identification:_identify(src/auto_nav) by extensions ['ignore', 'ignore_ament_install']
[1.327s] Level 1:colcon.colcon_core.package_identification:_identify(src/auto_nav) by extension 'ignore'
[1.327s] Level 1:colcon.colcon_core.package_identification:_identify(src/auto_nav) by extension 'ignore_ament_install'
[1.328s] Level 1:colcon.colcon_core.package_identification:_identify(src/auto_nav) by extensions ['colcon_pkg']
[1.328s] Level 1:colcon.colcon_core.package_identification:_identify(src/auto_nav) by extension 'colcon_pkg'
[1.328s] Level 1:colcon.colcon_core.package_identification:_identify(src/auto_nav) by extensions ['colcon_meta']
[1.328s] Level 1:colcon.colcon_core.package_identification:_identify(src/auto_nav) by extension 'colcon_meta'
[1.328s] Level 1:colcon.colcon_core.package_identification:_identify(src/auto_nav) by extensions ['ros']
[1.328s] Level 1:colcon.colcon_core.package_identification:_identify(src/auto_nav) by extension 'ros'
[1.337s] DEBUG:colcon.colcon_core.package_identification:Package 'src/auto_nav' with type 'ros.ament_python' and name 'auto_nav'
[1.338s] Level 1:colcon.colcon_core.package_identification:_identify(src/build) by extensions ['ignore', 'ignore_ament_install']
[1.338s] Level 1:colcon.colcon_core.package_identification:_identify(src/build) by extension 'ignore'
[1.338s] Level 1:colcon.colcon_core.package_identification:_identify(src/build) ignored
[1.339s] Level 1:colcon.colcon_core.package_identification:_identify(src/idkman) by extensions ['ignore', 'ignore_ament_install']
[1.339s] Level 1:colcon.colcon_core.package_identification:_identify(src/idkman) by extension 'ignore'
[1.339s] Level 1:colcon.colcon_core.package_identification:_identify(src/idkman) by extension 'ignore_ament_install'
[1.340s] Level 1:colcon.colcon_core.package_identification:_identify(src/idkman) by extensions ['colcon_pkg']
[1.340s] Level 1:colcon.colcon_core.package_identification:_identify(src/idkman) by extension 'colcon_pkg'
[1.340s] Level 1:colcon.colcon_core.package_identification:_identify(src/idkman) by extensions ['colcon_meta']
[1.340s] Level 1:colcon.colcon_core.package_identification:_identify(src/idkman) by extension 'colcon_meta'
[1.340s] Level 1:colcon.colcon_core.package_identification:_identify(src/idkman) by extensions ['ros']
[1.341s] Level 1:colcon.colcon_core.package_identification:_identify(src/idkman) by extension 'ros'
[1.343s] DEBUG:colcon.colcon_core.package_identification:Package 'src/idkman' with type 'ros.ament_python' and name 'idkman'
[1.344s] Level 1:colcon.colcon_core.package_identification:_identify(src/install) by extensions ['ignore', 'ignore_ament_install']
[1.344s] Level 1:colcon.colcon_core.package_identification:_identify(src/install) by extension 'ignore'
[1.345s] Level 1:colcon.colcon_core.package_identification:_identify(src/install) ignored
[1.345s] Level 1:colcon.colcon_core.package_identification:_identify(src/log) by extensions ['ignore', 'ignore_ament_install']
[1.346s] Level 1:colcon.colcon_core.package_identification:_identify(src/log) by extension 'ignore'
[1.346s] Level 1:colcon.colcon_core.package_identification:_identify(src/log) ignored
[1.346s] Level 1:colcon.colcon_core.package_discovery:discover_packages(recursive) using defaults
[1.346s] Level 1:colcon.colcon_core.package_discovery:discover_packages(ignore) discover
[1.346s] Level 1:colcon.colcon_core.package_discovery:discover_packages(ignore) using defaults
[1.346s] Level 1:colcon.colcon_core.package_discovery:discover_packages(path) discover
[1.347s] Level 1:colcon.colcon_core.package_discovery:discover_packages(path) using defaults
[1.431s] Level 5:colcon.colcon_core.verb:set package 'auto_nav' build argument 'cmake_args' from command line to 'None'
[1.431s] Level 5:colcon.colcon_core.verb:set package 'auto_nav' build argument 'cmake_target' from command line to 'None'
[1.431s] Level 5:colcon.colcon_core.verb:set package 'auto_nav' build argument 'cmake_target_skip_unavailable' from command line to 'False'
[1.431s] Level 5:colcon.colcon_core.verb:set package 'auto_nav' build argument 'cmake_clean_cache' from command line to 'False'
[1.431s] Level 5:colcon.colcon_core.verb:set package 'auto_nav' build argument 'cmake_clean_first' from command line to 'False'
[1.432s] Level 5:colcon.colcon_core.verb:set package 'auto_nav' build argument 'cmake_force_configure' from command line to 'False'
[1.432s] Level 5:colcon.colcon_core.verb:set package 'auto_nav' build argument 'ament_cmake_args' from command line to 'None'
[1.432s] Level 5:colcon.colcon_core.verb:set package 'auto_nav' build argument 'catkin_cmake_args' from command line to 'None'
[1.432s] Level 5:colcon.colcon_core.verb:set package 'auto_nav' build argument 'catkin_skip_building_tests' from command line to 'False'
[1.432s] DEBUG:colcon.colcon_core.verb:Building package 'auto_nav' with the following arguments: {'ament_cmake_args': None, 'build_base': '/home/ubuntu/eg2310-workspace/colcon_ws/build/auto_nav', 'catkin_cmake_args': None, 'catkin_skip_building_tests': False, 'cmake_args': None, 'cmake_clean_cache': False, 'cmake_clean_first': False, 'cmake_force_configure': False, 'cmake_target': None, 'cmake_target_skip_unavailable': False, 'install_base': '/home/ubuntu/eg2310-workspace/colcon_ws/install/auto_nav', 'merge_install': False, 'path': '/home/ubuntu/eg2310-workspace/colcon_ws/src/auto_nav', 'symlink_install': False, 'test_result_base': None}
[1.443s] Level 5:colcon.colcon_core.verb:set package 'idkman' build argument 'cmake_args' from command line to 'None'
[1.443s] Level 5:colcon.colcon_core.verb:set package 'idkman' build argument 'cmake_target' from command line to 'None'
[1.443s] Level 5:colcon.colcon_core.verb:set package 'idkman' build argument 'cmake_target_skip_unavailable' from command line to 'False'
[1.443s] Level 5:colcon.colcon_core.verb:set package 'idkman' build argument 'cmake_clean_cache' from command line to 'False'
[1.443s] Level 5:colcon.colcon_core.verb:set package 'idkman' build argument 'cmake_clean_first' from command line to 'False'
[1.443s] Level 5:colcon.colcon_core.verb:set package 'idkman' build argument 'cmake_force_configure' from command line to 'False'
[1.443s] Level 5:colcon.colcon_core.verb:set package 'idkman' build argument 'ament_cmake_args' from command line to 'None'
[1.444s] Level 5:colcon.colcon_core.verb:set package 'idkman' build argument 'catkin_cmake_args' from command line to 'None'
[1.444s] Level 5:colcon.colcon_core.verb:set package 'idkman' build argument 'catkin_skip_building_tests' from command line to 'False'
[1.444s] DEBUG:colcon.colcon_core.verb:Building package 'idkman' with the following arguments: {'ament_cmake_args': None, 'build_base': '/home/ubuntu/eg2310-workspace/colcon_ws/build/idkman', 'catkin_cmake_args': None, 'catkin_skip_building_tests': False, 'cmake_args': None, 'cmake_clean_cache': False, 'cmake_clean_first': False, 'cmake_force_configure': False, 'cmake_target': None, 'cmake_target_skip_unavailable': False, 'install_base': '/home/ubuntu/eg2310-workspace/colcon_ws/install/idkman', 'merge_install': False, 'path': '/home/ubuntu/eg2310-workspace/colcon_ws/src/idkman', 'symlink_install': False, 'test_result_base': None}
[1.445s] INFO:colcon.colcon_core.executor:Executing jobs using 'parallel' executor
[1.453s] DEBUG:colcon.colcon_parallel_executor.executor.parallel:run_until_complete
[1.454s] INFO:colcon.colcon_ros.task.ament_python.build:Building ROS package in '/home/ubuntu/eg2310-workspace/colcon_ws/src/auto_nav' with build type 'ament_python'
[1.455s] Level 1:colcon.colcon_core.shell:create_environment_hook('auto_nav', 'ament_prefix_path')
[1.470s] INFO:colcon.colcon_core.plugin_system:Skipping extension 'colcon_core.shell.bat': Not used on non-Windows systems
[1.471s] INFO:colcon.colcon_core.shell:Creating environment hook '/home/ubuntu/eg2310-workspace/colcon_ws/install/auto_nav/share/auto_nav/hook/ament_prefix_path.ps1'
[1.474s] INFO:colcon.colcon_core.shell:Creating environment descriptor '/home/ubuntu/eg2310-workspace/colcon_ws/install/auto_nav/share/auto_nav/hook/ament_prefix_path.dsv'
[1.476s] INFO:colcon.colcon_core.shell:Creating environment hook '/home/ubuntu/eg2310-workspace/colcon_ws/install/auto_nav/share/auto_nav/hook/ament_prefix_path.sh'
[1.480s] INFO:colcon.colcon_core.shell:Skip shell extension 'powershell' for command environment: Not usable outside of PowerShell
[1.480s] DEBUG:colcon.colcon_core.shell:Skip shell extension 'dsv' for command environment
[1.497s] DEBUG:colcon.colcon_core.shell:Ignoring prefix path '/opt/ros/foxy'
[1.507s] INFO:colcon.colcon_ros.task.ament_python.build:Building ROS package in '/home/ubuntu/eg2310-workspace/colcon_ws/src/idkman' with build type 'ament_python'
[1.508s] Level 1:colcon.colcon_core.shell:create_environment_hook('idkman', 'ament_prefix_path')
[1.511s] INFO:colcon.colcon_core.shell:Creating environment hook '/home/ubuntu/eg2310-workspace/colcon_ws/install/idkman/share/idkman/hook/ament_prefix_path.ps1'
[1.515s] INFO:colcon.colcon_core.shell:Creating environment descriptor '/home/ubuntu/eg2310-workspace/colcon_ws/install/idkman/share/idkman/hook/ament_prefix_path.dsv'
[1.517s] INFO:colcon.colcon_core.shell:Creating environment hook '/home/ubuntu/eg2310-workspace/colcon_ws/install/idkman/share/idkman/hook/ament_prefix_path.sh'
[1.520s] INFO:colcon.colcon_core.shell:Skip shell extension 'powershell' for command environment: Not usable outside of PowerShell
[1.521s] DEBUG:colcon.colcon_core.shell:Skip shell extension 'dsv' for command environment
[1.533s] DEBUG:colcon.colcon_core.shell:Ignoring prefix path '/opt/ros/foxy'
[2.476s] INFO:colcon.colcon_core.task.python.build:Building Python package in '/home/ubuntu/eg2310-workspace/colcon_ws/src/auto_nav'
[2.479s] INFO:colcon.colcon_core.shell:Skip shell extension 'powershell' for command environment: Not usable outside of PowerShell
[2.479s] DEBUG:colcon.colcon_core.shell:Skip shell extension 'dsv' for command environment
[2.491s] DEBUG:colcon.colcon_core.shell:Ignoring prefix path '/opt/ros/foxy'
[3.425s] INFO:colcon.colcon_core.task.python.build:Building Python package in '/home/ubuntu/eg2310-workspace/colcon_ws/src/idkman'
[3.428s] INFO:colcon.colcon_core.shell:Skip shell extension 'powershell' for command environment: Not usable outside of PowerShell
[3.429s] DEBUG:colcon.colcon_core.shell:Skip shell extension 'dsv' for command environment
[3.441s] DEBUG:colcon.colcon_core.shell:Ignoring prefix path '/opt/ros/foxy'
[3.462s] DEBUG:colcon.colcon_core.event_handler.log_command:Invoking command in '/home/ubuntu/eg2310-workspace/colcon_ws/src/auto_nav': PYTHONPATH=/home/ubuntu/eg2310-workspace/colcon_ws/install/auto_nav/lib/python3.8/site-packages:${PYTHONPATH} /usr/bin/python3 setup.py egg_info --egg-base ../../build/auto_nav build --build-base /home/ubuntu/eg2310-workspace/colcon_ws/build/auto_nav/build install --prefix /home/ubuntu/eg2310-workspace/colcon_ws/install/auto_nav --record /home/ubuntu/eg2310-workspace/colcon_ws/build/auto_nav/install.log --single-version-externally-managed
[3.498s] DEBUG:colcon.colcon_core.event_handler.log_command:Invoking command in '/home/ubuntu/eg2310-workspace/colcon_ws/src/idkman': PYTHONPATH=/home/ubuntu/eg2310-workspace/colcon_ws/install/idkman/lib/python3.8/site-packages:${PYTHONPATH} /usr/bin/python3 setup.py egg_info --egg-base ../../build/idkman build --build-base /home/ubuntu/eg2310-workspace/colcon_ws/build/idkman/build install --prefix /home/ubuntu/eg2310-workspace/colcon_ws/install/idkman --record /home/ubuntu/eg2310-workspace/colcon_ws/build/idkman/install.log --single-version-externally-managed
[4.891s] DEBUG:colcon.colcon_core.event_handler.log_command:Invoked command in '/home/ubuntu/eg2310-workspace/colcon_ws/src/auto_nav' returned '0': PYTHONPATH=/home/ubuntu/eg2310-workspace/colcon_ws/install/auto_nav/lib/python3.8/site-packages:${PYTHONPATH} /usr/bin/python3 setup.py egg_info --egg-base ../../build/auto_nav build --build-base /home/ubuntu/eg2310-workspace/colcon_ws/build/auto_nav/build install --prefix /home/ubuntu/eg2310-workspace/colcon_ws/install/auto_nav --record /home/ubuntu/eg2310-workspace/colcon_ws/build/auto_nav/install.log --single-version-externally-managed
[4.907s] Level 1:colcon.colcon_core.environment:checking '/home/ubuntu/eg2310-workspace/colcon_ws/install/auto_nav' for CMake module files
[4.911s] Level 1:colcon.colcon_core.environment:checking '/home/ubuntu/eg2310-workspace/colcon_ws/install/auto_nav' for CMake config files
[4.918s] Level 1:colcon.colcon_core.environment:checking '/home/ubuntu/eg2310-workspace/colcon_ws/install/auto_nav/lib'
[4.920s] Level 1:colcon.colcon_core.environment:checking '/home/ubuntu/eg2310-workspace/colcon_ws/install/auto_nav/bin'
[4.920s] Level 1:colcon.colcon_core.environment:checking '/home/ubuntu/eg2310-workspace/colcon_ws/install/auto_nav/lib/pkgconfig/auto_nav.pc'
[4.921s] Level 1:colcon.colcon_core.environment:checking '/home/ubuntu/eg2310-workspace/colcon_ws/install/auto_nav/lib/python3.8/site-packages'
[4.922s] Level 1:colcon.colcon_core.shell:create_environment_hook('auto_nav', 'pythonpath')
[4.927s] INFO:colcon.colcon_core.shell:Creating environment hook '/home/ubuntu/eg2310-workspace/colcon_ws/install/auto_nav/share/auto_nav/hook/pythonpath.ps1'
[4.931s] INFO:colcon.colcon_core.shell:Creating environment descriptor '/home/ubuntu/eg2310-workspace/colcon_ws/install/auto_nav/share/auto_nav/hook/pythonpath.dsv'
[4.934s] INFO:colcon.colcon_core.shell:Creating environment hook '/home/ubuntu/eg2310-workspace/colcon_ws/install/auto_nav/share/auto_nav/hook/pythonpath.sh'
[4.937s] Level 1:colcon.colcon_core.environment:create_environment_scripts_only(auto_nav)
[4.940s] INFO:colcon.colcon_core.shell:Creating package script '/home/ubuntu/eg2310-workspace/colcon_ws/install/auto_nav/share/auto_nav/package.ps1'
[4.945s] INFO:colcon.colcon_core.shell:Creating package descriptor '/home/ubuntu/eg2310-workspace/colcon_ws/install/auto_nav/share/auto_nav/package.dsv'
[4.950s] INFO:colcon.colcon_core.shell:Creating package script '/home/ubuntu/eg2310-workspace/colcon_ws/install/auto_nav/share/auto_nav/package.sh'
[4.956s] INFO:colcon.colcon_core.shell:Creating package script '/home/ubuntu/eg2310-workspace/colcon_ws/install/auto_nav/share/auto_nav/package.bash'
[4.960s] INFO:colcon.colcon_core.shell:Creating package script '/home/ubuntu/eg2310-workspace/colcon_ws/install/auto_nav/share/auto_nav/package.zsh'
[4.966s] Level 1:colcon.colcon_core.environment:create_file_with_runtime_dependencies(/home/ubuntu/eg2310-workspace/colcon_ws/install/auto_nav/share/colcon-core/packages/auto_nav)
[4.980s] Level 1:colcon.colcon_core.environment:checking '/home/ubuntu/eg2310-workspace/colcon_ws/install/idkman' for CMake module files
[4.982s] DEBUG:colcon.colcon_core.event_handler.log_command:Invoked command in '/home/ubuntu/eg2310-workspace/colcon_ws/src/idkman' returned '0': PYTHONPATH=/home/ubuntu/eg2310-workspace/colcon_ws/install/idkman/lib/python3.8/site-packages:${PYTHONPATH} /usr/bin/python3 setup.py egg_info --egg-base ../../build/idkman build --build-base /home/ubuntu/eg2310-workspace/colcon_ws/build/idkman/build install --prefix /home/ubuntu/eg2310-workspace/colcon_ws/install/idkman --record /home/ubuntu/eg2310-workspace/colcon_ws/build/idkman/install.log --single-version-externally-managed
[4.984s] Level 1:colcon.colcon_core.environment:checking '/home/ubuntu/eg2310-workspace/colcon_ws/install/idkman' for CMake config files
[4.987s] Level 1:colcon.colcon_core.environment:checking '/home/ubuntu/eg2310-workspace/colcon_ws/install/idkman/lib'
[4.988s] Level 1:colcon.colcon_core.environment:checking '/home/ubuntu/eg2310-workspace/colcon_ws/install/idkman/bin'
[4.988s] Level 1:colcon.colcon_core.environment:checking '/home/ubuntu/eg2310-workspace/colcon_ws/install/idkman/lib/pkgconfig/idkman.pc'
[4.988s] Level 1:colcon.colcon_core.environment:checking '/home/ubuntu/eg2310-workspace/colcon_ws/install/idkman/lib/python3.8/site-packages'
[4.988s] Level 1:colcon.colcon_core.shell:create_environment_hook('idkman', 'pythonpath')
[4.991s] INFO:colcon.colcon_core.shell:Creating environment hook '/home/ubuntu/eg2310-workspace/colcon_ws/install/idkman/share/idkman/hook/pythonpath.ps1'
[4.993s] INFO:colcon.colcon_core.shell:Creating environment descriptor '/home/ubuntu/eg2310-workspace/colcon_ws/install/idkman/share/idkman/hook/pythonpath.dsv'
[4.995s] INFO:colcon.colcon_core.shell:Creating environment hook '/home/ubuntu/eg2310-workspace/colcon_ws/install/idkman/share/idkman/hook/pythonpath.sh'
[4.997s] Level 1:colcon.colcon_core.environment:create_environment_scripts_only(idkman)
[5.000s] INFO:colcon.colcon_core.shell:Creating package script '/home/ubuntu/eg2310-workspace/colcon_ws/install/idkman/share/idkman/package.ps1'
[5.002s] INFO:colcon.colcon_core.shell:Creating package descriptor '/home/ubuntu/eg2310-workspace/colcon_ws/install/idkman/share/idkman/package.dsv'
[5.004s] INFO:colcon.colcon_core.shell:Creating package script '/home/ubuntu/eg2310-workspace/colcon_ws/install/idkman/share/idkman/package.sh'
[5.006s] INFO:colcon.colcon_core.shell:Creating package script '/home/ubuntu/eg2310-workspace/colcon_ws/install/idkman/share/idkman/package.bash'
[5.008s] INFO:colcon.colcon_core.shell:Creating package script '/home/ubuntu/eg2310-workspace/colcon_ws/install/idkman/share/idkman/package.zsh'
[5.010s] Level 1:colcon.colcon_core.environment:create_file_with_runtime_dependencies(/home/ubuntu/eg2310-workspace/colcon_ws/install/idkman/share/colcon-core/packages/idkman)
[5.011s] DEBUG:colcon.colcon_parallel_executor.executor.parallel:closing loop
[5.012s] DEBUG:colcon.colcon_parallel_executor.executor.parallel:loop closed
[5.013s] DEBUG:colcon.colcon_parallel_executor.executor.parallel:run_until_complete finished with '0'
[5.013s] DEBUG:colcon.colcon_core.event_reactor:joining thread
[5.037s] INFO:colcon.colcon_core.plugin_system:Skipping extension 'colcon_notification.desktop_notification.notify_send': Could not find 'notify-send'
[5.037s] INFO:colcon.colcon_core.plugin_system:Skipping extension 'colcon_notification.desktop_notification.terminal_notifier': Not used on non-Darwin systems
[5.038s] INFO:colcon.colcon_core.plugin_system:Skipping extension 'colcon_notification.desktop_notification.win32': Not used on non-Windows systems
[5.038s] INFO:colcon.colcon_notification.desktop_notification:Sending desktop notification using 'notify2'
[5.041s] DEBUG:colcon.colcon_notification.desktop_notification.notify2:Failed to initialize notify2: org.freedesktop.DBus.Error.ServiceUnknown: The name org.freedesktop.Notifications was not provided by any .service files
[5.041s] DEBUG:colcon.colcon_core.event_reactor:joined thread
[5.043s] INFO:colcon.colcon_core.shell:Creating prefix script '/home/ubuntu/eg2310-workspace/colcon_ws/install/local_setup.ps1'
[5.047s] INFO:colcon.colcon_core.shell:Creating prefix util module '/home/ubuntu/eg2310-workspace/colcon_ws/install/_local_setup_util_ps1.py'
[5.052s] INFO:colcon.colcon_core.shell:Creating prefix chain script '/home/ubuntu/eg2310-workspace/colcon_ws/install/setup.ps1'
[5.064s] INFO:colcon.colcon_core.shell:Creating prefix script '/home/ubuntu/eg2310-workspace/colcon_ws/install/local_setup.sh'
[5.070s] INFO:colcon.colcon_core.shell:Creating prefix util module '/home/ubuntu/eg2310-workspace/colcon_ws/install/_local_setup_util_sh.py'
[5.072s] INFO:colcon.colcon_core.shell:Creating prefix chain script '/home/ubuntu/eg2310-workspace/colcon_ws/install/setup.sh'
[5.084s] INFO:colcon.colcon_core.shell:Creating prefix script '/home/ubuntu/eg2310-workspace/colcon_ws/install/local_setup.bash'
[5.086s] INFO:colcon.colcon_core.shell:Creating prefix chain script '/home/ubuntu/eg2310-workspace/colcon_ws/install/setup.bash'
[5.098s] INFO:colcon.colcon_core.shell:Creating prefix script '/home/ubuntu/eg2310-workspace/colcon_ws/install/local_setup.zsh'
[5.100s] INFO:colcon.colcon_core.shell:Creating prefix chain script '/home/ubuntu/eg2310-workspace/colcon_ws/install/setup.zsh'
