[1.357s] Invoking command in '/home/ubuntu/eg2310_workspace/colcon-ws/src/auto_nav': PYTHONPATH=/home/ubuntu/eg2310_workspace/colcon-ws/install/auto_nav/lib/python3.8/site-packages:${PYTHONPATH} /usr/bin/python3 setup.py egg_info --egg-base ../../build/auto_nav build --build-base /home/ubuntu/eg2310_workspace/colcon-ws/build/auto_nav/build install --prefix /home/ubuntu/eg2310_workspace/colcon-ws/install/auto_nav --record /home/ubuntu/eg2310_workspace/colcon-ws/build/auto_nav/install.log --single-version-externally-managed
[2.446s] running egg_info
[2.448s] creating ../../build/auto_nav/auto_nav.egg-info
[2.448s] writing ../../build/auto_nav/auto_nav.egg-info/PKG-INFO
[2.449s] writing dependency_links to ../../build/auto_nav/auto_nav.egg-info/dependency_links.txt
[2.450s] writing entry points to ../../build/auto_nav/auto_nav.egg-info/entry_points.txt
[2.451s] writing requirements to ../../build/auto_nav/auto_nav.egg-info/requires.txt
[2.451s] writing top-level names to ../../build/auto_nav/auto_nav.egg-info/top_level.txt
[2.463s] writing manifest file '../../build/auto_nav/auto_nav.egg-info/SOURCES.txt'
[2.631s] reading manifest file '../../build/auto_nav/auto_nav.egg-info/SOURCES.txt'
[2.635s] writing manifest file '../../build/auto_nav/auto_nav.egg-info/SOURCES.txt'
[2.636s] running build
[2.636s] running build_py
[2.637s] creating /home/ubuntu/eg2310_workspace/colcon-ws/build/auto_nav/build
[2.637s] creating /home/ubuntu/eg2310_workspace/colcon-ws/build/auto_nav/build/lib
[2.638s] creating /home/ubuntu/eg2310_workspace/colcon-ws/build/auto_nav/build/lib/auto_nav
[2.638s] copying auto_nav/r2moverotate.py -> /home/ubuntu/eg2310_workspace/colcon-ws/build/auto_nav/build/lib/auto_nav
[2.639s] copying auto_nav/__init__.py -> /home/ubuntu/eg2310_workspace/colcon-ws/build/auto_nav/build/lib/auto_nav
[2.639s] copying auto_nav/setup.py -> /home/ubuntu/eg2310_workspace/colcon-ws/build/auto_nav/build/lib/auto_nav
[2.640s] copying auto_nav/r2occupancy2.py -> /home/ubuntu/eg2310_workspace/colcon-ws/build/auto_nav/build/lib/auto_nav
[2.640s] copying auto_nav/r2scanner.py -> /home/ubuntu/eg2310_workspace/colcon-ws/build/auto_nav/build/lib/auto_nav
[2.641s] copying auto_nav/r2auto_nav.py -> /home/ubuntu/eg2310_workspace/colcon-ws/build/auto_nav/build/lib/auto_nav
[2.642s] copying auto_nav/r2mover.py -> /home/ubuntu/eg2310_workspace/colcon-ws/build/auto_nav/build/lib/auto_nav
[2.643s] copying auto_nav/r2occupancy.py -> /home/ubuntu/eg2310_workspace/colcon-ws/build/auto_nav/build/lib/auto_nav
[2.644s] running install
[2.647s] running install_lib
[2.654s] creating /home/ubuntu/eg2310_workspace/colcon-ws/install/auto_nav/lib/python3.8/site-packages/auto_nav
[2.654s] copying /home/ubuntu/eg2310_workspace/colcon-ws/build/auto_nav/build/lib/auto_nav/r2moverotate.py -> /home/ubuntu/eg2310_workspace/colcon-ws/install/auto_nav/lib/python3.8/site-packages/auto_nav
[2.655s] copying /home/ubuntu/eg2310_workspace/colcon-ws/build/auto_nav/build/lib/auto_nav/__init__.py -> /home/ubuntu/eg2310_workspace/colcon-ws/install/auto_nav/lib/python3.8/site-packages/auto_nav
[2.656s] copying /home/ubuntu/eg2310_workspace/colcon-ws/build/auto_nav/build/lib/auto_nav/setup.py -> /home/ubuntu/eg2310_workspace/colcon-ws/install/auto_nav/lib/python3.8/site-packages/auto_nav
[2.656s] copying /home/ubuntu/eg2310_workspace/colcon-ws/build/auto_nav/build/lib/auto_nav/r2occupancy2.py -> /home/ubuntu/eg2310_workspace/colcon-ws/install/auto_nav/lib/python3.8/site-packages/auto_nav
[2.657s] copying /home/ubuntu/eg2310_workspace/colcon-ws/build/auto_nav/build/lib/auto_nav/r2scanner.py -> /home/ubuntu/eg2310_workspace/colcon-ws/install/auto_nav/lib/python3.8/site-packages/auto_nav
[2.658s] copying /home/ubuntu/eg2310_workspace/colcon-ws/build/auto_nav/build/lib/auto_nav/r2auto_nav.py -> /home/ubuntu/eg2310_workspace/colcon-ws/install/auto_nav/lib/python3.8/site-packages/auto_nav
[2.659s] copying /home/ubuntu/eg2310_workspace/colcon-ws/build/auto_nav/build/lib/auto_nav/r2mover.py -> /home/ubuntu/eg2310_workspace/colcon-ws/install/auto_nav/lib/python3.8/site-packages/auto_nav
[2.659s] copying /home/ubuntu/eg2310_workspace/colcon-ws/build/auto_nav/build/lib/auto_nav/r2occupancy.py -> /home/ubuntu/eg2310_workspace/colcon-ws/install/auto_nav/lib/python3.8/site-packages/auto_nav
[2.662s] byte-compiling /home/ubuntu/eg2310_workspace/colcon-ws/install/auto_nav/lib/python3.8/site-packages/auto_nav/r2moverotate.py to r2moverotate.cpython-38.pyc
[2.670s] byte-compiling /home/ubuntu/eg2310_workspace/colcon-ws/install/auto_nav/lib/python3.8/site-packages/auto_nav/__init__.py to __init__.cpython-38.pyc
[2.671s] byte-compiling /home/ubuntu/eg2310_workspace/colcon-ws/install/auto_nav/lib/python3.8/site-packages/auto_nav/setup.py to setup.cpython-38.pyc
[2.673s] byte-compiling /home/ubuntu/eg2310_workspace/colcon-ws/install/auto_nav/lib/python3.8/site-packages/auto_nav/r2occupancy2.py to r2occupancy2.cpython-38.pyc
[2.676s] byte-compiling /home/ubuntu/eg2310_workspace/colcon-ws/install/auto_nav/lib/python3.8/site-packages/auto_nav/r2scanner.py to r2scanner.cpython-38.pyc
[2.678s] byte-compiling /home/ubuntu/eg2310_workspace/colcon-ws/install/auto_nav/lib/python3.8/site-packages/auto_nav/r2auto_nav.py to r2auto_nav.cpython-38.pyc
[2.706s] byte-compiling /home/ubuntu/eg2310_workspace/colcon-ws/install/auto_nav/lib/python3.8/site-packages/auto_nav/r2mover.py to r2mover.cpython-38.pyc
[2.707s] byte-compiling /home/ubuntu/eg2310_workspace/colcon-ws/install/auto_nav/lib/python3.8/site-packages/auto_nav/r2occupancy.py to r2occupancy.cpython-38.pyc
[2.709s] running install_data
[2.712s] creating /home/ubuntu/eg2310_workspace/colcon-ws/install/auto_nav/share/ament_index
[2.713s] creating /home/ubuntu/eg2310_workspace/colcon-ws/install/auto_nav/share/ament_index/resource_index
[2.713s] creating /home/ubuntu/eg2310_workspace/colcon-ws/install/auto_nav/share/ament_index/resource_index/packages
[2.714s] copying resource/auto_nav -> /home/ubuntu/eg2310_workspace/colcon-ws/install/auto_nav/share/ament_index/resource_index/packages
[2.714s] copying package.xml -> /home/ubuntu/eg2310_workspace/colcon-ws/install/auto_nav/share/auto_nav
[2.715s] running install_egg_info
[2.723s] Copying ../../build/auto_nav/auto_nav.egg-info to /home/ubuntu/eg2310_workspace/colcon-ws/install/auto_nav/lib/python3.8/site-packages/auto_nav-0.0.0-py3.8.egg-info
[2.728s] running install_scripts
[2.811s] writing list of installed files to '/home/ubuntu/eg2310_workspace/colcon-ws/build/auto_nav/install.log'
[2.906s] Invoked command in '/home/ubuntu/eg2310_workspace/colcon-ws/src/auto_nav' returned '0': PYTHONPATH=/home/ubuntu/eg2310_workspace/colcon-ws/install/auto_nav/lib/python3.8/site-packages:${PYTHONPATH} /usr/bin/python3 setup.py egg_info --egg-base ../../build/auto_nav build --build-base /home/ubuntu/eg2310_workspace/colcon-ws/build/auto_nav/build install --prefix /home/ubuntu/eg2310_workspace/colcon-ws/install/auto_nav --record /home/ubuntu/eg2310_workspace/colcon-ws/build/auto_nav/install.log --single-version-externally-managed
