[0.372s] DEBUG:colcon:Command line arguments: ['/usr/bin/colcon', 'build', '--symlink-install']
[0.372s] DEBUG:colcon:Parsed command line arguments: Namespace(ament_cmake_args=None, base_paths=['.'], build_base='build', catkin_cmake_args=None, catkin_skip_building_tests=False, cmake_args=None, cmake_clean_cache=False, cmake_clean_first=False, cmake_force_configure=False, cmake_target=None, cmake_target_skip_unavailable=False, continue_on_error=False, event_handlers=None, executor='parallel', ignore_user_meta=False, install_base='install', log_base=None, log_level=None, main=<bound method BuildVerb.main of <colcon_core.verb.build.BuildVerb object at 0x7514c63dad60>>, merge_install=False, metas=['./colcon.meta'], mixin=None, mixin_files=None, mixin_verb=('build',), packages_above=None, packages_above_and_dependencies=None, packages_above_depth=None, packages_end=None, packages_ignore=None, packages_ignore_regex=None, packages_select=None, packages_select_build_failed=False, packages_select_by_dep=None, packages_select_regex=None, packages_select_test_failures=False, packages_skip=None, packages_skip_build_finished=False, packages_skip_by_dep=None, packages_skip_regex=None, packages_skip_test_passed=False, packages_skip_up_to=None, packages_start=None, packages_up_to=None, packages_up_to_regex=None, parallel_workers=16, paths=None, symlink_install=True, test_result_base=None, verb_extension=<colcon_core.verb.build.BuildVerb object at 0x7514c63dad60>, verb_name='build', verb_parser=<colcon_mixin.mixin.mixin_argument.MixinArgumentDecorator object at 0x7514c63e9370>)
[0.407s] Level 1:colcon.colcon_core.package_discovery:discover_packages(colcon_meta) check parameters
[0.407s] Level 1:colcon.colcon_core.package_discovery:discover_packages(recursive) check parameters
[0.407s] Level 1:colcon.colcon_core.package_discovery:discover_packages(ignore) check parameters
[0.407s] Level 1:colcon.colcon_core.package_discovery:discover_packages(path) check parameters
[0.407s] Level 1:colcon.colcon_core.package_discovery:discover_packages(colcon_meta) discover
[0.407s] Level 1:colcon.colcon_core.package_discovery:discover_packages(recursive) discover
[0.407s] INFO:colcon.colcon_core.package_discovery:Crawling recursively for packages in '/home/eg2310-workspace/colcon_ws'
[0.407s] Level 1:colcon.colcon_core.package_identification:_identify(.) by extensions ['ignore', 'ignore_ament_install']
[0.407s] Level 1:colcon.colcon_core.package_identification:_identify(.) by extension 'ignore'
[0.407s] Level 1:colcon.colcon_core.package_identification:_identify(.) by extension 'ignore_ament_install'
[0.407s] Level 1:colcon.colcon_core.package_identification:_identify(.) by extensions ['colcon_pkg']
[0.407s] Level 1:colcon.colcon_core.package_identification:_identify(.) by extension 'colcon_pkg'
[0.407s] Level 1:colcon.colcon_core.package_identification:_identify(.) by extensions ['colcon_meta']
[0.407s] Level 1:colcon.colcon_core.package_identification:_identify(.) by extension 'colcon_meta'
[0.407s] Level 1:colcon.colcon_core.package_identification:_identify(.) by extensions ['ros']
[0.407s] Level 1:colcon.colcon_core.package_identification:_identify(.) by extension 'ros'
[0.428s] Level 1:colcon.colcon_core.package_identification:_identify(.) by extensions ['cmake', 'python']
[0.428s] Level 1:colcon.colcon_core.package_identification:_identify(.) by extension 'cmake'
[0.428s] Level 1:colcon.colcon_core.package_identification:_identify(.) by extension 'python'
[0.428s] Level 1:colcon.colcon_core.package_identification:_identify(.) by extensions ['python_setup_py']
[0.428s] Level 1:colcon.colcon_core.package_identification:_identify(.) by extension 'python_setup_py'
[0.428s] Level 1:colcon.colcon_core.package_identification:_identify(build) by extensions ['ignore', 'ignore_ament_install']
[0.428s] Level 1:colcon.colcon_core.package_identification:_identify(build) by extension 'ignore'
[0.428s] Level 1:colcon.colcon_core.package_identification:_identify(build) ignored
[0.428s] Level 1:colcon.colcon_core.package_identification:_identify(install) by extensions ['ignore', 'ignore_ament_install']
[0.428s] Level 1:colcon.colcon_core.package_identification:_identify(install) by extension 'ignore'
[0.428s] Level 1:colcon.colcon_core.package_identification:_identify(install) ignored
[0.428s] Level 1:colcon.colcon_core.package_identification:_identify(log) by extensions ['ignore', 'ignore_ament_install']
[0.428s] Level 1:colcon.colcon_core.package_identification:_identify(log) by extension 'ignore'
[0.429s] Level 1:colcon.colcon_core.package_identification:_identify(log) ignored
[0.429s] Level 1:colcon.colcon_core.package_identification:_identify(src) by extensions ['ignore', 'ignore_ament_install']
[0.429s] Level 1:colcon.colcon_core.package_identification:_identify(src) by extension 'ignore'
[0.429s] Level 1:colcon.colcon_core.package_identification:_identify(src) by extension 'ignore_ament_install'
[0.429s] Level 1:colcon.colcon_core.package_identification:_identify(src) by extensions ['colcon_pkg']
[0.429s] Level 1:colcon.colcon_core.package_identification:_identify(src) by extension 'colcon_pkg'
[0.429s] Level 1:colcon.colcon_core.package_identification:_identify(src) by extensions ['colcon_meta']
[0.429s] Level 1:colcon.colcon_core.package_identification:_identify(src) by extension 'colcon_meta'
[0.429s] Level 1:colcon.colcon_core.package_identification:_identify(src) by extensions ['ros']
[0.429s] Level 1:colcon.colcon_core.package_identification:_identify(src) by extension 'ros'
[0.429s] Level 1:colcon.colcon_core.package_identification:_identify(src) by extensions ['cmake', 'python']
[0.429s] Level 1:colcon.colcon_core.package_identification:_identify(src) by extension 'cmake'
[0.429s] Level 1:colcon.colcon_core.package_identification:_identify(src) by extension 'python'
[0.429s] Level 1:colcon.colcon_core.package_identification:_identify(src) by extensions ['python_setup_py']
[0.429s] Level 1:colcon.colcon_core.package_identification:_identify(src) by extension 'python_setup_py'
[0.429s] Level 1:colcon.colcon_core.package_identification:_identify(src/auto_nav) by extensions ['ignore', 'ignore_ament_install']
[0.429s] Level 1:colcon.colcon_core.package_identification:_identify(src/auto_nav) by extension 'ignore'
[0.429s] Level 1:colcon.colcon_core.package_identification:_identify(src/auto_nav) by extension 'ignore_ament_install'
[0.429s] Level 1:colcon.colcon_core.package_identification:_identify(src/auto_nav) by extensions ['colcon_pkg']
[0.429s] Level 1:colcon.colcon_core.package_identification:_identify(src/auto_nav) by extension 'colcon_pkg'
[0.429s] Level 1:colcon.colcon_core.package_identification:_identify(src/auto_nav) by extensions ['colcon_meta']
[0.429s] Level 1:colcon.colcon_core.package_identification:_identify(src/auto_nav) by extension 'colcon_meta'
[0.429s] Level 1:colcon.colcon_core.package_identification:_identify(src/auto_nav) by extensions ['ros']
[0.429s] Level 1:colcon.colcon_core.package_identification:_identify(src/auto_nav) by extension 'ros'
[0.432s] DEBUG:colcon.colcon_core.package_identification:Package 'src/auto_nav' with type 'ros.ament_python' and name 'auto_nav'
[0.432s] Level 1:colcon.colcon_core.package_identification:_identify(src/idkman) by extensions ['ignore', 'ignore_ament_install']
[0.432s] Level 1:colcon.colcon_core.package_identification:_identify(src/idkman) by extension 'ignore'
[0.432s] Level 1:colcon.colcon_core.package_identification:_identify(src/idkman) by extension 'ignore_ament_install'
[0.432s] Level 1:colcon.colcon_core.package_identification:_identify(src/idkman) by extensions ['colcon_pkg']
[0.432s] Level 1:colcon.colcon_core.package_identification:_identify(src/idkman) by extension 'colcon_pkg'
[0.432s] Level 1:colcon.colcon_core.package_identification:_identify(src/idkman) by extensions ['colcon_meta']
[0.432s] Level 1:colcon.colcon_core.package_identification:_identify(src/idkman) by extension 'colcon_meta'
[0.432s] Level 1:colcon.colcon_core.package_identification:_identify(src/idkman) by extensions ['ros']
[0.432s] Level 1:colcon.colcon_core.package_identification:_identify(src/idkman) by extension 'ros'
[0.433s] DEBUG:colcon.colcon_core.package_identification:Package 'src/idkman' with type 'ros.ament_python' and name 'idkman'
[0.433s] Level 1:colcon.colcon_core.package_identification:_identify(src/turtlebot3_simulations) by extensions ['ignore', 'ignore_ament_install']
[0.433s] Level 1:colcon.colcon_core.package_identification:_identify(src/turtlebot3_simulations) by extension 'ignore'
[0.433s] Level 1:colcon.colcon_core.package_identification:_identify(src/turtlebot3_simulations) by extension 'ignore_ament_install'
[0.433s] Level 1:colcon.colcon_core.package_identification:_identify(src/turtlebot3_simulations) by extensions ['colcon_pkg']
[0.433s] Level 1:colcon.colcon_core.package_identification:_identify(src/turtlebot3_simulations) by extension 'colcon_pkg'
[0.433s] Level 1:colcon.colcon_core.package_identification:_identify(src/turtlebot3_simulations) by extensions ['colcon_meta']
[0.433s] Level 1:colcon.colcon_core.package_identification:_identify(src/turtlebot3_simulations) by extension 'colcon_meta'
[0.433s] Level 1:colcon.colcon_core.package_identification:_identify(src/turtlebot3_simulations) by extensions ['ros']
[0.433s] Level 1:colcon.colcon_core.package_identification:_identify(src/turtlebot3_simulations) by extension 'ros'
[0.433s] Level 1:colcon.colcon_core.package_identification:_identify(src/turtlebot3_simulations) by extensions ['cmake', 'python']
[0.433s] Level 1:colcon.colcon_core.package_identification:_identify(src/turtlebot3_simulations) by extension 'cmake'
[0.433s] Level 1:colcon.colcon_core.package_identification:_identify(src/turtlebot3_simulations) by extension 'python'
[0.433s] Level 1:colcon.colcon_core.package_identification:_identify(src/turtlebot3_simulations) by extensions ['python_setup_py']
[0.433s] Level 1:colcon.colcon_core.package_identification:_identify(src/turtlebot3_simulations) by extension 'python_setup_py'
[0.434s] Level 1:colcon.colcon_core.package_identification:_identify(src/turtlebot3_simulations/turtlebot3_fake_node) by extensions ['ignore', 'ignore_ament_install']
[0.434s] Level 1:colcon.colcon_core.package_identification:_identify(src/turtlebot3_simulations/turtlebot3_fake_node) by extension 'ignore'
[0.434s] Level 1:colcon.colcon_core.package_identification:_identify(src/turtlebot3_simulations/turtlebot3_fake_node) by extension 'ignore_ament_install'
[0.434s] Level 1:colcon.colcon_core.package_identification:_identify(src/turtlebot3_simulations/turtlebot3_fake_node) by extensions ['colcon_pkg']
[0.434s] Level 1:colcon.colcon_core.package_identification:_identify(src/turtlebot3_simulations/turtlebot3_fake_node) by extension 'colcon_pkg'
[0.434s] Level 1:colcon.colcon_core.package_identification:_identify(src/turtlebot3_simulations/turtlebot3_fake_node) by extensions ['colcon_meta']
[0.434s] Level 1:colcon.colcon_core.package_identification:_identify(src/turtlebot3_simulations/turtlebot3_fake_node) by extension 'colcon_meta'
[0.434s] Level 1:colcon.colcon_core.package_identification:_identify(src/turtlebot3_simulations/turtlebot3_fake_node) by extensions ['ros']
[0.434s] Level 1:colcon.colcon_core.package_identification:_identify(src/turtlebot3_simulations/turtlebot3_fake_node) by extension 'ros'
[0.435s] DEBUG:colcon.colcon_core.package_identification:Package 'src/turtlebot3_simulations/turtlebot3_fake_node' with type 'ros.ament_cmake' and name 'turtlebot3_fake_node'
[0.435s] Level 1:colcon.colcon_core.package_identification:_identify(src/turtlebot3_simulations/turtlebot3_gazebo) by extensions ['ignore', 'ignore_ament_install']
[0.435s] Level 1:colcon.colcon_core.package_identification:_identify(src/turtlebot3_simulations/turtlebot3_gazebo) by extension 'ignore'
[0.435s] Level 1:colcon.colcon_core.package_identification:_identify(src/turtlebot3_simulations/turtlebot3_gazebo) by extension 'ignore_ament_install'
[0.435s] Level 1:colcon.colcon_core.package_identification:_identify(src/turtlebot3_simulations/turtlebot3_gazebo) by extensions ['colcon_pkg']
[0.435s] Level 1:colcon.colcon_core.package_identification:_identify(src/turtlebot3_simulations/turtlebot3_gazebo) by extension 'colcon_pkg'
[0.435s] Level 1:colcon.colcon_core.package_identification:_identify(src/turtlebot3_simulations/turtlebot3_gazebo) by extensions ['colcon_meta']
[0.435s] Level 1:colcon.colcon_core.package_identification:_identify(src/turtlebot3_simulations/turtlebot3_gazebo) by extension 'colcon_meta'
[0.435s] Level 1:colcon.colcon_core.package_identification:_identify(src/turtlebot3_simulations/turtlebot3_gazebo) by extensions ['ros']
[0.435s] Level 1:colcon.colcon_core.package_identification:_identify(src/turtlebot3_simulations/turtlebot3_gazebo) by extension 'ros'
[0.436s] DEBUG:colcon.colcon_core.package_identification:Package 'src/turtlebot3_simulations/turtlebot3_gazebo' with type 'ros.ament_cmake' and name 'turtlebot3_gazebo'
[0.436s] Level 1:colcon.colcon_core.package_identification:_identify(src/turtlebot3_simulations/turtlebot3_simulations) by extensions ['ignore', 'ignore_ament_install']
[0.436s] Level 1:colcon.colcon_core.package_identification:_identify(src/turtlebot3_simulations/turtlebot3_simulations) by extension 'ignore'
[0.436s] Level 1:colcon.colcon_core.package_identification:_identify(src/turtlebot3_simulations/turtlebot3_simulations) by extension 'ignore_ament_install'
[0.436s] Level 1:colcon.colcon_core.package_identification:_identify(src/turtlebot3_simulations/turtlebot3_simulations) by extensions ['colcon_pkg']
[0.436s] Level 1:colcon.colcon_core.package_identification:_identify(src/turtlebot3_simulations/turtlebot3_simulations) by extension 'colcon_pkg'
[0.436s] Level 1:colcon.colcon_core.package_identification:_identify(src/turtlebot3_simulations/turtlebot3_simulations) by extensions ['colcon_meta']
[0.436s] Level 1:colcon.colcon_core.package_identification:_identify(src/turtlebot3_simulations/turtlebot3_simulations) by extension 'colcon_meta'
[0.436s] Level 1:colcon.colcon_core.package_identification:_identify(src/turtlebot3_simulations/turtlebot3_simulations) by extensions ['ros']
[0.436s] Level 1:colcon.colcon_core.package_identification:_identify(src/turtlebot3_simulations/turtlebot3_simulations) by extension 'ros'
[0.437s] DEBUG:colcon.colcon_core.package_identification:Package 'src/turtlebot3_simulations/turtlebot3_simulations' with type 'ros.ament_cmake' and name 'turtlebot3_simulations'
[0.437s] Level 1:colcon.colcon_core.package_discovery:discover_packages(recursive) using defaults
[0.437s] Level 1:colcon.colcon_core.package_discovery:discover_packages(ignore) discover
[0.437s] Level 1:colcon.colcon_core.package_discovery:discover_packages(ignore) using defaults
[0.437s] Level 1:colcon.colcon_core.package_discovery:discover_packages(path) discover
[0.437s] Level 1:colcon.colcon_core.package_discovery:discover_packages(path) using defaults
[0.460s] Level 5:colcon.colcon_core.verb:set package 'auto_nav' build argument 'cmake_args' from command line to 'None'
[0.460s] Level 5:colcon.colcon_core.verb:set package 'auto_nav' build argument 'cmake_target' from command line to 'None'
[0.460s] Level 5:colcon.colcon_core.verb:set package 'auto_nav' build argument 'cmake_target_skip_unavailable' from command line to 'False'
[0.460s] Level 5:colcon.colcon_core.verb:set package 'auto_nav' build argument 'cmake_clean_cache' from command line to 'False'
[0.460s] Level 5:colcon.colcon_core.verb:set package 'auto_nav' build argument 'cmake_clean_first' from command line to 'False'
[0.460s] Level 5:colcon.colcon_core.verb:set package 'auto_nav' build argument 'cmake_force_configure' from command line to 'False'
[0.460s] Level 5:colcon.colcon_core.verb:set package 'auto_nav' build argument 'ament_cmake_args' from command line to 'None'
[0.460s] Level 5:colcon.colcon_core.verb:set package 'auto_nav' build argument 'catkin_cmake_args' from command line to 'None'
[0.460s] Level 5:colcon.colcon_core.verb:set package 'auto_nav' build argument 'catkin_skip_building_tests' from command line to 'False'
[0.461s] DEBUG:colcon.colcon_core.verb:Building package 'auto_nav' with the following arguments: {'ament_cmake_args': None, 'build_base': '/home/eg2310-workspace/colcon_ws/build/auto_nav', 'catkin_cmake_args': None, 'catkin_skip_building_tests': False, 'cmake_args': None, 'cmake_clean_cache': False, 'cmake_clean_first': False, 'cmake_force_configure': False, 'cmake_target': None, 'cmake_target_skip_unavailable': False, 'install_base': '/home/eg2310-workspace/colcon_ws/install/auto_nav', 'merge_install': False, 'path': '/home/eg2310-workspace/colcon_ws/src/auto_nav', 'symlink_install': True, 'test_result_base': None}
[0.461s] Level 5:colcon.colcon_core.verb:set package 'idkman' build argument 'cmake_args' from command line to 'None'
[0.461s] Level 5:colcon.colcon_core.verb:set package 'idkman' build argument 'cmake_target' from command line to 'None'
[0.461s] Level 5:colcon.colcon_core.verb:set package 'idkman' build argument 'cmake_target_skip_unavailable' from command line to 'False'
[0.461s] Level 5:colcon.colcon_core.verb:set package 'idkman' build argument 'cmake_clean_cache' from command line to 'False'
[0.461s] Level 5:colcon.colcon_core.verb:set package 'idkman' build argument 'cmake_clean_first' from command line to 'False'
[0.461s] Level 5:colcon.colcon_core.verb:set package 'idkman' build argument 'cmake_force_configure' from command line to 'False'
[0.461s] Level 5:colcon.colcon_core.verb:set package 'idkman' build argument 'ament_cmake_args' from command line to 'None'
[0.461s] Level 5:colcon.colcon_core.verb:set package 'idkman' build argument 'catkin_cmake_args' from command line to 'None'
[0.461s] Level 5:colcon.colcon_core.verb:set package 'idkman' build argument 'catkin_skip_building_tests' from command line to 'False'
[0.461s] DEBUG:colcon.colcon_core.verb:Building package 'idkman' with the following arguments: {'ament_cmake_args': None, 'build_base': '/home/eg2310-workspace/colcon_ws/build/idkman', 'catkin_cmake_args': None, 'catkin_skip_building_tests': False, 'cmake_args': None, 'cmake_clean_cache': False, 'cmake_clean_first': False, 'cmake_force_configure': False, 'cmake_target': None, 'cmake_target_skip_unavailable': False, 'install_base': '/home/eg2310-workspace/colcon_ws/install/idkman', 'merge_install': False, 'path': '/home/eg2310-workspace/colcon_ws/src/idkman', 'symlink_install': True, 'test_result_base': None}
[0.462s] Level 5:colcon.colcon_core.verb:set package 'turtlebot3_fake_node' build argument 'cmake_args' from command line to 'None'
[0.462s] Level 5:colcon.colcon_core.verb:set package 'turtlebot3_fake_node' build argument 'cmake_target' from command line to 'None'
[0.462s] Level 5:colcon.colcon_core.verb:set package 'turtlebot3_fake_node' build argument 'cmake_target_skip_unavailable' from command line to 'False'
[0.462s] Level 5:colcon.colcon_core.verb:set package 'turtlebot3_fake_node' build argument 'cmake_clean_cache' from command line to 'False'
[0.462s] Level 5:colcon.colcon_core.verb:set package 'turtlebot3_fake_node' build argument 'cmake_clean_first' from command line to 'False'
[0.462s] Level 5:colcon.colcon_core.verb:set package 'turtlebot3_fake_node' build argument 'cmake_force_configure' from command line to 'False'
[0.462s] Level 5:colcon.colcon_core.verb:set package 'turtlebot3_fake_node' build argument 'ament_cmake_args' from command line to 'None'
[0.462s] Level 5:colcon.colcon_core.verb:set package 'turtlebot3_fake_node' build argument 'catkin_cmake_args' from command line to 'None'
[0.462s] Level 5:colcon.colcon_core.verb:set package 'turtlebot3_fake_node' build argument 'catkin_skip_building_tests' from command line to 'False'
[0.462s] DEBUG:colcon.colcon_core.verb:Building package 'turtlebot3_fake_node' with the following arguments: {'ament_cmake_args': None, 'build_base': '/home/eg2310-workspace/colcon_ws/build/turtlebot3_fake_node', 'catkin_cmake_args': None, 'catkin_skip_building_tests': False, 'cmake_args': None, 'cmake_clean_cache': False, 'cmake_clean_first': False, 'cmake_force_configure': False, 'cmake_target': None, 'cmake_target_skip_unavailable': False, 'install_base': '/home/eg2310-workspace/colcon_ws/install/turtlebot3_fake_node', 'merge_install': False, 'path': '/home/eg2310-workspace/colcon_ws/src/turtlebot3_simulations/turtlebot3_fake_node', 'symlink_install': True, 'test_result_base': None}
[0.463s] Level 5:colcon.colcon_core.verb:set package 'turtlebot3_gazebo' build argument 'cmake_args' from command line to 'None'
[0.463s] Level 5:colcon.colcon_core.verb:set package 'turtlebot3_gazebo' build argument 'cmake_target' from command line to 'None'
[0.463s] Level 5:colcon.colcon_core.verb:set package 'turtlebot3_gazebo' build argument 'cmake_target_skip_unavailable' from command line to 'False'
[0.463s] Level 5:colcon.colcon_core.verb:set package 'turtlebot3_gazebo' build argument 'cmake_clean_cache' from command line to 'False'
[0.463s] Level 5:colcon.colcon_core.verb:set package 'turtlebot3_gazebo' build argument 'cmake_clean_first' from command line to 'False'
[0.463s] Level 5:colcon.colcon_core.verb:set package 'turtlebot3_gazebo' build argument 'cmake_force_configure' from command line to 'False'
[0.463s] Level 5:colcon.colcon_core.verb:set package 'turtlebot3_gazebo' build argument 'ament_cmake_args' from command line to 'None'
[0.463s] Level 5:colcon.colcon_core.verb:set package 'turtlebot3_gazebo' build argument 'catkin_cmake_args' from command line to 'None'
[0.463s] Level 5:colcon.colcon_core.verb:set package 'turtlebot3_gazebo' build argument 'catkin_skip_building_tests' from command line to 'False'
[0.463s] DEBUG:colcon.colcon_core.verb:Building package 'turtlebot3_gazebo' with the following arguments: {'ament_cmake_args': None, 'build_base': '/home/eg2310-workspace/colcon_ws/build/turtlebot3_gazebo', 'catkin_cmake_args': None, 'catkin_skip_building_tests': False, 'cmake_args': None, 'cmake_clean_cache': False, 'cmake_clean_first': False, 'cmake_force_configure': False, 'cmake_target': None, 'cmake_target_skip_unavailable': False, 'install_base': '/home/eg2310-workspace/colcon_ws/install/turtlebot3_gazebo', 'merge_install': False, 'path': '/home/eg2310-workspace/colcon_ws/src/turtlebot3_simulations/turtlebot3_gazebo', 'symlink_install': True, 'test_result_base': None}
[0.464s] Level 5:colcon.colcon_core.verb:set package 'turtlebot3_simulations' build argument 'cmake_args' from command line to 'None'
[0.464s] Level 5:colcon.colcon_core.verb:set package 'turtlebot3_simulations' build argument 'cmake_target' from command line to 'None'
[0.464s] Level 5:colcon.colcon_core.verb:set package 'turtlebot3_simulations' build argument 'cmake_target_skip_unavailable' from command line to 'False'
[0.464s] Level 5:colcon.colcon_core.verb:set package 'turtlebot3_simulations' build argument 'cmake_clean_cache' from command line to 'False'
[0.464s] Level 5:colcon.colcon_core.verb:set package 'turtlebot3_simulations' build argument 'cmake_clean_first' from command line to 'False'
[0.464s] Level 5:colcon.colcon_core.verb:set package 'turtlebot3_simulations' build argument 'cmake_force_configure' from command line to 'False'
[0.464s] Level 5:colcon.colcon_core.verb:set package 'turtlebot3_simulations' build argument 'ament_cmake_args' from command line to 'None'
[0.464s] Level 5:colcon.colcon_core.verb:set package 'turtlebot3_simulations' build argument 'catkin_cmake_args' from command line to 'None'
[0.464s] Level 5:colcon.colcon_core.verb:set package 'turtlebot3_simulations' build argument 'catkin_skip_building_tests' from command line to 'False'
[0.464s] DEBUG:colcon.colcon_core.verb:Building package 'turtlebot3_simulations' with the following arguments: {'ament_cmake_args': None, 'build_base': '/home/eg2310-workspace/colcon_ws/build/turtlebot3_simulations', 'catkin_cmake_args': None, 'catkin_skip_building_tests': False, 'cmake_args': None, 'cmake_clean_cache': False, 'cmake_clean_first': False, 'cmake_force_configure': False, 'cmake_target': None, 'cmake_target_skip_unavailable': False, 'install_base': '/home/eg2310-workspace/colcon_ws/install/turtlebot3_simulations', 'merge_install': False, 'path': '/home/eg2310-workspace/colcon_ws/src/turtlebot3_simulations/turtlebot3_simulations', 'symlink_install': True, 'test_result_base': None}
[0.465s] INFO:colcon.colcon_core.executor:Executing jobs using 'parallel' executor
[0.467s] DEBUG:colcon.colcon_parallel_executor.executor.parallel:run_until_complete
[0.468s] INFO:colcon.colcon_ros.task.ament_cmake.build:Building ROS package in '/home/eg2310-workspace/colcon_ws/src/turtlebot3_simulations/turtlebot3_fake_node' with build type 'ament_cmake'
[0.468s] INFO:colcon.colcon_cmake.task.cmake.build:Building CMake package in '/home/eg2310-workspace/colcon_ws/src/turtlebot3_simulations/turtlebot3_fake_node'
[0.474s] INFO:colcon.colcon_core.plugin_system:Skipping extension 'colcon_core.shell.bat': Not used on non-Windows systems
[0.475s] INFO:colcon.colcon_core.shell:Skip shell extension 'powershell' for command environment: Not usable outside of PowerShell
[0.475s] DEBUG:colcon.colcon_core.shell:Skip shell extension 'dsv' for command environment
[0.485s] INFO:colcon.colcon_ros.task.ament_cmake.build:Building ROS package in '/home/eg2310-workspace/colcon_ws/src/turtlebot3_simulations/turtlebot3_gazebo' with build type 'ament_cmake'
[0.485s] INFO:colcon.colcon_cmake.task.cmake.build:Building CMake package in '/home/eg2310-workspace/colcon_ws/src/turtlebot3_simulations/turtlebot3_gazebo'
[0.487s] INFO:colcon.colcon_core.shell:Skip shell extension 'powershell' for command environment: Not usable outside of PowerShell
[0.487s] DEBUG:colcon.colcon_core.shell:Skip shell extension 'dsv' for command environment
[0.494s] INFO:colcon.colcon_ros.task.ament_python.build:Building ROS package in '/home/eg2310-workspace/colcon_ws/src/auto_nav' with build type 'ament_python'
[0.494s] Level 1:colcon.colcon_core.shell:create_environment_hook('auto_nav', 'ament_prefix_path')
[0.496s] INFO:colcon.colcon_core.shell:Creating environment hook '/home/eg2310-workspace/colcon_ws/install/auto_nav/share/auto_nav/hook/ament_prefix_path.ps1'
[0.497s] INFO:colcon.colcon_core.shell:Creating environment descriptor '/home/eg2310-workspace/colcon_ws/install/auto_nav/share/auto_nav/hook/ament_prefix_path.dsv'
[0.497s] INFO:colcon.colcon_core.shell:Creating environment hook '/home/eg2310-workspace/colcon_ws/install/auto_nav/share/auto_nav/hook/ament_prefix_path.sh'
[0.499s] INFO:colcon.colcon_core.shell:Skip shell extension 'powershell' for command environment: Not usable outside of PowerShell
[0.499s] DEBUG:colcon.colcon_core.shell:Skip shell extension 'dsv' for command environment
[0.508s] INFO:colcon.colcon_ros.task.ament_python.build:Building ROS package in '/home/eg2310-workspace/colcon_ws/src/idkman' with build type 'ament_python'
[0.508s] Level 1:colcon.colcon_core.shell:create_environment_hook('idkman', 'ament_prefix_path')
[0.510s] INFO:colcon.colcon_core.shell:Creating environment hook '/home/eg2310-workspace/colcon_ws/install/idkman/share/idkman/hook/ament_prefix_path.ps1'
[0.511s] INFO:colcon.colcon_core.shell:Creating environment descriptor '/home/eg2310-workspace/colcon_ws/install/idkman/share/idkman/hook/ament_prefix_path.dsv'
[0.511s] INFO:colcon.colcon_core.shell:Creating environment hook '/home/eg2310-workspace/colcon_ws/install/idkman/share/idkman/hook/ament_prefix_path.sh'
[0.513s] INFO:colcon.colcon_core.shell:Skip shell extension 'powershell' for command environment: Not usable outside of PowerShell
[0.513s] DEBUG:colcon.colcon_core.shell:Skip shell extension 'dsv' for command environment
[0.524s] DEBUG:colcon.colcon_core.event_handler.log_command:Invoking command in '/home/eg2310-workspace/colcon_ws/build/turtlebot3_fake_node': CMAKE_PREFIX_PATH=/home/eg2310-workspace/colcon_ws/install/idkman:/home/eg2310-workspace/colcon_ws/install/auto_nav:/opt/ros/foxy /usr/bin/cmake /home/eg2310-workspace/colcon_ws/src/turtlebot3_simulations/turtlebot3_fake_node -DAMENT_CMAKE_SYMLINK_INSTALL=1 -DCMAKE_INSTALL_PREFIX=/home/eg2310-workspace/colcon_ws/install/turtlebot3_fake_node
[0.534s] DEBUG:colcon.colcon_core.event_handler.log_command:Invoking command in '/home/eg2310-workspace/colcon_ws/build/turtlebot3_gazebo': CMAKE_PREFIX_PATH=/home/eg2310-workspace/colcon_ws/install/idkman:/home/eg2310-workspace/colcon_ws/install/auto_nav:/opt/ros/foxy /usr/bin/cmake /home/eg2310-workspace/colcon_ws/src/turtlebot3_simulations/turtlebot3_gazebo -DAMENT_CMAKE_SYMLINK_INSTALL=1 -DCMAKE_INSTALL_PREFIX=/home/eg2310-workspace/colcon_ws/install/turtlebot3_gazebo
[0.737s] INFO:colcon.colcon_core.task.python.build:Building Python package in '/home/eg2310-workspace/colcon_ws/src/auto_nav'
[0.739s] INFO:colcon.colcon_core.shell:Skip shell extension 'powershell' for command environment: Not usable outside of PowerShell
[0.739s] DEBUG:colcon.colcon_core.shell:Skip shell extension 'dsv' for command environment
[0.983s] INFO:colcon.colcon_core.task.python.build:Building Python package in '/home/eg2310-workspace/colcon_ws/src/idkman'
[0.985s] INFO:colcon.colcon_core.shell:Skip shell extension 'powershell' for command environment: Not usable outside of PowerShell
[0.985s] DEBUG:colcon.colcon_core.shell:Skip shell extension 'dsv' for command environment
[1.532s] DEBUG:colcon.colcon_core.event_handler.log_command:Invoking command in '/home/eg2310-workspace/colcon_ws/build/auto_nav': PYTHONPATH=/home/eg2310-workspace/colcon_ws/build/auto_nav/prefix_override:/home/eg2310-workspace/colcon_ws/install/auto_nav/lib/python3.8/site-packages:${PYTHONPATH} /usr/bin/python3 setup.py develop --editable --build-directory /home/eg2310-workspace/colcon_ws/build/auto_nav/build --no-deps install_data
[1.539s] DEBUG:colcon.colcon_core.event_handler.log_command:Invoking command in '/home/eg2310-workspace/colcon_ws/build/idkman': PYTHONPATH=/home/eg2310-workspace/colcon_ws/build/idkman/prefix_override:/home/eg2310-workspace/colcon_ws/install/idkman/lib/python3.8/site-packages:${PYTHONPATH} /usr/bin/python3 setup.py develop --editable --build-directory /home/eg2310-workspace/colcon_ws/build/idkman/build --no-deps install_data
[1.961s] Level 1:colcon.colcon_core.shell:create_environment_hook('idkman', 'pythonpath_develop')
[1.962s] INFO:colcon.colcon_core.shell:Creating environment hook '/home/eg2310-workspace/colcon_ws/build/idkman/share/idkman/hook/pythonpath_develop.ps1'
[1.963s] DEBUG:colcon.colcon_core.event_handler.log_command:Invoked command in '/home/eg2310-workspace/colcon_ws/build/idkman' returned '0': PYTHONPATH=/home/eg2310-workspace/colcon_ws/build/idkman/prefix_override:/home/eg2310-workspace/colcon_ws/install/idkman/lib/python3.8/site-packages:${PYTHONPATH} /usr/bin/python3 setup.py develop --editable --build-directory /home/eg2310-workspace/colcon_ws/build/idkman/build --no-deps install_data
[1.963s] INFO:colcon.colcon_core.shell:Creating environment descriptor '/home/eg2310-workspace/colcon_ws/build/idkman/share/idkman/hook/pythonpath_develop.dsv'
[1.964s] INFO:colcon.colcon_core.shell:Creating environment hook '/home/eg2310-workspace/colcon_ws/build/idkman/share/idkman/hook/pythonpath_develop.sh'
[1.972s] Level 1:colcon.colcon_core.environment:checking '/home/eg2310-workspace/colcon_ws/install/idkman' for CMake module files
[1.972s] Level 1:colcon.colcon_core.environment:checking '/home/eg2310-workspace/colcon_ws/install/idkman' for CMake config files
[1.973s] Level 1:colcon.colcon_core.environment:checking '/home/eg2310-workspace/colcon_ws/install/idkman/lib'
[1.973s] Level 1:colcon.colcon_core.environment:checking '/home/eg2310-workspace/colcon_ws/install/idkman/bin'
[1.973s] Level 1:colcon.colcon_core.environment:checking '/home/eg2310-workspace/colcon_ws/install/idkman/lib/pkgconfig/idkman.pc'
[1.974s] Level 1:colcon.colcon_core.environment:checking '/home/eg2310-workspace/colcon_ws/install/idkman/lib/python3.8/site-packages'
[1.974s] Level 1:colcon.colcon_core.shell:create_environment_hook('idkman', 'pythonpath')
[1.975s] INFO:colcon.colcon_core.shell:Creating environment hook '/home/eg2310-workspace/colcon_ws/install/idkman/share/idkman/hook/pythonpath.ps1'
[1.975s] INFO:colcon.colcon_core.shell:Creating environment descriptor '/home/eg2310-workspace/colcon_ws/install/idkman/share/idkman/hook/pythonpath.dsv'
[1.976s] INFO:colcon.colcon_core.shell:Creating environment hook '/home/eg2310-workspace/colcon_ws/install/idkman/share/idkman/hook/pythonpath.sh'
[1.976s] Level 1:colcon.colcon_core.environment:checking '/home/eg2310-workspace/colcon_ws/install/idkman/bin'
[1.976s] Level 1:colcon.colcon_core.environment:create_environment_scripts_only(idkman)
[1.977s] INFO:colcon.colcon_core.shell:Creating package script '/home/eg2310-workspace/colcon_ws/install/idkman/share/idkman/package.ps1'
[1.979s] INFO:colcon.colcon_core.shell:Creating package descriptor '/home/eg2310-workspace/colcon_ws/install/idkman/share/idkman/package.dsv'
[1.980s] INFO:colcon.colcon_core.shell:Creating package script '/home/eg2310-workspace/colcon_ws/install/idkman/share/idkman/package.sh'
[1.981s] INFO:colcon.colcon_core.shell:Creating package script '/home/eg2310-workspace/colcon_ws/install/idkman/share/idkman/package.bash'
[1.982s] INFO:colcon.colcon_core.shell:Creating package script '/home/eg2310-workspace/colcon_ws/install/idkman/share/idkman/package.zsh'
[1.983s] Level 1:colcon.colcon_core.environment:create_file_with_runtime_dependencies(/home/eg2310-workspace/colcon_ws/install/idkman/share/colcon-core/packages/idkman)
[1.985s] Level 1:colcon.colcon_core.shell:create_environment_hook('auto_nav', 'pythonpath_develop')
[1.986s] INFO:colcon.colcon_core.shell:Creating environment hook '/home/eg2310-workspace/colcon_ws/build/auto_nav/share/auto_nav/hook/pythonpath_develop.ps1'
[1.987s] DEBUG:colcon.colcon_core.event_handler.log_command:Invoked command in '/home/eg2310-workspace/colcon_ws/build/auto_nav' returned '0': PYTHONPATH=/home/eg2310-workspace/colcon_ws/build/auto_nav/prefix_override:/home/eg2310-workspace/colcon_ws/install/auto_nav/lib/python3.8/site-packages:${PYTHONPATH} /usr/bin/python3 setup.py develop --editable --build-directory /home/eg2310-workspace/colcon_ws/build/auto_nav/build --no-deps install_data
[1.987s] INFO:colcon.colcon_core.shell:Creating environment descriptor '/home/eg2310-workspace/colcon_ws/build/auto_nav/share/auto_nav/hook/pythonpath_develop.dsv'
[1.987s] INFO:colcon.colcon_core.shell:Creating environment hook '/home/eg2310-workspace/colcon_ws/build/auto_nav/share/auto_nav/hook/pythonpath_develop.sh'
[1.989s] Level 1:colcon.colcon_core.environment:checking '/home/eg2310-workspace/colcon_ws/install/auto_nav' for CMake module files
[1.990s] Level 1:colcon.colcon_core.environment:checking '/home/eg2310-workspace/colcon_ws/install/auto_nav' for CMake config files
[1.991s] Level 1:colcon.colcon_core.environment:checking '/home/eg2310-workspace/colcon_ws/install/auto_nav/lib'
[1.991s] Level 1:colcon.colcon_core.environment:checking '/home/eg2310-workspace/colcon_ws/install/auto_nav/bin'
[1.991s] Level 1:colcon.colcon_core.environment:checking '/home/eg2310-workspace/colcon_ws/install/auto_nav/lib/pkgconfig/auto_nav.pc'
[1.991s] Level 1:colcon.colcon_core.environment:checking '/home/eg2310-workspace/colcon_ws/install/auto_nav/lib/python3.8/site-packages'
[1.991s] Level 1:colcon.colcon_core.shell:create_environment_hook('auto_nav', 'pythonpath')
[1.993s] INFO:colcon.colcon_core.shell:Creating environment hook '/home/eg2310-workspace/colcon_ws/install/auto_nav/share/auto_nav/hook/pythonpath.ps1'
[1.993s] INFO:colcon.colcon_core.shell:Creating environment descriptor '/home/eg2310-workspace/colcon_ws/install/auto_nav/share/auto_nav/hook/pythonpath.dsv'
[1.994s] INFO:colcon.colcon_core.shell:Creating environment hook '/home/eg2310-workspace/colcon_ws/install/auto_nav/share/auto_nav/hook/pythonpath.sh'
[1.994s] Level 1:colcon.colcon_core.environment:checking '/home/eg2310-workspace/colcon_ws/install/auto_nav/bin'
[1.995s] Level 1:colcon.colcon_core.environment:create_environment_scripts_only(auto_nav)
[1.996s] INFO:colcon.colcon_core.shell:Creating package script '/home/eg2310-workspace/colcon_ws/install/auto_nav/share/auto_nav/package.ps1'
[1.996s] INFO:colcon.colcon_core.shell:Creating package descriptor '/home/eg2310-workspace/colcon_ws/install/auto_nav/share/auto_nav/package.dsv'
[1.997s] INFO:colcon.colcon_core.shell:Creating package script '/home/eg2310-workspace/colcon_ws/install/auto_nav/share/auto_nav/package.sh'
[1.997s] INFO:colcon.colcon_core.shell:Creating package script '/home/eg2310-workspace/colcon_ws/install/auto_nav/share/auto_nav/package.bash'
[1.998s] INFO:colcon.colcon_core.shell:Creating package script '/home/eg2310-workspace/colcon_ws/install/auto_nav/share/auto_nav/package.zsh'
[1.998s] Level 1:colcon.colcon_core.environment:create_file_with_runtime_dependencies(/home/eg2310-workspace/colcon_ws/install/auto_nav/share/colcon-core/packages/auto_nav)
[3.417s] DEBUG:colcon.colcon_core.event_handler.log_command:Invoked command in '/home/eg2310-workspace/colcon_ws/build/turtlebot3_fake_node' returned '0': CMAKE_PREFIX_PATH=/home/eg2310-workspace/colcon_ws/install/idkman:/home/eg2310-workspace/colcon_ws/install/auto_nav:/opt/ros/foxy /usr/bin/cmake /home/eg2310-workspace/colcon_ws/src/turtlebot3_simulations/turtlebot3_fake_node -DAMENT_CMAKE_SYMLINK_INSTALL=1 -DCMAKE_INSTALL_PREFIX=/home/eg2310-workspace/colcon_ws/install/turtlebot3_fake_node
[3.421s] DEBUG:colcon.colcon_core.event_handler.log_command:Invoking command in '/home/eg2310-workspace/colcon_ws/build/turtlebot3_fake_node': CMAKE_PREFIX_PATH=/home/eg2310-workspace/colcon_ws/install/idkman:/home/eg2310-workspace/colcon_ws/install/auto_nav:/opt/ros/foxy /usr/bin/cmake --build /home/eg2310-workspace/colcon_ws/build/turtlebot3_fake_node -- -j16 -l16
[5.159s] DEBUG:colcon.colcon_core.event_handler.log_command:Invoked command in '/home/eg2310-workspace/colcon_ws/build/turtlebot3_gazebo' returned '0': CMAKE_PREFIX_PATH=/home/eg2310-workspace/colcon_ws/install/idkman:/home/eg2310-workspace/colcon_ws/install/auto_nav:/opt/ros/foxy /usr/bin/cmake /home/eg2310-workspace/colcon_ws/src/turtlebot3_simulations/turtlebot3_gazebo -DAMENT_CMAKE_SYMLINK_INSTALL=1 -DCMAKE_INSTALL_PREFIX=/home/eg2310-workspace/colcon_ws/install/turtlebot3_gazebo
[5.160s] DEBUG:colcon.colcon_core.event_handler.log_command:Invoking command in '/home/eg2310-workspace/colcon_ws/build/turtlebot3_gazebo': CMAKE_PREFIX_PATH=/home/eg2310-workspace/colcon_ws/install/idkman:/home/eg2310-workspace/colcon_ws/install/auto_nav:/opt/ros/foxy /usr/bin/cmake --build /home/eg2310-workspace/colcon_ws/build/turtlebot3_gazebo -- -j16 -l16
[10.813s] DEBUG:colcon.colcon_core.event_handler.log_command:Invoked command in '/home/eg2310-workspace/colcon_ws/build/turtlebot3_fake_node' returned '0': CMAKE_PREFIX_PATH=/home/eg2310-workspace/colcon_ws/install/idkman:/home/eg2310-workspace/colcon_ws/install/auto_nav:/opt/ros/foxy /usr/bin/cmake --build /home/eg2310-workspace/colcon_ws/build/turtlebot3_fake_node -- -j16 -l16
[10.878s] DEBUG:colcon.colcon_core.event_handler.log_command:Invoking command in '/home/eg2310-workspace/colcon_ws/build/turtlebot3_fake_node': CMAKE_PREFIX_PATH=/home/eg2310-workspace/colcon_ws/install/idkman:/home/eg2310-workspace/colcon_ws/install/auto_nav:/opt/ros/foxy /usr/bin/cmake --install /home/eg2310-workspace/colcon_ws/build/turtlebot3_fake_node
[11.330s] Level 1:colcon.colcon_core.environment:create_environment_scripts_only(turtlebot3_fake_node)
[11.332s] Level 1:colcon.colcon_core.environment:checking '/home/eg2310-workspace/colcon_ws/install/turtlebot3_fake_node' for CMake module files
[11.333s] DEBUG:colcon.colcon_core.event_handler.log_command:Invoked command in '/home/eg2310-workspace/colcon_ws/build/turtlebot3_fake_node' returned '0': CMAKE_PREFIX_PATH=/home/eg2310-workspace/colcon_ws/install/idkman:/home/eg2310-workspace/colcon_ws/install/auto_nav:/opt/ros/foxy /usr/bin/cmake --install /home/eg2310-workspace/colcon_ws/build/turtlebot3_fake_node
[11.333s] Level 1:colcon.colcon_core.environment:checking '/home/eg2310-workspace/colcon_ws/install/turtlebot3_fake_node' for CMake config files
[11.334s] Level 1:colcon.colcon_core.shell:create_environment_hook('turtlebot3_fake_node', 'cmake_prefix_path')
[11.336s] INFO:colcon.colcon_core.shell:Creating environment hook '/home/eg2310-workspace/colcon_ws/install/turtlebot3_fake_node/share/turtlebot3_fake_node/hook/cmake_prefix_path.ps1'
[11.338s] INFO:colcon.colcon_core.shell:Creating environment descriptor '/home/eg2310-workspace/colcon_ws/install/turtlebot3_fake_node/share/turtlebot3_fake_node/hook/cmake_prefix_path.dsv'
[11.338s] INFO:colcon.colcon_core.shell:Creating environment hook '/home/eg2310-workspace/colcon_ws/install/turtlebot3_fake_node/share/turtlebot3_fake_node/hook/cmake_prefix_path.sh'
[11.339s] Level 1:colcon.colcon_core.environment:checking '/home/eg2310-workspace/colcon_ws/install/turtlebot3_fake_node/lib'
[11.339s] Level 1:colcon.colcon_core.environment:checking '/home/eg2310-workspace/colcon_ws/install/turtlebot3_fake_node/bin'
[11.339s] Level 1:colcon.colcon_core.environment:checking '/home/eg2310-workspace/colcon_ws/install/turtlebot3_fake_node/lib/pkgconfig/turtlebot3_fake_node.pc'
[11.339s] Level 1:colcon.colcon_core.environment:checking '/home/eg2310-workspace/colcon_ws/install/turtlebot3_fake_node/lib/python3.8/site-packages'
[11.339s] Level 1:colcon.colcon_core.environment:checking '/home/eg2310-workspace/colcon_ws/install/turtlebot3_fake_node/bin'
[11.341s] INFO:colcon.colcon_core.shell:Creating package script '/home/eg2310-workspace/colcon_ws/install/turtlebot3_fake_node/share/turtlebot3_fake_node/package.ps1'
[11.341s] INFO:colcon.colcon_core.shell:Creating package descriptor '/home/eg2310-workspace/colcon_ws/install/turtlebot3_fake_node/share/turtlebot3_fake_node/package.dsv'
[11.342s] INFO:colcon.colcon_core.shell:Creating package script '/home/eg2310-workspace/colcon_ws/install/turtlebot3_fake_node/share/turtlebot3_fake_node/package.sh'
[11.342s] INFO:colcon.colcon_core.shell:Creating package script '/home/eg2310-workspace/colcon_ws/install/turtlebot3_fake_node/share/turtlebot3_fake_node/package.bash'
[11.343s] INFO:colcon.colcon_core.shell:Creating package script '/home/eg2310-workspace/colcon_ws/install/turtlebot3_fake_node/share/turtlebot3_fake_node/package.zsh'
[11.343s] Level 1:colcon.colcon_core.environment:create_file_with_runtime_dependencies(/home/eg2310-workspace/colcon_ws/install/turtlebot3_fake_node/share/colcon-core/packages/turtlebot3_fake_node)
[11.401s] Level 1:colcon.colcon_core.environment:create_environment_scripts_only(turtlebot3_fake_node)
[11.403s] Level 1:colcon.colcon_core.environment:checking '/home/eg2310-workspace/colcon_ws/install/turtlebot3_fake_node' for CMake module files
[11.403s] Level 1:colcon.colcon_core.environment:checking '/home/eg2310-workspace/colcon_ws/install/turtlebot3_fake_node' for CMake config files
[11.404s] Level 1:colcon.colcon_core.shell:create_environment_hook('turtlebot3_fake_node', 'cmake_prefix_path')
[11.405s] INFO:colcon.colcon_core.shell:Creating environment hook '/home/eg2310-workspace/colcon_ws/install/turtlebot3_fake_node/share/turtlebot3_fake_node/hook/cmake_prefix_path.ps1'
[11.406s] INFO:colcon.colcon_core.shell:Creating environment descriptor '/home/eg2310-workspace/colcon_ws/install/turtlebot3_fake_node/share/turtlebot3_fake_node/hook/cmake_prefix_path.dsv'
[11.406s] INFO:colcon.colcon_core.shell:Creating environment hook '/home/eg2310-workspace/colcon_ws/install/turtlebot3_fake_node/share/turtlebot3_fake_node/hook/cmake_prefix_path.sh'
[11.407s] Level 1:colcon.colcon_core.environment:checking '/home/eg2310-workspace/colcon_ws/install/turtlebot3_fake_node/lib'
[11.407s] Level 1:colcon.colcon_core.environment:checking '/home/eg2310-workspace/colcon_ws/install/turtlebot3_fake_node/bin'
[11.407s] Level 1:colcon.colcon_core.environment:checking '/home/eg2310-workspace/colcon_ws/install/turtlebot3_fake_node/lib/pkgconfig/turtlebot3_fake_node.pc'
[11.407s] Level 1:colcon.colcon_core.environment:checking '/home/eg2310-workspace/colcon_ws/install/turtlebot3_fake_node/lib/python3.8/site-packages'
[11.408s] Level 1:colcon.colcon_core.environment:checking '/home/eg2310-workspace/colcon_ws/install/turtlebot3_fake_node/bin'
[11.409s] INFO:colcon.colcon_core.shell:Creating package script '/home/eg2310-workspace/colcon_ws/install/turtlebot3_fake_node/share/turtlebot3_fake_node/package.ps1'
[11.409s] INFO:colcon.colcon_core.shell:Creating package descriptor '/home/eg2310-workspace/colcon_ws/install/turtlebot3_fake_node/share/turtlebot3_fake_node/package.dsv'
[11.410s] INFO:colcon.colcon_core.shell:Creating package script '/home/eg2310-workspace/colcon_ws/install/turtlebot3_fake_node/share/turtlebot3_fake_node/package.sh'
[11.411s] INFO:colcon.colcon_core.shell:Creating package script '/home/eg2310-workspace/colcon_ws/install/turtlebot3_fake_node/share/turtlebot3_fake_node/package.bash'
[11.411s] INFO:colcon.colcon_core.shell:Creating package script '/home/eg2310-workspace/colcon_ws/install/turtlebot3_fake_node/share/turtlebot3_fake_node/package.zsh'
[11.412s] Level 1:colcon.colcon_core.environment:create_file_with_runtime_dependencies(/home/eg2310-workspace/colcon_ws/install/turtlebot3_fake_node/share/colcon-core/packages/turtlebot3_fake_node)
[16.211s] DEBUG:colcon.colcon_core.event_handler.log_command:Invoked command in '/home/eg2310-workspace/colcon_ws/build/turtlebot3_gazebo' returned '0': CMAKE_PREFIX_PATH=/home/eg2310-workspace/colcon_ws/install/idkman:/home/eg2310-workspace/colcon_ws/install/auto_nav:/opt/ros/foxy /usr/bin/cmake --build /home/eg2310-workspace/colcon_ws/build/turtlebot3_gazebo -- -j16 -l16
[16.264s] DEBUG:colcon.colcon_core.event_handler.log_command:Invoking command in '/home/eg2310-workspace/colcon_ws/build/turtlebot3_gazebo': CMAKE_PREFIX_PATH=/home/eg2310-workspace/colcon_ws/install/idkman:/home/eg2310-workspace/colcon_ws/install/auto_nav:/opt/ros/foxy /usr/bin/cmake --install /home/eg2310-workspace/colcon_ws/build/turtlebot3_gazebo
[18.619s] Level 1:colcon.colcon_core.environment:create_environment_scripts_only(turtlebot3_gazebo)
[18.623s] Level 1:colcon.colcon_core.environment:checking '/home/eg2310-workspace/colcon_ws/install/turtlebot3_gazebo' for CMake module files
[18.624s] DEBUG:colcon.colcon_core.event_handler.log_command:Invoked command in '/home/eg2310-workspace/colcon_ws/build/turtlebot3_gazebo' returned '0': CMAKE_PREFIX_PATH=/home/eg2310-workspace/colcon_ws/install/idkman:/home/eg2310-workspace/colcon_ws/install/auto_nav:/opt/ros/foxy /usr/bin/cmake --install /home/eg2310-workspace/colcon_ws/build/turtlebot3_gazebo
[18.625s] Level 1:colcon.colcon_core.environment:checking '/home/eg2310-workspace/colcon_ws/install/turtlebot3_gazebo' for CMake config files
[18.629s] Level 1:colcon.colcon_core.shell:create_environment_hook('turtlebot3_gazebo', 'cmake_prefix_path')
[18.632s] INFO:colcon.colcon_core.shell:Creating environment hook '/home/eg2310-workspace/colcon_ws/install/turtlebot3_gazebo/share/turtlebot3_gazebo/hook/cmake_prefix_path.ps1'
[18.633s] INFO:colcon.colcon_core.shell:Creating environment descriptor '/home/eg2310-workspace/colcon_ws/install/turtlebot3_gazebo/share/turtlebot3_gazebo/hook/cmake_prefix_path.dsv'
[18.634s] INFO:colcon.colcon_core.shell:Creating environment hook '/home/eg2310-workspace/colcon_ws/install/turtlebot3_gazebo/share/turtlebot3_gazebo/hook/cmake_prefix_path.sh'
[18.635s] Level 1:colcon.colcon_core.environment:checking '/home/eg2310-workspace/colcon_ws/install/turtlebot3_gazebo/lib'
[18.635s] Level 1:colcon.colcon_core.environment:checking '/home/eg2310-workspace/colcon_ws/install/turtlebot3_gazebo/bin'
[18.635s] Level 1:colcon.colcon_core.environment:checking '/home/eg2310-workspace/colcon_ws/install/turtlebot3_gazebo/lib/pkgconfig/turtlebot3_gazebo.pc'
[18.635s] Level 1:colcon.colcon_core.environment:checking '/home/eg2310-workspace/colcon_ws/install/turtlebot3_gazebo/lib/python3.8/site-packages'
[18.636s] Level 1:colcon.colcon_core.environment:checking '/home/eg2310-workspace/colcon_ws/install/turtlebot3_gazebo/bin'
[18.638s] INFO:colcon.colcon_core.shell:Creating package script '/home/eg2310-workspace/colcon_ws/install/turtlebot3_gazebo/share/turtlebot3_gazebo/package.ps1'
[18.638s] INFO:colcon.colcon_core.shell:Creating package descriptor '/home/eg2310-workspace/colcon_ws/install/turtlebot3_gazebo/share/turtlebot3_gazebo/package.dsv'
[18.639s] INFO:colcon.colcon_core.shell:Creating package script '/home/eg2310-workspace/colcon_ws/install/turtlebot3_gazebo/share/turtlebot3_gazebo/package.sh'
[18.640s] INFO:colcon.colcon_core.shell:Creating package script '/home/eg2310-workspace/colcon_ws/install/turtlebot3_gazebo/share/turtlebot3_gazebo/package.bash'
[18.640s] INFO:colcon.colcon_core.shell:Creating package script '/home/eg2310-workspace/colcon_ws/install/turtlebot3_gazebo/share/turtlebot3_gazebo/package.zsh'
[18.641s] Level 1:colcon.colcon_core.environment:create_file_with_runtime_dependencies(/home/eg2310-workspace/colcon_ws/install/turtlebot3_gazebo/share/colcon-core/packages/turtlebot3_gazebo)
[18.706s] Level 1:colcon.colcon_core.environment:create_environment_scripts_only(turtlebot3_gazebo)
[18.708s] Level 1:colcon.colcon_core.environment:checking '/home/eg2310-workspace/colcon_ws/install/turtlebot3_gazebo' for CMake module files
[18.709s] Level 1:colcon.colcon_core.environment:checking '/home/eg2310-workspace/colcon_ws/install/turtlebot3_gazebo' for CMake config files
[18.711s] Level 1:colcon.colcon_core.shell:create_environment_hook('turtlebot3_gazebo', 'cmake_prefix_path')
[18.712s] INFO:colcon.colcon_core.shell:Creating environment hook '/home/eg2310-workspace/colcon_ws/install/turtlebot3_gazebo/share/turtlebot3_gazebo/hook/cmake_prefix_path.ps1'
[18.713s] INFO:colcon.colcon_core.shell:Creating environment descriptor '/home/eg2310-workspace/colcon_ws/install/turtlebot3_gazebo/share/turtlebot3_gazebo/hook/cmake_prefix_path.dsv'
[18.713s] INFO:colcon.colcon_core.shell:Creating environment hook '/home/eg2310-workspace/colcon_ws/install/turtlebot3_gazebo/share/turtlebot3_gazebo/hook/cmake_prefix_path.sh'
[18.714s] Level 1:colcon.colcon_core.environment:checking '/home/eg2310-workspace/colcon_ws/install/turtlebot3_gazebo/lib'
[18.714s] Level 1:colcon.colcon_core.environment:checking '/home/eg2310-workspace/colcon_ws/install/turtlebot3_gazebo/bin'
[18.714s] Level 1:colcon.colcon_core.environment:checking '/home/eg2310-workspace/colcon_ws/install/turtlebot3_gazebo/lib/pkgconfig/turtlebot3_gazebo.pc'
[18.714s] Level 1:colcon.colcon_core.environment:checking '/home/eg2310-workspace/colcon_ws/install/turtlebot3_gazebo/lib/python3.8/site-packages'
[18.715s] Level 1:colcon.colcon_core.environment:checking '/home/eg2310-workspace/colcon_ws/install/turtlebot3_gazebo/bin'
[18.716s] INFO:colcon.colcon_core.shell:Creating package script '/home/eg2310-workspace/colcon_ws/install/turtlebot3_gazebo/share/turtlebot3_gazebo/package.ps1'
[18.716s] INFO:colcon.colcon_core.shell:Creating package descriptor '/home/eg2310-workspace/colcon_ws/install/turtlebot3_gazebo/share/turtlebot3_gazebo/package.dsv'
[18.717s] INFO:colcon.colcon_core.shell:Creating package script '/home/eg2310-workspace/colcon_ws/install/turtlebot3_gazebo/share/turtlebot3_gazebo/package.sh'
[18.717s] INFO:colcon.colcon_core.shell:Creating package script '/home/eg2310-workspace/colcon_ws/install/turtlebot3_gazebo/share/turtlebot3_gazebo/package.bash'
[18.718s] INFO:colcon.colcon_core.shell:Creating package script '/home/eg2310-workspace/colcon_ws/install/turtlebot3_gazebo/share/turtlebot3_gazebo/package.zsh'
[18.718s] Level 1:colcon.colcon_core.environment:create_file_with_runtime_dependencies(/home/eg2310-workspace/colcon_ws/install/turtlebot3_gazebo/share/colcon-core/packages/turtlebot3_gazebo)
[18.718s] INFO:colcon.colcon_ros.task.ament_cmake.build:Building ROS package in '/home/eg2310-workspace/colcon_ws/src/turtlebot3_simulations/turtlebot3_simulations' with build type 'ament_cmake'
[18.718s] INFO:colcon.colcon_cmake.task.cmake.build:Building CMake package in '/home/eg2310-workspace/colcon_ws/src/turtlebot3_simulations/turtlebot3_simulations'
[18.720s] INFO:colcon.colcon_core.shell:Skip shell extension 'powershell' for command environment: Not usable outside of PowerShell
[18.720s] DEBUG:colcon.colcon_core.shell:Skip shell extension 'dsv' for command environment
[18.737s] DEBUG:colcon.colcon_core.event_handler.log_command:Invoking command in '/home/eg2310-workspace/colcon_ws/build/turtlebot3_simulations': AMENT_PREFIX_PATH=/home/eg2310-workspace/colcon_ws/install/turtlebot3_gazebo:/home/eg2310-workspace/colcon_ws/install/turtlebot3_fake_node:${AMENT_PREFIX_PATH} CMAKE_PREFIX_PATH=/home/eg2310-workspace/colcon_ws/install/turtlebot3_gazebo:/home/eg2310-workspace/colcon_ws/install/turtlebot3_fake_node:/home/eg2310-workspace/colcon_ws/install/idkman:/home/eg2310-workspace/colcon_ws/install/auto_nav:/opt/ros/foxy /usr/bin/cmake /home/eg2310-workspace/colcon_ws/src/turtlebot3_simulations/turtlebot3_simulations -DAMENT_CMAKE_SYMLINK_INSTALL=1 -DCMAKE_INSTALL_PREFIX=/home/eg2310-workspace/colcon_ws/install/turtlebot3_simulations
[19.699s] DEBUG:colcon.colcon_core.event_handler.log_command:Invoked command in '/home/eg2310-workspace/colcon_ws/build/turtlebot3_simulations' returned '0': AMENT_PREFIX_PATH=/home/eg2310-workspace/colcon_ws/install/turtlebot3_gazebo:/home/eg2310-workspace/colcon_ws/install/turtlebot3_fake_node:${AMENT_PREFIX_PATH} CMAKE_PREFIX_PATH=/home/eg2310-workspace/colcon_ws/install/turtlebot3_gazebo:/home/eg2310-workspace/colcon_ws/install/turtlebot3_fake_node:/home/eg2310-workspace/colcon_ws/install/idkman:/home/eg2310-workspace/colcon_ws/install/auto_nav:/opt/ros/foxy /usr/bin/cmake /home/eg2310-workspace/colcon_ws/src/turtlebot3_simulations/turtlebot3_simulations -DAMENT_CMAKE_SYMLINK_INSTALL=1 -DCMAKE_INSTALL_PREFIX=/home/eg2310-workspace/colcon_ws/install/turtlebot3_simulations
[19.703s] DEBUG:colcon.colcon_core.event_handler.log_command:Invoking command in '/home/eg2310-workspace/colcon_ws/build/turtlebot3_simulations': AMENT_PREFIX_PATH=/home/eg2310-workspace/colcon_ws/install/turtlebot3_gazebo:/home/eg2310-workspace/colcon_ws/install/turtlebot3_fake_node:${AMENT_PREFIX_PATH} CMAKE_PREFIX_PATH=/home/eg2310-workspace/colcon_ws/install/turtlebot3_gazebo:/home/eg2310-workspace/colcon_ws/install/turtlebot3_fake_node:/home/eg2310-workspace/colcon_ws/install/idkman:/home/eg2310-workspace/colcon_ws/install/auto_nav:/opt/ros/foxy /usr/bin/cmake --build /home/eg2310-workspace/colcon_ws/build/turtlebot3_simulations -- -j16 -l16
[19.785s] DEBUG:colcon.colcon_core.event_handler.log_command:Invoked command in '/home/eg2310-workspace/colcon_ws/build/turtlebot3_simulations' returned '0': AMENT_PREFIX_PATH=/home/eg2310-workspace/colcon_ws/install/turtlebot3_gazebo:/home/eg2310-workspace/colcon_ws/install/turtlebot3_fake_node:${AMENT_PREFIX_PATH} CMAKE_PREFIX_PATH=/home/eg2310-workspace/colcon_ws/install/turtlebot3_gazebo:/home/eg2310-workspace/colcon_ws/install/turtlebot3_fake_node:/home/eg2310-workspace/colcon_ws/install/idkman:/home/eg2310-workspace/colcon_ws/install/auto_nav:/opt/ros/foxy /usr/bin/cmake --build /home/eg2310-workspace/colcon_ws/build/turtlebot3_simulations -- -j16 -l16
[19.858s] DEBUG:colcon.colcon_core.event_handler.log_command:Invoking command in '/home/eg2310-workspace/colcon_ws/build/turtlebot3_simulations': AMENT_PREFIX_PATH=/home/eg2310-workspace/colcon_ws/install/turtlebot3_gazebo:/home/eg2310-workspace/colcon_ws/install/turtlebot3_fake_node:${AMENT_PREFIX_PATH} CMAKE_PREFIX_PATH=/home/eg2310-workspace/colcon_ws/install/turtlebot3_gazebo:/home/eg2310-workspace/colcon_ws/install/turtlebot3_fake_node:/home/eg2310-workspace/colcon_ws/install/idkman:/home/eg2310-workspace/colcon_ws/install/auto_nav:/opt/ros/foxy /usr/bin/cmake --install /home/eg2310-workspace/colcon_ws/build/turtlebot3_simulations
[20.146s] Level 1:colcon.colcon_core.environment:create_environment_scripts_only(turtlebot3_simulations)
[20.148s] Level 1:colcon.colcon_core.environment:checking '/home/eg2310-workspace/colcon_ws/install/turtlebot3_simulations' for CMake module files
[20.149s] DEBUG:colcon.colcon_core.event_handler.log_command:Invoked command in '/home/eg2310-workspace/colcon_ws/build/turtlebot3_simulations' returned '0': AMENT_PREFIX_PATH=/home/eg2310-workspace/colcon_ws/install/turtlebot3_gazebo:/home/eg2310-workspace/colcon_ws/install/turtlebot3_fake_node:${AMENT_PREFIX_PATH} CMAKE_PREFIX_PATH=/home/eg2310-workspace/colcon_ws/install/turtlebot3_gazebo:/home/eg2310-workspace/colcon_ws/install/turtlebot3_fake_node:/home/eg2310-workspace/colcon_ws/install/idkman:/home/eg2310-workspace/colcon_ws/install/auto_nav:/opt/ros/foxy /usr/bin/cmake --install /home/eg2310-workspace/colcon_ws/build/turtlebot3_simulations
[20.149s] Level 1:colcon.colcon_core.environment:checking '/home/eg2310-workspace/colcon_ws/install/turtlebot3_simulations' for CMake config files
[20.149s] Level 1:colcon.colcon_core.shell:create_environment_hook('turtlebot3_simulations', 'cmake_prefix_path')
[20.150s] INFO:colcon.colcon_core.shell:Creating environment hook '/home/eg2310-workspace/colcon_ws/install/turtlebot3_simulations/share/turtlebot3_simulations/hook/cmake_prefix_path.ps1'
[20.151s] INFO:colcon.colcon_core.shell:Creating environment descriptor '/home/eg2310-workspace/colcon_ws/install/turtlebot3_simulations/share/turtlebot3_simulations/hook/cmake_prefix_path.dsv'
[20.151s] INFO:colcon.colcon_core.shell:Creating environment hook '/home/eg2310-workspace/colcon_ws/install/turtlebot3_simulations/share/turtlebot3_simulations/hook/cmake_prefix_path.sh'
[20.152s] Level 1:colcon.colcon_core.environment:checking '/home/eg2310-workspace/colcon_ws/install/turtlebot3_simulations/bin'
[20.152s] Level 1:colcon.colcon_core.environment:checking '/home/eg2310-workspace/colcon_ws/install/turtlebot3_simulations/lib/pkgconfig/turtlebot3_simulations.pc'
[20.152s] Level 1:colcon.colcon_core.environment:checking '/home/eg2310-workspace/colcon_ws/install/turtlebot3_simulations/lib/python3.8/site-packages'
[20.152s] Level 1:colcon.colcon_core.environment:checking '/home/eg2310-workspace/colcon_ws/install/turtlebot3_simulations/bin'
[20.153s] INFO:colcon.colcon_core.shell:Creating package script '/home/eg2310-workspace/colcon_ws/install/turtlebot3_simulations/share/turtlebot3_simulations/package.ps1'
[20.154s] INFO:colcon.colcon_core.shell:Creating package descriptor '/home/eg2310-workspace/colcon_ws/install/turtlebot3_simulations/share/turtlebot3_simulations/package.dsv'
[20.154s] INFO:colcon.colcon_core.shell:Creating package script '/home/eg2310-workspace/colcon_ws/install/turtlebot3_simulations/share/turtlebot3_simulations/package.sh'
[20.154s] INFO:colcon.colcon_core.shell:Creating package script '/home/eg2310-workspace/colcon_ws/install/turtlebot3_simulations/share/turtlebot3_simulations/package.bash'
[20.155s] INFO:colcon.colcon_core.shell:Creating package script '/home/eg2310-workspace/colcon_ws/install/turtlebot3_simulations/share/turtlebot3_simulations/package.zsh'
[20.155s] Level 1:colcon.colcon_core.environment:create_file_with_runtime_dependencies(/home/eg2310-workspace/colcon_ws/install/turtlebot3_simulations/share/colcon-core/packages/turtlebot3_simulations)
[20.200s] Level 1:colcon.colcon_core.environment:create_environment_scripts_only(turtlebot3_simulations)
[20.204s] Level 1:colcon.colcon_core.environment:checking '/home/eg2310-workspace/colcon_ws/install/turtlebot3_simulations' for CMake module files
[20.205s] Level 1:colcon.colcon_core.environment:checking '/home/eg2310-workspace/colcon_ws/install/turtlebot3_simulations' for CMake config files
[20.206s] Level 1:colcon.colcon_core.shell:create_environment_hook('turtlebot3_simulations', 'cmake_prefix_path')
[20.208s] INFO:colcon.colcon_core.shell:Creating environment hook '/home/eg2310-workspace/colcon_ws/install/turtlebot3_simulations/share/turtlebot3_simulations/hook/cmake_prefix_path.ps1'
[20.209s] INFO:colcon.colcon_core.shell:Creating environment descriptor '/home/eg2310-workspace/colcon_ws/install/turtlebot3_simulations/share/turtlebot3_simulations/hook/cmake_prefix_path.dsv'
[20.210s] INFO:colcon.colcon_core.shell:Creating environment hook '/home/eg2310-workspace/colcon_ws/install/turtlebot3_simulations/share/turtlebot3_simulations/hook/cmake_prefix_path.sh'
[20.211s] Level 1:colcon.colcon_core.environment:checking '/home/eg2310-workspace/colcon_ws/install/turtlebot3_simulations/bin'
[20.211s] Level 1:colcon.colcon_core.environment:checking '/home/eg2310-workspace/colcon_ws/install/turtlebot3_simulations/lib/pkgconfig/turtlebot3_simulations.pc'
[20.212s] Level 1:colcon.colcon_core.environment:checking '/home/eg2310-workspace/colcon_ws/install/turtlebot3_simulations/lib/python3.8/site-packages'
[20.212s] Level 1:colcon.colcon_core.environment:checking '/home/eg2310-workspace/colcon_ws/install/turtlebot3_simulations/bin'
[20.215s] INFO:colcon.colcon_core.shell:Creating package script '/home/eg2310-workspace/colcon_ws/install/turtlebot3_simulations/share/turtlebot3_simulations/package.ps1'
[20.216s] INFO:colcon.colcon_core.shell:Creating package descriptor '/home/eg2310-workspace/colcon_ws/install/turtlebot3_simulations/share/turtlebot3_simulations/package.dsv'
[20.217s] INFO:colcon.colcon_core.shell:Creating package script '/home/eg2310-workspace/colcon_ws/install/turtlebot3_simulations/share/turtlebot3_simulations/package.sh'
[20.218s] INFO:colcon.colcon_core.shell:Creating package script '/home/eg2310-workspace/colcon_ws/install/turtlebot3_simulations/share/turtlebot3_simulations/package.bash'
[20.219s] INFO:colcon.colcon_core.shell:Creating package script '/home/eg2310-workspace/colcon_ws/install/turtlebot3_simulations/share/turtlebot3_simulations/package.zsh'
[20.220s] Level 1:colcon.colcon_core.environment:create_file_with_runtime_dependencies(/home/eg2310-workspace/colcon_ws/install/turtlebot3_simulations/share/colcon-core/packages/turtlebot3_simulations)
[20.221s] DEBUG:colcon.colcon_parallel_executor.executor.parallel:closing loop
[20.221s] DEBUG:colcon.colcon_parallel_executor.executor.parallel:loop closed
[20.221s] DEBUG:colcon.colcon_parallel_executor.executor.parallel:run_until_complete finished with '0'
[20.222s] DEBUG:colcon.colcon_core.event_reactor:joining thread
[20.230s] INFO:colcon.colcon_core.plugin_system:Skipping extension 'colcon_notification.desktop_notification.notify_send': Could not find 'notify-send'
[20.230s] INFO:colcon.colcon_core.plugin_system:Skipping extension 'colcon_notification.desktop_notification.terminal_notifier': Not used on non-Darwin systems
[20.230s] INFO:colcon.colcon_core.plugin_system:Skipping extension 'colcon_notification.desktop_notification.win32': Not used on non-Windows systems
[20.230s] INFO:colcon.colcon_notification.desktop_notification:Sending desktop notification using 'notify2'
[20.243s] DEBUG:colcon.colcon_notification.desktop_notification.notify2:Failed to initialize notify2: org.freedesktop.DBus.Error.ServiceUnknown: The name org.freedesktop.Notifications was not provided by any .service files
[20.243s] DEBUG:colcon.colcon_core.event_reactor:joined thread
[20.247s] INFO:colcon.colcon_core.shell:Creating prefix script '/home/eg2310-workspace/colcon_ws/install/local_setup.ps1'
[20.251s] INFO:colcon.colcon_core.shell:Creating prefix util module '/home/eg2310-workspace/colcon_ws/install/_local_setup_util_ps1.py'
[20.254s] INFO:colcon.colcon_core.shell:Creating prefix chain script '/home/eg2310-workspace/colcon_ws/install/setup.ps1'
[20.258s] INFO:colcon.colcon_core.shell:Creating prefix script '/home/eg2310-workspace/colcon_ws/install/local_setup.sh'
[20.259s] INFO:colcon.colcon_core.shell:Creating prefix util module '/home/eg2310-workspace/colcon_ws/install/_local_setup_util_sh.py'
[20.260s] INFO:colcon.colcon_core.shell:Creating prefix chain script '/home/eg2310-workspace/colcon_ws/install/setup.sh'
[20.263s] INFO:colcon.colcon_core.shell:Creating prefix script '/home/eg2310-workspace/colcon_ws/install/local_setup.bash'
[20.265s] INFO:colcon.colcon_core.shell:Creating prefix chain script '/home/eg2310-workspace/colcon_ws/install/setup.bash'
[20.268s] INFO:colcon.colcon_core.shell:Creating prefix script '/home/eg2310-workspace/colcon_ws/install/local_setup.zsh'
[20.269s] INFO:colcon.colcon_core.shell:Creating prefix chain script '/home/eg2310-workspace/colcon_ws/install/setup.zsh'
