[1.897s] Invoking command in '/home/ubuntu/eg2310-workspace/colcon_ws/src/idkman': PYTHONPATH=/home/ubuntu/eg2310-workspace/colcon_ws/src/install/idkman/lib/python3.8/site-packages:${PYTHONPATH} /usr/bin/python3 setup.py egg_info --egg-base ../build/idkman build --build-base /home/ubuntu/eg2310-workspace/colcon_ws/src/build/idkman/build install --prefix /home/ubuntu/eg2310-workspace/colcon_ws/src/install/idkman --record /home/ubuntu/eg2310-workspace/colcon_ws/src/build/idkman/install.log --single-version-externally-managed
[2.835s] running egg_info
[2.838s] creating ../build/idkman/idkman.egg-info
[2.839s] writing ../build/idkman/idkman.egg-info/PKG-INFO
[2.841s] writing dependency_links to ../build/idkman/idkman.egg-info/dependency_links.txt
[2.841s] writing entry points to ../build/idkman/idkman.egg-info/entry_points.txt
[2.842s] writing requirements to ../build/idkman/idkman.egg-info/requires.txt
[2.843s] writing top-level names to ../build/idkman/idkman.egg-info/top_level.txt
[2.848s] writing manifest file '../build/idkman/idkman.egg-info/SOURCES.txt'
[3.003s] reading manifest file '../build/idkman/idkman.egg-info/SOURCES.txt'
[3.006s] writing manifest file '../build/idkman/idkman.egg-info/SOURCES.txt'
[3.007s] running build
[3.007s] running build_py
[3.008s] creating /home/ubuntu/eg2310-workspace/colcon_ws/src/build/idkman/build
[3.008s] creating /home/ubuntu/eg2310-workspace/colcon_ws/src/build/idkman/build/lib
[3.009s] creating /home/ubuntu/eg2310-workspace/colcon_ws/src/build/idkman/build/lib/idkman
[3.009s] copying idkman/__init__.py -> /home/ubuntu/eg2310-workspace/colcon_ws/src/build/idkman/build/lib/idkman
[3.010s] copying idkman/servo_device.py -> /home/ubuntu/eg2310-workspace/colcon_ws/src/build/idkman/build/lib/idkman
[3.010s] copying idkman/lidar_sole_servo_test.py -> /home/ubuntu/eg2310-workspace/colcon_ws/src/build/idkman/build/lib/idkman
[3.011s] copying idkman/solenoidsw_device.py -> /home/ubuntu/eg2310-workspace/colcon_ws/src/build/idkman/build/lib/idkman
[3.075s] running install
[3.082s] running install_lib
[3.086s] creating /home/ubuntu/eg2310-workspace/colcon_ws/src/install/idkman/lib/python3.8/site-packages/idkman
[3.087s] copying /home/ubuntu/eg2310-workspace/colcon_ws/src/build/idkman/build/lib/idkman/__init__.py -> /home/ubuntu/eg2310-workspace/colcon_ws/src/install/idkman/lib/python3.8/site-packages/idkman
[3.087s] copying /home/ubuntu/eg2310-workspace/colcon_ws/src/build/idkman/build/lib/idkman/servo_device.py -> /home/ubuntu/eg2310-workspace/colcon_ws/src/install/idkman/lib/python3.8/site-packages/idkman
[3.088s] copying /home/ubuntu/eg2310-workspace/colcon_ws/src/build/idkman/build/lib/idkman/lidar_sole_servo_test.py -> /home/ubuntu/eg2310-workspace/colcon_ws/src/install/idkman/lib/python3.8/site-packages/idkman
[3.089s] copying /home/ubuntu/eg2310-workspace/colcon_ws/src/build/idkman/build/lib/idkman/solenoidsw_device.py -> /home/ubuntu/eg2310-workspace/colcon_ws/src/install/idkman/lib/python3.8/site-packages/idkman
[3.091s] byte-compiling /home/ubuntu/eg2310-workspace/colcon_ws/src/install/idkman/lib/python3.8/site-packages/idkman/__init__.py to __init__.cpython-38.pyc
[3.097s] byte-compiling /home/ubuntu/eg2310-workspace/colcon_ws/src/install/idkman/lib/python3.8/site-packages/idkman/servo_device.py to servo_device.cpython-38.pyc
[3.098s] byte-compiling /home/ubuntu/eg2310-workspace/colcon_ws/src/install/idkman/lib/python3.8/site-packages/idkman/lidar_sole_servo_test.py to lidar_sole_servo_test.cpython-38.pyc
[3.101s] byte-compiling /home/ubuntu/eg2310-workspace/colcon_ws/src/install/idkman/lib/python3.8/site-packages/idkman/solenoidsw_device.py to solenoidsw_device.cpython-38.pyc
[3.102s] running install_data
[3.104s] creating /home/ubuntu/eg2310-workspace/colcon_ws/src/install/idkman/share/ament_index
[3.105s] creating /home/ubuntu/eg2310-workspace/colcon_ws/src/install/idkman/share/ament_index/resource_index
[3.105s] creating /home/ubuntu/eg2310-workspace/colcon_ws/src/install/idkman/share/ament_index/resource_index/packages
[3.105s] copying resource/idkman -> /home/ubuntu/eg2310-workspace/colcon_ws/src/install/idkman/share/ament_index/resource_index/packages
[3.106s] copying package.xml -> /home/ubuntu/eg2310-workspace/colcon_ws/src/install/idkman/share/idkman
[3.106s] running install_egg_info
[3.112s] Copying ../build/idkman/idkman.egg-info to /home/ubuntu/eg2310-workspace/colcon_ws/src/install/idkman/lib/python3.8/site-packages/idkman-0.0.0-py3.8.egg-info
[3.117s] running install_scripts
[3.193s] Installing testbed script to /home/ubuntu/eg2310-workspace/colcon_ws/src/install/idkman/lib/idkman
[3.195s] writing list of installed files to '/home/ubuntu/eg2310-workspace/colcon_ws/src/build/idkman/install.log'
[3.306s] Invoked command in '/home/ubuntu/eg2310-workspace/colcon_ws/src/idkman' returned '0': PYTHONPATH=/home/ubuntu/eg2310-workspace/colcon_ws/src/install/idkman/lib/python3.8/site-packages:${PYTHONPATH} /usr/bin/python3 setup.py egg_info --egg-base ../build/idkman build --build-base /home/ubuntu/eg2310-workspace/colcon_ws/src/build/idkman/build install --prefix /home/ubuntu/eg2310-workspace/colcon_ws/src/install/idkman --record /home/ubuntu/eg2310-workspace/colcon_ws/src/build/idkman/install.log --single-version-externally-managed
