[1.007s] Invoking command in '/home/ubuntu/eg2310_workspace/colcon-ws/src/idkman': PYTHONPATH=/home/ubuntu/eg2310_workspace/colcon-ws/install/idkman/lib/python3.8/site-packages:${PYTHONPATH} /usr/bin/python3 setup.py egg_info --egg-base ../../build/idkman build --build-base /home/ubuntu/eg2310_workspace/colcon-ws/build/idkman/build install --prefix /home/ubuntu/eg2310_workspace/colcon-ws/install/idkman --record /home/ubuntu/eg2310_workspace/colcon-ws/build/idkman/install.log --single-version-externally-managed
[1.868s] running egg_info
[1.870s] writing ../../build/idkman/idkman.egg-info/PKG-INFO
[1.871s] writing dependency_links to ../../build/idkman/idkman.egg-info/dependency_links.txt
[1.872s] writing entry points to ../../build/idkman/idkman.egg-info/entry_points.txt
[1.872s] writing requirements to ../../build/idkman/idkman.egg-info/requires.txt
[1.873s] writing top-level names to ../../build/idkman/idkman.egg-info/top_level.txt
[2.022s] reading manifest file '../../build/idkman/idkman.egg-info/SOURCES.txt'
[2.026s] writing manifest file '../../build/idkman/idkman.egg-info/SOURCES.txt'
[2.027s] running build
[2.027s] running build_py
[2.029s] running install
[2.032s] running install_lib
[2.039s] running install_data
[2.041s] running install_egg_info
[2.048s] removing '/home/ubuntu/eg2310_workspace/colcon-ws/install/idkman/lib/python3.8/site-packages/idkman-0.0.0-py3.8.egg-info' (and everything under it)
[2.050s] Copying ../../build/idkman/idkman.egg-info to /home/ubuntu/eg2310_workspace/colcon-ws/install/idkman/lib/python3.8/site-packages/idkman-0.0.0-py3.8.egg-info
[2.055s] running install_scripts
[2.123s] Installing testbed script to /home/ubuntu/eg2310_workspace/colcon-ws/install/idkman/lib/idkman
[2.124s] writing list of installed files to '/home/ubuntu/eg2310_workspace/colcon-ws/build/idkman/install.log'
[2.215s] Invoked command in '/home/ubuntu/eg2310_workspace/colcon-ws/src/idkman' returned '0': PYTHONPATH=/home/ubuntu/eg2310_workspace/colcon-ws/install/idkman/lib/python3.8/site-packages:${PYTHONPATH} /usr/bin/python3 setup.py egg_info --egg-base ../../build/idkman build --build-base /home/ubuntu/eg2310_workspace/colcon-ws/build/idkman/build install --prefix /home/ubuntu/eg2310_workspace/colcon-ws/install/idkman --record /home/ubuntu/eg2310_workspace/colcon-ws/build/idkman/install.log --single-version-externally-managed
