[2.000s] Invoking command in '/home/ubuntu/eg2310-workspace/colcon_ws/src/auto_nav': PYTHONPATH=/home/ubuntu/eg2310-workspace/colcon_ws/install/auto_nav/lib/python3.8/site-packages:${PYTHONPATH} /usr/bin/python3 setup.py egg_info --egg-base ../../build/auto_nav build --build-base /home/ubuntu/eg2310-workspace/colcon_ws/build/auto_nav/build install --prefix /home/ubuntu/eg2310-workspace/colcon_ws/install/auto_nav --record /home/ubuntu/eg2310-workspace/colcon_ws/build/auto_nav/install.log --single-version-externally-managed
[2.994s] running egg_info
[2.997s] writing ../../build/auto_nav/auto_nav.egg-info/PKG-INFO
[2.999s] writing dependency_links to ../../build/auto_nav/auto_nav.egg-info/dependency_links.txt
[3.000s] writing entry points to ../../build/auto_nav/auto_nav.egg-info/entry_points.txt
[3.001s] writing requirements to ../../build/auto_nav/auto_nav.egg-info/requires.txt
[3.001s] writing top-level names to ../../build/auto_nav/auto_nav.egg-info/top_level.txt
[3.219s] reading manifest file '../../build/auto_nav/auto_nav.egg-info/SOURCES.txt'
[3.227s] writing manifest file '../../build/auto_nav/auto_nav.egg-info/SOURCES.txt'
[3.227s] running build
[3.228s] running build_py
[3.246s] running install
[3.252s] running install_lib
[3.265s] running install_data
[3.273s] running install_egg_info
[3.281s] removing '/home/ubuntu/eg2310-workspace/colcon_ws/install/auto_nav/lib/python3.8/site-packages/auto_nav-0.0.0-py3.8.egg-info' (and everything under it)
[3.284s] Copying ../../build/auto_nav/auto_nav.egg-info to /home/ubuntu/eg2310-workspace/colcon_ws/install/auto_nav/lib/python3.8/site-packages/auto_nav-0.0.0-py3.8.egg-info
[3.289s] running install_scripts
[3.382s] Installing r2auto_nav script to /home/ubuntu/eg2310-workspace/colcon_ws/install/auto_nav/lib/auto_nav
[3.383s] Installing r2mover script to /home/ubuntu/eg2310-workspace/colcon_ws/install/auto_nav/lib/auto_nav
[3.386s] Installing r2moverotate script to /home/ubuntu/eg2310-workspace/colcon_ws/install/auto_nav/lib/auto_nav
[3.387s] Installing r2occupancy script to /home/ubuntu/eg2310-workspace/colcon_ws/install/auto_nav/lib/auto_nav
[3.388s] Installing r2occupancy2 script to /home/ubuntu/eg2310-workspace/colcon_ws/install/auto_nav/lib/auto_nav
[3.390s] Installing r2scanner script to /home/ubuntu/eg2310-workspace/colcon_ws/install/auto_nav/lib/auto_nav
[3.394s] writing list of installed files to '/home/ubuntu/eg2310-workspace/colcon_ws/build/auto_nav/install.log'
[3.619s] Invoked command in '/home/ubuntu/eg2310-workspace/colcon_ws/src/auto_nav' returned '0': PYTHONPATH=/home/ubuntu/eg2310-workspace/colcon_ws/install/auto_nav/lib/python3.8/site-packages:${PYTHONPATH} /usr/bin/python3 setup.py egg_info --egg-base ../../build/auto_nav build --build-base /home/ubuntu/eg2310-workspace/colcon_ws/build/auto_nav/build install --prefix /home/ubuntu/eg2310-workspace/colcon_ws/install/auto_nav --record /home/ubuntu/eg2310-workspace/colcon_ws/build/auto_nav/install.log --single-version-externally-managed
