[1.022s] Invoking command in '/home/ubuntu/eg2310_workspace/colcon-ws/src/idkman': PYTHONPATH=/home/ubuntu/eg2310_workspace/colcon-ws/install/idkman/lib/python3.8/site-packages:${PYTHONPATH} /usr/bin/python3 setup.py egg_info --egg-base ../../build/idkman build --build-base /home/ubuntu/eg2310_workspace/colcon-ws/build/idkman/build install --prefix /home/ubuntu/eg2310_workspace/colcon-ws/install/idkman --record /home/ubuntu/eg2310_workspace/colcon-ws/build/idkman/install.log --single-version-externally-managed
[1.891s] running egg_info
[1.893s] creating ../../build/idkman/idkman.egg-info
[1.894s] writing ../../build/idkman/idkman.egg-info/PKG-INFO
[1.895s] writing dependency_links to ../../build/idkman/idkman.egg-info/dependency_links.txt
[1.895s] writing entry points to ../../build/idkman/idkman.egg-info/entry_points.txt
[1.896s] writing requirements to ../../build/idkman/idkman.egg-info/requires.txt
[1.896s] writing top-level names to ../../build/idkman/idkman.egg-info/top_level.txt
[1.902s] writing manifest file '../../build/idkman/idkman.egg-info/SOURCES.txt'
[2.047s] reading manifest file '../../build/idkman/idkman.egg-info/SOURCES.txt'
[2.050s] writing manifest file '../../build/idkman/idkman.egg-info/SOURCES.txt'
[2.051s] running build
[2.051s] running build_py
[2.052s] creating /home/ubuntu/eg2310_workspace/colcon-ws/build/idkman/build
[2.052s] creating /home/ubuntu/eg2310_workspace/colcon-ws/build/idkman/build/lib
[2.053s] creating /home/ubuntu/eg2310_workspace/colcon-ws/build/idkman/build/lib/idkman
[2.053s] copying idkman/__init__.py -> /home/ubuntu/eg2310_workspace/colcon-ws/build/idkman/build/lib/idkman
[2.054s] copying idkman/servo_device.py -> /home/ubuntu/eg2310_workspace/colcon-ws/build/idkman/build/lib/idkman
[2.054s] copying idkman/lidar_sole_servo_test.py -> /home/ubuntu/eg2310_workspace/colcon-ws/build/idkman/build/lib/idkman
[2.055s] copying idkman/solenoidsw_device.py -> /home/ubuntu/eg2310_workspace/colcon-ws/build/idkman/build/lib/idkman
[2.056s] running install
[2.059s] running install_lib
[2.063s] creating /home/ubuntu/eg2310_workspace/colcon-ws/install/idkman/lib/python3.8/site-packages/idkman
[2.063s] copying /home/ubuntu/eg2310_workspace/colcon-ws/build/idkman/build/lib/idkman/__init__.py -> /home/ubuntu/eg2310_workspace/colcon-ws/install/idkman/lib/python3.8/site-packages/idkman
[2.064s] copying /home/ubuntu/eg2310_workspace/colcon-ws/build/idkman/build/lib/idkman/servo_device.py -> /home/ubuntu/eg2310_workspace/colcon-ws/install/idkman/lib/python3.8/site-packages/idkman
[2.065s] copying /home/ubuntu/eg2310_workspace/colcon-ws/build/idkman/build/lib/idkman/lidar_sole_servo_test.py -> /home/ubuntu/eg2310_workspace/colcon-ws/install/idkman/lib/python3.8/site-packages/idkman
[2.065s] copying /home/ubuntu/eg2310_workspace/colcon-ws/build/idkman/build/lib/idkman/solenoidsw_device.py -> /home/ubuntu/eg2310_workspace/colcon-ws/install/idkman/lib/python3.8/site-packages/idkman
[2.068s] byte-compiling /home/ubuntu/eg2310_workspace/colcon-ws/install/idkman/lib/python3.8/site-packages/idkman/__init__.py to __init__.cpython-38.pyc
[2.073s] byte-compiling /home/ubuntu/eg2310_workspace/colcon-ws/install/idkman/lib/python3.8/site-packages/idkman/servo_device.py to servo_device.cpython-38.pyc
[2.075s] byte-compiling /home/ubuntu/eg2310_workspace/colcon-ws/install/idkman/lib/python3.8/site-packages/idkman/lidar_sole_servo_test.py to lidar_sole_servo_test.cpython-38.pyc
[2.077s] byte-compiling /home/ubuntu/eg2310_workspace/colcon-ws/install/idkman/lib/python3.8/site-packages/idkman/solenoidsw_device.py to solenoidsw_device.cpython-38.pyc
[2.078s] running install_data
[2.080s] creating /home/ubuntu/eg2310_workspace/colcon-ws/install/idkman/share/ament_index
[2.081s] creating /home/ubuntu/eg2310_workspace/colcon-ws/install/idkman/share/ament_index/resource_index
[2.081s] creating /home/ubuntu/eg2310_workspace/colcon-ws/install/idkman/share/ament_index/resource_index/packages
[2.082s] copying resource/idkman -> /home/ubuntu/eg2310_workspace/colcon-ws/install/idkman/share/ament_index/resource_index/packages
[2.082s] copying package.xml -> /home/ubuntu/eg2310_workspace/colcon-ws/install/idkman/share/idkman
[2.083s] running install_egg_info
[2.089s] Copying ../../build/idkman/idkman.egg-info to /home/ubuntu/eg2310_workspace/colcon-ws/install/idkman/lib/python3.8/site-packages/idkman-0.0.0-py3.8.egg-info
[2.093s] running install_scripts
[2.163s] Installing testbed script to /home/ubuntu/eg2310_workspace/colcon-ws/install/idkman/lib/idkman
[2.165s] writing list of installed files to '/home/ubuntu/eg2310_workspace/colcon-ws/build/idkman/install.log'
[2.260s] Invoked command in '/home/ubuntu/eg2310_workspace/colcon-ws/src/idkman' returned '0': PYTHONPATH=/home/ubuntu/eg2310_workspace/colcon-ws/install/idkman/lib/python3.8/site-packages:${PYTHONPATH} /usr/bin/python3 setup.py egg_info --egg-base ../../build/idkman build --build-base /home/ubuntu/eg2310_workspace/colcon-ws/build/idkman/build install --prefix /home/ubuntu/eg2310_workspace/colcon-ws/install/idkman --record /home/ubuntu/eg2310_workspace/colcon-ws/build/idkman/install.log --single-version-externally-managed
