[0.821s] Invoking command in '/home/eg2310-workspace/colcon_ws/build/idkman': PYTHONPATH=/home/eg2310-workspace/colcon_ws/build/idkman/prefix_override:/home/eg2310-workspace/colcon_ws/install/idkman/lib/python3.8/site-packages:${PYTHONPATH} /usr/bin/python3 setup.py develop --uninstall --editable --build-directory /home/eg2310-workspace/colcon_ws/build/idkman/build
[1.016s] running develop
[1.102s] Removing /home/eg2310-workspace/colcon_ws/install/idkman/lib/python3.8/site-packages/idkman.egg-link (link to .)
[1.135s] Invoked command in '/home/eg2310-workspace/colcon_ws/build/idkman' returned '0': PYTHONPATH=/home/eg2310-workspace/colcon_ws/build/idkman/prefix_override:/home/eg2310-workspace/colcon_ws/install/idkman/lib/python3.8/site-packages:${PYTHONPATH} /usr/bin/python3 setup.py develop --uninstall --editable --build-directory /home/eg2310-workspace/colcon_ws/build/idkman/build
[1.139s] Invoking command in '/home/eg2310-workspace/colcon_ws/src/idkman': PYTHONPATH=/home/eg2310-workspace/colcon_ws/build/idkman/prefix_override:/home/eg2310-workspace/colcon_ws/install/idkman/lib/python3.8/site-packages:${PYTHONPATH} /usr/bin/python3 setup.py egg_info --egg-base ../../build/idkman build --build-base /home/eg2310-workspace/colcon_ws/build/idkman/build install --record /home/eg2310-workspace/colcon_ws/build/idkman/install.log --install-scripts $base/lib/idkman --single-version-externally-managed
[1.304s] running egg_info
[1.304s] writing ../../build/idkman/idkman.egg-info/PKG-INFO
[1.304s] writing dependency_links to ../../build/idkman/idkman.egg-info/dependency_links.txt
[1.305s] writing entry points to ../../build/idkman/idkman.egg-info/entry_points.txt
[1.305s] writing requirements to ../../build/idkman/idkman.egg-info/requires.txt
[1.305s] writing top-level names to ../../build/idkman/idkman.egg-info/top_level.txt
[1.334s] reading manifest file '../../build/idkman/idkman.egg-info/SOURCES.txt'
[1.334s] writing manifest file '../../build/idkman/idkman.egg-info/SOURCES.txt'
[1.334s] running build
[1.335s] running build_py
[1.335s] copying idkman/lidar_sole_servo_test.py -> /home/eg2310-workspace/colcon_ws/build/idkman/build/lib/idkman
[1.335s] running install
[1.337s] running install_lib
[1.339s] copying /home/eg2310-workspace/colcon_ws/build/idkman/build/lib/idkman/lidar_sole_servo_test.py -> /home/eg2310-workspace/colcon_ws/install/idkman/lib/python3.8/site-packages/idkman
[1.339s] running install_data
[1.339s] running install_egg_info
[1.339s] removing '/home/eg2310-workspace/colcon_ws/install/idkman/lib/python3.8/site-packages/idkman-0.0.0-py3.8.egg-info' (and everything under it)
[1.340s] Copying ../../build/idkman/idkman.egg-info to /home/eg2310-workspace/colcon_ws/install/idkman/lib/python3.8/site-packages/idkman-0.0.0-py3.8.egg-info
[1.341s] running install_scripts
[1.356s] Installing testbed script to /home/eg2310-workspace/colcon_ws/install/idkman/lib/idkman
[1.356s] writing list of installed files to '/home/eg2310-workspace/colcon_ws/build/idkman/install.log'
[1.393s] Invoked command in '/home/eg2310-workspace/colcon_ws/src/idkman' returned '0': PYTHONPATH=/home/eg2310-workspace/colcon_ws/build/idkman/prefix_override:/home/eg2310-workspace/colcon_ws/install/idkman/lib/python3.8/site-packages:${PYTHONPATH} /usr/bin/python3 setup.py egg_info --egg-base ../../build/idkman build --build-base /home/eg2310-workspace/colcon_ws/build/idkman/build install --record /home/eg2310-workspace/colcon_ws/build/idkman/install.log --install-scripts $base/lib/idkman --single-version-externally-managed
