running egg_info
writing ../../build/idkman/idkman.egg-info/PKG-INFO
writing dependency_links to ../../build/idkman/idkman.egg-info/dependency_links.txt
writing entry points to ../../build/idkman/idkman.egg-info/entry_points.txt
writing requirements to ../../build/idkman/idkman.egg-info/requires.txt
writing top-level names to ../../build/idkman/idkman.egg-info/top_level.txt
reading manifest file '../../build/idkman/idkman.egg-info/SOURCES.txt'
writing manifest file '../../build/idkman/idkman.egg-info/SOURCES.txt'
running build
running build_py
copying idkman/servo_device.py -> /home/ubuntu/eg2310_workspace/colcon-ws/build/idkman/build/lib/idkman
copying idkman/solenoidsw_device.py -> /home/ubuntu/eg2310_workspace/colcon-ws/build/idkman/build/lib/idkman
running install
running install_lib
copying /home/ubuntu/eg2310_workspace/colcon-ws/build/idkman/build/lib/idkman/servo_device.py -> /home/ubuntu/eg2310_workspace/colcon-ws/install/idkman/lib/python3.8/site-packages/idkman
copying /home/ubuntu/eg2310_workspace/colcon-ws/build/idkman/build/lib/idkman/solenoidsw_device.py -> /home/ubuntu/eg2310_workspace/colcon-ws/install/idkman/lib/python3.8/site-packages/idkman
byte-compiling /home/ubuntu/eg2310_workspace/colcon-ws/install/idkman/lib/python3.8/site-packages/idkman/servo_device.py to servo_device.cpython-38.pyc
byte-compiling /home/ubuntu/eg2310_workspace/colcon-ws/install/idkman/lib/python3.8/site-packages/idkman/solenoidsw_device.py to solenoidsw_device.cpython-38.pyc
running install_data
running install_egg_info
removing '/home/ubuntu/eg2310_workspace/colcon-ws/install/idkman/lib/python3.8/site-packages/idkman-0.0.0-py3.8.egg-info' (and everything under it)
Copying ../../build/idkman/idkman.egg-info to /home/ubuntu/eg2310_workspace/colcon-ws/install/idkman/lib/python3.8/site-packages/idkman-0.0.0-py3.8.egg-info
running install_scripts
Installing testbed script to /home/ubuntu/eg2310_workspace/colcon-ws/install/idkman/lib/idkman
writing list of installed files to '/home/ubuntu/eg2310_workspace/colcon-ws/build/idkman/install.log'
