[1.001s] Invoking command in '/home/ubuntu/eg2310_workspace/colcon-ws/src/idkman': PYTHONPATH=/home/ubuntu/eg2310_workspace/colcon-ws/install/idkman/lib/python3.8/site-packages:${PYTHONPATH} /usr/bin/python3 setup.py egg_info --egg-base ../../build/idkman build --build-base /home/ubuntu/eg2310_workspace/colcon-ws/build/idkman/build install --prefix /home/ubuntu/eg2310_workspace/colcon-ws/install/idkman --record /home/ubuntu/eg2310_workspace/colcon-ws/build/idkman/install.log --single-version-externally-managed
[1.870s] running egg_info
[1.872s] writing ../../build/idkman/idkman.egg-info/PKG-INFO
[1.873s] writing dependency_links to ../../build/idkman/idkman.egg-info/dependency_links.txt
[1.874s] writing entry points to ../../build/idkman/idkman.egg-info/entry_points.txt
[1.874s] writing requirements to ../../build/idkman/idkman.egg-info/requires.txt
[1.875s] writing top-level names to ../../build/idkman/idkman.egg-info/top_level.txt
[2.025s] reading manifest file '../../build/idkman/idkman.egg-info/SOURCES.txt'
[2.029s] writing manifest file '../../build/idkman/idkman.egg-info/SOURCES.txt'
[2.029s] running build
[2.030s] running build_py
[2.030s] copying idkman/servo_device.py -> /home/ubuntu/eg2310_workspace/colcon-ws/build/idkman/build/lib/idkman
[2.032s] copying idkman/solenoidsw_device.py -> /home/ubuntu/eg2310_workspace/colcon-ws/build/idkman/build/lib/idkman
[2.033s] running install
[2.036s] running install_lib
[2.040s] copying /home/ubuntu/eg2310_workspace/colcon-ws/build/idkman/build/lib/idkman/servo_device.py -> /home/ubuntu/eg2310_workspace/colcon-ws/install/idkman/lib/python3.8/site-packages/idkman
[2.041s] copying /home/ubuntu/eg2310_workspace/colcon-ws/build/idkman/build/lib/idkman/solenoidsw_device.py -> /home/ubuntu/eg2310_workspace/colcon-ws/install/idkman/lib/python3.8/site-packages/idkman
[2.044s] byte-compiling /home/ubuntu/eg2310_workspace/colcon-ws/install/idkman/lib/python3.8/site-packages/idkman/servo_device.py to servo_device.cpython-38.pyc
[2.050s] byte-compiling /home/ubuntu/eg2310_workspace/colcon-ws/install/idkman/lib/python3.8/site-packages/idkman/solenoidsw_device.py to solenoidsw_device.cpython-38.pyc
[2.052s] running install_data
[2.054s] running install_egg_info
[2.061s] removing '/home/ubuntu/eg2310_workspace/colcon-ws/install/idkman/lib/python3.8/site-packages/idkman-0.0.0-py3.8.egg-info' (and everything under it)
[2.062s] Copying ../../build/idkman/idkman.egg-info to /home/ubuntu/eg2310_workspace/colcon-ws/install/idkman/lib/python3.8/site-packages/idkman-0.0.0-py3.8.egg-info
[2.067s] running install_scripts
[2.136s] Installing testbed script to /home/ubuntu/eg2310_workspace/colcon-ws/install/idkman/lib/idkman
[2.138s] writing list of installed files to '/home/ubuntu/eg2310_workspace/colcon-ws/build/idkman/install.log'
[2.231s] Invoked command in '/home/ubuntu/eg2310_workspace/colcon-ws/src/idkman' returned '0': PYTHONPATH=/home/ubuntu/eg2310_workspace/colcon-ws/install/idkman/lib/python3.8/site-packages:${PYTHONPATH} /usr/bin/python3 setup.py egg_info --egg-base ../../build/idkman build --build-base /home/ubuntu/eg2310_workspace/colcon-ws/build/idkman/build install --prefix /home/ubuntu/eg2310_workspace/colcon-ws/install/idkman --record /home/ubuntu/eg2310_workspace/colcon-ws/build/idkman/install.log --single-version-externally-managed
