[1.021s] Invoking command in '/home/ubuntu/eg2310_workspace/colcon-ws/src/idkman': PYTHONPATH=/home/ubuntu/eg2310_workspace/colcon-ws/install/idkman/lib/python3.8/site-packages:${PYTHONPATH} /usr/bin/python3 setup.py egg_info --egg-base ../../build/idkman build --build-base /home/ubuntu/eg2310_workspace/colcon-ws/build/idkman/build install --prefix /home/ubuntu/eg2310_workspace/colcon-ws/install/idkman --record /home/ubuntu/eg2310_workspace/colcon-ws/build/idkman/install.log --single-version-externally-managed
[1.905s] running egg_info
[1.907s] writing ../../build/idkman/idkman.egg-info/PKG-INFO
[1.909s] writing dependency_links to ../../build/idkman/idkman.egg-info/dependency_links.txt
[1.910s] writing entry points to ../../build/idkman/idkman.egg-info/entry_points.txt
[1.910s] writing requirements to ../../build/idkman/idkman.egg-info/requires.txt
[1.911s] writing top-level names to ../../build/idkman/idkman.egg-info/top_level.txt
[2.063s] reading manifest file '../../build/idkman/idkman.egg-info/SOURCES.txt'
[2.068s] writing manifest file '../../build/idkman/idkman.egg-info/SOURCES.txt'
[2.068s] running build
[2.069s] running build_py
[2.069s] copying idkman/lidar_sole_servo_test.py -> /home/ubuntu/eg2310_workspace/colcon-ws/build/idkman/build/lib/idkman
[2.071s] running install
[2.074s] running install_lib
[2.079s] copying /home/ubuntu/eg2310_workspace/colcon-ws/build/idkman/build/lib/idkman/lidar_sole_servo_test.py -> /home/ubuntu/eg2310_workspace/colcon-ws/install/idkman/lib/python3.8/site-packages/idkman
[2.082s] byte-compiling /home/ubuntu/eg2310_workspace/colcon-ws/install/idkman/lib/python3.8/site-packages/idkman/lidar_sole_servo_test.py to lidar_sole_servo_test.cpython-38.pyc
[2.089s] running install_data
[2.091s] running install_egg_info
[2.097s] removing '/home/ubuntu/eg2310_workspace/colcon-ws/install/idkman/lib/python3.8/site-packages/idkman-0.0.0-py3.8.egg-info' (and everything under it)
[2.099s] Copying ../../build/idkman/idkman.egg-info to /home/ubuntu/eg2310_workspace/colcon-ws/install/idkman/lib/python3.8/site-packages/idkman-0.0.0-py3.8.egg-info
[2.104s] running install_scripts
[2.174s] Installing testbed script to /home/ubuntu/eg2310_workspace/colcon-ws/install/idkman/lib/idkman
[2.176s] writing list of installed files to '/home/ubuntu/eg2310_workspace/colcon-ws/build/idkman/install.log'
[2.271s] Invoked command in '/home/ubuntu/eg2310_workspace/colcon-ws/src/idkman' returned '0': PYTHONPATH=/home/ubuntu/eg2310_workspace/colcon-ws/install/idkman/lib/python3.8/site-packages:${PYTHONPATH} /usr/bin/python3 setup.py egg_info --egg-base ../../build/idkman build --build-base /home/ubuntu/eg2310_workspace/colcon-ws/build/idkman/build install --prefix /home/ubuntu/eg2310_workspace/colcon-ws/install/idkman --record /home/ubuntu/eg2310_workspace/colcon-ws/build/idkman/install.log --single-version-externally-managed
