[0.015s] Invoking command in '/home/eg2310-workspace/colcon_ws/build/turtlebot3_simulations': AMENT_PREFIX_PATH=/home/eg2310-workspace/colcon_ws/install/turtlebot3_gazebo:/home/eg2310-workspace/colcon_ws/install/turtlebot3_fake_node:${AMENT_PREFIX_PATH} CMAKE_PREFIX_PATH=/home/eg2310-workspace/colcon_ws/install/turtlebot3_gazebo:/home/eg2310-workspace/colcon_ws/install/turtlebot3_fake_node:/home/eg2310-workspace/colcon_ws/install/idkman:/home/eg2310-workspace/colcon_ws/install/auto_nav:/opt/ros/foxy /usr/bin/cmake /home/eg2310-workspace/colcon_ws/src/turtlebot3_simulations/turtlebot3_simulations -DAMENT_CMAKE_SYMLINK_INSTALL=1 -DCMAKE_INSTALL_PREFIX=/home/eg2310-workspace/colcon_ws/install/turtlebot3_simulations
[0.096s] -- The C compiler identification is GNU 9.4.0
[0.155s] -- The CXX compiler identification is GNU 9.4.0
[0.160s] -- Check for working C compiler: /usr/bin/cc
[0.255s] -- Check for working C compiler: /usr/bin/cc -- works
[0.256s] -- Detecting C compiler ABI info
[0.352s] -- Detecting C compiler ABI info - done
[0.361s] -- Detecting C compile features
[0.361s] -- Detecting C compile features - done
[0.364s] -- Check for working CXX compiler: /usr/bin/c++
[0.457s] -- Check for working CXX compiler: /usr/bin/c++ -- works
[0.458s] -- Detecting CXX compiler ABI info
[0.573s] -- Detecting CXX compiler ABI info - done
[0.588s] -- Detecting CXX compile features
[0.589s] -- Detecting CXX compile features - done
[0.594s] -- Found ament_cmake: 0.9.12 (/opt/ros/foxy/share/ament_cmake/cmake)
[0.651s] -- Found PythonInterp: /usr/bin/python3 (found suitable version "3.8.10", minimum required is "3") 
[0.652s] -- Using PYTHON_EXECUTABLE: /usr/bin/python3
[0.789s] -- Override CMake install command with custom implementation using symlinks instead of copying resources
[0.971s] -- Configuring done
[0.972s] -- Generating done
[0.973s] -- Build files have been written to: /home/eg2310-workspace/colcon_ws/build/turtlebot3_simulations
[0.977s] Invoked command in '/home/eg2310-workspace/colcon_ws/build/turtlebot3_simulations' returned '0': AMENT_PREFIX_PATH=/home/eg2310-workspace/colcon_ws/install/turtlebot3_gazebo:/home/eg2310-workspace/colcon_ws/install/turtlebot3_fake_node:${AMENT_PREFIX_PATH} CMAKE_PREFIX_PATH=/home/eg2310-workspace/colcon_ws/install/turtlebot3_gazebo:/home/eg2310-workspace/colcon_ws/install/turtlebot3_fake_node:/home/eg2310-workspace/colcon_ws/install/idkman:/home/eg2310-workspace/colcon_ws/install/auto_nav:/opt/ros/foxy /usr/bin/cmake /home/eg2310-workspace/colcon_ws/src/turtlebot3_simulations/turtlebot3_simulations -DAMENT_CMAKE_SYMLINK_INSTALL=1 -DCMAKE_INSTALL_PREFIX=/home/eg2310-workspace/colcon_ws/install/turtlebot3_simulations
[0.981s] Invoking command in '/home/eg2310-workspace/colcon_ws/build/turtlebot3_simulations': AMENT_PREFIX_PATH=/home/eg2310-workspace/colcon_ws/install/turtlebot3_gazebo:/home/eg2310-workspace/colcon_ws/install/turtlebot3_fake_node:${AMENT_PREFIX_PATH} CMAKE_PREFIX_PATH=/home/eg2310-workspace/colcon_ws/install/turtlebot3_gazebo:/home/eg2310-workspace/colcon_ws/install/turtlebot3_fake_node:/home/eg2310-workspace/colcon_ws/install/idkman:/home/eg2310-workspace/colcon_ws/install/auto_nav:/opt/ros/foxy /usr/bin/cmake --build /home/eg2310-workspace/colcon_ws/build/turtlebot3_simulations -- -j16 -l16
[1.064s] Invoked command in '/home/eg2310-workspace/colcon_ws/build/turtlebot3_simulations' returned '0': AMENT_PREFIX_PATH=/home/eg2310-workspace/colcon_ws/install/turtlebot3_gazebo:/home/eg2310-workspace/colcon_ws/install/turtlebot3_fake_node:${AMENT_PREFIX_PATH} CMAKE_PREFIX_PATH=/home/eg2310-workspace/colcon_ws/install/turtlebot3_gazebo:/home/eg2310-workspace/colcon_ws/install/turtlebot3_fake_node:/home/eg2310-workspace/colcon_ws/install/idkman:/home/eg2310-workspace/colcon_ws/install/auto_nav:/opt/ros/foxy /usr/bin/cmake --build /home/eg2310-workspace/colcon_ws/build/turtlebot3_simulations -- -j16 -l16
[1.137s] Invoking command in '/home/eg2310-workspace/colcon_ws/build/turtlebot3_simulations': AMENT_PREFIX_PATH=/home/eg2310-workspace/colcon_ws/install/turtlebot3_gazebo:/home/eg2310-workspace/colcon_ws/install/turtlebot3_fake_node:${AMENT_PREFIX_PATH} CMAKE_PREFIX_PATH=/home/eg2310-workspace/colcon_ws/install/turtlebot3_gazebo:/home/eg2310-workspace/colcon_ws/install/turtlebot3_fake_node:/home/eg2310-workspace/colcon_ws/install/idkman:/home/eg2310-workspace/colcon_ws/install/auto_nav:/opt/ros/foxy /usr/bin/cmake --install /home/eg2310-workspace/colcon_ws/build/turtlebot3_simulations
[1.161s] -- Install configuration: ""
[1.162s] -- Execute custom install script
[1.163s] -- Symlinking: /home/eg2310-workspace/colcon_ws/install/turtlebot3_simulations/share/ament_index/resource_index/package_run_dependencies/turtlebot3_simulations
[1.186s] -- Symlinking: /home/eg2310-workspace/colcon_ws/install/turtlebot3_simulations/share/ament_index/resource_index/parent_prefix_path/turtlebot3_simulations
[1.198s] -- Symlinking: /home/eg2310-workspace/colcon_ws/install/turtlebot3_simulations/share/turtlebot3_simulations/environment/ament_prefix_path.sh
[1.210s] -- Symlinking: /home/eg2310-workspace/colcon_ws/install/turtlebot3_simulations/share/turtlebot3_simulations/environment/ament_prefix_path.dsv
[1.235s] -- Symlinking: /home/eg2310-workspace/colcon_ws/install/turtlebot3_simulations/share/turtlebot3_simulations/environment/path.sh
[1.260s] -- Symlinking: /home/eg2310-workspace/colcon_ws/install/turtlebot3_simulations/share/turtlebot3_simulations/environment/path.dsv
[1.278s] -- Symlinking: /home/eg2310-workspace/colcon_ws/install/turtlebot3_simulations/share/turtlebot3_simulations/local_setup.bash
[1.302s] -- Symlinking: /home/eg2310-workspace/colcon_ws/install/turtlebot3_simulations/share/turtlebot3_simulations/local_setup.sh
[1.326s] -- Symlinking: /home/eg2310-workspace/colcon_ws/install/turtlebot3_simulations/share/turtlebot3_simulations/local_setup.zsh
[1.347s] -- Symlinking: /home/eg2310-workspace/colcon_ws/install/turtlebot3_simulations/share/turtlebot3_simulations/local_setup.dsv
[1.359s] -- Symlinking: /home/eg2310-workspace/colcon_ws/install/turtlebot3_simulations/share/turtlebot3_simulations/package.dsv
[1.372s] -- Symlinking: /home/eg2310-workspace/colcon_ws/install/turtlebot3_simulations/share/ament_index/resource_index/packages/turtlebot3_simulations
[1.384s] -- Symlinking: /home/eg2310-workspace/colcon_ws/install/turtlebot3_simulations/share/turtlebot3_simulations/cmake/turtlebot3_simulationsConfig.cmake
[1.397s] -- Symlinking: /home/eg2310-workspace/colcon_ws/install/turtlebot3_simulations/share/turtlebot3_simulations/cmake/turtlebot3_simulationsConfig-version.cmake
[1.410s] -- Symlinking: /home/eg2310-workspace/colcon_ws/install/turtlebot3_simulations/share/turtlebot3_simulations/package.xml
[1.427s] Invoked command in '/home/eg2310-workspace/colcon_ws/build/turtlebot3_simulations' returned '0': AMENT_PREFIX_PATH=/home/eg2310-workspace/colcon_ws/install/turtlebot3_gazebo:/home/eg2310-workspace/colcon_ws/install/turtlebot3_fake_node:${AMENT_PREFIX_PATH} CMAKE_PREFIX_PATH=/home/eg2310-workspace/colcon_ws/install/turtlebot3_gazebo:/home/eg2310-workspace/colcon_ws/install/turtlebot3_fake_node:/home/eg2310-workspace/colcon_ws/install/idkman:/home/eg2310-workspace/colcon_ws/install/auto_nav:/opt/ros/foxy /usr/bin/cmake --install /home/eg2310-workspace/colcon_ws/build/turtlebot3_simulations
