[0.055s] Invoking command in '/home/eg2310-workspace/colcon_ws/build/turtlebot3_fake_node': CMAKE_PREFIX_PATH=/home/eg2310-workspace/colcon_ws/install/idkman:/home/eg2310-workspace/colcon_ws/install/auto_nav:/opt/ros/foxy /usr/bin/cmake /home/eg2310-workspace/colcon_ws/src/turtlebot3_simulations/turtlebot3_fake_node -DAMENT_CMAKE_SYMLINK_INSTALL=1 -DCMAKE_INSTALL_PREFIX=/home/eg2310-workspace/colcon_ws/install/turtlebot3_fake_node
[0.281s] -- The C compiler identification is GNU 9.4.0
[0.317s] -- The CXX compiler identification is GNU 9.4.0
[0.325s] -- Check for working C compiler: /usr/bin/cc
[0.437s] -- Check for working C compiler: /usr/bin/cc -- works
[0.439s] -- Detecting C compiler ABI info
[0.567s] -- Detecting C compiler ABI info - done
[0.579s] -- Detecting C compile features
[0.580s] -- Detecting C compile features - done
[0.583s] -- Check for working CXX compiler: /usr/bin/c++
[0.701s] -- Check for working CXX compiler: /usr/bin/c++ -- works
[0.702s] -- Detecting CXX compiler ABI info
[0.824s] -- Detecting CXX compiler ABI info - done
[0.837s] -- Detecting CXX compile features
[0.837s] -- Detecting CXX compile features - done
[0.853s] -- Found ament_cmake: 0.9.12 (/opt/ros/foxy/share/ament_cmake/cmake)
[0.892s] -- Found PythonInterp: /usr/bin/python3 (found suitable version "3.8.10", minimum required is "3") 
[0.892s] -- Using PYTHON_EXECUTABLE: /usr/bin/python3
[1.094s] -- Override CMake install command with custom implementation using symlinks instead of copying resources
[1.159s] -- Found geometry_msgs: 2.0.5 (/opt/ros/foxy/share/geometry_msgs/cmake)
[1.222s] -- Using all available rosidl_typesupport_c: rosidl_typesupport_fastrtps_c;rosidl_typesupport_introspection_c
[1.238s] -- Found rosidl_adapter: 1.3.1 (/opt/ros/foxy/share/rosidl_adapter/cmake)
[1.412s] -- Found OpenSSL: /usr/lib/x86_64-linux-gnu/libcrypto.so (found version "1.1.1f")  
[1.477s] -- Found FastRTPS: /opt/ros/foxy/include  
[1.629s] -- Using all available rosidl_typesupport_cpp: rosidl_typesupport_fastrtps_cpp;rosidl_typesupport_introspection_cpp
[1.721s] -- Found nav_msgs: 2.0.5 (/opt/ros/foxy/share/nav_msgs/cmake)
[1.795s] -- Found rclcpp: 2.4.3 (/opt/ros/foxy/share/rclcpp/cmake)
[1.869s] -- Found rmw_implementation_cmake: 1.0.4 (/opt/ros/foxy/share/rmw_implementation_cmake/cmake)
[1.871s] -- Using RMW implementation 'rmw_fastrtps_cpp' as default
[1.871s] -- Looking for pthread.h
[1.963s] -- Looking for pthread.h - found
[1.963s] -- Performing Test CMAKE_HAVE_LIBC_PTHREAD
[2.060s] -- Performing Test CMAKE_HAVE_LIBC_PTHREAD - Failed
[2.061s] -- Looking for pthread_create in pthreads
[2.143s] -- Looking for pthread_create in pthreads - not found
[2.143s] -- Looking for pthread_create in pthread
[2.245s] -- Looking for pthread_create in pthread - found
[2.246s] -- Found Threads: TRUE  
[2.427s] -- Found sensor_msgs: 2.0.5 (/opt/ros/foxy/share/sensor_msgs/cmake)
[2.513s] -- Found tf2: 0.13.14 (/opt/ros/foxy/share/tf2/cmake)
[2.529s] -- Found tf2_msgs: 0.13.14 (/opt/ros/foxy/share/tf2_msgs/cmake)
[2.708s] -- Found turtlebot3_msgs: 2.2.1 (/opt/ros/foxy/share/turtlebot3_msgs/cmake)
[2.894s] -- Configuring done
[2.929s] -- Generating done
[2.934s] -- Build files have been written to: /home/eg2310-workspace/colcon_ws/build/turtlebot3_fake_node
[2.949s] Invoked command in '/home/eg2310-workspace/colcon_ws/build/turtlebot3_fake_node' returned '0': CMAKE_PREFIX_PATH=/home/eg2310-workspace/colcon_ws/install/idkman:/home/eg2310-workspace/colcon_ws/install/auto_nav:/opt/ros/foxy /usr/bin/cmake /home/eg2310-workspace/colcon_ws/src/turtlebot3_simulations/turtlebot3_fake_node -DAMENT_CMAKE_SYMLINK_INSTALL=1 -DCMAKE_INSTALL_PREFIX=/home/eg2310-workspace/colcon_ws/install/turtlebot3_fake_node
[2.952s] Invoking command in '/home/eg2310-workspace/colcon_ws/build/turtlebot3_fake_node': CMAKE_PREFIX_PATH=/home/eg2310-workspace/colcon_ws/install/idkman:/home/eg2310-workspace/colcon_ws/install/auto_nav:/opt/ros/foxy /usr/bin/cmake --build /home/eg2310-workspace/colcon_ws/build/turtlebot3_fake_node -- -j16 -l16
[3.017s] [35m[1mScanning dependencies of target turtlebot3_fake_node[0m
[3.128s] [ 50%] [32mBuilding CXX object CMakeFiles/turtlebot3_fake_node.dir/src/turtlebot3_fake_node.cpp.o[0m
[9.866s] [100%] [32m[1mLinking CXX executable turtlebot3_fake_node[0m
[10.316s] [100%] Built target turtlebot3_fake_node
[10.344s] Invoked command in '/home/eg2310-workspace/colcon_ws/build/turtlebot3_fake_node' returned '0': CMAKE_PREFIX_PATH=/home/eg2310-workspace/colcon_ws/install/idkman:/home/eg2310-workspace/colcon_ws/install/auto_nav:/opt/ros/foxy /usr/bin/cmake --build /home/eg2310-workspace/colcon_ws/build/turtlebot3_fake_node -- -j16 -l16
[10.409s] Invoking command in '/home/eg2310-workspace/colcon_ws/build/turtlebot3_fake_node': CMAKE_PREFIX_PATH=/home/eg2310-workspace/colcon_ws/install/idkman:/home/eg2310-workspace/colcon_ws/install/auto_nav:/opt/ros/foxy /usr/bin/cmake --install /home/eg2310-workspace/colcon_ws/build/turtlebot3_fake_node
[10.421s] -- Install configuration: ""
[10.422s] -- Execute custom install script
[10.422s] -- Symlinking: /home/eg2310-workspace/colcon_ws/install/turtlebot3_fake_node/lib/turtlebot3_fake_node/turtlebot3_fake_node
[10.436s] -- Symlinking: /home/eg2310-workspace/colcon_ws/install/turtlebot3_fake_node/share/turtlebot3_fake_node/launch/rviz2.launch.py
[10.449s] -- Symlinking: /home/eg2310-workspace/colcon_ws/install/turtlebot3_fake_node/share/turtlebot3_fake_node/launch/turtlebot3_fake_node.launch.py
[10.465s] -- Symlinking: /home/eg2310-workspace/colcon_ws/install/turtlebot3_fake_node/share/turtlebot3_fake_node/param/burger.yaml
[10.478s] -- Symlinking: /home/eg2310-workspace/colcon_ws/install/turtlebot3_fake_node/share/turtlebot3_fake_node/param/waffle.yaml
[10.492s] -- Symlinking: /home/eg2310-workspace/colcon_ws/install/turtlebot3_fake_node/share/turtlebot3_fake_node/param/waffle_pi.yaml
[10.505s] -- Symlinking: /home/eg2310-workspace/colcon_ws/install/turtlebot3_fake_node/share/turtlebot3_fake_node/rviz/model.rviz
[10.519s] -- Symlinking: /home/eg2310-workspace/colcon_ws/install/turtlebot3_fake_node/include//turtlebot3_fake_node/turtlebot3_fake_node.hpp
[10.532s] -- Symlinking: /home/eg2310-workspace/colcon_ws/install/turtlebot3_fake_node/share/ament_index/resource_index/package_run_dependencies/turtlebot3_fake_node
[10.546s] -- Symlinking: /home/eg2310-workspace/colcon_ws/install/turtlebot3_fake_node/share/ament_index/resource_index/parent_prefix_path/turtlebot3_fake_node
[10.560s] -- Symlinking: /home/eg2310-workspace/colcon_ws/install/turtlebot3_fake_node/share/turtlebot3_fake_node/environment/ament_prefix_path.sh
[10.574s] -- Symlinking: /home/eg2310-workspace/colcon_ws/install/turtlebot3_fake_node/share/turtlebot3_fake_node/environment/ament_prefix_path.dsv
[10.587s] -- Symlinking: /home/eg2310-workspace/colcon_ws/install/turtlebot3_fake_node/share/turtlebot3_fake_node/environment/path.sh
[10.601s] -- Symlinking: /home/eg2310-workspace/colcon_ws/install/turtlebot3_fake_node/share/turtlebot3_fake_node/environment/path.dsv
[10.614s] -- Symlinking: /home/eg2310-workspace/colcon_ws/install/turtlebot3_fake_node/share/turtlebot3_fake_node/local_setup.bash
[10.628s] -- Symlinking: /home/eg2310-workspace/colcon_ws/install/turtlebot3_fake_node/share/turtlebot3_fake_node/local_setup.sh
[10.651s] -- Symlinking: /home/eg2310-workspace/colcon_ws/install/turtlebot3_fake_node/share/turtlebot3_fake_node/local_setup.zsh
[10.675s] -- Symlinking: /home/eg2310-workspace/colcon_ws/install/turtlebot3_fake_node/share/turtlebot3_fake_node/local_setup.dsv
[10.699s] -- Symlinking: /home/eg2310-workspace/colcon_ws/install/turtlebot3_fake_node/share/turtlebot3_fake_node/package.dsv
[10.721s] -- Symlinking: /home/eg2310-workspace/colcon_ws/install/turtlebot3_fake_node/share/ament_index/resource_index/packages/turtlebot3_fake_node
[10.745s] -- Symlinking: /home/eg2310-workspace/colcon_ws/install/turtlebot3_fake_node/share/turtlebot3_fake_node/cmake/ament_cmake_export_include_directories-extras.cmake
[10.769s] -- Symlinking: /home/eg2310-workspace/colcon_ws/install/turtlebot3_fake_node/share/turtlebot3_fake_node/cmake/ament_cmake_export_dependencies-extras.cmake
[10.793s] -- Symlinking: /home/eg2310-workspace/colcon_ws/install/turtlebot3_fake_node/share/turtlebot3_fake_node/cmake/turtlebot3_fake_nodeConfig.cmake
[10.816s] -- Symlinking: /home/eg2310-workspace/colcon_ws/install/turtlebot3_fake_node/share/turtlebot3_fake_node/cmake/turtlebot3_fake_nodeConfig-version.cmake
[10.839s] -- Symlinking: /home/eg2310-workspace/colcon_ws/install/turtlebot3_fake_node/share/turtlebot3_fake_node/package.xml
[10.864s] Invoked command in '/home/eg2310-workspace/colcon_ws/build/turtlebot3_fake_node' returned '0': CMAKE_PREFIX_PATH=/home/eg2310-workspace/colcon_ws/install/idkman:/home/eg2310-workspace/colcon_ws/install/auto_nav:/opt/ros/foxy /usr/bin/cmake --install /home/eg2310-workspace/colcon_ws/build/turtlebot3_fake_node
