[1.991s] Invoking command in '/home/ubuntu/eg2310-workspace/colcon_ws/src/idkman': PYTHONPATH=/home/ubuntu/eg2310-workspace/colcon_ws/install/idkman/lib/python3.8/site-packages:${PYTHONPATH} /usr/bin/python3 setup.py egg_info --egg-base ../../build/idkman build --build-base /home/ubuntu/eg2310-workspace/colcon_ws/build/idkman/build install --prefix /home/ubuntu/eg2310-workspace/colcon_ws/install/idkman --record /home/ubuntu/eg2310-workspace/colcon_ws/build/idkman/install.log --single-version-externally-managed
[2.983s] running egg_info
[2.985s] writing ../../build/idkman/idkman.egg-info/PKG-INFO
[2.987s] writing dependency_links to ../../build/idkman/idkman.egg-info/dependency_links.txt
[2.989s] writing entry points to ../../build/idkman/idkman.egg-info/entry_points.txt
[2.990s] writing requirements to ../../build/idkman/idkman.egg-info/requires.txt
[2.991s] writing top-level names to ../../build/idkman/idkman.egg-info/top_level.txt
[3.157s] reading manifest file '../../build/idkman/idkman.egg-info/SOURCES.txt'
[3.162s] writing manifest file '../../build/idkman/idkman.egg-info/SOURCES.txt'
[3.163s] running build
[3.163s] running build_py
[3.164s] copying idkman/lidar_sole_servo_test.py -> /home/ubuntu/eg2310-workspace/colcon_ws/build/idkman/build/lib/idkman
[3.165s] running install
[3.169s] running install_lib
[3.174s] copying /home/ubuntu/eg2310-workspace/colcon_ws/build/idkman/build/lib/idkman/lidar_sole_servo_test.py -> /home/ubuntu/eg2310-workspace/colcon_ws/install/idkman/lib/python3.8/site-packages/idkman
[3.178s] byte-compiling /home/ubuntu/eg2310-workspace/colcon_ws/install/idkman/lib/python3.8/site-packages/idkman/lidar_sole_servo_test.py to lidar_sole_servo_test.cpython-38.pyc
[3.185s] running install_data
[3.188s] running install_egg_info
[3.195s] removing '/home/ubuntu/eg2310-workspace/colcon_ws/install/idkman/lib/python3.8/site-packages/idkman-0.0.0-py3.8.egg-info' (and everything under it)
[3.198s] Copying ../../build/idkman/idkman.egg-info to /home/ubuntu/eg2310-workspace/colcon_ws/install/idkman/lib/python3.8/site-packages/idkman-0.0.0-py3.8.egg-info
[3.205s] running install_scripts
[3.287s] Installing testbed script to /home/ubuntu/eg2310-workspace/colcon_ws/install/idkman/lib/idkman
[3.291s] writing list of installed files to '/home/ubuntu/eg2310-workspace/colcon_ws/build/idkman/install.log'
[3.492s] Invoked command in '/home/ubuntu/eg2310-workspace/colcon_ws/src/idkman' returned '0': PYTHONPATH=/home/ubuntu/eg2310-workspace/colcon_ws/install/idkman/lib/python3.8/site-packages:${PYTHONPATH} /usr/bin/python3 setup.py egg_info --egg-base ../../build/idkman build --build-base /home/ubuntu/eg2310-workspace/colcon_ws/build/idkman/build install --prefix /home/ubuntu/eg2310-workspace/colcon_ws/install/idkman --record /home/ubuntu/eg2310-workspace/colcon_ws/build/idkman/install.log --single-version-externally-managed
