[2.002s] Invoking command in '/home/ubuntu/eg2310-workspace/colcon_ws/src/auto_nav': PYTHONPATH=/home/ubuntu/eg2310-workspace/colcon_ws/install/auto_nav/lib/python3.8/site-packages:${PYTHONPATH} /usr/bin/python3 setup.py egg_info --egg-base ../../build/auto_nav build --build-base /home/ubuntu/eg2310-workspace/colcon_ws/build/auto_nav/build install --prefix /home/ubuntu/eg2310-workspace/colcon_ws/install/auto_nav --record /home/ubuntu/eg2310-workspace/colcon_ws/build/auto_nav/install.log --single-version-externally-managed
[3.029s] running egg_info
[3.029s] writing ../../build/auto_nav/auto_nav.egg-info/PKG-INFO
[3.033s] writing dependency_links to ../../build/auto_nav/auto_nav.egg-info/dependency_links.txt
[3.036s] writing entry points to ../../build/auto_nav/auto_nav.egg-info/entry_points.txt
[3.036s] writing requirements to ../../build/auto_nav/auto_nav.egg-info/requires.txt
[3.037s] writing top-level names to ../../build/auto_nav/auto_nav.egg-info/top_level.txt
[3.244s] reading manifest file '../../build/auto_nav/auto_nav.egg-info/SOURCES.txt'
[3.250s] writing manifest file '../../build/auto_nav/auto_nav.egg-info/SOURCES.txt'
[3.251s] running build
[3.251s] running build_py
[3.268s] running install
[3.274s] running install_lib
[3.290s] running install_data
[3.300s] running install_egg_info
[3.313s] removing '/home/ubuntu/eg2310-workspace/colcon_ws/install/auto_nav/lib/python3.8/site-packages/auto_nav-0.0.0-py3.8.egg-info' (and everything under it)
[3.316s] Copying ../../build/auto_nav/auto_nav.egg-info to /home/ubuntu/eg2310-workspace/colcon_ws/install/auto_nav/lib/python3.8/site-packages/auto_nav-0.0.0-py3.8.egg-info
[3.323s] running install_scripts
[3.412s] Installing r2auto_nav script to /home/ubuntu/eg2310-workspace/colcon_ws/install/auto_nav/lib/auto_nav
[3.413s] Installing r2mover script to /home/ubuntu/eg2310-workspace/colcon_ws/install/auto_nav/lib/auto_nav
[3.414s] Installing r2moverotate script to /home/ubuntu/eg2310-workspace/colcon_ws/install/auto_nav/lib/auto_nav
[3.415s] Installing r2occupancy script to /home/ubuntu/eg2310-workspace/colcon_ws/install/auto_nav/lib/auto_nav
[3.418s] Installing r2occupancy2 script to /home/ubuntu/eg2310-workspace/colcon_ws/install/auto_nav/lib/auto_nav
[3.419s] Installing r2scanner script to /home/ubuntu/eg2310-workspace/colcon_ws/install/auto_nav/lib/auto_nav
[3.422s] writing list of installed files to '/home/ubuntu/eg2310-workspace/colcon_ws/build/auto_nav/install.log'
[3.662s] Invoked command in '/home/ubuntu/eg2310-workspace/colcon_ws/src/auto_nav' returned '0': PYTHONPATH=/home/ubuntu/eg2310-workspace/colcon_ws/install/auto_nav/lib/python3.8/site-packages:${PYTHONPATH} /usr/bin/python3 setup.py egg_info --egg-base ../../build/auto_nav build --build-base /home/ubuntu/eg2310-workspace/colcon_ws/build/auto_nav/build install --prefix /home/ubuntu/eg2310-workspace/colcon_ws/install/auto_nav --record /home/ubuntu/eg2310-workspace/colcon_ws/build/auto_nav/install.log --single-version-externally-managed
