[1.036s] Invoking command in '/home/eg2310-workspace/colcon_ws/build/auto_nav': PYTHONPATH=/home/eg2310-workspace/colcon_ws/build/auto_nav/prefix_override:/home/eg2310-workspace/colcon_ws/install/auto_nav/lib/python3.8/site-packages:${PYTHONPATH} /usr/bin/python3 setup.py develop --editable --build-directory /home/eg2310-workspace/colcon_ws/build/auto_nav/build --no-deps install_data
[1.260s] running develop
[1.351s] running egg_info
[1.351s] writing auto_nav.egg-info/PKG-INFO
[1.352s] writing dependency_links to auto_nav.egg-info/dependency_links.txt
[1.352s] writing entry points to auto_nav.egg-info/entry_points.txt
[1.352s] writing requirements to auto_nav.egg-info/requires.txt
[1.352s] writing top-level names to auto_nav.egg-info/top_level.txt
[1.382s] package init file 'auto_nav/__init__.py' not found (or not a regular file)
[1.383s] reading manifest file 'auto_nav.egg-info/SOURCES.txt'
[1.384s] writing manifest file 'auto_nav.egg-info/SOURCES.txt'
[1.424s] running build_ext
[1.424s] Creating /home/eg2310-workspace/colcon_ws/install/auto_nav/lib/python3.8/site-packages/site.py
[1.426s] Creating /home/eg2310-workspace/colcon_ws/install/auto_nav/lib/python3.8/site-packages/auto-nav.egg-link (link to .)
[1.427s] Installing r2auto_nav script to /home/eg2310-workspace/colcon_ws/install/auto_nav/lib/auto_nav
[1.427s] Installing r2mover script to /home/eg2310-workspace/colcon_ws/install/auto_nav/lib/auto_nav
[1.428s] Installing r2moverotate script to /home/eg2310-workspace/colcon_ws/install/auto_nav/lib/auto_nav
[1.428s] Installing r2occupancy script to /home/eg2310-workspace/colcon_ws/install/auto_nav/lib/auto_nav
[1.428s] Installing r2occupancy2 script to /home/eg2310-workspace/colcon_ws/install/auto_nav/lib/auto_nav
[1.428s] Installing r2scanner script to /home/eg2310-workspace/colcon_ws/install/auto_nav/lib/auto_nav
[1.429s] 
[1.429s] Installed /home/eg2310-workspace/colcon_ws/build/auto_nav
[1.429s] running install_data
[1.429s] copying package.xml -> /home/eg2310-workspace/colcon_ws/install/auto_nav/share/auto_nav
[1.491s] Invoked command in '/home/eg2310-workspace/colcon_ws/build/auto_nav' returned '0': PYTHONPATH=/home/eg2310-workspace/colcon_ws/build/auto_nav/prefix_override:/home/eg2310-workspace/colcon_ws/install/auto_nav/lib/python3.8/site-packages:${PYTHONPATH} /usr/bin/python3 setup.py develop --editable --build-directory /home/eg2310-workspace/colcon_ws/build/auto_nav/build --no-deps install_data
