[1.010s] Invoking command in '/home/ubuntu/eg2310_workspace/colcon-ws/src/idkman': PYTHONPATH=/home/ubuntu/eg2310_workspace/colcon-ws/install/idkman/lib/python3.8/site-packages:${PYTHONPATH} /usr/bin/python3 setup.py egg_info --egg-base ../../build/idkman build --build-base /home/ubuntu/eg2310_workspace/colcon-ws/build/idkman/build install --prefix /home/ubuntu/eg2310_workspace/colcon-ws/install/idkman --record /home/ubuntu/eg2310_workspace/colcon-ws/build/idkman/install.log --single-version-externally-managed
[1.876s] running egg_info
[1.878s] writing ../../build/idkman/idkman.egg-info/PKG-INFO
[1.879s] writing dependency_links to ../../build/idkman/idkman.egg-info/dependency_links.txt
[1.880s] writing entry points to ../../build/idkman/idkman.egg-info/entry_points.txt
[1.880s] writing requirements to ../../build/idkman/idkman.egg-info/requires.txt
[1.881s] writing top-level names to ../../build/idkman/idkman.egg-info/top_level.txt
[2.031s] reading manifest file '../../build/idkman/idkman.egg-info/SOURCES.txt'
[2.035s] writing manifest file '../../build/idkman/idkman.egg-info/SOURCES.txt'
[2.036s] running build
[2.036s] running build_py
[2.038s] running install
[2.041s] running install_lib
[2.048s] running install_data
[2.050s] running install_egg_info
[2.057s] removing '/home/ubuntu/eg2310_workspace/colcon-ws/install/idkman/lib/python3.8/site-packages/idkman-0.0.0-py3.8.egg-info' (and everything under it)
[2.059s] Copying ../../build/idkman/idkman.egg-info to /home/ubuntu/eg2310_workspace/colcon-ws/install/idkman/lib/python3.8/site-packages/idkman-0.0.0-py3.8.egg-info
[2.064s] running install_scripts
[2.132s] Installing testbed script to /home/ubuntu/eg2310_workspace/colcon-ws/install/idkman/lib/idkman
[2.134s] writing list of installed files to '/home/ubuntu/eg2310_workspace/colcon-ws/build/idkman/install.log'
[2.226s] Invoked command in '/home/ubuntu/eg2310_workspace/colcon-ws/src/idkman' returned '0': PYTHONPATH=/home/ubuntu/eg2310_workspace/colcon-ws/install/idkman/lib/python3.8/site-packages:${PYTHONPATH} /usr/bin/python3 setup.py egg_info --egg-base ../../build/idkman build --build-base /home/ubuntu/eg2310_workspace/colcon-ws/build/idkman/build install --prefix /home/ubuntu/eg2310_workspace/colcon-ws/install/idkman --record /home/ubuntu/eg2310_workspace/colcon-ws/build/idkman/install.log --single-version-externally-managed
