[1.797s] DEBUG:colcon:Command line arguments: ['/usr/bin/colcon', 'build']
[1.797s] DEBUG:colcon:Parsed command line arguments: Namespace(ament_cmake_args=None, base_paths=['.'], build_base='build', catkin_cmake_args=None, catkin_skip_building_tests=False, cmake_args=None, cmake_clean_cache=False, cmake_clean_first=False, cmake_force_configure=False, cmake_target=None, cmake_target_skip_unavailable=False, continue_on_error=False, event_handlers=None, executor='parallel', ignore_user_meta=False, install_base='install', log_base=None, log_level=None, main=<bound method BuildVerb.main of <colcon_core.verb.build.BuildVerb object at 0xffffb4647760>>, merge_install=False, metas=['./colcon.meta'], packages_above=None, packages_above_and_dependencies=None, packages_above_depth=None, packages_end=None, packages_ignore=None, packages_ignore_regex=None, packages_select=None, packages_select_build_failed=False, packages_select_by_dep=None, packages_select_regex=None, packages_select_test_failures=False, packages_skip=None, packages_skip_build_finished=False, packages_skip_by_dep=None, packages_skip_regex=None, packages_skip_test_passed=False, packages_skip_up_to=None, packages_start=None, packages_up_to=None, packages_up_to_regex=None, parallel_workers=4, paths=None, symlink_install=False, test_result_base=None, verb_extension=<colcon_core.verb.build.BuildVerb object at 0xffffb4647760>, verb_name='build', verb_parser=<colcon_defaults.argument_parser.defaults.DefaultArgumentsDecorator object at 0xffffb4647ca0>)
[1.840s] Level 1:colcon.colcon_core.package_discovery:discover_packages(colcon_meta) check parameters
[1.841s] Level 1:colcon.colcon_core.package_discovery:discover_packages(recursive) check parameters
[1.841s] Level 1:colcon.colcon_core.package_discovery:discover_packages(ignore) check parameters
[1.841s] Level 1:colcon.colcon_core.package_discovery:discover_packages(path) check parameters
[1.841s] Level 1:colcon.colcon_core.package_discovery:discover_packages(colcon_meta) discover
[1.842s] Level 1:colcon.colcon_core.package_discovery:discover_packages(recursive) discover
[1.842s] INFO:colcon.colcon_core.package_discovery:Crawling recursively for packages in '/home/ubuntu/eg2310_workspace/colcon-ws'
[1.843s] Level 1:colcon.colcon_core.package_identification:_identify(.) by extensions ['ignore', 'ignore_ament_install']
[1.843s] Level 1:colcon.colcon_core.package_identification:_identify(.) by extension 'ignore'
[1.844s] Level 1:colcon.colcon_core.package_identification:_identify(.) by extension 'ignore_ament_install'
[1.844s] Level 1:colcon.colcon_core.package_identification:_identify(.) by extensions ['colcon_pkg']
[1.844s] Level 1:colcon.colcon_core.package_identification:_identify(.) by extension 'colcon_pkg'
[1.844s] Level 1:colcon.colcon_core.package_identification:_identify(.) by extensions ['colcon_meta']
[1.845s] Level 1:colcon.colcon_core.package_identification:_identify(.) by extension 'colcon_meta'
[1.845s] Level 1:colcon.colcon_core.package_identification:_identify(.) by extensions ['ros']
[1.845s] Level 1:colcon.colcon_core.package_identification:_identify(.) by extension 'ros'
[1.904s] Level 1:colcon.colcon_core.package_identification:_identify(.) by extensions ['cmake', 'python']
[1.904s] Level 1:colcon.colcon_core.package_identification:_identify(.) by extension 'cmake'
[1.905s] Level 1:colcon.colcon_core.package_identification:_identify(.) by extension 'python'
[1.905s] Level 1:colcon.colcon_core.package_identification:_identify(.) by extensions ['python_setup_py']
[1.905s] Level 1:colcon.colcon_core.package_identification:_identify(.) by extension 'python_setup_py'
[1.906s] Level 1:colcon.colcon_core.package_identification:_identify(build) by extensions ['ignore', 'ignore_ament_install']
[1.907s] Level 1:colcon.colcon_core.package_identification:_identify(build) by extension 'ignore'
[1.907s] Level 1:colcon.colcon_core.package_identification:_identify(build) ignored
[1.908s] Level 1:colcon.colcon_core.package_identification:_identify(install) by extensions ['ignore', 'ignore_ament_install']
[1.909s] Level 1:colcon.colcon_core.package_identification:_identify(install) by extension 'ignore'
[1.909s] Level 1:colcon.colcon_core.package_identification:_identify(install) ignored
[1.910s] Level 1:colcon.colcon_core.package_identification:_identify(log) by extensions ['ignore', 'ignore_ament_install']
[1.910s] Level 1:colcon.colcon_core.package_identification:_identify(log) by extension 'ignore'
[1.911s] Level 1:colcon.colcon_core.package_identification:_identify(log) ignored
[1.911s] Level 1:colcon.colcon_core.package_identification:_identify(src) by extensions ['ignore', 'ignore_ament_install']
[1.912s] Level 1:colcon.colcon_core.package_identification:_identify(src) by extension 'ignore'
[1.912s] Level 1:colcon.colcon_core.package_identification:_identify(src) by extension 'ignore_ament_install'
[1.913s] Level 1:colcon.colcon_core.package_identification:_identify(src) by extensions ['colcon_pkg']
[1.913s] Level 1:colcon.colcon_core.package_identification:_identify(src) by extension 'colcon_pkg'
[1.913s] Level 1:colcon.colcon_core.package_identification:_identify(src) by extensions ['colcon_meta']
[1.914s] Level 1:colcon.colcon_core.package_identification:_identify(src) by extension 'colcon_meta'
[1.914s] Level 1:colcon.colcon_core.package_identification:_identify(src) by extensions ['ros']
[1.914s] Level 1:colcon.colcon_core.package_identification:_identify(src) by extension 'ros'
[1.915s] Level 1:colcon.colcon_core.package_identification:_identify(src) by extensions ['cmake', 'python']
[1.915s] Level 1:colcon.colcon_core.package_identification:_identify(src) by extension 'cmake'
[1.915s] Level 1:colcon.colcon_core.package_identification:_identify(src) by extension 'python'
[1.916s] Level 1:colcon.colcon_core.package_identification:_identify(src) by extensions ['python_setup_py']
[1.916s] Level 1:colcon.colcon_core.package_identification:_identify(src) by extension 'python_setup_py'
[1.917s] Level 1:colcon.colcon_core.package_identification:_identify(src/auto_nav) by extensions ['ignore', 'ignore_ament_install']
[1.917s] Level 1:colcon.colcon_core.package_identification:_identify(src/auto_nav) by extension 'ignore'
[1.918s] Level 1:colcon.colcon_core.package_identification:_identify(src/auto_nav) by extension 'ignore_ament_install'
[1.918s] Level 1:colcon.colcon_core.package_identification:_identify(src/auto_nav) by extensions ['colcon_pkg']
[1.918s] Level 1:colcon.colcon_core.package_identification:_identify(src/auto_nav) by extension 'colcon_pkg'
[1.919s] Level 1:colcon.colcon_core.package_identification:_identify(src/auto_nav) by extensions ['colcon_meta']
[1.919s] Level 1:colcon.colcon_core.package_identification:_identify(src/auto_nav) by extension 'colcon_meta'
[1.919s] Level 1:colcon.colcon_core.package_identification:_identify(src/auto_nav) by extensions ['ros']
[1.920s] Level 1:colcon.colcon_core.package_identification:_identify(src/auto_nav) by extension 'ros'
[1.933s] DEBUG:colcon.colcon_core.package_identification:Package 'src/auto_nav' with type 'ros.ament_python' and name 'auto_nav'
[1.933s] Level 1:colcon.colcon_core.package_discovery:discover_packages(recursive) using defaults
[1.933s] Level 1:colcon.colcon_core.package_discovery:discover_packages(ignore) discover
[1.934s] Level 1:colcon.colcon_core.package_discovery:discover_packages(ignore) using defaults
[1.934s] Level 1:colcon.colcon_core.package_discovery:discover_packages(path) discover
[1.934s] Level 1:colcon.colcon_core.package_discovery:discover_packages(path) using defaults
[2.055s] Level 5:colcon.colcon_core.verb:set package 'auto_nav' build argument 'cmake_args' from command line to 'None'
[2.055s] Level 5:colcon.colcon_core.verb:set package 'auto_nav' build argument 'cmake_target' from command line to 'None'
[2.056s] Level 5:colcon.colcon_core.verb:set package 'auto_nav' build argument 'cmake_target_skip_unavailable' from command line to 'False'
[2.056s] Level 5:colcon.colcon_core.verb:set package 'auto_nav' build argument 'cmake_clean_cache' from command line to 'False'
[2.056s] Level 5:colcon.colcon_core.verb:set package 'auto_nav' build argument 'cmake_clean_first' from command line to 'False'
[2.056s] Level 5:colcon.colcon_core.verb:set package 'auto_nav' build argument 'cmake_force_configure' from command line to 'False'
[2.056s] Level 5:colcon.colcon_core.verb:set package 'auto_nav' build argument 'ament_cmake_args' from command line to 'None'
[2.056s] Level 5:colcon.colcon_core.verb:set package 'auto_nav' build argument 'catkin_cmake_args' from command line to 'None'
[2.057s] Level 5:colcon.colcon_core.verb:set package 'auto_nav' build argument 'catkin_skip_building_tests' from command line to 'False'
[2.057s] DEBUG:colcon.colcon_core.verb:Building package 'auto_nav' with the following arguments: {'ament_cmake_args': None, 'build_base': '/home/ubuntu/eg2310_workspace/colcon-ws/build/auto_nav', 'catkin_cmake_args': None, 'catkin_skip_building_tests': False, 'cmake_args': None, 'cmake_clean_cache': False, 'cmake_clean_first': False, 'cmake_force_configure': False, 'cmake_target': None, 'cmake_target_skip_unavailable': False, 'install_base': '/home/ubuntu/eg2310_workspace/colcon-ws/install/auto_nav', 'merge_install': False, 'path': '/home/ubuntu/eg2310_workspace/colcon-ws/src/auto_nav', 'symlink_install': False, 'test_result_base': None}
[2.058s] INFO:colcon.colcon_core.executor:Executing jobs using 'parallel' executor
[2.068s] DEBUG:colcon.colcon_parallel_executor.executor.parallel:run_until_complete
[2.070s] INFO:colcon.colcon_ros.task.ament_python.build:Building ROS package in '/home/ubuntu/eg2310_workspace/colcon-ws/src/auto_nav' with build type 'ament_python'
[2.070s] Level 1:colcon.colcon_core.shell:create_environment_hook('auto_nav', 'ament_prefix_path')
[2.106s] INFO:colcon.colcon_core.plugin_system:Skipping extension 'colcon_core.shell.bat': Not used on non-Windows systems
[2.107s] INFO:colcon.colcon_core.shell:Creating environment hook '/home/ubuntu/eg2310_workspace/colcon-ws/install/auto_nav/share/auto_nav/hook/ament_prefix_path.ps1'
[2.112s] INFO:colcon.colcon_core.shell:Creating environment descriptor '/home/ubuntu/eg2310_workspace/colcon-ws/install/auto_nav/share/auto_nav/hook/ament_prefix_path.dsv'
[2.115s] INFO:colcon.colcon_core.shell:Creating environment hook '/home/ubuntu/eg2310_workspace/colcon-ws/install/auto_nav/share/auto_nav/hook/ament_prefix_path.sh'
[2.121s] INFO:colcon.colcon_core.shell:Skip shell extension 'powershell' for command environment: Not usable outside of PowerShell
[2.121s] DEBUG:colcon.colcon_core.shell:Skip shell extension 'dsv' for command environment
[2.145s] DEBUG:colcon.colcon_core.shell:Ignoring prefix path '/opt/ros/foxy'
[3.383s] INFO:colcon.colcon_core.task.python.build:Building Python package in '/home/ubuntu/eg2310_workspace/colcon-ws/src/auto_nav'
[3.387s] INFO:colcon.colcon_core.shell:Skip shell extension 'powershell' for command environment: Not usable outside of PowerShell
[3.387s] DEBUG:colcon.colcon_core.shell:Skip shell extension 'dsv' for command environment
[3.400s] DEBUG:colcon.colcon_core.shell:Ignoring prefix path '/opt/ros/foxy'
[3.428s] DEBUG:colcon.colcon_core.event_handler.log_command:Invoking command in '/home/ubuntu/eg2310_workspace/colcon-ws/src/auto_nav': PYTHONPATH=/home/ubuntu/eg2310_workspace/colcon-ws/install/auto_nav/lib/python3.8/site-packages:${PYTHONPATH} /usr/bin/python3 setup.py egg_info --egg-base ../../build/auto_nav build --build-base /home/ubuntu/eg2310_workspace/colcon-ws/build/auto_nav/build install --prefix /home/ubuntu/eg2310_workspace/colcon-ws/install/auto_nav --record /home/ubuntu/eg2310_workspace/colcon-ws/build/auto_nav/install.log --single-version-externally-managed
[4.977s] DEBUG:colcon.colcon_core.event_handler.log_command:Invoked command in '/home/ubuntu/eg2310_workspace/colcon-ws/src/auto_nav' returned '0': PYTHONPATH=/home/ubuntu/eg2310_workspace/colcon-ws/install/auto_nav/lib/python3.8/site-packages:${PYTHONPATH} /usr/bin/python3 setup.py egg_info --egg-base ../../build/auto_nav build --build-base /home/ubuntu/eg2310_workspace/colcon-ws/build/auto_nav/build install --prefix /home/ubuntu/eg2310_workspace/colcon-ws/install/auto_nav --record /home/ubuntu/eg2310_workspace/colcon-ws/build/auto_nav/install.log --single-version-externally-managed
[5.005s] Level 1:colcon.colcon_core.environment:checking '/home/ubuntu/eg2310_workspace/colcon-ws/install/auto_nav' for CMake module files
[5.008s] Level 1:colcon.colcon_core.environment:checking '/home/ubuntu/eg2310_workspace/colcon-ws/install/auto_nav' for CMake config files
[5.011s] Level 1:colcon.colcon_core.environment:checking '/home/ubuntu/eg2310_workspace/colcon-ws/install/auto_nav/lib'
[5.012s] Level 1:colcon.colcon_core.environment:checking '/home/ubuntu/eg2310_workspace/colcon-ws/install/auto_nav/bin'
[5.012s] Level 1:colcon.colcon_core.environment:checking '/home/ubuntu/eg2310_workspace/colcon-ws/install/auto_nav/lib/pkgconfig/auto_nav.pc'
[5.013s] Level 1:colcon.colcon_core.environment:checking '/home/ubuntu/eg2310_workspace/colcon-ws/install/auto_nav/lib/python3.8/site-packages'
[5.013s] Level 1:colcon.colcon_core.shell:create_environment_hook('auto_nav', 'pythonpath')
[5.015s] INFO:colcon.colcon_core.shell:Creating environment hook '/home/ubuntu/eg2310_workspace/colcon-ws/install/auto_nav/share/auto_nav/hook/pythonpath.ps1'
[5.017s] INFO:colcon.colcon_core.shell:Creating environment descriptor '/home/ubuntu/eg2310_workspace/colcon-ws/install/auto_nav/share/auto_nav/hook/pythonpath.dsv'
[5.018s] INFO:colcon.colcon_core.shell:Creating environment hook '/home/ubuntu/eg2310_workspace/colcon-ws/install/auto_nav/share/auto_nav/hook/pythonpath.sh'
[5.020s] Level 1:colcon.colcon_core.environment:create_environment_scripts_only(auto_nav)
[5.023s] INFO:colcon.colcon_core.shell:Creating package script '/home/ubuntu/eg2310_workspace/colcon-ws/install/auto_nav/share/auto_nav/package.ps1'
[5.028s] INFO:colcon.colcon_core.shell:Creating package descriptor '/home/ubuntu/eg2310_workspace/colcon-ws/install/auto_nav/share/auto_nav/package.dsv'
[5.031s] INFO:colcon.colcon_core.shell:Creating package script '/home/ubuntu/eg2310_workspace/colcon-ws/install/auto_nav/share/auto_nav/package.sh'
[5.035s] INFO:colcon.colcon_core.shell:Creating package script '/home/ubuntu/eg2310_workspace/colcon-ws/install/auto_nav/share/auto_nav/package.bash'
[5.040s] INFO:colcon.colcon_core.shell:Creating package script '/home/ubuntu/eg2310_workspace/colcon-ws/install/auto_nav/share/auto_nav/package.zsh'
[5.046s] Level 1:colcon.colcon_core.environment:create_file_with_runtime_dependencies(/home/ubuntu/eg2310_workspace/colcon-ws/install/auto_nav/share/colcon-core/packages/auto_nav)
[5.047s] DEBUG:colcon.colcon_parallel_executor.executor.parallel:closing loop
[5.048s] DEBUG:colcon.colcon_parallel_executor.executor.parallel:loop closed
[5.049s] DEBUG:colcon.colcon_parallel_executor.executor.parallel:run_until_complete finished with '0'
[5.049s] DEBUG:colcon.colcon_core.event_reactor:joining thread
[5.077s] INFO:colcon.colcon_core.plugin_system:Skipping extension 'colcon_notification.desktop_notification.notify_send': Could not find 'notify-send'
[5.078s] INFO:colcon.colcon_core.plugin_system:Skipping extension 'colcon_notification.desktop_notification.terminal_notifier': Not used on non-Darwin systems
[5.078s] INFO:colcon.colcon_core.plugin_system:Skipping extension 'colcon_notification.desktop_notification.win32': Not used on non-Windows systems
[5.078s] INFO:colcon.colcon_notification.desktop_notification:Sending desktop notification using 'notify2'
[5.116s] DEBUG:colcon.colcon_notification.desktop_notification.notify2:Failed to initialize notify2: org.freedesktop.DBus.Error.ServiceUnknown: The name org.freedesktop.Notifications was not provided by any .service files
[5.117s] DEBUG:colcon.colcon_core.event_reactor:joined thread
[5.119s] INFO:colcon.colcon_core.shell:Creating prefix script '/home/ubuntu/eg2310_workspace/colcon-ws/install/local_setup.ps1'
[5.124s] INFO:colcon.colcon_core.shell:Creating prefix util module '/home/ubuntu/eg2310_workspace/colcon-ws/install/_local_setup_util_ps1.py'
[5.132s] INFO:colcon.colcon_core.shell:Creating prefix chain script '/home/ubuntu/eg2310_workspace/colcon-ws/install/setup.ps1'
[5.144s] INFO:colcon.colcon_core.shell:Creating prefix script '/home/ubuntu/eg2310_workspace/colcon-ws/install/local_setup.sh'
[5.149s] INFO:colcon.colcon_core.shell:Creating prefix util module '/home/ubuntu/eg2310_workspace/colcon-ws/install/_local_setup_util_sh.py'
[5.151s] INFO:colcon.colcon_core.shell:Creating prefix chain script '/home/ubuntu/eg2310_workspace/colcon-ws/install/setup.sh'
[5.165s] INFO:colcon.colcon_core.shell:Creating prefix script '/home/ubuntu/eg2310_workspace/colcon-ws/install/local_setup.bash'
[5.169s] INFO:colcon.colcon_core.shell:Creating prefix chain script '/home/ubuntu/eg2310_workspace/colcon-ws/install/setup.bash'
[5.182s] INFO:colcon.colcon_core.shell:Creating prefix script '/home/ubuntu/eg2310_workspace/colcon-ws/install/local_setup.zsh'
[5.186s] INFO:colcon.colcon_core.shell:Creating prefix chain script '/home/ubuntu/eg2310_workspace/colcon-ws/install/setup.zsh'
