[2.008s] Invoking command in '/home/ubuntu/eg2310-workspace/colcon_ws/src/idkman': PYTHONPATH=/home/ubuntu/eg2310-workspace/colcon_ws/install/idkman/lib/python3.8/site-packages:${PYTHONPATH} /usr/bin/python3 setup.py egg_info --egg-base ../../build/idkman build --build-base /home/ubuntu/eg2310-workspace/colcon_ws/build/idkman/build install --prefix /home/ubuntu/eg2310-workspace/colcon_ws/install/idkman --record /home/ubuntu/eg2310-workspace/colcon_ws/build/idkman/install.log --single-version-externally-managed
[3.038s] running egg_info
[3.040s] writing ../../build/idkman/idkman.egg-info/PKG-INFO
[3.042s] writing dependency_links to ../../build/idkman/idkman.egg-info/dependency_links.txt
[3.043s] writing entry points to ../../build/idkman/idkman.egg-info/entry_points.txt
[3.043s] writing requirements to ../../build/idkman/idkman.egg-info/requires.txt
[3.044s] writing top-level names to ../../build/idkman/idkman.egg-info/top_level.txt
[3.212s] reading manifest file '../../build/idkman/idkman.egg-info/SOURCES.txt'
[3.217s] writing manifest file '../../build/idkman/idkman.egg-info/SOURCES.txt'
[3.217s] running build
[3.218s] running build_py
[3.219s] copying idkman/lidar_sole_servo_test.py -> /home/ubuntu/eg2310-workspace/colcon_ws/build/idkman/build/lib/idkman
[3.221s] running install
[3.225s] running install_lib
[3.231s] copying /home/ubuntu/eg2310-workspace/colcon_ws/build/idkman/build/lib/idkman/lidar_sole_servo_test.py -> /home/ubuntu/eg2310-workspace/colcon_ws/install/idkman/lib/python3.8/site-packages/idkman
[3.235s] byte-compiling /home/ubuntu/eg2310-workspace/colcon_ws/install/idkman/lib/python3.8/site-packages/idkman/lidar_sole_servo_test.py to lidar_sole_servo_test.cpython-38.pyc
[3.243s] running install_data
[3.245s] running install_egg_info
[3.253s] removing '/home/ubuntu/eg2310-workspace/colcon_ws/install/idkman/lib/python3.8/site-packages/idkman-0.0.0-py3.8.egg-info' (and everything under it)
[3.255s] Copying ../../build/idkman/idkman.egg-info to /home/ubuntu/eg2310-workspace/colcon_ws/install/idkman/lib/python3.8/site-packages/idkman-0.0.0-py3.8.egg-info
[3.261s] running install_scripts
[3.377s] Installing testbed script to /home/ubuntu/eg2310-workspace/colcon_ws/install/idkman/lib/idkman
[3.379s] writing list of installed files to '/home/ubuntu/eg2310-workspace/colcon_ws/build/idkman/install.log'
[3.495s] Invoked command in '/home/ubuntu/eg2310-workspace/colcon_ws/src/idkman' returned '0': PYTHONPATH=/home/ubuntu/eg2310-workspace/colcon_ws/install/idkman/lib/python3.8/site-packages:${PYTHONPATH} /usr/bin/python3 setup.py egg_info --egg-base ../../build/idkman build --build-base /home/ubuntu/eg2310-workspace/colcon_ws/build/idkman/build install --prefix /home/ubuntu/eg2310-workspace/colcon_ws/install/idkman --record /home/ubuntu/eg2310-workspace/colcon_ws/build/idkman/install.log --single-version-externally-managed
