[0.047s] Invoking command in '/home/eg2310-workspace/colcon_ws/build/turtlebot3_gazebo': CMAKE_PREFIX_PATH=/home/eg2310-workspace/colcon_ws/install/idkman:/home/eg2310-workspace/colcon_ws/install/auto_nav:/opt/ros/foxy /usr/bin/cmake /home/eg2310-workspace/colcon_ws/src/turtlebot3_simulations/turtlebot3_gazebo -DAMENT_CMAKE_SYMLINK_INSTALL=1 -DCMAKE_INSTALL_PREFIX=/home/eg2310-workspace/colcon_ws/install/turtlebot3_gazebo
[0.263s] -- The C compiler identification is GNU 9.4.0
[0.299s] -- The CXX compiler identification is GNU 9.4.0
[0.307s] -- Check for working C compiler: /usr/bin/cc
[0.418s] -- Check for working C compiler: /usr/bin/cc -- works
[0.421s] -- Detecting C compiler ABI info
[0.542s] -- Detecting C compiler ABI info - done
[0.554s] -- Detecting C compile features
[0.554s] -- Detecting C compile features - done
[0.559s] -- Check for working CXX compiler: /usr/bin/c++
[0.682s] -- Check for working CXX compiler: /usr/bin/c++ -- works
[0.683s] -- Detecting CXX compiler ABI info
[0.805s] -- Detecting CXX compiler ABI info - done
[0.820s] -- Detecting CXX compile features
[0.821s] -- Detecting CXX compile features - done
[0.834s] -- Found ament_cmake: 0.9.12 (/opt/ros/foxy/share/ament_cmake/cmake)
[0.874s] -- Found PythonInterp: /usr/bin/python3 (found suitable version "3.8.10", minimum required is "3") 
[0.874s] -- Using PYTHON_EXECUTABLE: /usr/bin/python3
[1.062s] -- Override CMake install command with custom implementation using symlinks instead of copying resources
[1.137s] -- Found PkgConfig: /usr/bin/pkg-config (found version "0.29.1") 
[1.148s] -- Checking for module 'bullet>=2.82'
[1.183s] --   Found bullet, version 2.88
[1.442s] -- Found ccd: /usr/include (found suitable version "2.0", minimum required is "2.0") 
[1.563s] -- Found fcl: /usr/include (found suitable version "0.5.0", minimum required is "0.3.2") 
[1.680s] -- Found assimp: /usr/include (found version "5.0.0") 
[1.725s] -- Found DART: /usr/include (Required is at least version "6.6") found components: dart 
[2.154s] -- Found Boost: /usr/lib/x86_64-linux-gnu/cmake/Boost-1.71.0/BoostConfig.cmake (found suitable version "1.71.0", minimum required is "1.40.0") found components: thread system filesystem program_options regex iostreams date_time 
[2.190s] -- Found Protobuf: /usr/lib/x86_64-linux-gnu/libprotobuf.so;-lpthread (found version "3.6.1") 
[2.201s] -- Looking for ignition-math6 -- found version 6.13.0
[2.214s] -- Searching for dependencies of ignition-math6
[2.219s] -- Looking for OGRE...
[2.219s] -- OGRE_PREFIX_WATCH changed.
[2.226s] -- Checking for module 'OGRE'
[2.258s] --   Found OGRE, version 1.9.0
[2.347s] -- Found Ogre Ghadamon (1.9.0)
[2.359s] -- Found OGRE: optimized;/usr/lib/x86_64-linux-gnu/libOgreMain.so;debug;/usr/lib/x86_64-linux-gnu/libOgreMain.so
[2.371s] -- Looking for OGRE_Paging...
[2.379s] -- Found OGRE_Paging: optimized;/usr/lib/x86_64-linux-gnu/libOgrePaging.so;debug;/usr/lib/x86_64-linux-gnu/libOgrePaging.so
[2.379s] -- Looking for OGRE_Terrain...
[2.388s] -- Found OGRE_Terrain: optimized;/usr/lib/x86_64-linux-gnu/libOgreTerrain.so;debug;/usr/lib/x86_64-linux-gnu/libOgreTerrain.so
[2.388s] -- Looking for OGRE_Property...
[2.396s] -- Found OGRE_Property: optimized;/usr/lib/x86_64-linux-gnu/libOgreProperty.so;debug;/usr/lib/x86_64-linux-gnu/libOgreProperty.so
[2.396s] -- Looking for OGRE_RTShaderSystem...
[2.404s] -- Found OGRE_RTShaderSystem: optimized;/usr/lib/x86_64-linux-gnu/libOgreRTShaderSystem.so;debug;/usr/lib/x86_64-linux-gnu/libOgreRTShaderSystem.so
[2.405s] -- Looking for OGRE_Volume...
[2.415s] -- Found OGRE_Volume: optimized;/usr/lib/x86_64-linux-gnu/libOgreVolume.so;debug;/usr/lib/x86_64-linux-gnu/libOgreVolume.so
[2.415s] -- Looking for OGRE_Overlay...
[2.425s] -- Found OGRE_Overlay: optimized;/usr/lib/x86_64-linux-gnu/libOgreOverlay.so;debug;/usr/lib/x86_64-linux-gnu/libOgreOverlay.so
[2.569s] -- Looking for ignition-math6 -- found version 6.13.0
[2.573s] -- Looking for ignition-transport8 -- found version 8.3.0
[2.574s] -- Searching for dependencies of ignition-transport8
[2.615s] -- Found Protobuf: /usr/lib/x86_64-linux-gnu/libprotobuf.so;-lpthread (found suitable version "3.6.1", minimum required is "3") 
[2.649s] -- Config-file not installed for ZeroMQ -- checking for pkg-config
[2.655s] -- Checking for module 'libzmq >= 4'
[2.696s] --   Found libzmq , version 4.3.2
[2.798s] -- Found ZeroMQ: TRUE (Required is at least version "4") 
[2.811s] -- Checking for module 'uuid'
[2.847s] --   Found uuid, version 2.34.0
[2.938s] -- Found UUID: TRUE  
[2.943s] -- Looking for ignition-msgs5 -- found version 5.10.0
[2.943s] -- Searching for dependencies of ignition-msgs5
[2.988s] -- Looking for ignition-math6 -- found version 6.13.0
[2.993s] -- Checking for module 'tinyxml2'
[3.033s] --   Found tinyxml2, version 6.2.0
[3.148s] -- Looking for ignition-msgs5 -- found version 5.10.0
[3.152s] -- Looking for ignition-common3 -- found version 3.14.2
[3.152s] -- Searching for dependencies of ignition-common3
[3.153s] -- Looking for dlfcn.h - found
[3.154s] -- Looking for libdl - found
[3.155s] -- Found DL: TRUE  
[3.167s] -- Searching for <ignition-common3> component [graphics]
[3.171s] -- Looking for ignition-common3-graphics -- found version 3.14.2
[3.172s] -- Searching for dependencies of ignition-common3-graphics
[3.172s] -- Looking for ignition-math6 -- found version 6.13.0
[3.177s] -- Looking for ignition-fuel_tools4 -- found version 4.6.0
[3.178s] -- Searching for dependencies of ignition-fuel_tools4
[3.356s] -- Found CURL: /usr/lib/x86_64-linux-gnu/libcurl.so (found version "7.68.0")  
[3.378s] -- Checking for module 'jsoncpp'
[3.412s] --   Found jsoncpp, version 1.7.4
[3.501s] -- Found JSONCPP: TRUE  
[3.510s] -- Checking for module 'libzip'
[3.545s] --   Found libzip, version 1.5.1
[3.627s] -- Found ZIP: TRUE  
[3.628s] -- Looking for ignition-common3 -- found version 3.14.2
[3.628s] -- Looking for ignition-math6 -- found version 6.13.0
[3.629s] -- Looking for ignition-msgs5 -- found version 5.10.0
[3.635s] -- Found gazebo_ros_pkgs: 3.5.3 (/opt/ros/foxy/share/gazebo_ros_pkgs/cmake)
[3.639s] -- Found geometry_msgs: 2.0.5 (/opt/ros/foxy/share/geometry_msgs/cmake)
[3.674s] -- Using all available rosidl_typesupport_c: rosidl_typesupport_fastrtps_c;rosidl_typesupport_introspection_c
[3.685s] -- Found rosidl_adapter: 1.3.1 (/opt/ros/foxy/share/rosidl_adapter/cmake)
[3.871s] -- Found OpenSSL: /usr/lib/x86_64-linux-gnu/libcrypto.so (found version "1.1.1f")  
[3.923s] -- Found FastRTPS: /opt/ros/foxy/include  
[4.057s] -- Using all available rosidl_typesupport_cpp: rosidl_typesupport_fastrtps_cpp;rosidl_typesupport_introspection_cpp
[4.140s] -- Found nav_msgs: 2.0.5 (/opt/ros/foxy/share/nav_msgs/cmake)
[4.206s] -- Found rclcpp: 2.4.3 (/opt/ros/foxy/share/rclcpp/cmake)
[4.260s] -- Found rmw_implementation_cmake: 1.0.4 (/opt/ros/foxy/share/rmw_implementation_cmake/cmake)
[4.261s] -- Using RMW implementation 'rmw_fastrtps_cpp' as default
[4.263s] -- Found Threads: TRUE  
[4.426s] -- Found sensor_msgs: 2.0.5 (/opt/ros/foxy/share/sensor_msgs/cmake)
[4.494s] -- Found tf2: 0.13.14 (/opt/ros/foxy/share/tf2/cmake)
[4.604s] -- Configuring done
[4.655s] -- Generating done
[4.658s] -- Build files have been written to: /home/eg2310-workspace/colcon_ws/build/turtlebot3_gazebo
[4.671s] Invoked command in '/home/eg2310-workspace/colcon_ws/build/turtlebot3_gazebo' returned '0': CMAKE_PREFIX_PATH=/home/eg2310-workspace/colcon_ws/install/idkman:/home/eg2310-workspace/colcon_ws/install/auto_nav:/opt/ros/foxy /usr/bin/cmake /home/eg2310-workspace/colcon_ws/src/turtlebot3_simulations/turtlebot3_gazebo -DAMENT_CMAKE_SYMLINK_INSTALL=1 -DCMAKE_INSTALL_PREFIX=/home/eg2310-workspace/colcon_ws/install/turtlebot3_gazebo
[4.673s] Invoking command in '/home/eg2310-workspace/colcon_ws/build/turtlebot3_gazebo': CMAKE_PREFIX_PATH=/home/eg2310-workspace/colcon_ws/install/idkman:/home/eg2310-workspace/colcon_ws/install/auto_nav:/opt/ros/foxy /usr/bin/cmake --build /home/eg2310-workspace/colcon_ws/build/turtlebot3_gazebo -- -j16 -l16
[4.742s] [35m[1mScanning dependencies of target obstacle2[0m
[4.742s] [35m[1mScanning dependencies of target obstacle1[0m
[4.744s] [35m[1mScanning dependencies of target turtlebot3_drive[0m
[4.746s] [35m[1mScanning dependencies of target obstacles[0m
[4.817s] [ 12%] [32mBuilding CXX object CMakeFiles/turtlebot3_drive.dir/src/turtlebot3_drive.cpp.o[0m
[4.971s] [ 25%] [32mBuilding CXX object CMakeFiles/obstacle1.dir/models/turtlebot3_dqn_world/obstacle_plugin/obstacle1.cc.o[0m
[4.977s] [ 37%] [32mBuilding CXX object CMakeFiles/obstacles.dir/models/turtlebot3_dqn_world/obstacle_plugin/obstacles.cc.o[0m
[4.978s] [ 50%] [32mBuilding CXX object CMakeFiles/obstacle2.dir/models/turtlebot3_dqn_world/obstacle_plugin/obstacle2.cc.o[0m
[12.312s] [ 62%] [32m[1mLinking CXX executable turtlebot3_drive[0m
[12.779s] [ 62%] Built target turtlebot3_drive
[15.138s] [ 75%] [32m[1mLinking CXX shared library libobstacle2.so[0m
[15.275s] [ 87%] [32m[1mLinking CXX shared library libobstacle1.so[0m
[15.284s] [100%] [32m[1mLinking CXX shared library libobstacles.so[0m
[15.493s] [100%] Built target obstacle2
[15.692s] [100%] Built target obstacle1
[15.705s] [100%] Built target obstacles
[15.724s] Invoked command in '/home/eg2310-workspace/colcon_ws/build/turtlebot3_gazebo' returned '0': CMAKE_PREFIX_PATH=/home/eg2310-workspace/colcon_ws/install/idkman:/home/eg2310-workspace/colcon_ws/install/auto_nav:/opt/ros/foxy /usr/bin/cmake --build /home/eg2310-workspace/colcon_ws/build/turtlebot3_gazebo -- -j16 -l16
[15.777s] Invoking command in '/home/eg2310-workspace/colcon_ws/build/turtlebot3_gazebo': CMAKE_PREFIX_PATH=/home/eg2310-workspace/colcon_ws/install/idkman:/home/eg2310-workspace/colcon_ws/install/auto_nav:/opt/ros/foxy /usr/bin/cmake --install /home/eg2310-workspace/colcon_ws/build/turtlebot3_gazebo
[15.800s] -- Install configuration: ""
[15.801s] -- Execute custom install script
[15.802s] -- Symlinking: /home/eg2310-workspace/colcon_ws/install/turtlebot3_gazebo/lib/turtlebot3_gazebo/turtlebot3_drive
[15.830s] -- Symlinking: /home/eg2310-workspace/colcon_ws/install/turtlebot3_gazebo/share/turtlebot3_gazebo//launch/empty_world.launch.py
[15.857s] -- Symlinking: /home/eg2310-workspace/colcon_ws/install/turtlebot3_gazebo/share/turtlebot3_gazebo//launch/robot_state_publisher.launch.py
[15.883s] -- Symlinking: /home/eg2310-workspace/colcon_ws/install/turtlebot3_gazebo/share/turtlebot3_gazebo//launch/turtlebot3_autorace.launch.py
[15.896s] -- Symlinking: /home/eg2310-workspace/colcon_ws/install/turtlebot3_gazebo/share/turtlebot3_gazebo//launch/turtlebot3_dqn_stage1.launch.py
[15.922s] -- Symlinking: /home/eg2310-workspace/colcon_ws/install/turtlebot3_gazebo/share/turtlebot3_gazebo//launch/turtlebot3_dqn_stage2.launch.py
[15.946s] -- Symlinking: /home/eg2310-workspace/colcon_ws/install/turtlebot3_gazebo/share/turtlebot3_gazebo//launch/turtlebot3_dqn_stage3.launch.py
[15.970s] -- Symlinking: /home/eg2310-workspace/colcon_ws/install/turtlebot3_gazebo/share/turtlebot3_gazebo//launch/turtlebot3_dqn_stage4.launch.py
[15.995s] -- Symlinking: /home/eg2310-workspace/colcon_ws/install/turtlebot3_gazebo/share/turtlebot3_gazebo//launch/turtlebot3_house.launch.py
[16.013s] -- Symlinking: /home/eg2310-workspace/colcon_ws/install/turtlebot3_gazebo/share/turtlebot3_gazebo//launch/turtlebot3_world.launch.py
[16.031s] -- Symlinking: /home/eg2310-workspace/colcon_ws/install/turtlebot3_gazebo/share/turtlebot3_gazebo//models/turtlebot3_autorace/course/materials/scripts/course.material
[16.045s] -- Symlinking: /home/eg2310-workspace/colcon_ws/install/turtlebot3_gazebo/share/turtlebot3_gazebo//models/turtlebot3_autorace/course/materials/textures/course.png
[16.058s] -- Symlinking: /home/eg2310-workspace/colcon_ws/install/turtlebot3_gazebo/share/turtlebot3_gazebo//models/turtlebot3_autorace/course/model.config
[16.071s] -- Symlinking: /home/eg2310-workspace/colcon_ws/install/turtlebot3_gazebo/share/turtlebot3_gazebo//models/turtlebot3_autorace/course/model.sdf
[16.083s] -- Symlinking: /home/eg2310-workspace/colcon_ws/install/turtlebot3_gazebo/share/turtlebot3_gazebo//models/turtlebot3_autorace/ground/model.config
[16.097s] -- Symlinking: /home/eg2310-workspace/colcon_ws/install/turtlebot3_gazebo/share/turtlebot3_gazebo//models/turtlebot3_autorace/ground/model.sdf
[16.109s] -- Symlinking: /home/eg2310-workspace/colcon_ws/install/turtlebot3_gazebo/share/turtlebot3_gazebo//models/turtlebot3_autorace/lights/model.config
[16.122s] -- Symlinking: /home/eg2310-workspace/colcon_ws/install/turtlebot3_gazebo/share/turtlebot3_gazebo//models/turtlebot3_autorace/lights/model.sdf
[16.135s] -- Symlinking: /home/eg2310-workspace/colcon_ws/install/turtlebot3_gazebo/share/turtlebot3_gazebo//models/turtlebot3_autorace/model.config
[16.153s] -- Symlinking: /home/eg2310-workspace/colcon_ws/install/turtlebot3_gazebo/share/turtlebot3_gazebo//models/turtlebot3_autorace/traffic_bar_down/materials/scripts/traffic_bar.material
[16.167s] -- Symlinking: /home/eg2310-workspace/colcon_ws/install/turtlebot3_gazebo/share/turtlebot3_gazebo//models/turtlebot3_autorace/traffic_bar_down/materials/textures/traffic_bar.png
[16.193s] -- Symlinking: /home/eg2310-workspace/colcon_ws/install/turtlebot3_gazebo/share/turtlebot3_gazebo//models/turtlebot3_autorace/traffic_bar_down/model.config
[16.206s] -- Symlinking: /home/eg2310-workspace/colcon_ws/install/turtlebot3_gazebo/share/turtlebot3_gazebo//models/turtlebot3_autorace/traffic_bar_down/model.sdf
[16.219s] -- Symlinking: /home/eg2310-workspace/colcon_ws/install/turtlebot3_gazebo/share/turtlebot3_gazebo//models/turtlebot3_autorace/traffic_bar_up/materials/scripts/traffic_bar.material
[16.231s] -- Symlinking: /home/eg2310-workspace/colcon_ws/install/turtlebot3_gazebo/share/turtlebot3_gazebo//models/turtlebot3_autorace/traffic_bar_up/materials/textures/traffic_bar.png
[16.244s] -- Symlinking: /home/eg2310-workspace/colcon_ws/install/turtlebot3_gazebo/share/turtlebot3_gazebo//models/turtlebot3_autorace/traffic_bar_up/model.config
[16.257s] -- Symlinking: /home/eg2310-workspace/colcon_ws/install/turtlebot3_gazebo/share/turtlebot3_gazebo//models/turtlebot3_autorace/traffic_bar_up/model.sdf
[16.271s] -- Symlinking: /home/eg2310-workspace/colcon_ws/install/turtlebot3_gazebo/share/turtlebot3_gazebo//models/turtlebot3_autorace/traffic_light_green/model.config
[16.284s] -- Symlinking: /home/eg2310-workspace/colcon_ws/install/turtlebot3_gazebo/share/turtlebot3_gazebo//models/turtlebot3_autorace/traffic_light_green/model.sdf
[16.298s] -- Symlinking: /home/eg2310-workspace/colcon_ws/install/turtlebot3_gazebo/share/turtlebot3_gazebo//models/turtlebot3_autorace/traffic_light_red/model.config
[16.313s] -- Symlinking: /home/eg2310-workspace/colcon_ws/install/turtlebot3_gazebo/share/turtlebot3_gazebo//models/turtlebot3_autorace/traffic_light_red/model.sdf
[16.338s] -- Symlinking: /home/eg2310-workspace/colcon_ws/install/turtlebot3_gazebo/share/turtlebot3_gazebo//models/turtlebot3_autorace/traffic_light_yellow/model.config
[16.361s] -- Symlinking: /home/eg2310-workspace/colcon_ws/install/turtlebot3_gazebo/share/turtlebot3_gazebo//models/turtlebot3_autorace/traffic_light_yellow/model.sdf
[16.374s] -- Symlinking: /home/eg2310-workspace/colcon_ws/install/turtlebot3_gazebo/share/turtlebot3_gazebo//models/turtlebot3_autorace/traffic_parking/materials/scripts/traffic_parking.material
[16.387s] -- Symlinking: /home/eg2310-workspace/colcon_ws/install/turtlebot3_gazebo/share/turtlebot3_gazebo//models/turtlebot3_autorace/traffic_parking/materials/textures/traffic_parking.png
[16.413s] -- Symlinking: /home/eg2310-workspace/colcon_ws/install/turtlebot3_gazebo/share/turtlebot3_gazebo//models/turtlebot3_autorace/traffic_parking/model.config
[16.439s] -- Symlinking: /home/eg2310-workspace/colcon_ws/install/turtlebot3_gazebo/share/turtlebot3_gazebo//models/turtlebot3_autorace/traffic_parking/model.sdf
[16.453s] -- Symlinking: /home/eg2310-workspace/colcon_ws/install/turtlebot3_gazebo/share/turtlebot3_gazebo//models/turtlebot3_autorace/traffic_stop/materials/scripts/traffic_stop.material
[16.466s] -- Symlinking: /home/eg2310-workspace/colcon_ws/install/turtlebot3_gazebo/share/turtlebot3_gazebo//models/turtlebot3_autorace/traffic_stop/materials/textures/traffic_stop.png
[16.480s] -- Symlinking: /home/eg2310-workspace/colcon_ws/install/turtlebot3_gazebo/share/turtlebot3_gazebo//models/turtlebot3_autorace/traffic_stop/model.config
[16.492s] -- Symlinking: /home/eg2310-workspace/colcon_ws/install/turtlebot3_gazebo/share/turtlebot3_gazebo//models/turtlebot3_autorace/traffic_stop/model.sdf
[16.505s] -- Symlinking: /home/eg2310-workspace/colcon_ws/install/turtlebot3_gazebo/share/turtlebot3_gazebo//models/turtlebot3_autorace/traffic_tunnel/materials/scripts/tunnel.material
[16.519s] -- Symlinking: /home/eg2310-workspace/colcon_ws/install/turtlebot3_gazebo/share/turtlebot3_gazebo//models/turtlebot3_autorace/traffic_tunnel/materials/textures/tunnel.png
[16.545s] -- Symlinking: /home/eg2310-workspace/colcon_ws/install/turtlebot3_gazebo/share/turtlebot3_gazebo//models/turtlebot3_autorace/traffic_tunnel/model.config
[16.557s] -- Symlinking: /home/eg2310-workspace/colcon_ws/install/turtlebot3_gazebo/share/turtlebot3_gazebo//models/turtlebot3_autorace/traffic_tunnel/model.sdf
[16.571s] -- Symlinking: /home/eg2310-workspace/colcon_ws/install/turtlebot3_gazebo/share/turtlebot3_gazebo//models/turtlebot3_autorace/tunnel_obstacles/model.config
[16.596s] -- Symlinking: /home/eg2310-workspace/colcon_ws/install/turtlebot3_gazebo/share/turtlebot3_gazebo//models/turtlebot3_autorace/tunnel_obstacles/model.sdf
[16.623s] -- Symlinking: /home/eg2310-workspace/colcon_ws/install/turtlebot3_gazebo/share/turtlebot3_gazebo//models/turtlebot3_autorace/tunnel_wall/model.config
[16.636s] -- Symlinking: /home/eg2310-workspace/colcon_ws/install/turtlebot3_gazebo/share/turtlebot3_gazebo//models/turtlebot3_autorace/tunnel_wall/model.sdf
[16.667s] -- Symlinking: /home/eg2310-workspace/colcon_ws/install/turtlebot3_gazebo/share/turtlebot3_gazebo//models/turtlebot3_burger/meshes/burger_base.dae
[16.681s] -- Symlinking: /home/eg2310-workspace/colcon_ws/install/turtlebot3_gazebo/share/turtlebot3_gazebo//models/turtlebot3_burger/meshes/lds.dae
[16.696s] -- Symlinking: /home/eg2310-workspace/colcon_ws/install/turtlebot3_gazebo/share/turtlebot3_gazebo//models/turtlebot3_burger/meshes/tire.dae
[16.708s] -- Symlinking: /home/eg2310-workspace/colcon_ws/install/turtlebot3_gazebo/share/turtlebot3_gazebo//models/turtlebot3_burger/model-1_4.sdf
[16.724s] -- Symlinking: /home/eg2310-workspace/colcon_ws/install/turtlebot3_gazebo/share/turtlebot3_gazebo//models/turtlebot3_burger/model.config
[16.736s] -- Symlinking: /home/eg2310-workspace/colcon_ws/install/turtlebot3_gazebo/share/turtlebot3_gazebo//models/turtlebot3_burger/model.sdf
[16.749s] -- Symlinking: /home/eg2310-workspace/colcon_ws/install/turtlebot3_gazebo/share/turtlebot3_gazebo//models/turtlebot3_dqn_world/goal_box/model.config
[16.761s] -- Symlinking: /home/eg2310-workspace/colcon_ws/install/turtlebot3_gazebo/share/turtlebot3_gazebo//models/turtlebot3_dqn_world/goal_box/model.sdf
[16.774s] -- Symlinking: /home/eg2310-workspace/colcon_ws/install/turtlebot3_gazebo/share/turtlebot3_gazebo//models/turtlebot3_dqn_world/inner_walls/model.config
[16.787s] -- Symlinking: /home/eg2310-workspace/colcon_ws/install/turtlebot3_gazebo/share/turtlebot3_gazebo//models/turtlebot3_dqn_world/inner_walls/model.sdf
[16.810s] -- Symlinking: /home/eg2310-workspace/colcon_ws/install/turtlebot3_gazebo/share/turtlebot3_gazebo//models/turtlebot3_dqn_world/model.config
[16.831s] -- Symlinking: /home/eg2310-workspace/colcon_ws/install/turtlebot3_gazebo/share/turtlebot3_gazebo//models/turtlebot3_dqn_world/model.sdf
[16.861s] -- Symlinking: /home/eg2310-workspace/colcon_ws/install/turtlebot3_gazebo/share/turtlebot3_gazebo//models/turtlebot3_dqn_world/obstacle1/model.config
[16.874s] -- Symlinking: /home/eg2310-workspace/colcon_ws/install/turtlebot3_gazebo/share/turtlebot3_gazebo//models/turtlebot3_dqn_world/obstacle1/model.sdf
[16.900s] -- Symlinking: /home/eg2310-workspace/colcon_ws/install/turtlebot3_gazebo/share/turtlebot3_gazebo//models/turtlebot3_dqn_world/obstacle2/model.config
[16.924s] -- Symlinking: /home/eg2310-workspace/colcon_ws/install/turtlebot3_gazebo/share/turtlebot3_gazebo//models/turtlebot3_dqn_world/obstacle2/model.sdf
[16.946s] -- Symlinking: /home/eg2310-workspace/colcon_ws/install/turtlebot3_gazebo/share/turtlebot3_gazebo//models/turtlebot3_dqn_world/obstacle_plugin/CMakeLists.txt
[16.971s] -- Symlinking: /home/eg2310-workspace/colcon_ws/install/turtlebot3_gazebo/share/turtlebot3_gazebo//models/turtlebot3_dqn_world/obstacle_plugin/obstacle1.cc
[16.984s] -- Symlinking: /home/eg2310-workspace/colcon_ws/install/turtlebot3_gazebo/share/turtlebot3_gazebo//models/turtlebot3_dqn_world/obstacle_plugin/obstacle2.cc
[16.996s] -- Symlinking: /home/eg2310-workspace/colcon_ws/install/turtlebot3_gazebo/share/turtlebot3_gazebo//models/turtlebot3_dqn_world/obstacle_plugin/obstacles.cc
[17.008s] -- Symlinking: /home/eg2310-workspace/colcon_ws/install/turtlebot3_gazebo/share/turtlebot3_gazebo//models/turtlebot3_dqn_world/obstacles/model.config
[17.020s] -- Symlinking: /home/eg2310-workspace/colcon_ws/install/turtlebot3_gazebo/share/turtlebot3_gazebo//models/turtlebot3_dqn_world/obstacles/model.sdf
[17.034s] -- Symlinking: /home/eg2310-workspace/colcon_ws/install/turtlebot3_gazebo/share/turtlebot3_gazebo//models/turtlebot3_house/model.config
[17.048s] -- Symlinking: /home/eg2310-workspace/colcon_ws/install/turtlebot3_gazebo/share/turtlebot3_gazebo//models/turtlebot3_house/model.sdf
[17.061s] -- Symlinking: /home/eg2310-workspace/colcon_ws/install/turtlebot3_gazebo/share/turtlebot3_gazebo//models/turtlebot3_waffle/meshes/lds.dae
[17.074s] -- Symlinking: /home/eg2310-workspace/colcon_ws/install/turtlebot3_gazebo/share/turtlebot3_gazebo//models/turtlebot3_waffle/meshes/r200.dae
[17.090s] -- Symlinking: /home/eg2310-workspace/colcon_ws/install/turtlebot3_gazebo/share/turtlebot3_gazebo//models/turtlebot3_waffle/meshes/tire.dae
[17.102s] -- Symlinking: /home/eg2310-workspace/colcon_ws/install/turtlebot3_gazebo/share/turtlebot3_gazebo//models/turtlebot3_waffle/meshes/waffle_base.dae
[17.127s] -- Symlinking: /home/eg2310-workspace/colcon_ws/install/turtlebot3_gazebo/share/turtlebot3_gazebo//models/turtlebot3_waffle/model-1_4.sdf
[17.153s] -- Symlinking: /home/eg2310-workspace/colcon_ws/install/turtlebot3_gazebo/share/turtlebot3_gazebo//models/turtlebot3_waffle/model.config
[17.165s] -- Symlinking: /home/eg2310-workspace/colcon_ws/install/turtlebot3_gazebo/share/turtlebot3_gazebo//models/turtlebot3_waffle/model.sdf
[17.177s] -- Symlinking: /home/eg2310-workspace/colcon_ws/install/turtlebot3_gazebo/share/turtlebot3_gazebo//models/turtlebot3_waffle_pi/meshes/lds.dae
[17.192s] -- Symlinking: /home/eg2310-workspace/colcon_ws/install/turtlebot3_gazebo/share/turtlebot3_gazebo//models/turtlebot3_waffle_pi/meshes/tire.dae
[17.216s] -- Symlinking: /home/eg2310-workspace/colcon_ws/install/turtlebot3_gazebo/share/turtlebot3_gazebo//models/turtlebot3_waffle_pi/meshes/waffle_pi_base.dae
[17.228s] -- Symlinking: /home/eg2310-workspace/colcon_ws/install/turtlebot3_gazebo/share/turtlebot3_gazebo//models/turtlebot3_waffle_pi/model-1_4_.sdf
[17.240s] -- Symlinking: /home/eg2310-workspace/colcon_ws/install/turtlebot3_gazebo/share/turtlebot3_gazebo//models/turtlebot3_waffle_pi/model.config
[17.267s] -- Symlinking: /home/eg2310-workspace/colcon_ws/install/turtlebot3_gazebo/share/turtlebot3_gazebo//models/turtlebot3_waffle_pi/model.sdf
[17.280s] -- Symlinking: /home/eg2310-workspace/colcon_ws/install/turtlebot3_gazebo/share/turtlebot3_gazebo//models/turtlebot3_world/meshes/hexagon.dae
[17.294s] -- Symlinking: /home/eg2310-workspace/colcon_ws/install/turtlebot3_gazebo/share/turtlebot3_gazebo//models/turtlebot3_world/meshes/wall.dae
[17.319s] -- Symlinking: /home/eg2310-workspace/colcon_ws/install/turtlebot3_gazebo/share/turtlebot3_gazebo//models/turtlebot3_world/model-1_4.sdf
[17.346s] -- Symlinking: /home/eg2310-workspace/colcon_ws/install/turtlebot3_gazebo/share/turtlebot3_gazebo//models/turtlebot3_world/model.config
[17.374s] -- Symlinking: /home/eg2310-workspace/colcon_ws/install/turtlebot3_gazebo/share/turtlebot3_gazebo//models/turtlebot3_world/model.sdf
[17.388s] -- Symlinking: /home/eg2310-workspace/colcon_ws/install/turtlebot3_gazebo/share/turtlebot3_gazebo//rviz/tb3_gazebo.rviz
[17.407s] -- Symlinking: /home/eg2310-workspace/colcon_ws/install/turtlebot3_gazebo/share/turtlebot3_gazebo//worlds/empty_worlds/burger.model
[17.421s] -- Symlinking: /home/eg2310-workspace/colcon_ws/install/turtlebot3_gazebo/share/turtlebot3_gazebo//worlds/empty_worlds/waffle.model
[17.433s] -- Symlinking: /home/eg2310-workspace/colcon_ws/install/turtlebot3_gazebo/share/turtlebot3_gazebo//worlds/empty_worlds/waffle_pi.model
[17.446s] -- Symlinking: /home/eg2310-workspace/colcon_ws/install/turtlebot3_gazebo/share/turtlebot3_gazebo//worlds/turtlebot3_autoraces/burger.model
[17.458s] -- Symlinking: /home/eg2310-workspace/colcon_ws/install/turtlebot3_gazebo/share/turtlebot3_gazebo//worlds/turtlebot3_autoraces/waffle.model
[17.471s] -- Symlinking: /home/eg2310-workspace/colcon_ws/install/turtlebot3_gazebo/share/turtlebot3_gazebo//worlds/turtlebot3_autoraces/waffle_pi.model
[17.484s] -- Symlinking: /home/eg2310-workspace/colcon_ws/install/turtlebot3_gazebo/share/turtlebot3_gazebo//worlds/turtlebot3_dqn_stage1/burger.model
[17.496s] -- Symlinking: /home/eg2310-workspace/colcon_ws/install/turtlebot3_gazebo/share/turtlebot3_gazebo//worlds/turtlebot3_dqn_stage1/waffle.model
[17.522s] -- Symlinking: /home/eg2310-workspace/colcon_ws/install/turtlebot3_gazebo/share/turtlebot3_gazebo//worlds/turtlebot3_dqn_stage1/waffle_pi.model
[17.534s] -- Symlinking: /home/eg2310-workspace/colcon_ws/install/turtlebot3_gazebo/share/turtlebot3_gazebo//worlds/turtlebot3_dqn_stage2/burger.model
[17.565s] -- Symlinking: /home/eg2310-workspace/colcon_ws/install/turtlebot3_gazebo/share/turtlebot3_gazebo//worlds/turtlebot3_dqn_stage2/waffle.model
[17.578s] -- Symlinking: /home/eg2310-workspace/colcon_ws/install/turtlebot3_gazebo/share/turtlebot3_gazebo//worlds/turtlebot3_dqn_stage2/waffle_pi.model
[17.603s] -- Symlinking: /home/eg2310-workspace/colcon_ws/install/turtlebot3_gazebo/share/turtlebot3_gazebo//worlds/turtlebot3_dqn_stage3/burger.model
[17.616s] -- Symlinking: /home/eg2310-workspace/colcon_ws/install/turtlebot3_gazebo/share/turtlebot3_gazebo//worlds/turtlebot3_dqn_stage3/waffle.model
[17.629s] -- Symlinking: /home/eg2310-workspace/colcon_ws/install/turtlebot3_gazebo/share/turtlebot3_gazebo//worlds/turtlebot3_dqn_stage3/waffle_pi.model
[17.641s] -- Symlinking: /home/eg2310-workspace/colcon_ws/install/turtlebot3_gazebo/share/turtlebot3_gazebo//worlds/turtlebot3_dqn_stage4/burger.model
[17.665s] -- Symlinking: /home/eg2310-workspace/colcon_ws/install/turtlebot3_gazebo/share/turtlebot3_gazebo//worlds/turtlebot3_dqn_stage4/waffle.model
[17.677s] -- Symlinking: /home/eg2310-workspace/colcon_ws/install/turtlebot3_gazebo/share/turtlebot3_gazebo//worlds/turtlebot3_dqn_stage4/waffle_pi.model
[17.702s] -- Symlinking: /home/eg2310-workspace/colcon_ws/install/turtlebot3_gazebo/share/turtlebot3_gazebo//worlds/turtlebot3_houses/burger.model
[17.727s] -- Symlinking: /home/eg2310-workspace/colcon_ws/install/turtlebot3_gazebo/share/turtlebot3_gazebo//worlds/turtlebot3_houses/waffle.model
[17.739s] -- Symlinking: /home/eg2310-workspace/colcon_ws/install/turtlebot3_gazebo/share/turtlebot3_gazebo//worlds/turtlebot3_houses/waffle_pi.model
[17.766s] -- Symlinking: /home/eg2310-workspace/colcon_ws/install/turtlebot3_gazebo/share/turtlebot3_gazebo//worlds/turtlebot3_worlds/burger.model
[17.790s] -- Symlinking: /home/eg2310-workspace/colcon_ws/install/turtlebot3_gazebo/share/turtlebot3_gazebo//worlds/turtlebot3_worlds/waffle.model
[17.802s] -- Symlinking: /home/eg2310-workspace/colcon_ws/install/turtlebot3_gazebo/share/turtlebot3_gazebo//worlds/turtlebot3_worlds/waffle_pi.model
[17.819s] -- Symlinking: /home/eg2310-workspace/colcon_ws/install/turtlebot3_gazebo/include//turtlebot3_gazebo/turtlebot3_drive.hpp
[17.843s] -- Symlinking: /home/eg2310-workspace/colcon_ws/install/turtlebot3_gazebo/share/ament_index/resource_index/package_run_dependencies/turtlebot3_gazebo
[17.855s] -- Symlinking: /home/eg2310-workspace/colcon_ws/install/turtlebot3_gazebo/share/ament_index/resource_index/parent_prefix_path/turtlebot3_gazebo
[17.880s] -- Symlinking: /home/eg2310-workspace/colcon_ws/install/turtlebot3_gazebo/share/turtlebot3_gazebo/environment/ament_prefix_path.sh
[17.894s] -- Symlinking: /home/eg2310-workspace/colcon_ws/install/turtlebot3_gazebo/share/turtlebot3_gazebo/environment/ament_prefix_path.dsv
[17.922s] -- Symlinking: /home/eg2310-workspace/colcon_ws/install/turtlebot3_gazebo/share/turtlebot3_gazebo/environment/path.sh
[17.951s] -- Symlinking: /home/eg2310-workspace/colcon_ws/install/turtlebot3_gazebo/share/turtlebot3_gazebo/environment/path.dsv
[17.963s] -- Symlinking: /home/eg2310-workspace/colcon_ws/install/turtlebot3_gazebo/share/turtlebot3_gazebo/local_setup.bash
[17.975s] -- Symlinking: /home/eg2310-workspace/colcon_ws/install/turtlebot3_gazebo/share/turtlebot3_gazebo/local_setup.sh
[17.987s] -- Symlinking: /home/eg2310-workspace/colcon_ws/install/turtlebot3_gazebo/share/turtlebot3_gazebo/local_setup.zsh
[17.999s] -- Symlinking: /home/eg2310-workspace/colcon_ws/install/turtlebot3_gazebo/share/turtlebot3_gazebo/local_setup.dsv
[18.012s] -- Symlinking: /home/eg2310-workspace/colcon_ws/install/turtlebot3_gazebo/share/turtlebot3_gazebo/package.dsv
[18.036s] -- Symlinking: /home/eg2310-workspace/colcon_ws/install/turtlebot3_gazebo/share/ament_index/resource_index/packages/turtlebot3_gazebo
[18.063s] -- Symlinking: /home/eg2310-workspace/colcon_ws/install/turtlebot3_gazebo/share/turtlebot3_gazebo/cmake/ament_cmake_export_include_directories-extras.cmake
[18.074s] -- Symlinking: /home/eg2310-workspace/colcon_ws/install/turtlebot3_gazebo/share/turtlebot3_gazebo/cmake/ament_cmake_export_dependencies-extras.cmake
[18.087s] -- Symlinking: /home/eg2310-workspace/colcon_ws/install/turtlebot3_gazebo/share/turtlebot3_gazebo/cmake/turtlebot3_gazeboConfig.cmake
[18.105s] -- Symlinking: /home/eg2310-workspace/colcon_ws/install/turtlebot3_gazebo/share/turtlebot3_gazebo/cmake/turtlebot3_gazeboConfig-version.cmake
[18.117s] -- Symlinking: /home/eg2310-workspace/colcon_ws/install/turtlebot3_gazebo/share/turtlebot3_gazebo/package.xml
[18.137s] Invoked command in '/home/eg2310-workspace/colcon_ws/build/turtlebot3_gazebo' returned '0': CMAKE_PREFIX_PATH=/home/eg2310-workspace/colcon_ws/install/idkman:/home/eg2310-workspace/colcon_ws/install/auto_nav:/opt/ros/foxy /usr/bin/cmake --install /home/eg2310-workspace/colcon_ws/build/turtlebot3_gazebo
