[0.233s] DEBUG:colcon:Command line arguments: ['/usr/bin/colcon', 'build']
[0.233s] DEBUG:colcon:Parsed command line arguments: Namespace(ament_cmake_args=None, base_paths=['.'], build_base='build', catkin_cmake_args=None, catkin_skip_building_tests=False, cmake_args=None, cmake_clean_cache=False, cmake_clean_first=False, cmake_force_configure=False, cmake_target=None, cmake_target_skip_unavailable=False, continue_on_error=False, event_handlers=None, executor='parallel', ignore_user_meta=False, install_base='install', log_base=None, log_level=None, main=<bound method BuildVerb.main of <colcon_core.verb.build.BuildVerb object at 0x707e740b2670>>, merge_install=False, metas=['./colcon.meta'], mixin=None, mixin_files=None, mixin_verb=('build',), packages_above=None, packages_above_and_dependencies=None, packages_above_depth=None, packages_end=None, packages_ignore=None, packages_ignore_regex=None, packages_select=None, packages_select_build_failed=False, packages_select_by_dep=None, packages_select_regex=None, packages_select_test_failures=False, packages_skip=None, packages_skip_build_finished=False, packages_skip_by_dep=None, packages_skip_regex=None, packages_skip_test_passed=False, packages_skip_up_to=None, packages_start=None, packages_up_to=None, packages_up_to_regex=None, parallel_workers=16, paths=None, symlink_install=False, test_result_base=None, verb_extension=<colcon_core.verb.build.BuildVerb object at 0x707e740b2670>, verb_name='build', verb_parser=<colcon_mixin.mixin.mixin_argument.MixinArgumentDecorator object at 0x707e740b2cd0>)
[0.255s] Level 1:colcon.colcon_core.package_discovery:discover_packages(colcon_meta) check parameters
[0.256s] Level 1:colcon.colcon_core.package_discovery:discover_packages(recursive) check parameters
[0.256s] Level 1:colcon.colcon_core.package_discovery:discover_packages(ignore) check parameters
[0.256s] Level 1:colcon.colcon_core.package_discovery:discover_packages(path) check parameters
[0.256s] Level 1:colcon.colcon_core.package_discovery:discover_packages(colcon_meta) discover
[0.256s] Level 1:colcon.colcon_core.package_discovery:discover_packages(recursive) discover
[0.256s] INFO:colcon.colcon_core.package_discovery:Crawling recursively for packages in '/home/eg2310-workspace/colcon_ws'
[0.256s] Level 1:colcon.colcon_core.package_identification:_identify(.) by extensions ['ignore', 'ignore_ament_install']
[0.256s] Level 1:colcon.colcon_core.package_identification:_identify(.) by extension 'ignore'
[0.256s] Level 1:colcon.colcon_core.package_identification:_identify(.) by extension 'ignore_ament_install'
[0.256s] Level 1:colcon.colcon_core.package_identification:_identify(.) by extensions ['colcon_pkg']
[0.256s] Level 1:colcon.colcon_core.package_identification:_identify(.) by extension 'colcon_pkg'
[0.256s] Level 1:colcon.colcon_core.package_identification:_identify(.) by extensions ['colcon_meta']
[0.256s] Level 1:colcon.colcon_core.package_identification:_identify(.) by extension 'colcon_meta'
[0.256s] Level 1:colcon.colcon_core.package_identification:_identify(.) by extensions ['ros']
[0.256s] Level 1:colcon.colcon_core.package_identification:_identify(.) by extension 'ros'
[0.276s] Level 1:colcon.colcon_core.package_identification:_identify(.) by extensions ['cmake', 'python']
[0.276s] Level 1:colcon.colcon_core.package_identification:_identify(.) by extension 'cmake'
[0.276s] Level 1:colcon.colcon_core.package_identification:_identify(.) by extension 'python'
[0.276s] Level 1:colcon.colcon_core.package_identification:_identify(.) by extensions ['python_setup_py']
[0.276s] Level 1:colcon.colcon_core.package_identification:_identify(.) by extension 'python_setup_py'
[0.276s] Level 1:colcon.colcon_core.package_identification:_identify(build) by extensions ['ignore', 'ignore_ament_install']
[0.276s] Level 1:colcon.colcon_core.package_identification:_identify(build) by extension 'ignore'
[0.276s] Level 1:colcon.colcon_core.package_identification:_identify(build) ignored
[0.276s] Level 1:colcon.colcon_core.package_identification:_identify(install) by extensions ['ignore', 'ignore_ament_install']
[0.276s] Level 1:colcon.colcon_core.package_identification:_identify(install) by extension 'ignore'
[0.276s] Level 1:colcon.colcon_core.package_identification:_identify(install) ignored
[0.276s] Level 1:colcon.colcon_core.package_identification:_identify(log) by extensions ['ignore', 'ignore_ament_install']
[0.276s] Level 1:colcon.colcon_core.package_identification:_identify(log) by extension 'ignore'
[0.276s] Level 1:colcon.colcon_core.package_identification:_identify(log) ignored
[0.276s] Level 1:colcon.colcon_core.package_identification:_identify(src) by extensions ['ignore', 'ignore_ament_install']
[0.277s] Level 1:colcon.colcon_core.package_identification:_identify(src) by extension 'ignore'
[0.277s] Level 1:colcon.colcon_core.package_identification:_identify(src) by extension 'ignore_ament_install'
[0.277s] Level 1:colcon.colcon_core.package_identification:_identify(src) by extensions ['colcon_pkg']
[0.277s] Level 1:colcon.colcon_core.package_identification:_identify(src) by extension 'colcon_pkg'
[0.277s] Level 1:colcon.colcon_core.package_identification:_identify(src) by extensions ['colcon_meta']
[0.277s] Level 1:colcon.colcon_core.package_identification:_identify(src) by extension 'colcon_meta'
[0.277s] Level 1:colcon.colcon_core.package_identification:_identify(src) by extensions ['ros']
[0.277s] Level 1:colcon.colcon_core.package_identification:_identify(src) by extension 'ros'
[0.277s] Level 1:colcon.colcon_core.package_identification:_identify(src) by extensions ['cmake', 'python']
[0.277s] Level 1:colcon.colcon_core.package_identification:_identify(src) by extension 'cmake'
[0.277s] Level 1:colcon.colcon_core.package_identification:_identify(src) by extension 'python'
[0.277s] Level 1:colcon.colcon_core.package_identification:_identify(src) by extensions ['python_setup_py']
[0.277s] Level 1:colcon.colcon_core.package_identification:_identify(src) by extension 'python_setup_py'
[0.277s] Level 1:colcon.colcon_core.package_identification:_identify(src/auto_nav) by extensions ['ignore', 'ignore_ament_install']
[0.277s] Level 1:colcon.colcon_core.package_identification:_identify(src/auto_nav) by extension 'ignore'
[0.277s] Level 1:colcon.colcon_core.package_identification:_identify(src/auto_nav) by extension 'ignore_ament_install'
[0.277s] Level 1:colcon.colcon_core.package_identification:_identify(src/auto_nav) by extensions ['colcon_pkg']
[0.277s] Level 1:colcon.colcon_core.package_identification:_identify(src/auto_nav) by extension 'colcon_pkg'
[0.277s] Level 1:colcon.colcon_core.package_identification:_identify(src/auto_nav) by extensions ['colcon_meta']
[0.277s] Level 1:colcon.colcon_core.package_identification:_identify(src/auto_nav) by extension 'colcon_meta'
[0.277s] Level 1:colcon.colcon_core.package_identification:_identify(src/auto_nav) by extensions ['ros']
[0.277s] Level 1:colcon.colcon_core.package_identification:_identify(src/auto_nav) by extension 'ros'
[0.280s] DEBUG:colcon.colcon_core.package_identification:Package 'src/auto_nav' with type 'ros.ament_python' and name 'auto_nav'
[0.280s] Level 1:colcon.colcon_core.package_identification:_identify(src/idkman) by extensions ['ignore', 'ignore_ament_install']
[0.280s] Level 1:colcon.colcon_core.package_identification:_identify(src/idkman) by extension 'ignore'
[0.280s] Level 1:colcon.colcon_core.package_identification:_identify(src/idkman) by extension 'ignore_ament_install'
[0.280s] Level 1:colcon.colcon_core.package_identification:_identify(src/idkman) by extensions ['colcon_pkg']
[0.280s] Level 1:colcon.colcon_core.package_identification:_identify(src/idkman) by extension 'colcon_pkg'
[0.280s] Level 1:colcon.colcon_core.package_identification:_identify(src/idkman) by extensions ['colcon_meta']
[0.280s] Level 1:colcon.colcon_core.package_identification:_identify(src/idkman) by extension 'colcon_meta'
[0.280s] Level 1:colcon.colcon_core.package_identification:_identify(src/idkman) by extensions ['ros']
[0.280s] Level 1:colcon.colcon_core.package_identification:_identify(src/idkman) by extension 'ros'
[0.280s] DEBUG:colcon.colcon_core.package_identification:Package 'src/idkman' with type 'ros.ament_python' and name 'idkman'
[0.280s] Level 1:colcon.colcon_core.package_identification:_identify(src/turtlebot3_simulations) by extensions ['ignore', 'ignore_ament_install']
[0.281s] Level 1:colcon.colcon_core.package_identification:_identify(src/turtlebot3_simulations) by extension 'ignore'
[0.281s] Level 1:colcon.colcon_core.package_identification:_identify(src/turtlebot3_simulations) by extension 'ignore_ament_install'
[0.281s] Level 1:colcon.colcon_core.package_identification:_identify(src/turtlebot3_simulations) by extensions ['colcon_pkg']
[0.281s] Level 1:colcon.colcon_core.package_identification:_identify(src/turtlebot3_simulations) by extension 'colcon_pkg'
[0.281s] Level 1:colcon.colcon_core.package_identification:_identify(src/turtlebot3_simulations) by extensions ['colcon_meta']
[0.281s] Level 1:colcon.colcon_core.package_identification:_identify(src/turtlebot3_simulations) by extension 'colcon_meta'
[0.281s] Level 1:colcon.colcon_core.package_identification:_identify(src/turtlebot3_simulations) by extensions ['ros']
[0.281s] Level 1:colcon.colcon_core.package_identification:_identify(src/turtlebot3_simulations) by extension 'ros'
[0.281s] Level 1:colcon.colcon_core.package_identification:_identify(src/turtlebot3_simulations) by extensions ['cmake', 'python']
[0.281s] Level 1:colcon.colcon_core.package_identification:_identify(src/turtlebot3_simulations) by extension 'cmake'
[0.281s] Level 1:colcon.colcon_core.package_identification:_identify(src/turtlebot3_simulations) by extension 'python'
[0.281s] Level 1:colcon.colcon_core.package_identification:_identify(src/turtlebot3_simulations) by extensions ['python_setup_py']
[0.281s] Level 1:colcon.colcon_core.package_identification:_identify(src/turtlebot3_simulations) by extension 'python_setup_py'
[0.281s] Level 1:colcon.colcon_core.package_identification:_identify(src/turtlebot3_simulations/turtlebot3_fake_node) by extensions ['ignore', 'ignore_ament_install']
[0.281s] Level 1:colcon.colcon_core.package_identification:_identify(src/turtlebot3_simulations/turtlebot3_fake_node) by extension 'ignore'
[0.281s] Level 1:colcon.colcon_core.package_identification:_identify(src/turtlebot3_simulations/turtlebot3_fake_node) by extension 'ignore_ament_install'
[0.281s] Level 1:colcon.colcon_core.package_identification:_identify(src/turtlebot3_simulations/turtlebot3_fake_node) by extensions ['colcon_pkg']
[0.281s] Level 1:colcon.colcon_core.package_identification:_identify(src/turtlebot3_simulations/turtlebot3_fake_node) by extension 'colcon_pkg'
[0.281s] Level 1:colcon.colcon_core.package_identification:_identify(src/turtlebot3_simulations/turtlebot3_fake_node) by extensions ['colcon_meta']
[0.281s] Level 1:colcon.colcon_core.package_identification:_identify(src/turtlebot3_simulations/turtlebot3_fake_node) by extension 'colcon_meta'
[0.281s] Level 1:colcon.colcon_core.package_identification:_identify(src/turtlebot3_simulations/turtlebot3_fake_node) by extensions ['ros']
[0.281s] Level 1:colcon.colcon_core.package_identification:_identify(src/turtlebot3_simulations/turtlebot3_fake_node) by extension 'ros'
[0.282s] DEBUG:colcon.colcon_core.package_identification:Package 'src/turtlebot3_simulations/turtlebot3_fake_node' with type 'ros.ament_cmake' and name 'turtlebot3_fake_node'
[0.282s] Level 1:colcon.colcon_core.package_identification:_identify(src/turtlebot3_simulations/turtlebot3_gazebo) by extensions ['ignore', 'ignore_ament_install']
[0.282s] Level 1:colcon.colcon_core.package_identification:_identify(src/turtlebot3_simulations/turtlebot3_gazebo) by extension 'ignore'
[0.282s] Level 1:colcon.colcon_core.package_identification:_identify(src/turtlebot3_simulations/turtlebot3_gazebo) by extension 'ignore_ament_install'
[0.282s] Level 1:colcon.colcon_core.package_identification:_identify(src/turtlebot3_simulations/turtlebot3_gazebo) by extensions ['colcon_pkg']
[0.283s] Level 1:colcon.colcon_core.package_identification:_identify(src/turtlebot3_simulations/turtlebot3_gazebo) by extension 'colcon_pkg'
[0.283s] Level 1:colcon.colcon_core.package_identification:_identify(src/turtlebot3_simulations/turtlebot3_gazebo) by extensions ['colcon_meta']
[0.283s] Level 1:colcon.colcon_core.package_identification:_identify(src/turtlebot3_simulations/turtlebot3_gazebo) by extension 'colcon_meta'
[0.283s] Level 1:colcon.colcon_core.package_identification:_identify(src/turtlebot3_simulations/turtlebot3_gazebo) by extensions ['ros']
[0.283s] Level 1:colcon.colcon_core.package_identification:_identify(src/turtlebot3_simulations/turtlebot3_gazebo) by extension 'ros'
[0.284s] DEBUG:colcon.colcon_core.package_identification:Package 'src/turtlebot3_simulations/turtlebot3_gazebo' with type 'ros.ament_cmake' and name 'turtlebot3_gazebo'
[0.284s] Level 1:colcon.colcon_core.package_identification:_identify(src/turtlebot3_simulations/turtlebot3_simulations) by extensions ['ignore', 'ignore_ament_install']
[0.284s] Level 1:colcon.colcon_core.package_identification:_identify(src/turtlebot3_simulations/turtlebot3_simulations) by extension 'ignore'
[0.284s] Level 1:colcon.colcon_core.package_identification:_identify(src/turtlebot3_simulations/turtlebot3_simulations) by extension 'ignore_ament_install'
[0.284s] Level 1:colcon.colcon_core.package_identification:_identify(src/turtlebot3_simulations/turtlebot3_simulations) by extensions ['colcon_pkg']
[0.284s] Level 1:colcon.colcon_core.package_identification:_identify(src/turtlebot3_simulations/turtlebot3_simulations) by extension 'colcon_pkg'
[0.284s] Level 1:colcon.colcon_core.package_identification:_identify(src/turtlebot3_simulations/turtlebot3_simulations) by extensions ['colcon_meta']
[0.284s] Level 1:colcon.colcon_core.package_identification:_identify(src/turtlebot3_simulations/turtlebot3_simulations) by extension 'colcon_meta'
[0.284s] Level 1:colcon.colcon_core.package_identification:_identify(src/turtlebot3_simulations/turtlebot3_simulations) by extensions ['ros']
[0.284s] Level 1:colcon.colcon_core.package_identification:_identify(src/turtlebot3_simulations/turtlebot3_simulations) by extension 'ros'
[0.284s] DEBUG:colcon.colcon_core.package_identification:Package 'src/turtlebot3_simulations/turtlebot3_simulations' with type 'ros.ament_cmake' and name 'turtlebot3_simulations'
[0.284s] Level 1:colcon.colcon_core.package_discovery:discover_packages(recursive) using defaults
[0.284s] Level 1:colcon.colcon_core.package_discovery:discover_packages(ignore) discover
[0.284s] Level 1:colcon.colcon_core.package_discovery:discover_packages(ignore) using defaults
[0.285s] Level 1:colcon.colcon_core.package_discovery:discover_packages(path) discover
[0.285s] Level 1:colcon.colcon_core.package_discovery:discover_packages(path) using defaults
[0.300s] Level 5:colcon.colcon_core.verb:set package 'auto_nav' build argument 'cmake_args' from command line to 'None'
[0.300s] Level 5:colcon.colcon_core.verb:set package 'auto_nav' build argument 'cmake_target' from command line to 'None'
[0.300s] Level 5:colcon.colcon_core.verb:set package 'auto_nav' build argument 'cmake_target_skip_unavailable' from command line to 'False'
[0.301s] Level 5:colcon.colcon_core.verb:set package 'auto_nav' build argument 'cmake_clean_cache' from command line to 'False'
[0.301s] Level 5:colcon.colcon_core.verb:set package 'auto_nav' build argument 'cmake_clean_first' from command line to 'False'
[0.301s] Level 5:colcon.colcon_core.verb:set package 'auto_nav' build argument 'cmake_force_configure' from command line to 'False'
[0.301s] Level 5:colcon.colcon_core.verb:set package 'auto_nav' build argument 'ament_cmake_args' from command line to 'None'
[0.301s] Level 5:colcon.colcon_core.verb:set package 'auto_nav' build argument 'catkin_cmake_args' from command line to 'None'
[0.301s] Level 5:colcon.colcon_core.verb:set package 'auto_nav' build argument 'catkin_skip_building_tests' from command line to 'False'
[0.301s] DEBUG:colcon.colcon_core.verb:Building package 'auto_nav' with the following arguments: {'ament_cmake_args': None, 'build_base': '/home/eg2310-workspace/colcon_ws/build/auto_nav', 'catkin_cmake_args': None, 'catkin_skip_building_tests': False, 'cmake_args': None, 'cmake_clean_cache': False, 'cmake_clean_first': False, 'cmake_force_configure': False, 'cmake_target': None, 'cmake_target_skip_unavailable': False, 'install_base': '/home/eg2310-workspace/colcon_ws/install/auto_nav', 'merge_install': False, 'path': '/home/eg2310-workspace/colcon_ws/src/auto_nav', 'symlink_install': False, 'test_result_base': None}
[0.301s] Level 5:colcon.colcon_core.verb:set package 'idkman' build argument 'cmake_args' from command line to 'None'
[0.301s] Level 5:colcon.colcon_core.verb:set package 'idkman' build argument 'cmake_target' from command line to 'None'
[0.301s] Level 5:colcon.colcon_core.verb:set package 'idkman' build argument 'cmake_target_skip_unavailable' from command line to 'False'
[0.301s] Level 5:colcon.colcon_core.verb:set package 'idkman' build argument 'cmake_clean_cache' from command line to 'False'
[0.301s] Level 5:colcon.colcon_core.verb:set package 'idkman' build argument 'cmake_clean_first' from command line to 'False'
[0.301s] Level 5:colcon.colcon_core.verb:set package 'idkman' build argument 'cmake_force_configure' from command line to 'False'
[0.301s] Level 5:colcon.colcon_core.verb:set package 'idkman' build argument 'ament_cmake_args' from command line to 'None'
[0.301s] Level 5:colcon.colcon_core.verb:set package 'idkman' build argument 'catkin_cmake_args' from command line to 'None'
[0.301s] Level 5:colcon.colcon_core.verb:set package 'idkman' build argument 'catkin_skip_building_tests' from command line to 'False'
[0.302s] DEBUG:colcon.colcon_core.verb:Building package 'idkman' with the following arguments: {'ament_cmake_args': None, 'build_base': '/home/eg2310-workspace/colcon_ws/build/idkman', 'catkin_cmake_args': None, 'catkin_skip_building_tests': False, 'cmake_args': None, 'cmake_clean_cache': False, 'cmake_clean_first': False, 'cmake_force_configure': False, 'cmake_target': None, 'cmake_target_skip_unavailable': False, 'install_base': '/home/eg2310-workspace/colcon_ws/install/idkman', 'merge_install': False, 'path': '/home/eg2310-workspace/colcon_ws/src/idkman', 'symlink_install': False, 'test_result_base': None}
[0.302s] Level 5:colcon.colcon_core.verb:set package 'turtlebot3_fake_node' build argument 'cmake_args' from command line to 'None'
[0.302s] Level 5:colcon.colcon_core.verb:set package 'turtlebot3_fake_node' build argument 'cmake_target' from command line to 'None'
[0.302s] Level 5:colcon.colcon_core.verb:set package 'turtlebot3_fake_node' build argument 'cmake_target_skip_unavailable' from command line to 'False'
[0.302s] Level 5:colcon.colcon_core.verb:set package 'turtlebot3_fake_node' build argument 'cmake_clean_cache' from command line to 'False'
[0.302s] Level 5:colcon.colcon_core.verb:set package 'turtlebot3_fake_node' build argument 'cmake_clean_first' from command line to 'False'
[0.302s] Level 5:colcon.colcon_core.verb:set package 'turtlebot3_fake_node' build argument 'cmake_force_configure' from command line to 'False'
[0.302s] Level 5:colcon.colcon_core.verb:set package 'turtlebot3_fake_node' build argument 'ament_cmake_args' from command line to 'None'
[0.302s] Level 5:colcon.colcon_core.verb:set package 'turtlebot3_fake_node' build argument 'catkin_cmake_args' from command line to 'None'
[0.302s] Level 5:colcon.colcon_core.verb:set package 'turtlebot3_fake_node' build argument 'catkin_skip_building_tests' from command line to 'False'
[0.302s] DEBUG:colcon.colcon_core.verb:Building package 'turtlebot3_fake_node' with the following arguments: {'ament_cmake_args': None, 'build_base': '/home/eg2310-workspace/colcon_ws/build/turtlebot3_fake_node', 'catkin_cmake_args': None, 'catkin_skip_building_tests': False, 'cmake_args': None, 'cmake_clean_cache': False, 'cmake_clean_first': False, 'cmake_force_configure': False, 'cmake_target': None, 'cmake_target_skip_unavailable': False, 'install_base': '/home/eg2310-workspace/colcon_ws/install/turtlebot3_fake_node', 'merge_install': False, 'path': '/home/eg2310-workspace/colcon_ws/src/turtlebot3_simulations/turtlebot3_fake_node', 'symlink_install': False, 'test_result_base': None}
[0.303s] Level 5:colcon.colcon_core.verb:set package 'turtlebot3_gazebo' build argument 'cmake_args' from command line to 'None'
[0.303s] Level 5:colcon.colcon_core.verb:set package 'turtlebot3_gazebo' build argument 'cmake_target' from command line to 'None'
[0.303s] Level 5:colcon.colcon_core.verb:set package 'turtlebot3_gazebo' build argument 'cmake_target_skip_unavailable' from command line to 'False'
[0.303s] Level 5:colcon.colcon_core.verb:set package 'turtlebot3_gazebo' build argument 'cmake_clean_cache' from command line to 'False'
[0.303s] Level 5:colcon.colcon_core.verb:set package 'turtlebot3_gazebo' build argument 'cmake_clean_first' from command line to 'False'
[0.303s] Level 5:colcon.colcon_core.verb:set package 'turtlebot3_gazebo' build argument 'cmake_force_configure' from command line to 'False'
[0.303s] Level 5:colcon.colcon_core.verb:set package 'turtlebot3_gazebo' build argument 'ament_cmake_args' from command line to 'None'
[0.303s] Level 5:colcon.colcon_core.verb:set package 'turtlebot3_gazebo' build argument 'catkin_cmake_args' from command line to 'None'
[0.303s] Level 5:colcon.colcon_core.verb:set package 'turtlebot3_gazebo' build argument 'catkin_skip_building_tests' from command line to 'False'
[0.303s] DEBUG:colcon.colcon_core.verb:Building package 'turtlebot3_gazebo' with the following arguments: {'ament_cmake_args': None, 'build_base': '/home/eg2310-workspace/colcon_ws/build/turtlebot3_gazebo', 'catkin_cmake_args': None, 'catkin_skip_building_tests': False, 'cmake_args': None, 'cmake_clean_cache': False, 'cmake_clean_first': False, 'cmake_force_configure': False, 'cmake_target': None, 'cmake_target_skip_unavailable': False, 'install_base': '/home/eg2310-workspace/colcon_ws/install/turtlebot3_gazebo', 'merge_install': False, 'path': '/home/eg2310-workspace/colcon_ws/src/turtlebot3_simulations/turtlebot3_gazebo', 'symlink_install': False, 'test_result_base': None}
[0.304s] Level 5:colcon.colcon_core.verb:set package 'turtlebot3_simulations' build argument 'cmake_args' from command line to 'None'
[0.304s] Level 5:colcon.colcon_core.verb:set package 'turtlebot3_simulations' build argument 'cmake_target' from command line to 'None'
[0.304s] Level 5:colcon.colcon_core.verb:set package 'turtlebot3_simulations' build argument 'cmake_target_skip_unavailable' from command line to 'False'
[0.304s] Level 5:colcon.colcon_core.verb:set package 'turtlebot3_simulations' build argument 'cmake_clean_cache' from command line to 'False'
[0.304s] Level 5:colcon.colcon_core.verb:set package 'turtlebot3_simulations' build argument 'cmake_clean_first' from command line to 'False'
[0.304s] Level 5:colcon.colcon_core.verb:set package 'turtlebot3_simulations' build argument 'cmake_force_configure' from command line to 'False'
[0.304s] Level 5:colcon.colcon_core.verb:set package 'turtlebot3_simulations' build argument 'ament_cmake_args' from command line to 'None'
[0.304s] Level 5:colcon.colcon_core.verb:set package 'turtlebot3_simulations' build argument 'catkin_cmake_args' from command line to 'None'
[0.304s] Level 5:colcon.colcon_core.verb:set package 'turtlebot3_simulations' build argument 'catkin_skip_building_tests' from command line to 'False'
[0.304s] DEBUG:colcon.colcon_core.verb:Building package 'turtlebot3_simulations' with the following arguments: {'ament_cmake_args': None, 'build_base': '/home/eg2310-workspace/colcon_ws/build/turtlebot3_simulations', 'catkin_cmake_args': None, 'catkin_skip_building_tests': False, 'cmake_args': None, 'cmake_clean_cache': False, 'cmake_clean_first': False, 'cmake_force_configure': False, 'cmake_target': None, 'cmake_target_skip_unavailable': False, 'install_base': '/home/eg2310-workspace/colcon_ws/install/turtlebot3_simulations', 'merge_install': False, 'path': '/home/eg2310-workspace/colcon_ws/src/turtlebot3_simulations/turtlebot3_simulations', 'symlink_install': False, 'test_result_base': None}
[0.305s] INFO:colcon.colcon_core.executor:Executing jobs using 'parallel' executor
[0.307s] DEBUG:colcon.colcon_parallel_executor.executor.parallel:run_until_complete
[0.308s] INFO:colcon.colcon_ros.task.ament_cmake.build:Building ROS package in '/home/eg2310-workspace/colcon_ws/src/turtlebot3_simulations/turtlebot3_fake_node' with build type 'ament_cmake'
[0.308s] INFO:colcon.colcon_cmake.task.cmake.build:Building CMake package in '/home/eg2310-workspace/colcon_ws/src/turtlebot3_simulations/turtlebot3_fake_node'
[0.313s] INFO:colcon.colcon_core.plugin_system:Skipping extension 'colcon_core.shell.bat': Not used on non-Windows systems
[0.313s] INFO:colcon.colcon_core.shell:Skip shell extension 'powershell' for command environment: Not usable outside of PowerShell
[0.313s] DEBUG:colcon.colcon_core.shell:Skip shell extension 'dsv' for command environment
[0.322s] INFO:colcon.colcon_ros.task.ament_cmake.build:Building ROS package in '/home/eg2310-workspace/colcon_ws/src/turtlebot3_simulations/turtlebot3_gazebo' with build type 'ament_cmake'
[0.323s] INFO:colcon.colcon_cmake.task.cmake.build:Building CMake package in '/home/eg2310-workspace/colcon_ws/src/turtlebot3_simulations/turtlebot3_gazebo'
[0.324s] INFO:colcon.colcon_core.shell:Skip shell extension 'powershell' for command environment: Not usable outside of PowerShell
[0.324s] DEBUG:colcon.colcon_core.shell:Skip shell extension 'dsv' for command environment
[0.332s] INFO:colcon.colcon_ros.task.ament_python.build:Building ROS package in '/home/eg2310-workspace/colcon_ws/src/auto_nav' with build type 'ament_python'
[0.332s] Level 1:colcon.colcon_core.shell:create_environment_hook('auto_nav', 'ament_prefix_path')
[0.333s] INFO:colcon.colcon_core.shell:Creating environment hook '/home/eg2310-workspace/colcon_ws/install/auto_nav/share/auto_nav/hook/ament_prefix_path.ps1'
[0.335s] INFO:colcon.colcon_core.shell:Creating environment descriptor '/home/eg2310-workspace/colcon_ws/install/auto_nav/share/auto_nav/hook/ament_prefix_path.dsv'
[0.335s] INFO:colcon.colcon_core.shell:Creating environment hook '/home/eg2310-workspace/colcon_ws/install/auto_nav/share/auto_nav/hook/ament_prefix_path.sh'
[0.337s] INFO:colcon.colcon_core.shell:Skip shell extension 'powershell' for command environment: Not usable outside of PowerShell
[0.337s] DEBUG:colcon.colcon_core.shell:Skip shell extension 'dsv' for command environment
[0.345s] INFO:colcon.colcon_ros.task.ament_python.build:Building ROS package in '/home/eg2310-workspace/colcon_ws/src/idkman' with build type 'ament_python'
[0.346s] Level 1:colcon.colcon_core.shell:create_environment_hook('idkman', 'ament_prefix_path')
[0.348s] INFO:colcon.colcon_core.shell:Creating environment hook '/home/eg2310-workspace/colcon_ws/install/idkman/share/idkman/hook/ament_prefix_path.ps1'
[0.348s] INFO:colcon.colcon_core.shell:Creating environment descriptor '/home/eg2310-workspace/colcon_ws/install/idkman/share/idkman/hook/ament_prefix_path.dsv'
[0.349s] INFO:colcon.colcon_core.shell:Creating environment hook '/home/eg2310-workspace/colcon_ws/install/idkman/share/idkman/hook/ament_prefix_path.sh'
[0.350s] INFO:colcon.colcon_core.shell:Skip shell extension 'powershell' for command environment: Not usable outside of PowerShell
[0.350s] DEBUG:colcon.colcon_core.shell:Skip shell extension 'dsv' for command environment
[0.365s] DEBUG:colcon.colcon_core.event_handler.log_command:Invoking command in '/home/eg2310-workspace/colcon_ws/build/turtlebot3_fake_node': CMAKE_PREFIX_PATH=/home/eg2310-workspace/colcon_ws/install/idkman:/home/eg2310-workspace/colcon_ws/install/auto_nav:/opt/ros/foxy /usr/bin/cmake /home/eg2310-workspace/colcon_ws/src/turtlebot3_simulations/turtlebot3_fake_node -DCMAKE_INSTALL_PREFIX=/home/eg2310-workspace/colcon_ws/install/turtlebot3_fake_node
[0.374s] DEBUG:colcon.colcon_core.event_handler.log_command:Invoking command in '/home/eg2310-workspace/colcon_ws/build/turtlebot3_gazebo': CMAKE_PREFIX_PATH=/home/eg2310-workspace/colcon_ws/install/idkman:/home/eg2310-workspace/colcon_ws/install/auto_nav:/opt/ros/foxy /usr/bin/cmake /home/eg2310-workspace/colcon_ws/src/turtlebot3_simulations/turtlebot3_gazebo -DCMAKE_INSTALL_PREFIX=/home/eg2310-workspace/colcon_ws/install/turtlebot3_gazebo
[0.575s] INFO:colcon.colcon_core.task.python.build:Building Python package in '/home/eg2310-workspace/colcon_ws/src/auto_nav'
[0.580s] INFO:colcon.colcon_core.shell:Skip shell extension 'powershell' for command environment: Not usable outside of PowerShell
[0.580s] DEBUG:colcon.colcon_core.shell:Skip shell extension 'dsv' for command environment
[0.798s] INFO:colcon.colcon_core.task.python.build:Building Python package in '/home/eg2310-workspace/colcon_ws/src/idkman'
[0.801s] INFO:colcon.colcon_core.shell:Skip shell extension 'powershell' for command environment: Not usable outside of PowerShell
[0.801s] DEBUG:colcon.colcon_core.shell:Skip shell extension 'dsv' for command environment
[1.167s] DEBUG:colcon.colcon_core.event_handler.log_command:Invoking command in '/home/eg2310-workspace/colcon_ws/build/idkman': PYTHONPATH=/home/eg2310-workspace/colcon_ws/build/idkman/prefix_override:/home/eg2310-workspace/colcon_ws/install/idkman/lib/python3.8/site-packages:${PYTHONPATH} /usr/bin/python3 setup.py develop --uninstall --editable --build-directory /home/eg2310-workspace/colcon_ws/build/idkman/build
[1.174s] DEBUG:colcon.colcon_core.event_handler.log_command:Invoking command in '/home/eg2310-workspace/colcon_ws/build/auto_nav': PYTHONPATH=/home/eg2310-workspace/colcon_ws/build/auto_nav/prefix_override:/home/eg2310-workspace/colcon_ws/install/auto_nav/lib/python3.8/site-packages:${PYTHONPATH} /usr/bin/python3 setup.py develop --uninstall --editable --build-directory /home/eg2310-workspace/colcon_ws/build/auto_nav/build
[1.472s] DEBUG:colcon.colcon_core.event_handler.log_command:Invoked command in '/home/eg2310-workspace/colcon_ws/build/auto_nav' returned '0': PYTHONPATH=/home/eg2310-workspace/colcon_ws/build/auto_nav/prefix_override:/home/eg2310-workspace/colcon_ws/install/auto_nav/lib/python3.8/site-packages:${PYTHONPATH} /usr/bin/python3 setup.py develop --uninstall --editable --build-directory /home/eg2310-workspace/colcon_ws/build/auto_nav/build
[1.478s] DEBUG:colcon.colcon_core.event_handler.log_command:Invoking command in '/home/eg2310-workspace/colcon_ws/src/auto_nav': PYTHONPATH=/home/eg2310-workspace/colcon_ws/build/auto_nav/prefix_override:/home/eg2310-workspace/colcon_ws/install/auto_nav/lib/python3.8/site-packages:${PYTHONPATH} /usr/bin/python3 setup.py egg_info --egg-base ../../build/auto_nav build --build-base /home/eg2310-workspace/colcon_ws/build/auto_nav/build install --record /home/eg2310-workspace/colcon_ws/build/auto_nav/install.log --install-scripts $base/lib/auto_nav --single-version-externally-managed
[1.482s] DEBUG:colcon.colcon_core.event_handler.log_command:Invoked command in '/home/eg2310-workspace/colcon_ws/build/idkman' returned '0': PYTHONPATH=/home/eg2310-workspace/colcon_ws/build/idkman/prefix_override:/home/eg2310-workspace/colcon_ws/install/idkman/lib/python3.8/site-packages:${PYTHONPATH} /usr/bin/python3 setup.py develop --uninstall --editable --build-directory /home/eg2310-workspace/colcon_ws/build/idkman/build
[1.487s] DEBUG:colcon.colcon_core.event_handler.log_command:Invoking command in '/home/eg2310-workspace/colcon_ws/src/idkman': PYTHONPATH=/home/eg2310-workspace/colcon_ws/build/idkman/prefix_override:/home/eg2310-workspace/colcon_ws/install/idkman/lib/python3.8/site-packages:${PYTHONPATH} /usr/bin/python3 setup.py egg_info --egg-base ../../build/idkman build --build-base /home/eg2310-workspace/colcon_ws/build/idkman/build install --record /home/eg2310-workspace/colcon_ws/build/idkman/install.log --install-scripts $base/lib/idkman --single-version-externally-managed
[1.573s] DEBUG:colcon.colcon_core.event_handler.log_command:Invoked command in '/home/eg2310-workspace/colcon_ws/build/turtlebot3_fake_node' returned '0': CMAKE_PREFIX_PATH=/home/eg2310-workspace/colcon_ws/install/idkman:/home/eg2310-workspace/colcon_ws/install/auto_nav:/opt/ros/foxy /usr/bin/cmake /home/eg2310-workspace/colcon_ws/src/turtlebot3_simulations/turtlebot3_fake_node -DCMAKE_INSTALL_PREFIX=/home/eg2310-workspace/colcon_ws/install/turtlebot3_fake_node
[1.578s] DEBUG:colcon.colcon_core.event_handler.log_command:Invoking command in '/home/eg2310-workspace/colcon_ws/build/turtlebot3_fake_node': CMAKE_PREFIX_PATH=/home/eg2310-workspace/colcon_ws/install/idkman:/home/eg2310-workspace/colcon_ws/install/auto_nav:/opt/ros/foxy /usr/bin/cmake --build /home/eg2310-workspace/colcon_ws/build/turtlebot3_fake_node -- -j16 -l16
[1.683s] DEBUG:colcon.colcon_core.event_handler.log_command:Invoked command in '/home/eg2310-workspace/colcon_ws/build/turtlebot3_fake_node' returned '0': CMAKE_PREFIX_PATH=/home/eg2310-workspace/colcon_ws/install/idkman:/home/eg2310-workspace/colcon_ws/install/auto_nav:/opt/ros/foxy /usr/bin/cmake --build /home/eg2310-workspace/colcon_ws/build/turtlebot3_fake_node -- -j16 -l16
[1.737s] DEBUG:colcon.colcon_core.event_handler.log_command:Invoking command in '/home/eg2310-workspace/colcon_ws/build/turtlebot3_fake_node': CMAKE_PREFIX_PATH=/home/eg2310-workspace/colcon_ws/install/idkman:/home/eg2310-workspace/colcon_ws/install/auto_nav:/opt/ros/foxy /usr/bin/cmake --install /home/eg2310-workspace/colcon_ws/build/turtlebot3_fake_node
[1.740s] DEBUG:colcon.colcon_core.event_handler.log_command:Invoked command in '/home/eg2310-workspace/colcon_ws/src/idkman' returned '0': PYTHONPATH=/home/eg2310-workspace/colcon_ws/build/idkman/prefix_override:/home/eg2310-workspace/colcon_ws/install/idkman/lib/python3.8/site-packages:${PYTHONPATH} /usr/bin/python3 setup.py egg_info --egg-base ../../build/idkman build --build-base /home/eg2310-workspace/colcon_ws/build/idkman/build install --record /home/eg2310-workspace/colcon_ws/build/idkman/install.log --install-scripts $base/lib/idkman --single-version-externally-managed
[1.746s] Level 1:colcon.colcon_core.environment:checking '/home/eg2310-workspace/colcon_ws/install/idkman' for CMake module files
[1.746s] Level 1:colcon.colcon_core.environment:checking '/home/eg2310-workspace/colcon_ws/install/idkman' for CMake config files
[1.747s] Level 1:colcon.colcon_core.environment:checking '/home/eg2310-workspace/colcon_ws/install/idkman/lib'
[1.747s] Level 1:colcon.colcon_core.environment:checking '/home/eg2310-workspace/colcon_ws/install/idkman/bin'
[1.748s] Level 1:colcon.colcon_core.environment:checking '/home/eg2310-workspace/colcon_ws/install/idkman/lib/pkgconfig/idkman.pc'
[1.748s] Level 1:colcon.colcon_core.environment:checking '/home/eg2310-workspace/colcon_ws/install/idkman/lib/python3.8/site-packages'
[1.748s] Level 1:colcon.colcon_core.shell:create_environment_hook('idkman', 'pythonpath')
[1.750s] INFO:colcon.colcon_core.shell:Creating environment hook '/home/eg2310-workspace/colcon_ws/install/idkman/share/idkman/hook/pythonpath.ps1'
[1.752s] INFO:colcon.colcon_core.shell:Creating environment descriptor '/home/eg2310-workspace/colcon_ws/install/idkman/share/idkman/hook/pythonpath.dsv'
[1.752s] INFO:colcon.colcon_core.shell:Creating environment hook '/home/eg2310-workspace/colcon_ws/install/idkman/share/idkman/hook/pythonpath.sh'
[1.753s] Level 1:colcon.colcon_core.environment:checking '/home/eg2310-workspace/colcon_ws/install/idkman/bin'
[1.754s] Level 1:colcon.colcon_core.environment:create_environment_scripts_only(idkman)
[1.755s] INFO:colcon.colcon_core.shell:Creating package script '/home/eg2310-workspace/colcon_ws/install/idkman/share/idkman/package.ps1'
[1.757s] INFO:colcon.colcon_core.shell:Creating package descriptor '/home/eg2310-workspace/colcon_ws/install/idkman/share/idkman/package.dsv'
[1.758s] INFO:colcon.colcon_core.shell:Creating package script '/home/eg2310-workspace/colcon_ws/install/idkman/share/idkman/package.sh'
[1.759s] INFO:colcon.colcon_core.shell:Creating package script '/home/eg2310-workspace/colcon_ws/install/idkman/share/idkman/package.bash'
[1.760s] INFO:colcon.colcon_core.shell:Creating package script '/home/eg2310-workspace/colcon_ws/install/idkman/share/idkman/package.zsh'
[1.761s] Level 1:colcon.colcon_core.environment:create_file_with_runtime_dependencies(/home/eg2310-workspace/colcon_ws/install/idkman/share/colcon-core/packages/idkman)
[1.764s] Level 1:colcon.colcon_core.environment:checking '/home/eg2310-workspace/colcon_ws/install/auto_nav' for CMake module files
[1.764s] DEBUG:colcon.colcon_core.event_handler.log_command:Invoked command in '/home/eg2310-workspace/colcon_ws/src/auto_nav' returned '0': PYTHONPATH=/home/eg2310-workspace/colcon_ws/build/auto_nav/prefix_override:/home/eg2310-workspace/colcon_ws/install/auto_nav/lib/python3.8/site-packages:${PYTHONPATH} /usr/bin/python3 setup.py egg_info --egg-base ../../build/auto_nav build --build-base /home/eg2310-workspace/colcon_ws/build/auto_nav/build install --record /home/eg2310-workspace/colcon_ws/build/auto_nav/install.log --install-scripts $base/lib/auto_nav --single-version-externally-managed
[1.765s] Level 1:colcon.colcon_core.environment:checking '/home/eg2310-workspace/colcon_ws/install/auto_nav' for CMake config files
[1.765s] Level 1:colcon.colcon_core.environment:checking '/home/eg2310-workspace/colcon_ws/install/auto_nav/lib'
[1.765s] Level 1:colcon.colcon_core.environment:checking '/home/eg2310-workspace/colcon_ws/install/auto_nav/bin'
[1.765s] Level 1:colcon.colcon_core.environment:checking '/home/eg2310-workspace/colcon_ws/install/auto_nav/lib/pkgconfig/auto_nav.pc'
[1.765s] Level 1:colcon.colcon_core.environment:checking '/home/eg2310-workspace/colcon_ws/install/auto_nav/lib/python3.8/site-packages'
[1.765s] Level 1:colcon.colcon_core.shell:create_environment_hook('auto_nav', 'pythonpath')
[1.766s] INFO:colcon.colcon_core.shell:Creating environment hook '/home/eg2310-workspace/colcon_ws/install/auto_nav/share/auto_nav/hook/pythonpath.ps1'
[1.767s] INFO:colcon.colcon_core.shell:Creating environment descriptor '/home/eg2310-workspace/colcon_ws/install/auto_nav/share/auto_nav/hook/pythonpath.dsv'
[1.768s] INFO:colcon.colcon_core.shell:Creating environment hook '/home/eg2310-workspace/colcon_ws/install/auto_nav/share/auto_nav/hook/pythonpath.sh'
[1.768s] Level 1:colcon.colcon_core.environment:checking '/home/eg2310-workspace/colcon_ws/install/auto_nav/bin'
[1.769s] Level 1:colcon.colcon_core.environment:create_environment_scripts_only(auto_nav)
[1.770s] INFO:colcon.colcon_core.shell:Creating package script '/home/eg2310-workspace/colcon_ws/install/auto_nav/share/auto_nav/package.ps1'
[1.771s] INFO:colcon.colcon_core.shell:Creating package descriptor '/home/eg2310-workspace/colcon_ws/install/auto_nav/share/auto_nav/package.dsv'
[1.771s] INFO:colcon.colcon_core.shell:Creating package script '/home/eg2310-workspace/colcon_ws/install/auto_nav/share/auto_nav/package.sh'
[1.771s] INFO:colcon.colcon_core.shell:Creating package script '/home/eg2310-workspace/colcon_ws/install/auto_nav/share/auto_nav/package.bash'
[1.772s] INFO:colcon.colcon_core.shell:Creating package script '/home/eg2310-workspace/colcon_ws/install/auto_nav/share/auto_nav/package.zsh'
[1.772s] Level 1:colcon.colcon_core.environment:create_file_with_runtime_dependencies(/home/eg2310-workspace/colcon_ws/install/auto_nav/share/colcon-core/packages/auto_nav)
[1.773s] Level 1:colcon.colcon_core.environment:create_environment_scripts_only(turtlebot3_fake_node)
[1.774s] Level 1:colcon.colcon_core.environment:checking '/home/eg2310-workspace/colcon_ws/install/turtlebot3_fake_node' for CMake module files
[1.775s] DEBUG:colcon.colcon_core.event_handler.log_command:Invoked command in '/home/eg2310-workspace/colcon_ws/build/turtlebot3_fake_node' returned '0': CMAKE_PREFIX_PATH=/home/eg2310-workspace/colcon_ws/install/idkman:/home/eg2310-workspace/colcon_ws/install/auto_nav:/opt/ros/foxy /usr/bin/cmake --install /home/eg2310-workspace/colcon_ws/build/turtlebot3_fake_node
[1.775s] Level 1:colcon.colcon_core.environment:checking '/home/eg2310-workspace/colcon_ws/install/turtlebot3_fake_node' for CMake config files
[1.775s] Level 1:colcon.colcon_core.shell:create_environment_hook('turtlebot3_fake_node', 'cmake_prefix_path')
[1.776s] INFO:colcon.colcon_core.shell:Creating environment hook '/home/eg2310-workspace/colcon_ws/install/turtlebot3_fake_node/share/turtlebot3_fake_node/hook/cmake_prefix_path.ps1'
[1.777s] INFO:colcon.colcon_core.shell:Creating environment descriptor '/home/eg2310-workspace/colcon_ws/install/turtlebot3_fake_node/share/turtlebot3_fake_node/hook/cmake_prefix_path.dsv'
[1.777s] INFO:colcon.colcon_core.shell:Creating environment hook '/home/eg2310-workspace/colcon_ws/install/turtlebot3_fake_node/share/turtlebot3_fake_node/hook/cmake_prefix_path.sh'
[1.778s] Level 1:colcon.colcon_core.environment:checking '/home/eg2310-workspace/colcon_ws/install/turtlebot3_fake_node/lib'
[1.778s] Level 1:colcon.colcon_core.environment:checking '/home/eg2310-workspace/colcon_ws/install/turtlebot3_fake_node/bin'
[1.778s] Level 1:colcon.colcon_core.environment:checking '/home/eg2310-workspace/colcon_ws/install/turtlebot3_fake_node/lib/pkgconfig/turtlebot3_fake_node.pc'
[1.778s] Level 1:colcon.colcon_core.environment:checking '/home/eg2310-workspace/colcon_ws/install/turtlebot3_fake_node/lib/python3.8/site-packages'
[1.778s] Level 1:colcon.colcon_core.environment:checking '/home/eg2310-workspace/colcon_ws/install/turtlebot3_fake_node/bin'
[1.779s] INFO:colcon.colcon_core.shell:Creating package script '/home/eg2310-workspace/colcon_ws/install/turtlebot3_fake_node/share/turtlebot3_fake_node/package.ps1'
[1.780s] INFO:colcon.colcon_core.shell:Creating package descriptor '/home/eg2310-workspace/colcon_ws/install/turtlebot3_fake_node/share/turtlebot3_fake_node/package.dsv'
[1.780s] INFO:colcon.colcon_core.shell:Creating package script '/home/eg2310-workspace/colcon_ws/install/turtlebot3_fake_node/share/turtlebot3_fake_node/package.sh'
[1.780s] INFO:colcon.colcon_core.shell:Creating package script '/home/eg2310-workspace/colcon_ws/install/turtlebot3_fake_node/share/turtlebot3_fake_node/package.bash'
[1.781s] INFO:colcon.colcon_core.shell:Creating package script '/home/eg2310-workspace/colcon_ws/install/turtlebot3_fake_node/share/turtlebot3_fake_node/package.zsh'
[1.781s] Level 1:colcon.colcon_core.environment:create_file_with_runtime_dependencies(/home/eg2310-workspace/colcon_ws/install/turtlebot3_fake_node/share/colcon-core/packages/turtlebot3_fake_node)
[1.816s] Level 1:colcon.colcon_core.environment:create_environment_scripts_only(turtlebot3_fake_node)
[1.818s] Level 1:colcon.colcon_core.environment:checking '/home/eg2310-workspace/colcon_ws/install/turtlebot3_fake_node' for CMake module files
[1.819s] Level 1:colcon.colcon_core.environment:checking '/home/eg2310-workspace/colcon_ws/install/turtlebot3_fake_node' for CMake config files
[1.820s] Level 1:colcon.colcon_core.shell:create_environment_hook('turtlebot3_fake_node', 'cmake_prefix_path')
[1.822s] INFO:colcon.colcon_core.shell:Creating environment hook '/home/eg2310-workspace/colcon_ws/install/turtlebot3_fake_node/share/turtlebot3_fake_node/hook/cmake_prefix_path.ps1'
[1.823s] INFO:colcon.colcon_core.shell:Creating environment descriptor '/home/eg2310-workspace/colcon_ws/install/turtlebot3_fake_node/share/turtlebot3_fake_node/hook/cmake_prefix_path.dsv'
[1.824s] INFO:colcon.colcon_core.shell:Creating environment hook '/home/eg2310-workspace/colcon_ws/install/turtlebot3_fake_node/share/turtlebot3_fake_node/hook/cmake_prefix_path.sh'
[1.825s] Level 1:colcon.colcon_core.environment:checking '/home/eg2310-workspace/colcon_ws/install/turtlebot3_fake_node/lib'
[1.825s] Level 1:colcon.colcon_core.environment:checking '/home/eg2310-workspace/colcon_ws/install/turtlebot3_fake_node/bin'
[1.825s] Level 1:colcon.colcon_core.environment:checking '/home/eg2310-workspace/colcon_ws/install/turtlebot3_fake_node/lib/pkgconfig/turtlebot3_fake_node.pc'
[1.825s] Level 1:colcon.colcon_core.environment:checking '/home/eg2310-workspace/colcon_ws/install/turtlebot3_fake_node/lib/python3.8/site-packages'
[1.826s] Level 1:colcon.colcon_core.environment:checking '/home/eg2310-workspace/colcon_ws/install/turtlebot3_fake_node/bin'
[1.827s] INFO:colcon.colcon_core.shell:Creating package script '/home/eg2310-workspace/colcon_ws/install/turtlebot3_fake_node/share/turtlebot3_fake_node/package.ps1'
[1.828s] INFO:colcon.colcon_core.shell:Creating package descriptor '/home/eg2310-workspace/colcon_ws/install/turtlebot3_fake_node/share/turtlebot3_fake_node/package.dsv'
[1.829s] INFO:colcon.colcon_core.shell:Creating package script '/home/eg2310-workspace/colcon_ws/install/turtlebot3_fake_node/share/turtlebot3_fake_node/package.sh'
[1.830s] INFO:colcon.colcon_core.shell:Creating package script '/home/eg2310-workspace/colcon_ws/install/turtlebot3_fake_node/share/turtlebot3_fake_node/package.bash'
[1.831s] INFO:colcon.colcon_core.shell:Creating package script '/home/eg2310-workspace/colcon_ws/install/turtlebot3_fake_node/share/turtlebot3_fake_node/package.zsh'
[1.832s] Level 1:colcon.colcon_core.environment:create_file_with_runtime_dependencies(/home/eg2310-workspace/colcon_ws/install/turtlebot3_fake_node/share/colcon-core/packages/turtlebot3_fake_node)
[2.560s] DEBUG:colcon.colcon_core.event_handler.log_command:Invoked command in '/home/eg2310-workspace/colcon_ws/build/turtlebot3_gazebo' returned '0': CMAKE_PREFIX_PATH=/home/eg2310-workspace/colcon_ws/install/idkman:/home/eg2310-workspace/colcon_ws/install/auto_nav:/opt/ros/foxy /usr/bin/cmake /home/eg2310-workspace/colcon_ws/src/turtlebot3_simulations/turtlebot3_gazebo -DCMAKE_INSTALL_PREFIX=/home/eg2310-workspace/colcon_ws/install/turtlebot3_gazebo
[2.566s] DEBUG:colcon.colcon_core.event_handler.log_command:Invoking command in '/home/eg2310-workspace/colcon_ws/build/turtlebot3_gazebo': CMAKE_PREFIX_PATH=/home/eg2310-workspace/colcon_ws/install/idkman:/home/eg2310-workspace/colcon_ws/install/auto_nav:/opt/ros/foxy /usr/bin/cmake --build /home/eg2310-workspace/colcon_ws/build/turtlebot3_gazebo -- -j16 -l16
[2.704s] DEBUG:colcon.colcon_core.event_handler.log_command:Invoked command in '/home/eg2310-workspace/colcon_ws/build/turtlebot3_gazebo' returned '0': CMAKE_PREFIX_PATH=/home/eg2310-workspace/colcon_ws/install/idkman:/home/eg2310-workspace/colcon_ws/install/auto_nav:/opt/ros/foxy /usr/bin/cmake --build /home/eg2310-workspace/colcon_ws/build/turtlebot3_gazebo -- -j16 -l16
[2.761s] DEBUG:colcon.colcon_core.event_handler.log_command:Invoking command in '/home/eg2310-workspace/colcon_ws/build/turtlebot3_gazebo': CMAKE_PREFIX_PATH=/home/eg2310-workspace/colcon_ws/install/idkman:/home/eg2310-workspace/colcon_ws/install/auto_nav:/opt/ros/foxy /usr/bin/cmake --install /home/eg2310-workspace/colcon_ws/build/turtlebot3_gazebo
[2.814s] Level 1:colcon.colcon_core.environment:create_environment_scripts_only(turtlebot3_gazebo)
[2.816s] Level 1:colcon.colcon_core.environment:checking '/home/eg2310-workspace/colcon_ws/install/turtlebot3_gazebo' for CMake module files
[2.816s] DEBUG:colcon.colcon_core.event_handler.log_command:Invoked command in '/home/eg2310-workspace/colcon_ws/build/turtlebot3_gazebo' returned '0': CMAKE_PREFIX_PATH=/home/eg2310-workspace/colcon_ws/install/idkman:/home/eg2310-workspace/colcon_ws/install/auto_nav:/opt/ros/foxy /usr/bin/cmake --install /home/eg2310-workspace/colcon_ws/build/turtlebot3_gazebo
[2.817s] Level 1:colcon.colcon_core.environment:checking '/home/eg2310-workspace/colcon_ws/install/turtlebot3_gazebo' for CMake config files
[2.818s] Level 1:colcon.colcon_core.shell:create_environment_hook('turtlebot3_gazebo', 'cmake_prefix_path')
[2.819s] INFO:colcon.colcon_core.shell:Creating environment hook '/home/eg2310-workspace/colcon_ws/install/turtlebot3_gazebo/share/turtlebot3_gazebo/hook/cmake_prefix_path.ps1'
[2.820s] INFO:colcon.colcon_core.shell:Creating environment descriptor '/home/eg2310-workspace/colcon_ws/install/turtlebot3_gazebo/share/turtlebot3_gazebo/hook/cmake_prefix_path.dsv'
[2.820s] INFO:colcon.colcon_core.shell:Creating environment hook '/home/eg2310-workspace/colcon_ws/install/turtlebot3_gazebo/share/turtlebot3_gazebo/hook/cmake_prefix_path.sh'
[2.820s] Level 1:colcon.colcon_core.environment:checking '/home/eg2310-workspace/colcon_ws/install/turtlebot3_gazebo/lib'
[2.821s] Level 1:colcon.colcon_core.environment:checking '/home/eg2310-workspace/colcon_ws/install/turtlebot3_gazebo/bin'
[2.821s] Level 1:colcon.colcon_core.environment:checking '/home/eg2310-workspace/colcon_ws/install/turtlebot3_gazebo/lib/pkgconfig/turtlebot3_gazebo.pc'
[2.821s] Level 1:colcon.colcon_core.environment:checking '/home/eg2310-workspace/colcon_ws/install/turtlebot3_gazebo/lib/python3.8/site-packages'
[2.821s] Level 1:colcon.colcon_core.environment:checking '/home/eg2310-workspace/colcon_ws/install/turtlebot3_gazebo/bin'
[2.822s] INFO:colcon.colcon_core.shell:Creating package script '/home/eg2310-workspace/colcon_ws/install/turtlebot3_gazebo/share/turtlebot3_gazebo/package.ps1'
[2.822s] INFO:colcon.colcon_core.shell:Creating package descriptor '/home/eg2310-workspace/colcon_ws/install/turtlebot3_gazebo/share/turtlebot3_gazebo/package.dsv'
[2.823s] INFO:colcon.colcon_core.shell:Creating package script '/home/eg2310-workspace/colcon_ws/install/turtlebot3_gazebo/share/turtlebot3_gazebo/package.sh'
[2.823s] INFO:colcon.colcon_core.shell:Creating package script '/home/eg2310-workspace/colcon_ws/install/turtlebot3_gazebo/share/turtlebot3_gazebo/package.bash'
[2.823s] INFO:colcon.colcon_core.shell:Creating package script '/home/eg2310-workspace/colcon_ws/install/turtlebot3_gazebo/share/turtlebot3_gazebo/package.zsh'
[2.824s] Level 1:colcon.colcon_core.environment:create_file_with_runtime_dependencies(/home/eg2310-workspace/colcon_ws/install/turtlebot3_gazebo/share/colcon-core/packages/turtlebot3_gazebo)
[2.870s] Level 1:colcon.colcon_core.environment:create_environment_scripts_only(turtlebot3_gazebo)
[2.871s] Level 1:colcon.colcon_core.environment:checking '/home/eg2310-workspace/colcon_ws/install/turtlebot3_gazebo' for CMake module files
[2.872s] Level 1:colcon.colcon_core.environment:checking '/home/eg2310-workspace/colcon_ws/install/turtlebot3_gazebo' for CMake config files
[2.873s] Level 1:colcon.colcon_core.shell:create_environment_hook('turtlebot3_gazebo', 'cmake_prefix_path')
[2.875s] INFO:colcon.colcon_core.shell:Creating environment hook '/home/eg2310-workspace/colcon_ws/install/turtlebot3_gazebo/share/turtlebot3_gazebo/hook/cmake_prefix_path.ps1'
[2.875s] INFO:colcon.colcon_core.shell:Creating environment descriptor '/home/eg2310-workspace/colcon_ws/install/turtlebot3_gazebo/share/turtlebot3_gazebo/hook/cmake_prefix_path.dsv'
[2.875s] INFO:colcon.colcon_core.shell:Creating environment hook '/home/eg2310-workspace/colcon_ws/install/turtlebot3_gazebo/share/turtlebot3_gazebo/hook/cmake_prefix_path.sh'
[2.876s] Level 1:colcon.colcon_core.environment:checking '/home/eg2310-workspace/colcon_ws/install/turtlebot3_gazebo/lib'
[2.876s] Level 1:colcon.colcon_core.environment:checking '/home/eg2310-workspace/colcon_ws/install/turtlebot3_gazebo/bin'
[2.876s] Level 1:colcon.colcon_core.environment:checking '/home/eg2310-workspace/colcon_ws/install/turtlebot3_gazebo/lib/pkgconfig/turtlebot3_gazebo.pc'
[2.876s] Level 1:colcon.colcon_core.environment:checking '/home/eg2310-workspace/colcon_ws/install/turtlebot3_gazebo/lib/python3.8/site-packages'
[2.876s] Level 1:colcon.colcon_core.environment:checking '/home/eg2310-workspace/colcon_ws/install/turtlebot3_gazebo/bin'
[2.877s] INFO:colcon.colcon_core.shell:Creating package script '/home/eg2310-workspace/colcon_ws/install/turtlebot3_gazebo/share/turtlebot3_gazebo/package.ps1'
[2.878s] INFO:colcon.colcon_core.shell:Creating package descriptor '/home/eg2310-workspace/colcon_ws/install/turtlebot3_gazebo/share/turtlebot3_gazebo/package.dsv'
[2.878s] INFO:colcon.colcon_core.shell:Creating package script '/home/eg2310-workspace/colcon_ws/install/turtlebot3_gazebo/share/turtlebot3_gazebo/package.sh'
[2.878s] INFO:colcon.colcon_core.shell:Creating package script '/home/eg2310-workspace/colcon_ws/install/turtlebot3_gazebo/share/turtlebot3_gazebo/package.bash'
[2.879s] INFO:colcon.colcon_core.shell:Creating package script '/home/eg2310-workspace/colcon_ws/install/turtlebot3_gazebo/share/turtlebot3_gazebo/package.zsh'
[2.879s] Level 1:colcon.colcon_core.environment:create_file_with_runtime_dependencies(/home/eg2310-workspace/colcon_ws/install/turtlebot3_gazebo/share/colcon-core/packages/turtlebot3_gazebo)
[2.880s] INFO:colcon.colcon_ros.task.ament_cmake.build:Building ROS package in '/home/eg2310-workspace/colcon_ws/src/turtlebot3_simulations/turtlebot3_simulations' with build type 'ament_cmake'
[2.880s] INFO:colcon.colcon_cmake.task.cmake.build:Building CMake package in '/home/eg2310-workspace/colcon_ws/src/turtlebot3_simulations/turtlebot3_simulations'
[2.881s] INFO:colcon.colcon_core.shell:Skip shell extension 'powershell' for command environment: Not usable outside of PowerShell
[2.881s] DEBUG:colcon.colcon_core.shell:Skip shell extension 'dsv' for command environment
[2.897s] DEBUG:colcon.colcon_core.event_handler.log_command:Invoking command in '/home/eg2310-workspace/colcon_ws/build/turtlebot3_simulations': AMENT_PREFIX_PATH=/home/eg2310-workspace/colcon_ws/install/turtlebot3_gazebo:/home/eg2310-workspace/colcon_ws/install/turtlebot3_fake_node:${AMENT_PREFIX_PATH} CMAKE_PREFIX_PATH=/home/eg2310-workspace/colcon_ws/install/turtlebot3_gazebo:/home/eg2310-workspace/colcon_ws/install/turtlebot3_fake_node:/home/eg2310-workspace/colcon_ws/install/idkman:/home/eg2310-workspace/colcon_ws/install/auto_nav:/opt/ros/foxy /usr/bin/cmake /home/eg2310-workspace/colcon_ws/src/turtlebot3_simulations/turtlebot3_simulations -DCMAKE_INSTALL_PREFIX=/home/eg2310-workspace/colcon_ws/install/turtlebot3_simulations
[3.177s] DEBUG:colcon.colcon_core.event_handler.log_command:Invoked command in '/home/eg2310-workspace/colcon_ws/build/turtlebot3_simulations' returned '0': AMENT_PREFIX_PATH=/home/eg2310-workspace/colcon_ws/install/turtlebot3_gazebo:/home/eg2310-workspace/colcon_ws/install/turtlebot3_fake_node:${AMENT_PREFIX_PATH} CMAKE_PREFIX_PATH=/home/eg2310-workspace/colcon_ws/install/turtlebot3_gazebo:/home/eg2310-workspace/colcon_ws/install/turtlebot3_fake_node:/home/eg2310-workspace/colcon_ws/install/idkman:/home/eg2310-workspace/colcon_ws/install/auto_nav:/opt/ros/foxy /usr/bin/cmake /home/eg2310-workspace/colcon_ws/src/turtlebot3_simulations/turtlebot3_simulations -DCMAKE_INSTALL_PREFIX=/home/eg2310-workspace/colcon_ws/install/turtlebot3_simulations
[3.183s] DEBUG:colcon.colcon_core.event_handler.log_command:Invoking command in '/home/eg2310-workspace/colcon_ws/build/turtlebot3_simulations': AMENT_PREFIX_PATH=/home/eg2310-workspace/colcon_ws/install/turtlebot3_gazebo:/home/eg2310-workspace/colcon_ws/install/turtlebot3_fake_node:${AMENT_PREFIX_PATH} CMAKE_PREFIX_PATH=/home/eg2310-workspace/colcon_ws/install/turtlebot3_gazebo:/home/eg2310-workspace/colcon_ws/install/turtlebot3_fake_node:/home/eg2310-workspace/colcon_ws/install/idkman:/home/eg2310-workspace/colcon_ws/install/auto_nav:/opt/ros/foxy /usr/bin/cmake --build /home/eg2310-workspace/colcon_ws/build/turtlebot3_simulations -- -j16 -l16
[3.256s] DEBUG:colcon.colcon_core.event_handler.log_command:Invoked command in '/home/eg2310-workspace/colcon_ws/build/turtlebot3_simulations' returned '0': AMENT_PREFIX_PATH=/home/eg2310-workspace/colcon_ws/install/turtlebot3_gazebo:/home/eg2310-workspace/colcon_ws/install/turtlebot3_fake_node:${AMENT_PREFIX_PATH} CMAKE_PREFIX_PATH=/home/eg2310-workspace/colcon_ws/install/turtlebot3_gazebo:/home/eg2310-workspace/colcon_ws/install/turtlebot3_fake_node:/home/eg2310-workspace/colcon_ws/install/idkman:/home/eg2310-workspace/colcon_ws/install/auto_nav:/opt/ros/foxy /usr/bin/cmake --build /home/eg2310-workspace/colcon_ws/build/turtlebot3_simulations -- -j16 -l16
[3.311s] DEBUG:colcon.colcon_core.event_handler.log_command:Invoking command in '/home/eg2310-workspace/colcon_ws/build/turtlebot3_simulations': AMENT_PREFIX_PATH=/home/eg2310-workspace/colcon_ws/install/turtlebot3_gazebo:/home/eg2310-workspace/colcon_ws/install/turtlebot3_fake_node:${AMENT_PREFIX_PATH} CMAKE_PREFIX_PATH=/home/eg2310-workspace/colcon_ws/install/turtlebot3_gazebo:/home/eg2310-workspace/colcon_ws/install/turtlebot3_fake_node:/home/eg2310-workspace/colcon_ws/install/idkman:/home/eg2310-workspace/colcon_ws/install/auto_nav:/opt/ros/foxy /usr/bin/cmake --install /home/eg2310-workspace/colcon_ws/build/turtlebot3_simulations
[3.354s] Level 1:colcon.colcon_core.environment:create_environment_scripts_only(turtlebot3_simulations)
[3.356s] Level 1:colcon.colcon_core.environment:checking '/home/eg2310-workspace/colcon_ws/install/turtlebot3_simulations' for CMake module files
[3.357s] DEBUG:colcon.colcon_core.event_handler.log_command:Invoked command in '/home/eg2310-workspace/colcon_ws/build/turtlebot3_simulations' returned '0': AMENT_PREFIX_PATH=/home/eg2310-workspace/colcon_ws/install/turtlebot3_gazebo:/home/eg2310-workspace/colcon_ws/install/turtlebot3_fake_node:${AMENT_PREFIX_PATH} CMAKE_PREFIX_PATH=/home/eg2310-workspace/colcon_ws/install/turtlebot3_gazebo:/home/eg2310-workspace/colcon_ws/install/turtlebot3_fake_node:/home/eg2310-workspace/colcon_ws/install/idkman:/home/eg2310-workspace/colcon_ws/install/auto_nav:/opt/ros/foxy /usr/bin/cmake --install /home/eg2310-workspace/colcon_ws/build/turtlebot3_simulations
[3.357s] Level 1:colcon.colcon_core.environment:checking '/home/eg2310-workspace/colcon_ws/install/turtlebot3_simulations' for CMake config files
[3.357s] Level 1:colcon.colcon_core.shell:create_environment_hook('turtlebot3_simulations', 'cmake_prefix_path')
[3.358s] INFO:colcon.colcon_core.shell:Creating environment hook '/home/eg2310-workspace/colcon_ws/install/turtlebot3_simulations/share/turtlebot3_simulations/hook/cmake_prefix_path.ps1'
[3.359s] INFO:colcon.colcon_core.shell:Creating environment descriptor '/home/eg2310-workspace/colcon_ws/install/turtlebot3_simulations/share/turtlebot3_simulations/hook/cmake_prefix_path.dsv'
[3.359s] INFO:colcon.colcon_core.shell:Creating environment hook '/home/eg2310-workspace/colcon_ws/install/turtlebot3_simulations/share/turtlebot3_simulations/hook/cmake_prefix_path.sh'
[3.360s] Level 1:colcon.colcon_core.environment:checking '/home/eg2310-workspace/colcon_ws/install/turtlebot3_simulations/bin'
[3.360s] Level 1:colcon.colcon_core.environment:checking '/home/eg2310-workspace/colcon_ws/install/turtlebot3_simulations/lib/pkgconfig/turtlebot3_simulations.pc'
[3.360s] Level 1:colcon.colcon_core.environment:checking '/home/eg2310-workspace/colcon_ws/install/turtlebot3_simulations/lib/python3.8/site-packages'
[3.360s] Level 1:colcon.colcon_core.environment:checking '/home/eg2310-workspace/colcon_ws/install/turtlebot3_simulations/bin'
[3.361s] INFO:colcon.colcon_core.shell:Creating package script '/home/eg2310-workspace/colcon_ws/install/turtlebot3_simulations/share/turtlebot3_simulations/package.ps1'
[3.362s] INFO:colcon.colcon_core.shell:Creating package descriptor '/home/eg2310-workspace/colcon_ws/install/turtlebot3_simulations/share/turtlebot3_simulations/package.dsv'
[3.362s] INFO:colcon.colcon_core.shell:Creating package script '/home/eg2310-workspace/colcon_ws/install/turtlebot3_simulations/share/turtlebot3_simulations/package.sh'
[3.362s] INFO:colcon.colcon_core.shell:Creating package script '/home/eg2310-workspace/colcon_ws/install/turtlebot3_simulations/share/turtlebot3_simulations/package.bash'
[3.363s] INFO:colcon.colcon_core.shell:Creating package script '/home/eg2310-workspace/colcon_ws/install/turtlebot3_simulations/share/turtlebot3_simulations/package.zsh'
[3.363s] Level 1:colcon.colcon_core.environment:create_file_with_runtime_dependencies(/home/eg2310-workspace/colcon_ws/install/turtlebot3_simulations/share/colcon-core/packages/turtlebot3_simulations)
[3.399s] Level 1:colcon.colcon_core.environment:create_environment_scripts_only(turtlebot3_simulations)
[3.401s] Level 1:colcon.colcon_core.environment:checking '/home/eg2310-workspace/colcon_ws/install/turtlebot3_simulations' for CMake module files
[3.401s] Level 1:colcon.colcon_core.environment:checking '/home/eg2310-workspace/colcon_ws/install/turtlebot3_simulations' for CMake config files
[3.402s] Level 1:colcon.colcon_core.shell:create_environment_hook('turtlebot3_simulations', 'cmake_prefix_path')
[3.403s] INFO:colcon.colcon_core.shell:Creating environment hook '/home/eg2310-workspace/colcon_ws/install/turtlebot3_simulations/share/turtlebot3_simulations/hook/cmake_prefix_path.ps1'
[3.403s] INFO:colcon.colcon_core.shell:Creating environment descriptor '/home/eg2310-workspace/colcon_ws/install/turtlebot3_simulations/share/turtlebot3_simulations/hook/cmake_prefix_path.dsv'
[3.403s] INFO:colcon.colcon_core.shell:Creating environment hook '/home/eg2310-workspace/colcon_ws/install/turtlebot3_simulations/share/turtlebot3_simulations/hook/cmake_prefix_path.sh'
[3.404s] Level 1:colcon.colcon_core.environment:checking '/home/eg2310-workspace/colcon_ws/install/turtlebot3_simulations/bin'
[3.404s] Level 1:colcon.colcon_core.environment:checking '/home/eg2310-workspace/colcon_ws/install/turtlebot3_simulations/lib/pkgconfig/turtlebot3_simulations.pc'
[3.404s] Level 1:colcon.colcon_core.environment:checking '/home/eg2310-workspace/colcon_ws/install/turtlebot3_simulations/lib/python3.8/site-packages'
[3.404s] Level 1:colcon.colcon_core.environment:checking '/home/eg2310-workspace/colcon_ws/install/turtlebot3_simulations/bin'
[3.405s] INFO:colcon.colcon_core.shell:Creating package script '/home/eg2310-workspace/colcon_ws/install/turtlebot3_simulations/share/turtlebot3_simulations/package.ps1'
[3.406s] INFO:colcon.colcon_core.shell:Creating package descriptor '/home/eg2310-workspace/colcon_ws/install/turtlebot3_simulations/share/turtlebot3_simulations/package.dsv'
[3.406s] INFO:colcon.colcon_core.shell:Creating package script '/home/eg2310-workspace/colcon_ws/install/turtlebot3_simulations/share/turtlebot3_simulations/package.sh'
[3.406s] INFO:colcon.colcon_core.shell:Creating package script '/home/eg2310-workspace/colcon_ws/install/turtlebot3_simulations/share/turtlebot3_simulations/package.bash'
[3.407s] INFO:colcon.colcon_core.shell:Creating package script '/home/eg2310-workspace/colcon_ws/install/turtlebot3_simulations/share/turtlebot3_simulations/package.zsh'
[3.407s] Level 1:colcon.colcon_core.environment:create_file_with_runtime_dependencies(/home/eg2310-workspace/colcon_ws/install/turtlebot3_simulations/share/colcon-core/packages/turtlebot3_simulations)
[3.407s] DEBUG:colcon.colcon_parallel_executor.executor.parallel:closing loop
[3.408s] DEBUG:colcon.colcon_parallel_executor.executor.parallel:loop closed
[3.408s] DEBUG:colcon.colcon_parallel_executor.executor.parallel:run_until_complete finished with '0'
[3.408s] DEBUG:colcon.colcon_core.event_reactor:joining thread
[3.412s] INFO:colcon.colcon_core.plugin_system:Skipping extension 'colcon_notification.desktop_notification.notify_send': Could not find 'notify-send'
[3.413s] INFO:colcon.colcon_core.plugin_system:Skipping extension 'colcon_notification.desktop_notification.terminal_notifier': Not used on non-Darwin systems
[3.413s] INFO:colcon.colcon_core.plugin_system:Skipping extension 'colcon_notification.desktop_notification.win32': Not used on non-Windows systems
[3.413s] INFO:colcon.colcon_notification.desktop_notification:Sending desktop notification using 'notify2'
[3.423s] DEBUG:colcon.colcon_notification.desktop_notification.notify2:Failed to initialize notify2: org.freedesktop.DBus.Error.ServiceUnknown: The name org.freedesktop.Notifications was not provided by any .service files
[3.423s] DEBUG:colcon.colcon_core.event_reactor:joined thread
[3.424s] INFO:colcon.colcon_core.shell:Creating prefix script '/home/eg2310-workspace/colcon_ws/install/local_setup.ps1'
[3.425s] INFO:colcon.colcon_core.shell:Creating prefix util module '/home/eg2310-workspace/colcon_ws/install/_local_setup_util_ps1.py'
[3.426s] INFO:colcon.colcon_core.shell:Creating prefix chain script '/home/eg2310-workspace/colcon_ws/install/setup.ps1'
[3.427s] INFO:colcon.colcon_core.shell:Creating prefix script '/home/eg2310-workspace/colcon_ws/install/local_setup.sh'
[3.427s] INFO:colcon.colcon_core.shell:Creating prefix util module '/home/eg2310-workspace/colcon_ws/install/_local_setup_util_sh.py'
[3.429s] INFO:colcon.colcon_core.shell:Creating prefix chain script '/home/eg2310-workspace/colcon_ws/install/setup.sh'
[3.430s] INFO:colcon.colcon_core.shell:Creating prefix script '/home/eg2310-workspace/colcon_ws/install/local_setup.bash'
[3.430s] INFO:colcon.colcon_core.shell:Creating prefix chain script '/home/eg2310-workspace/colcon_ws/install/setup.bash'
[3.431s] INFO:colcon.colcon_core.shell:Creating prefix script '/home/eg2310-workspace/colcon_ws/install/local_setup.zsh'
[3.432s] INFO:colcon.colcon_core.shell:Creating prefix chain script '/home/eg2310-workspace/colcon_ws/install/setup.zsh'
