[1.242s] Invoking command in '/home/ubuntu/eg2310_workspace/colcon-ws/src/auto_nav': PYTHONPATH=/home/ubuntu/eg2310_workspace/colcon-ws/install/auto_nav/lib/python3.8/site-packages:${PYTHONPATH} /usr/bin/python3 setup.py egg_info --egg-base ../../build/auto_nav build --build-base /home/ubuntu/eg2310_workspace/colcon-ws/build/auto_nav/build install --prefix /home/ubuntu/eg2310_workspace/colcon-ws/install/auto_nav --record /home/ubuntu/eg2310_workspace/colcon-ws/build/auto_nav/install.log --single-version-externally-managed
[2.248s] running egg_info
[2.250s] writing ../../build/auto_nav/auto_nav.egg-info/PKG-INFO
[2.251s] writing dependency_links to ../../build/auto_nav/auto_nav.egg-info/dependency_links.txt
[2.253s] writing entry points to ../../build/auto_nav/auto_nav.egg-info/entry_points.txt
[2.253s] writing requirements to ../../build/auto_nav/auto_nav.egg-info/requires.txt
[2.254s] writing top-level names to ../../build/auto_nav/auto_nav.egg-info/top_level.txt
[2.419s] reading manifest file '../../build/auto_nav/auto_nav.egg-info/SOURCES.txt'
[2.424s] writing manifest file '../../build/auto_nav/auto_nav.egg-info/SOURCES.txt'
[2.425s] running build
[2.425s] running build_py
[2.428s] running install
[2.432s] running install_lib
[2.442s] running install_data
[2.444s] copying package.xml -> /home/ubuntu/eg2310_workspace/colcon-ws/install/auto_nav/share/auto_nav
[2.445s] running install_egg_info
[2.453s] removing '/home/ubuntu/eg2310_workspace/colcon-ws/install/auto_nav/lib/python3.8/site-packages/auto_nav-0.0.0-py3.8.egg-info' (and everything under it)
[2.454s] Copying ../../build/auto_nav/auto_nav.egg-info to /home/ubuntu/eg2310_workspace/colcon-ws/install/auto_nav/lib/python3.8/site-packages/auto_nav-0.0.0-py3.8.egg-info
[2.461s] running install_scripts
[2.538s] Installing r2auto_nav script to /home/ubuntu/eg2310_workspace/colcon-ws/install/auto_nav/lib/auto_nav
[2.539s] Installing r2mover script to /home/ubuntu/eg2310_workspace/colcon-ws/install/auto_nav/lib/auto_nav
[2.540s] Installing r2moverotate script to /home/ubuntu/eg2310_workspace/colcon-ws/install/auto_nav/lib/auto_nav
[2.540s] Installing r2occupancy script to /home/ubuntu/eg2310_workspace/colcon-ws/install/auto_nav/lib/auto_nav
[2.541s] Installing r2occupancy2 script to /home/ubuntu/eg2310_workspace/colcon-ws/install/auto_nav/lib/auto_nav
[2.542s] Installing r2scanner script to /home/ubuntu/eg2310_workspace/colcon-ws/install/auto_nav/lib/auto_nav
[2.544s] writing list of installed files to '/home/ubuntu/eg2310_workspace/colcon-ws/build/auto_nav/install.log'
[2.645s] Invoked command in '/home/ubuntu/eg2310_workspace/colcon-ws/src/auto_nav' returned '0': PYTHONPATH=/home/ubuntu/eg2310_workspace/colcon-ws/install/auto_nav/lib/python3.8/site-packages:${PYTHONPATH} /usr/bin/python3 setup.py egg_info --egg-base ../../build/auto_nav build --build-base /home/ubuntu/eg2310_workspace/colcon-ws/build/auto_nav/build install --prefix /home/ubuntu/eg2310_workspace/colcon-ws/install/auto_nav --record /home/ubuntu/eg2310_workspace/colcon-ws/build/auto_nav/install.log --single-version-externally-managed
