[0.015s] Invoking command in '/home/eg2310-workspace/colcon_ws/build/turtlebot3_simulations': AMENT_PREFIX_PATH=/home/eg2310-workspace/colcon_ws/install/turtlebot3_gazebo:/home/eg2310-workspace/colcon_ws/install/turtlebot3_fake_node:${AMENT_PREFIX_PATH} CMAKE_PREFIX_PATH=/home/eg2310-workspace/colcon_ws/install/turtlebot3_gazebo:/home/eg2310-workspace/colcon_ws/install/turtlebot3_fake_node:/home/eg2310-workspace/colcon_ws/install/idkman:/home/eg2310-workspace/colcon_ws/install/auto_nav:/opt/ros/foxy /usr/bin/cmake /home/eg2310-workspace/colcon_ws/src/turtlebot3_simulations/turtlebot3_simulations -DCMAKE_INSTALL_PREFIX=/home/eg2310-workspace/colcon_ws/install/turtlebot3_simulations
[0.029s] -- Found ament_cmake: 0.9.12 (/opt/ros/foxy/share/ament_cmake/cmake)
[0.061s] -- Using PYTHON_EXECUTABLE: /usr/bin/python3
[0.202s] -- Override CMake install command with custom implementation using symlinks instead of copying resources
[0.283s] -- Configuring done
[0.287s] -- Generating done
[0.290s] -- Build files have been written to: /home/eg2310-workspace/colcon_ws/build/turtlebot3_simulations
[0.295s] Invoked command in '/home/eg2310-workspace/colcon_ws/build/turtlebot3_simulations' returned '0': AMENT_PREFIX_PATH=/home/eg2310-workspace/colcon_ws/install/turtlebot3_gazebo:/home/eg2310-workspace/colcon_ws/install/turtlebot3_fake_node:${AMENT_PREFIX_PATH} CMAKE_PREFIX_PATH=/home/eg2310-workspace/colcon_ws/install/turtlebot3_gazebo:/home/eg2310-workspace/colcon_ws/install/turtlebot3_fake_node:/home/eg2310-workspace/colcon_ws/install/idkman:/home/eg2310-workspace/colcon_ws/install/auto_nav:/opt/ros/foxy /usr/bin/cmake /home/eg2310-workspace/colcon_ws/src/turtlebot3_simulations/turtlebot3_simulations -DCMAKE_INSTALL_PREFIX=/home/eg2310-workspace/colcon_ws/install/turtlebot3_simulations
[0.300s] Invoking command in '/home/eg2310-workspace/colcon_ws/build/turtlebot3_simulations': AMENT_PREFIX_PATH=/home/eg2310-workspace/colcon_ws/install/turtlebot3_gazebo:/home/eg2310-workspace/colcon_ws/install/turtlebot3_fake_node:${AMENT_PREFIX_PATH} CMAKE_PREFIX_PATH=/home/eg2310-workspace/colcon_ws/install/turtlebot3_gazebo:/home/eg2310-workspace/colcon_ws/install/turtlebot3_fake_node:/home/eg2310-workspace/colcon_ws/install/idkman:/home/eg2310-workspace/colcon_ws/install/auto_nav:/opt/ros/foxy /usr/bin/cmake --build /home/eg2310-workspace/colcon_ws/build/turtlebot3_simulations -- -j16 -l16
[0.374s] Invoked command in '/home/eg2310-workspace/colcon_ws/build/turtlebot3_simulations' returned '0': AMENT_PREFIX_PATH=/home/eg2310-workspace/colcon_ws/install/turtlebot3_gazebo:/home/eg2310-workspace/colcon_ws/install/turtlebot3_fake_node:${AMENT_PREFIX_PATH} CMAKE_PREFIX_PATH=/home/eg2310-workspace/colcon_ws/install/turtlebot3_gazebo:/home/eg2310-workspace/colcon_ws/install/turtlebot3_fake_node:/home/eg2310-workspace/colcon_ws/install/idkman:/home/eg2310-workspace/colcon_ws/install/auto_nav:/opt/ros/foxy /usr/bin/cmake --build /home/eg2310-workspace/colcon_ws/build/turtlebot3_simulations -- -j16 -l16
[0.428s] Invoking command in '/home/eg2310-workspace/colcon_ws/build/turtlebot3_simulations': AMENT_PREFIX_PATH=/home/eg2310-workspace/colcon_ws/install/turtlebot3_gazebo:/home/eg2310-workspace/colcon_ws/install/turtlebot3_fake_node:${AMENT_PREFIX_PATH} CMAKE_PREFIX_PATH=/home/eg2310-workspace/colcon_ws/install/turtlebot3_gazebo:/home/eg2310-workspace/colcon_ws/install/turtlebot3_fake_node:/home/eg2310-workspace/colcon_ws/install/idkman:/home/eg2310-workspace/colcon_ws/install/auto_nav:/opt/ros/foxy /usr/bin/cmake --install /home/eg2310-workspace/colcon_ws/build/turtlebot3_simulations
[0.447s] -- Install configuration: ""
[0.448s] -- Execute custom install script
[0.449s] -- Up-to-date symlink: /home/eg2310-workspace/colcon_ws/install/turtlebot3_simulations/share/ament_index/resource_index/package_run_dependencies/turtlebot3_simulations
[0.449s] -- Up-to-date symlink: /home/eg2310-workspace/colcon_ws/install/turtlebot3_simulations/share/ament_index/resource_index/parent_prefix_path/turtlebot3_simulations
[0.450s] -- Up-to-date symlink: /home/eg2310-workspace/colcon_ws/install/turtlebot3_simulations/share/turtlebot3_simulations/environment/ament_prefix_path.sh
[0.451s] -- Up-to-date symlink: /home/eg2310-workspace/colcon_ws/install/turtlebot3_simulations/share/turtlebot3_simulations/environment/ament_prefix_path.dsv
[0.451s] -- Up-to-date symlink: /home/eg2310-workspace/colcon_ws/install/turtlebot3_simulations/share/turtlebot3_simulations/environment/path.sh
[0.452s] -- Up-to-date symlink: /home/eg2310-workspace/colcon_ws/install/turtlebot3_simulations/share/turtlebot3_simulations/environment/path.dsv
[0.452s] -- Up-to-date symlink: /home/eg2310-workspace/colcon_ws/install/turtlebot3_simulations/share/turtlebot3_simulations/local_setup.bash
[0.453s] -- Up-to-date symlink: /home/eg2310-workspace/colcon_ws/install/turtlebot3_simulations/share/turtlebot3_simulations/local_setup.sh
[0.453s] -- Up-to-date symlink: /home/eg2310-workspace/colcon_ws/install/turtlebot3_simulations/share/turtlebot3_simulations/local_setup.zsh
[0.454s] -- Up-to-date symlink: /home/eg2310-workspace/colcon_ws/install/turtlebot3_simulations/share/turtlebot3_simulations/local_setup.dsv
[0.454s] -- Symlinking: /home/eg2310-workspace/colcon_ws/install/turtlebot3_simulations/share/turtlebot3_simulations/package.dsv
[0.468s] -- Up-to-date symlink: /home/eg2310-workspace/colcon_ws/install/turtlebot3_simulations/share/ament_index/resource_index/packages/turtlebot3_simulations
[0.469s] -- Up-to-date symlink: /home/eg2310-workspace/colcon_ws/install/turtlebot3_simulations/share/turtlebot3_simulations/cmake/turtlebot3_simulationsConfig.cmake
[0.469s] -- Up-to-date symlink: /home/eg2310-workspace/colcon_ws/install/turtlebot3_simulations/share/turtlebot3_simulations/cmake/turtlebot3_simulationsConfig-version.cmake
[0.470s] -- Up-to-date symlink: /home/eg2310-workspace/colcon_ws/install/turtlebot3_simulations/share/turtlebot3_simulations/package.xml
[0.475s] Invoked command in '/home/eg2310-workspace/colcon_ws/build/turtlebot3_simulations' returned '0': AMENT_PREFIX_PATH=/home/eg2310-workspace/colcon_ws/install/turtlebot3_gazebo:/home/eg2310-workspace/colcon_ws/install/turtlebot3_fake_node:${AMENT_PREFIX_PATH} CMAKE_PREFIX_PATH=/home/eg2310-workspace/colcon_ws/install/turtlebot3_gazebo:/home/eg2310-workspace/colcon_ws/install/turtlebot3_fake_node:/home/eg2310-workspace/colcon_ws/install/idkman:/home/eg2310-workspace/colcon_ws/install/auto_nav:/opt/ros/foxy /usr/bin/cmake --install /home/eg2310-workspace/colcon_ws/build/turtlebot3_simulations
